#
# A fatal error has been detected by the Java Runtime Environment:
#
#  SIGSEGV (0xb) at pc=0x00007f4db234089d, pid=18425, tid=139969406076672
#
# JRE version: OpenJDK Runtime Environment (8.0_60-b24) (build 1.8.0_60-b24)
# Java VM: OpenJDK 64-Bit Server VM (25.60-b23 mixed mode linux-amd64 compressed oops)
# Problematic frame:
# V  [libjvm.so+0x67689d]
#
# Failed to write core dump. Core dumps have been disabled. To enable core dumping, try "ulimit -c unlimited" before starting Java again
#
# If you would like to submit a bug report, please visit:
#   http://bugreport.java.com/bugreport/crash.jsp
#

---------------  T H R E A D  ---------------

Current thread (0x00007f4dac2ae800):  JavaThread "JavaFX Application Thread" [_thread_in_vm, id=18470, stack(0x00007f4d2aaa8000,0x00007f4d2aba9000)]

siginfo: si_signo: 11 (SIGSEGV), si_code: 128 (SI_KERNEL), si_addr: 0x0000000000000000

Registers:
RAX=0x0000000000000000, RBX=0x00007f4dac2ae800, RCX=0x00007f4dac235c40, RDX=0x6f42482f6c6f7274
RSP=0x00007f4d2aba7270, RBP=0x00007f4d2aba73f0, RSI=0x00007f4d2aba7410, RDI=0x00007f4dac2ae9e0
R8 =0x00007f4d2aba7440, R9 =0x00007f4dac2ae800, R10=0x00007f4d1c000b50, R11=0x00007f4d9d6cfd60
R12=0x00007f4dac2ae9e0, R13=0x00007f4dac2ae800, R14=0x6f42482f6c6f7274, R15=0x00007f4d2aba74d8
RIP=0x00007f4db234089d, EFLAGS=0x0000000000010206, CSGSFS=0x002b000000000033, ERR=0x0000000000000000
  TRAPNO=0x000000000000000d

Top of Stack: (sp=0x00007f4d2aba7270)
0x00007f4d2aba7270:   0000000000000000 0000000000000000
0x00007f4d2aba7280:   00007f4d2aba72b0 000000000000000a
0x00007f4d2aba7290:   00007f4d0000000e 00007f4dac2ae9e0
0x00007f4d2aba72a0:   00007f4d2aba72b0 00007f4d2aba7410
0x00007f4d2aba72b0:   00007f4d7f92c3e0 00007f4dac2ae800
0x00007f4d2aba72c0:   00007f4d7f92c3e0 00007f4dac2ae800
0x00007f4d2aba72d0:   00007f4dac2ae000 00007f4d54009420
0x00007f4d2aba72e0:   00007f4d54009430 00007f4d54009808
0x00007f4d2aba72f0:   00000000000003d8 00007f4d1c000b10
0x00007f4d2aba7300:   00007f4d7f92c3e0 00007f4dac2ae800
0x00007f4d2aba7310:   000000002aba78f0 00007f4d9d01cb98
0x00007f4d2aba7320:   0000000000000000 00007f4d2aba7520
0x00007f4d2aba7330:   00007f4d7f92c3e0 00007f4dac2ae800
0x00007f4d2aba7340:   00007ffd50a8be41 00000000842fff98
0x00007f4d2aba7350:   00007f4d0000006f 00007f4d0000000a
0x00007f4d2aba7360:   00000000d71aab98 00007f4d00000000
0x00007f4d2aba7370:   00007f4d2aba7500 00007f4db2340ba1
0x00007f4d2aba7380:   00007f4dac25f040 0000000100000117
0x00007f4d2aba7390:   000000005619f8f8 00007f4d2aba7348
0x00007f4d2aba73a0:   00007f4d2aba7389 0000000800000005
0x00007f4d2aba73b0:   00007f4d2aba7300 2f4683283bd68000
0x00007f4d2aba73c0:   00007f4d7f9205d0 00007f4dac2ae800
0x00007f4d2aba73d0:   00007f4dac2ae9e0 00007f4dac235c40
0x00007f4d2aba73e0:   6f42482f6c6f7274 00007f4d2aba74d8
0x00007f4d2aba73f0:   00007f4d2aba74c0 00007f4db2346816
0x00007f4d2aba7400:   00000000000003d8 00007f4d2aba7440
0x00007f4d2aba7410:   00007f4d0000000e 2f46832800000000
0x00007f4d2aba7420:   00007f4dac2ae800 0000000000000000
0x00007f4d2aba7430:   0000000000000000 0000000004200003
0x00007f4d2aba7440:   00007f4db2b28080 00007f4db383b3e0
0x00007f4d2aba7450:   00000000ac25f040 00007f4d00000063
0x00007f4d2aba7460:   0000000000000000 0000003000000018 

Instructions: (pc=0x00007f4db234089d)
0x00007f4db234087d:   ff 48 89 b5 b8 fe ff ff 64 48 8b 04 25 28 00 00
0x00007f4db234088d:   00 48 89 45 c8 31 c0 48 85 d2 0f 84 7b 05 00 00
0x00007f4db234089d:   4c 8b 32 4d 85 f6 0f 84 6f 05 00 00 49 8b b9 20
0x00007f4db23408ad:   01 00 00 48 89 cb 4d 89 c4 e8 f5 5a ff ff 4c 89 

Register to memory mapping:

RAX=0x0000000000000000 is an unknown value
RBX=0x00007f4dac2ae800 is a thread
RCX=0x00007f4dac235c40 is an unknown value
RDX=0x6f42482f6c6f7274 is an unknown value
RSP=0x00007f4d2aba7270 is pointing into the stack for thread: 0x00007f4dac2ae800
RBP=0x00007f4d2aba73f0 is pointing into the stack for thread: 0x00007f4dac2ae800
RSI=0x00007f4d2aba7410 is pointing into the stack for thread: 0x00007f4dac2ae800
RDI=0x00007f4dac2ae9e0 is an unknown value
R8 =0x00007f4d2aba7440 is pointing into the stack for thread: 0x00007f4dac2ae800
R9 =0x00007f4dac2ae800 is a thread
R10=0x00007f4d1c000b50 is an unknown value
R11=0x00007f4d9d6cfd60 is at entry_point+32 in (nmethod*)0x00007f4d9d6cfbd0
R12=0x00007f4dac2ae9e0 is an unknown value
R13=0x00007f4dac2ae800 is a thread
R14=0x6f42482f6c6f7274 is an unknown value
R15=0x00007f4d2aba74d8 is pointing into the stack for thread: 0x00007f4dac2ae800


Stack: [0x00007f4d2aaa8000,0x00007f4d2aba9000],  sp=0x00007f4d2aba7270,  free space=1020k
Native frames: (J=compiled Java code, j=interpreted, Vv=VM code, C=native code)
V  [libjvm.so+0x67689d]
V  [libjvm.so+0x67c816]
C  [libglass.so+0x12cb1]  JNIEnv_::CallVoidMethod(_jobject*, _jmethodID*, ...)+0x81
C  [libglass.so+0x1edc5]  WindowContextBase::process_key(_GdkEventKey*)+0x1f5
C  [libglass.so+0x13ed0]  WindowContextBase::im_filter_keypress(_GdkEventKey*)+0x1c0
C  [libglass.so+0x1374c]
C  [libgdk-x11-2.0.so.0+0x5b2cc]

Java frames: (J=compiled Java code, j=interpreted, Vv=VM code)
j  com.sun.glass.ui.gtk.GtkApplication._runLoop(Ljava/lang/Runnable;Z)V+0
j  com.sun.glass.ui.gtk.GtkApplication.lambda$null$48(Ljava/lang/Runnable;Z)V+7
j  com.sun.glass.ui.gtk.GtkApplication$$Lambda$42.run()V+12
j  java.lang.Thread.run()V+11
v  ~StubRoutines::call_stub

---------------  P R O C E S S  ---------------

Java Threads: ( => current thread )
  0x00007f4d1da43000 JavaThread "Prism Font Disposer" daemon [_thread_blocked, id=18474, stack(0x00007f4d29a9e000,0x00007f4d29b9f000)]
  0x00007f4dac2b2800 JavaThread "JavaFX-Launcher" [_thread_blocked, id=18471, stack(0x00007f4d2a9a7000,0x00007f4d2aaa8000)]
=>0x00007f4dac2ae800 JavaThread "JavaFX Application Thread" [_thread_in_vm, id=18470, stack(0x00007f4d2aaa8000,0x00007f4d2aba9000)]
  0x00007f4dac2aa000 JavaThread "Thread-1" daemon [_thread_blocked, id=18469, stack(0x00007f4d3c0df000,0x00007f4d3c1e0000)]
  0x00007f4dac218000 JavaThread "QuantumRenderer-0" daemon [_thread_blocked, id=18460, stack(0x00007f4d7c8b9000,0x00007f4d7c9ba000)]
  0x00007f4dac0e4800 JavaThread "Service Thread" daemon [_thread_blocked, id=18458, stack(0x00007f4d7cb51000,0x00007f4d7cc52000)]
  0x00007f4dac0d7000 JavaThread "C1 CompilerThread3" daemon [_thread_in_vm, id=18457, stack(0x00007f4d7cc52000,0x00007f4d7cd53000)]
  0x00007f4dac0d5000 JavaThread "C2 CompilerThread2" daemon [_thread_in_native, id=18456, stack(0x00007f4d7cd53000,0x00007f4d7ce54000)]
  0x00007f4dac0d3000 JavaThread "C2 CompilerThread1" daemon [_thread_in_native, id=18455, stack(0x00007f4d7ce54000,0x00007f4d7cf55000)]
  0x00007f4dac0d0000 JavaThread "C2 CompilerThread0" daemon [_thread_in_native, id=18454, stack(0x00007f4d7cf55000,0x00007f4d7d056000)]
  0x00007f4d64001000 JavaThread "JDWP Command Reader" daemon [_thread_in_native, id=18450, stack(0x00007f4d7d056000,0x00007f4d7d157000)]
  0x00007f4dac0ce000 JavaThread "JDWP Event Helper Thread" daemon [_thread_blocked, id=18449, stack(0x00007f4d7d157000,0x00007f4d7d258000)]
  0x00007f4dac0ca800 JavaThread "JDWP Transport Listener: dt_socket" daemon [_thread_blocked, id=18446, stack(0x00007f4d7d258000,0x00007f4d7d359000)]
  0x00007f4dac0be000 JavaThread "Signal Dispatcher" daemon [_thread_blocked, id=18444, stack(0x00007f4d7d55d000,0x00007f4d7d65e000)]
  0x00007f4dac087800 JavaThread "Finalizer" daemon [_thread_blocked, id=18443, stack(0x00007f4d7d65e000,0x00007f4d7d75f000)]
  0x00007f4dac085800 JavaThread "Reference Handler" daemon [_thread_blocked, id=18442, stack(0x00007f4d7d75f000,0x00007f4d7d860000)]
  0x00007f4dac00b000 JavaThread "main" [_thread_blocked, id=18432, stack(0x00007f4db38df000,0x00007f4db39e0000)]

Other Threads:
  0x00007f4dac080800 VMThread [stack: 0x00007f4d7d860000,0x00007f4d7d961000] [id=18441]
  0x00007f4dac0e7000 WatcherThread [stack: 0x00007f4d7ca50000,0x00007f4d7cb51000] [id=18459]

VM state:not at safepoint (normal execution)

VM Mutex/Monitor currently owned by a thread: None

Heap:
 PSYoungGen      total 68608K, used 26760K [0x00000000d6b00000, 0x00000000df100000, 0x0000000100000000)
  eden space 63488K, 42% used [0x00000000d6b00000,0x00000000d8522190,0x00000000da900000)
  from space 5120K, 0% used [0x00000000da900000,0x00000000da900000,0x00000000dae00000)
  to   space 5120K, 0% used [0x00000000dec00000,0x00000000dec00000,0x00000000df100000)
 ParOldGen       total 51200K, used 6840K [0x0000000084000000, 0x0000000087200000, 0x00000000d6b00000)
  object space 51200K, 13% used [0x0000000084000000,0x00000000846ae1b8,0x0000000087200000)
 Metaspace       used 22173K, capacity 23133K, committed 23344K, reserved 1069056K
  class space    used 2763K, capacity 2992K, committed 3072K, reserved 1048576K

Card table byte_map: [0x00007f4d9cc1f000,0x00007f4d9d000000] byte_map_base: 0x00007f4d9c7ff000

Marking Bits: (ParMarkBitMap*) 0x00007f4db2beb7e0
 Begin Bits: [0x00007f4d94200000, 0x00007f4d96100000)
 End Bits:   [0x00007f4d96100000, 0x00007f4d98000000)

Polling page: 0x00007f4db3a0d000

CodeCache: size=245760Kb used=7923Kb max_used=7923Kb free=237836Kb
 bounds [0x00007f4d9d000000, 0x00007f4d9d7d0000, 0x00007f4dac000000]
 total_blobs=3047 nmethods=2441 adapters=527
 compilation: enabled

Compilation events (10 events):
Event: 3.667 Thread 0x00007f4dac0d7000 nmethod 2433 0x00007f4d9d7b8b50 code [0x00007f4d9d7b8e60, 0x00007f4d9d7baf08]
Event: 3.667 Thread 0x00007f4dac0d7000 2439       3       javafx.scene.layout.HBox::requestLayout (44 bytes)
Event: 3.667 Thread 0x00007f4dac0d7000 nmethod 2439 0x00007f4d9d7bba50 code [0x00007f4d9d7bbbe0, 0x00007f4d9d7bbf38]
Event: 3.667 Thread 0x00007f4dac0d7000 2437       3       com.sun.javafx.binding.ExpressionHelper$Generic::<init> (8 bytes)
Event: 3.667 Thread 0x00007f4dac0d7000 nmethod 2437 0x00007f4d9d7bc050 code [0x00007f4d9d7bc1c0, 0x00007f4d9d7bc388]
Event: 3.667 Thread 0x00007f4dac0d7000 2436       3       com.sun.javafx.text.PrismTextLayout::setContent (85 bytes)
Event: 3.669 Thread 0x00007f4dac0d7000 nmethod 2436 0x00007f4d9d7bc450 code [0x00007f4d9d7bc680, 0x00007f4d9d7bd468]
Event: 3.670 Thread 0x00007f4dac0d7000 2442       3       com.sun.javafx.event.EventHandlerManager::validateEventType (15 bytes)
Event: 3.670 Thread 0x00007f4dac0d7000 nmethod 2442 0x00007f4d9d7bdb10 code [0x00007f4d9d7bdc80, 0x00007f4d9d7bdec8]
Event: 3.670 Thread 0x00007f4dac0d7000 2441       3       javafx.scene.Node::getInternalEventDispatcher (9 bytes)

GC Heap History (8 events):
Event: 0.518 GC heap before
{Heap before GC invocations=1 (full 0):
 PSYoungGen      total 36864K, used 31744K [0x00000000d6b00000, 0x00000000d9400000, 0x0000000100000000)
  eden space 31744K, 100% used [0x00000000d6b00000,0x00000000d8a00000,0x00000000d8a00000)
  from space 5120K, 0% used [0x00000000d8f00000,0x00000000d8f00000,0x00000000d9400000)
  to   space 5120K, 0% used [0x00000000d8a00000,0x00000000d8a00000,0x00000000d8f00000)
 ParOldGen       total 84992K, used 0K [0x0000000084000000, 0x0000000089300000, 0x00000000d6b00000)
  object space 84992K, 0% used [0x0000000084000000,0x0000000084000000,0x0000000089300000)
 Metaspace       used 10906K, capacity 11364K, committed 11520K, reserved 1058816K
  class space    used 1302K, capacity 1432K, committed 1536K, reserved 1048576K
Event: 0.525 GC heap after
Heap after GC invocations=1 (full 0):
 PSYoungGen      total 36864K, used 5114K [0x00000000d6b00000, 0x00000000db300000, 0x0000000100000000)
  eden space 31744K, 0% used [0x00000000d6b00000,0x00000000d6b00000,0x00000000d8a00000)
  from space 5120K, 99% used [0x00000000d8a00000,0x00000000d8efe940,0x00000000d8f00000)
  to   space 5120K, 0% used [0x00000000dae00000,0x00000000dae00000,0x00000000db300000)
 ParOldGen       total 84992K, used 1391K [0x0000000084000000, 0x0000000089300000, 0x00000000d6b00000)
  object space 84992K, 1% used [0x0000000084000000,0x000000008415bf88,0x0000000089300000)
 Metaspace       used 10906K, capacity 11364K, committed 11520K, reserved 1058816K
  class space    used 1302K, capacity 1432K, committed 1536K, reserved 1048576K
}
Event: 1.404 GC heap before
{Heap before GC invocations=2 (full 0):
 PSYoungGen      total 36864K, used 36858K [0x00000000d6b00000, 0x00000000db300000, 0x0000000100000000)
  eden space 31744K, 100% used [0x00000000d6b00000,0x00000000d8a00000,0x00000000d8a00000)
  from space 5120K, 99% used [0x00000000d8a00000,0x00000000d8efe940,0x00000000d8f00000)
  to   space 5120K, 0% used [0x00000000dae00000,0x00000000dae00000,0x00000000db300000)
 ParOldGen       total 84992K, used 1391K [0x0000000084000000, 0x0000000089300000, 0x00000000d6b00000)
  object space 84992K, 1% used [0x0000000084000000,0x000000008415bf88,0x0000000089300000)
 Metaspace       used 19465K, capacity 20171K, committed 20352K, reserved 1067008K
  class space    used 2395K, capacity 2575K, committed 2688K, reserved 1048576K
Event: 1.419 GC heap after
Heap after GC invocations=2 (full 0):
 PSYoungGen      total 68608K, used 5095K [0x00000000d6b00000, 0x00000000db300000, 0x0000000100000000)
  eden space 63488K, 0% used [0x00000000d6b00000,0x00000000d6b00000,0x00000000da900000)
  from space 5120K, 99% used [0x00000000dae00000,0x00000000db2f9c90,0x00000000db300000)
  to   space 5120K, 0% used [0x00000000da900000,0x00000000da900000,0x00000000dae00000)
 ParOldGen       total 84992K, used 6382K [0x0000000084000000, 0x0000000089300000, 0x00000000d6b00000)
  object space 84992K, 7% used [0x0000000084000000,0x000000008463bac0,0x0000000089300000)
 Metaspace       used 19465K, capacity 20171K, committed 20352K, reserved 1067008K
  class space    used 2395K, capacity 2575K, committed 2688K, reserved 1048576K
}
Event: 1.479 GC heap before
{Heap before GC invocations=3 (full 0):
 PSYoungGen      total 68608K, used 8920K [0x00000000d6b00000, 0x00000000db300000, 0x0000000100000000)
  eden space 63488K, 6% used [0x00000000d6b00000,0x00000000d6ebc6c8,0x00000000da900000)
  from space 5120K, 99% used [0x00000000dae00000,0x00000000db2f9c90,0x00000000db300000)
  to   space 5120K, 0% used [0x00000000da900000,0x00000000da900000,0x00000000dae00000)
 ParOldGen       total 84992K, used 6382K [0x0000000084000000, 0x0000000089300000, 0x00000000d6b00000)
  object space 84992K, 7% used [0x0000000084000000,0x000000008463bac0,0x0000000089300000)
 Metaspace       used 20439K, capacity 21285K, committed 21296K, reserved 1069056K
  class space    used 2592K, capacity 2816K, committed 2816K, reserved 1048576K
Event: 1.495 GC heap after
Heap after GC invocations=3 (full 0):
 PSYoungGen      total 68608K, used 5111K [0x00000000d6b00000, 0x00000000df100000, 0x0000000100000000)
  eden space 63488K, 0% used [0x00000000d6b00000,0x00000000d6b00000,0x00000000da900000)
  from space 5120K, 99% used [0x00000000da900000,0x00000000dadfdc80,0x00000000dae00000)
  to   space 5120K, 0% used [0x00000000dec00000,0x00000000dec00000,0x00000000df100000)
 ParOldGen       total 84992K, used 7147K [0x0000000084000000, 0x0000000089300000, 0x00000000d6b00000)
  object space 84992K, 8% used [0x0000000084000000,0x00000000846faf20,0x0000000089300000)
 Metaspace       used 20439K, capacity 21285K, committed 21296K, reserved 1069056K
  class space    used 2592K, capacity 2816K, committed 2816K, reserved 1048576K
}
Event: 1.495 GC heap before
{Heap before GC invocations=4 (full 1):
 PSYoungGen      total 68608K, used 5111K [0x00000000d6b00000, 0x00000000df100000, 0x0000000100000000)
  eden space 63488K, 0% used [0x00000000d6b00000,0x00000000d6b00000,0x00000000da900000)
  from space 5120K, 99% used [0x00000000da900000,0x00000000dadfdc80,0x00000000dae00000)
  to   space 5120K, 0% used [0x00000000dec00000,0x00000000dec00000,0x00000000df100000)
 ParOldGen       total 84992K, used 7147K [0x0000000084000000, 0x0000000089300000, 0x00000000d6b00000)
  object space 84992K, 8% used [0x0000000084000000,0x00000000846faf20,0x0000000089300000)
 Metaspace       used 20439K, capacity 21285K, committed 21296K, reserved 1069056K
  class space    used 2592K, capacity 2816K, committed 2816K, reserved 1048576K
Event: 1.526 GC heap after
Heap after GC invocations=4 (full 1):
 PSYoungGen      total 68608K, used 0K [0x00000000d6b00000, 0x00000000df100000, 0x0000000100000000)
  eden space 63488K, 0% used [0x00000000d6b00000,0x00000000d6b00000,0x00000000da900000)
  from space 5120K, 0% used [0x00000000da900000,0x00000000da900000,0x00000000dae00000)
  to   space 5120K, 0% used [0x00000000dec00000,0x00000000dec00000,0x00000000df100000)
 ParOldGen       total 51200K, used 6840K [0x0000000084000000, 0x0000000087200000, 0x00000000d6b00000)
  object space 51200K, 13% used [0x0000000084000000,0x00000000846ae1b8,0x0000000087200000)
 Metaspace       used 20439K, capacity 21285K, committed 21296K, reserved 1069056K
  class space    used 2592K, capacity 2816K, committed 2816K, reserved 1048576K
}

Deoptimization events (10 events):
Event: 1.598 Thread 0x00007f4dac2ae800 Uncommon trap: reason=array_check action=maybe_recompile pc=0x00007f4d9d5925c8 method=com.sun.javafx.css.SimpleSelector.applies(Ljavafx/css/Styleable;[Ljava/util/Set;I)Z @ 37
Event: 1.598 Thread 0x00007f4dac2ae800 Uncommon trap: reason=array_check action=maybe_recompile pc=0x00007f4d9d5925c8 method=com.sun.javafx.css.SimpleSelector.applies(Ljavafx/css/Styleable;[Ljava/util/Set;I)Z @ 37
Event: 1.598 Thread 0x00007f4dac2ae800 Uncommon trap: reason=array_check action=maybe_recompile pc=0x00007f4d9d5925c8 method=com.sun.javafx.css.SimpleSelector.applies(Ljavafx/css/Styleable;[Ljava/util/Set;I)Z @ 37
Event: 1.599 Thread 0x00007f4dac2ae800 Uncommon trap: reason=null_check action=make_not_entrant pc=0x00007f4d9d598c08 method=com.sun.javafx.css.SimpleSelector.applies(Ljavafx/css/Styleable;)Z @ 77
Event: 1.736 Thread 0x00007f4dac2ae800 Uncommon trap: reason=unstable_if action=reinterpret pc=0x00007f4d9d4b8de0 method=jdk.internal.org.objectweb.asm.Type.getArgumentsAndReturnSizes(Ljava/lang/String;)I @ 47
Event: 2.753 Thread 0x00007f4dac2ae800 Uncommon trap: reason=unstable_if action=reinterpret pc=0x00007f4d9d6ec678 method=javafx.scene.Node.updateBounds()V @ 27
Event: 3.609 Thread 0x00007f4dac2ae800 Uncommon trap: reason=null_check action=make_not_entrant pc=0x00007f4d9d759f70 method=javafx.fxml.FXMLLoader$SupportedType$2.methodIsOfType(Ljava/lang/reflect/Method;)Z @ 17
Event: 3.628 Thread 0x00007f4dac2ae800 Uncommon trap: reason=array_check action=maybe_recompile pc=0x00007f4d9d65e034 method=com.sun.javafx.css.SimpleSelector.applies(Ljavafx/css/Styleable;[Ljava/util/Set;I)Z @ 37
Event: 3.630 Thread 0x00007f4dac2ae800 Uncommon trap: reason=unstable_if action=reinterpret pc=0x00007f4d9d5c898c method=javafx.scene.CssStyleHelper.getStyle(Ljavafx/css/Styleable;Ljava/lang/String;Lcom/sun/javafx/css/StyleMap;Ljava/util/Set;)Lcom/sun/javafx/css/CascadingStyle; @ 8
Event: 3.648 Thread 0x00007f4dac2ae800 Uncommon trap: reason=unstable_if action=reinterpret pc=0x00007f4d9d43b0e0 method=java.util.concurrent.ConcurrentHashMap.putVal(Ljava/lang/Object;Ljava/lang/Object;Z)Ljava/lang/Object; @ 181

Internal exceptions (10 events):
Event: 1.247 Thread 0x00007f4dac2ae800 Exception <a 'java/io/FileNotFoundException'> (0x00000000d80feed8) thrown at [/build/java8-openjdk/src/jdk8u-jdk8u60-b24/hotspot/src/share/vm/prims/jni.cpp, line 709]
Event: 1.363 Thread 0x00007f4dac2ae800 Implicit null exception at 0x00007f4d9d28a434 to 0x00007f4d9d28a6b1
Event: 1.599 Thread 0x00007f4dac2ae800 Implicit null exception at 0x00007f4d9d5973ca to 0x00007f4d9d598bfd
Event: 3.625 Thread 0x00007f4dac2ae800 Exception <a 'java/io/FileNotFoundException'> (0x00000000d8284270) thrown at [/build/java8-openjdk/src/jdk8u-jdk8u60-b24/hotspot/src/share/vm/prims/jni.cpp, line 709]
Event: 3.646 Thread 0x00007f4dac2ae800 Exception <a 'java/lang/ClassCastException': java.lang.String cannot be cast to javafx.css.ParsedValue> (0x00000000d83bd3a8) thrown at [/build/java8-openjdk/src/jdk8u-jdk8u60-b24/hotspot/src/share/vm/interpreter/interpreterRuntime.cpp, line 381]
Event: 3.654 Thread 0x00007f4dac2ae800 Exception <a 'java/lang/ClassCastException': java.lang.String cannot be cast to javafx.css.ParsedValue> (0x00000000d83da3e8) thrown at [/build/java8-openjdk/src/jdk8u-jdk8u60-b24/hotspot/src/share/vm/interpreter/interpreterRuntime.cpp, line 381]
Event: 3.655 Thread 0x00007f4dac2ae800 Exception <a 'java/lang/ClassCastException': java.lang.String cannot be cast to javafx.css.ParsedValue> (0x00000000d83e4250) thrown at [/build/java8-openjdk/src/jdk8u-jdk8u60-b24/hotspot/src/share/vm/interpreter/interpreterRuntime.cpp, line 381]
Event: 3.657 Thread 0x00007f4dac2ae800 Exception <a 'java/lang/ClassCastException': java.lang.String cannot be cast to javafx.css.ParsedValue> (0x00000000d83f1968) thrown at [/build/java8-openjdk/src/jdk8u-jdk8u60-b24/hotspot/src/share/vm/interpreter/interpreterRuntime.cpp, line 381]
Event: 3.657 Thread 0x00007f4dac2ae800 Exception <a 'java/lang/ClassCastException': java.lang.String cannot be cast to javafx.css.ParsedValue> (0x00000000d83fb5c8) thrown at [/build/java8-openjdk/src/jdk8u-jdk8u60-b24/hotspot/src/share/vm/interpreter/interpreterRuntime.cpp, line 381]
Event: 3.658 Thread 0x00007f4dac2ae800 Exception <a 'java/lang/ClassCastException': java.lang.String cannot be cast to javafx.css.ParsedValue> (0x00000000d8408cd0) thrown at [/build/java8-openjdk/src/jdk8u-jdk8u60-b24/hotspot/src/share/vm/interpreter/interpreterRuntime.cpp, line 381]

Events (10 events):
Event: 3.655 Thread 0x00007f4dac2ae800 DEOPT PACKING pc=0x00007f4d9d60c4bc sp=0x00007f4d2aba3af0
Event: 3.655 Thread 0x00007f4dac2ae800 DEOPT UNPACKING pc=0x00007f4d9d047373 sp=0x00007f4d2aba3a68 mode 1
Event: 3.657 Thread 0x00007f4dac2ae800 DEOPT PACKING pc=0x00007f4d9d60c4bc sp=0x00007f4d2aba3af0
Event: 3.657 Thread 0x00007f4dac2ae800 DEOPT UNPACKING pc=0x00007f4d9d047373 sp=0x00007f4d2aba3a68 mode 1
Event: 3.657 Thread 0x00007f4dac2ae800 DEOPT PACKING pc=0x00007f4d9d60c4bc sp=0x00007f4d2aba3af0
Event: 3.657 Thread 0x00007f4dac2ae800 DEOPT UNPACKING pc=0x00007f4d9d047373 sp=0x00007f4d2aba3a68 mode 1
Event: 3.658 Thread 0x00007f4dac2ae800 DEOPT PACKING pc=0x00007f4d9d60c4bc sp=0x00007f4d2aba3af0
Event: 3.658 Thread 0x00007f4dac2ae800 DEOPT UNPACKING pc=0x00007f4d9d047373 sp=0x00007f4d2aba3a68 mode 1
Event: 3.671 loading class com/sun/javafx/scene/KeyboardShortcutsHandler$1
Event: 3.671 loading class com/sun/javafx/scene/KeyboardShortcutsHandler$1 done


Dynamic libraries:
00400000-00401000 r-xp 00000000 08:02 3159409                            /usr/lib/jvm/java-8-openjdk/jre/bin/java
00600000-00601000 rw-p 00000000 08:02 3159409                            /usr/lib/jvm/java-8-openjdk/jre/bin/java
007c5000-007e6000 rw-p 00000000 00:00 0                                  [heap]
84000000-87200000 rw-p 00000000 00:00 0 
87200000-d6b00000 ---p 00000000 00:00 0 
d6b00000-df100000 rw-p 00000000 00:00 0 
df100000-100000000 ---p 00000000 00:00 0 
100000000-100300000 rw-p 00000000 00:00 0 
100300000-140000000 ---p 00000000 00:00 0 
7f4d14000000-7f4d14021000 rw-p 00000000 00:00 0 
7f4d14021000-7f4d18000000 ---p 00000000 00:00 0 
7f4d1c000000-7f4d1db9c000 rw-p 00000000 00:00 0 
7f4d1db9c000-7f4d20000000 ---p 00000000 00:00 0 
7f4d20000000-7f4d20021000 rw-p 00000000 00:00 0 
7f4d20021000-7f4d24000000 ---p 00000000 00:00 0 
7f4d24000000-7f4d24021000 rw-p 00000000 00:00 0 
7f4d24021000-7f4d28000000 ---p 00000000 00:00 0 
7f4d28dbc000-7f4d28dcc000 r-xp 00000000 08:02 3418981                    /usr/lib/jvm/java-8-openjdk/jre/lib/amd64/libdecora_sse.so
7f4d28dcc000-7f4d28fcb000 ---p 00010000 08:02 3418981                    /usr/lib/jvm/java-8-openjdk/jre/lib/amd64/libdecora_sse.so
7f4d28fcb000-7f4d28fcc000 rw-p 0000f000 08:02 3418981                    /usr/lib/jvm/java-8-openjdk/jre/lib/amd64/libdecora_sse.so
7f4d28fcc000-7f4d290bf000 r-xp 00000000 08:02 2515921                    /usr/lib/libasound.so.2.0.0
7f4d290bf000-7f4d292be000 ---p 000f3000 08:02 2515921                    /usr/lib/libasound.so.2.0.0
7f4d292be000-7f4d292c5000 r--p 000f2000 08:02 2515921                    /usr/lib/libasound.so.2.0.0
7f4d292c5000-7f4d292c7000 rw-p 000f9000 08:02 2515921                    /usr/lib/libasound.so.2.0.0
7f4d292c7000-7f4d292cb000 r-xp 00000000 08:02 2633623                    /usr/lib/libcanberra-0.30/libcanberra-alsa.so
7f4d292cb000-7f4d294ca000 ---p 00004000 08:02 2633623                    /usr/lib/libcanberra-0.30/libcanberra-alsa.so
7f4d294ca000-7f4d294cb000 r--p 00003000 08:02 2633623                    /usr/lib/libcanberra-0.30/libcanberra-alsa.so
7f4d294cb000-7f4d294cc000 rw-p 00004000 08:02 2633623                    /usr/lib/libcanberra-0.30/libcanberra-alsa.so
7f4d294cc000-7f4d2952c000 rw-s 00000000 00:05 1467875338                 /SYSV00000000 (deleted)
7f4d296be000-7f4d29759000 r--p 00000000 08:02 3017465                    /usr/share/fonts/TTF/DejaVuSans-BoldOblique.ttf
7f4d29759000-7f4d297f4000 r--p 00000000 08:02 3017467                    /usr/share/fonts/TTF/DejaVuSans-Oblique.ttf
7f4d297f4000-7f4d299c0000 rw-p 00000000 00:00 0 
7f4d299c0000-7f4d299f4000 ---p 00000000 00:00 0 
7f4d299f4000-7f4d29a9e000 r--p 00000000 08:02 3017464                    /usr/share/fonts/TTF/DejaVuSans-Bold.ttf
7f4d29a9e000-7f4d29aa1000 ---p 00000000 00:00 0 
7f4d29aa1000-7f4d29d9f000 rw-p 00000000 00:00 0                          [stack:18474]
7f4d29d9f000-7f4d29da4000 r-xp 00000000 08:02 3419596                    /usr/lib/jvm/java-8-openjdk/jre/lib/amd64/libjavafx_font_freetype.so
7f4d29da4000-7f4d29fa3000 ---p 00005000 08:02 3419596                    /usr/lib/jvm/java-8-openjdk/jre/lib/amd64/libjavafx_font_freetype.so
7f4d29fa3000-7f4d29fa4000 rw-p 00004000 08:02 3419596                    /usr/lib/jvm/java-8-openjdk/jre/lib/amd64/libjavafx_font_freetype.so
7f4d29fa4000-7f4d29fa7000 r-xp 00000000 08:02 3419595                    /usr/lib/jvm/java-8-openjdk/jre/lib/amd64/libjavafx_font.so
7f4d29fa7000-7f4d2a1a6000 ---p 00003000 08:02 3419595                    /usr/lib/jvm/java-8-openjdk/jre/lib/amd64/libjavafx_font.so
7f4d2a1a6000-7f4d2a1a7000 rw-p 00002000 08:02 3419595                    /usr/lib/jvm/java-8-openjdk/jre/lib/amd64/libjavafx_font.so
7f4d2a1a7000-7f4d2a3a7000 rw-p 00000000 00:00 0 
7f4d2a3a7000-7f4d2a5a7000 rw-p 00000000 00:00 0 
7f4d2a5a7000-7f4d2a7a7000 rw-p 00000000 00:00 0 
7f4d2a7a7000-7f4d2a9a7000 rw-p 00000000 00:00 0 
7f4d2a9a7000-7f4d2a9aa000 ---p 00000000 00:00 0 
7f4d2a9aa000-7f4d2aaa8000 rw-p 00000000 00:00 0                          [stack:18471]
7f4d2aaa8000-7f4d2aaab000 ---p 00000000 00:00 0 
7f4d2aaab000-7f4d2aba9000 rw-p 00000000 00:00 0                          [stack:18470]
7f4d2aba9000-7f4d2abaf000 r-xp 00000000 08:02 2515928                    /usr/lib/libogg.so.0.8.2
7f4d2abaf000-7f4d2adae000 ---p 00006000 08:02 2515928                    /usr/lib/libogg.so.0.8.2
7f4d2adae000-7f4d2adaf000 r--p 00005000 08:02 2515928                    /usr/lib/libogg.so.0.8.2
7f4d2adaf000-7f4d2adb0000 rw-p 00006000 08:02 2515928                    /usr/lib/libogg.so.0.8.2
7f4d2adb0000-7f4d2addb000 r-xp 00000000 08:02 2515946                    /usr/lib/libvorbis.so.0.4.8
7f4d2addb000-7f4d2afdb000 ---p 0002b000 08:02 2515946                    /usr/lib/libvorbis.so.0.4.8
7f4d2afdb000-7f4d2afdc000 r--p 0002b000 08:02 2515946                    /usr/lib/libvorbis.so.0.4.8
7f4d2afdc000-7f4d2afdd000 rw-p 0002c000 08:02 2515946                    /usr/lib/libvorbis.so.0.4.8
7f4d2afdd000-7f4d2afe6000 r-xp 00000000 08:02 2511041                    /usr/lib/libltdl.so.7.3.1
7f4d2afe6000-7f4d2b1e5000 ---p 00009000 08:02 2511041                    /usr/lib/libltdl.so.7.3.1
7f4d2b1e5000-7f4d2b1e6000 r--p 00008000 08:02 2511041                    /usr/lib/libltdl.so.7.3.1
7f4d2b1e6000-7f4d2b1e7000 rw-p 00009000 08:02 2511041                    /usr/lib/libltdl.so.7.3.1
7f4d2b1e7000-7f4d2b1fb000 r-xp 00000000 08:02 2522771                    /usr/lib/libtdb.so.1.3.6
7f4d2b1fb000-7f4d2b3fa000 ---p 00014000 08:02 2522771                    /usr/lib/libtdb.so.1.3.6
7f4d2b3fa000-7f4d2b3fb000 r--p 00013000 08:02 2522771                    /usr/lib/libtdb.so.1.3.6
7f4d2b3fb000-7f4d2b3fc000 rw-p 00014000 08:02 2522771                    /usr/lib/libtdb.so.1.3.6
7f4d2b3fc000-7f4d2b404000 r-xp 00000000 08:02 2515950                    /usr/lib/libvorbisfile.so.3.3.7
7f4d2b404000-7f4d2b603000 ---p 00008000 08:02 2515950                    /usr/lib/libvorbisfile.so.3.3.7
7f4d2b603000-7f4d2b604000 r--p 00007000 08:02 2515950                    /usr/lib/libvorbisfile.so.3.3.7
7f4d2b604000-7f4d2b605000 rw-p 00008000 08:02 2515950                    /usr/lib/libvorbisfile.so.3.3.7
7f4d2b605000-7f4d2b616000 r-xp 00000000 08:02 2528314                    /usr/lib/libcanberra.so.0.2.5
7f4d2b616000-7f4d2b815000 ---p 00011000 08:02 2528314                    /usr/lib/libcanberra.so.0.2.5
7f4d2b815000-7f4d2b816000 r--p 00010000 08:02 2528314                    /usr/lib/libcanberra.so.0.2.5
7f4d2b816000-7f4d2b817000 rw-p 00011000 08:02 2528314                    /usr/lib/libcanberra.so.0.2.5
7f4d2b817000-7f4d2b81b000 r-xp 00000000 08:02 2528316                    /usr/lib/libcanberra-gtk.so.0.1.9
7f4d2b81b000-7f4d2ba1a000 ---p 00004000 08:02 2528316                    /usr/lib/libcanberra-gtk.so.0.1.9
7f4d2ba1a000-7f4d2ba1b000 r--p 00003000 08:02 2528316                    /usr/lib/libcanberra-gtk.so.0.1.9
7f4d2ba1b000-7f4d2ba1c000 rw-p 00004000 08:02 2528316                    /usr/lib/libcanberra-gtk.so.0.1.9
7f4d2ba1c000-7f4d2ba21000 r-xp 00000000 08:02 2633626                    /usr/lib/gtk-2.0/modules/libcanberra-gtk-module.so
7f4d2ba21000-7f4d2bc20000 ---p 00005000 08:02 2633626                    /usr/lib/gtk-2.0/modules/libcanberra-gtk-module.so
7f4d2bc20000-7f4d2bc21000 r--p 00004000 08:02 2633626                    /usr/lib/gtk-2.0/modules/libcanberra-gtk-module.so
7f4d2bc21000-7f4d2bc22000 rw-p 00005000 08:02 2633626                    /usr/lib/gtk-2.0/modules/libcanberra-gtk-module.so
7f4d2bc22000-7f4d2bc4a000 r-xp 00000000 08:02 3419558                    /usr/lib/jvm/java-8-openjdk/jre/lib/amd64/libglass.so
7f4d2bc4a000-7f4d2be49000 ---p 00028000 08:02 3419558                    /usr/lib/jvm/java-8-openjdk/jre/lib/amd64/libglass.so
7f4d2be49000-7f4d2be4c000 rw-p 00027000 08:02 3419558                    /usr/lib/jvm/java-8-openjdk/jre/lib/amd64/libglass.so
7f4d2be4c000-7f4d2be5b000 r-xp 00000000 08:02 3419603                    /usr/lib/jvm/java-8-openjdk/jre/lib/amd64/libprism_sw.so
7f4d2be5b000-7f4d2c05b000 ---p 0000f000 08:02 3419603                    /usr/lib/jvm/java-8-openjdk/jre/lib/amd64/libprism_sw.so
7f4d2c05b000-7f4d2c05c000 rw-p 0000f000 08:02 3419603                    /usr/lib/jvm/java-8-openjdk/jre/lib/amd64/libprism_sw.so
7f4d2c05c000-7f4d2c060000 r-xp 00000000 08:02 2515166                    /usr/lib/libtxc_dxtn.so
7f4d2c060000-7f4d2c25f000 ---p 00004000 08:02 2515166                    /usr/lib/libtxc_dxtn.so
7f4d2c25f000-7f4d2c260000 r--p 00003000 08:02 2515166                    /usr/lib/libtxc_dxtn.so
7f4d2c260000-7f4d2c261000 rw-p 00004000 08:02 2515166                    /usr/lib/libtxc_dxtn.so
7f4d2c261000-7f4d2c262000 ---p 00000000 00:00 0 
7f4d2c262000-7f4d2ca62000 rw-p 00000000 00:00 0                          [stack:18468]
7f4d2ca62000-7f4d2ca63000 ---p 00000000 00:00 0 
7f4d2ca63000-7f4d2d263000 rw-p 00000000 00:00 0                          [stack:18467]
7f4d2d263000-7f4d2d264000 ---p 00000000 00:00 0 
7f4d2d264000-7f4d2da64000 rw-p 00000000 00:00 0                          [stack:18466]
7f4d2da64000-7f4d2da65000 ---p 00000000 00:00 0 
7f4d2da65000-7f4d2e265000 rw-p 00000000 00:00 0                          [stack:18465]
7f4d2e265000-7f4d2e266000 ---p 00000000 00:00 0 
7f4d2e266000-7f4d2ea66000 rw-p 00000000 00:00 0                          [stack:18464]
7f4d2ea66000-7f4d2ea67000 ---p 00000000 00:00 0 
7f4d2ea67000-7f4d2f267000 rw-p 00000000 00:00 0                          [stack:18463]
7f4d2f267000-7f4d2f268000 ---p 00000000 00:00 0 
7f4d2f268000-7f4d2fa68000 rw-p 00000000 00:00 0                          [stack:18462]
7f4d2fa68000-7f4d2fa69000 ---p 00000000 00:00 0 
7f4d2fa69000-7f4d30269000 rw-p 00000000 00:00 0                          [stack:18461]
7f4d30269000-7f4d302c8000 r-xp 00000000 08:02 2493972                    /usr/lib/libncursesw.so.5.9
7f4d302c8000-7f4d304c8000 ---p 0005f000 08:02 2493972                    /usr/lib/libncursesw.so.5.9
7f4d304c8000-7f4d304cc000 r--p 0005f000 08:02 2493972                    /usr/lib/libncursesw.so.5.9
7f4d304cc000-7f4d304ce000 rw-p 00063000 08:02 2493972                    /usr/lib/libncursesw.so.5.9
7f4d304ce000-7f4d30504000 r-xp 00000000 08:02 2515194                    /usr/lib/libedit.so.0.0.53
7f4d30504000-7f4d30704000 ---p 00036000 08:02 2515194                    /usr/lib/libedit.so.0.0.53
7f4d30704000-7f4d30706000 r--p 00036000 08:02 2515194                    /usr/lib/libedit.so.0.0.53
7f4d30706000-7f4d30707000 rw-p 00038000 08:02 2515194                    /usr/lib/libedit.so.0.0.53
7f4d30707000-7f4d3070b000 rw-p 00000000 00:00 0 
7f4d3070b000-7f4d3244e000 r-xp 00000000 08:02 2515198                    /usr/lib/libLLVM-3.6.so
7f4d3244e000-7f4d3264d000 ---p 01d43000 08:02 2515198                    /usr/lib/libLLVM-3.6.so
7f4d3264d000-7f4d32862000 r--p 01d42000 08:02 2515198                    /usr/lib/libLLVM-3.6.so
7f4d32862000-7f4d3287c000 rw-p 01f57000 08:02 2515198                    /usr/lib/libLLVM-3.6.so
7f4d3287c000-7f4d32891000 rw-p 00000000 00:00 0 
7f4d32891000-7f4d328a6000 r-xp 00000000 08:02 2515097                    /usr/lib/libelf-0.163.so
7f4d328a6000-7f4d32aa5000 ---p 00015000 08:02 2515097                    /usr/lib/libelf-0.163.so
7f4d32aa5000-7f4d32aa6000 r--p 00014000 08:02 2515097                    /usr/lib/libelf-0.163.so
7f4d32aa6000-7f4d32aa7000 rw-p 00015000 08:02 2515097                    /usr/lib/libelf-0.163.so
7f4d32aa7000-7f4d32ab2000 r-xp 00000000 08:02 2511303                    /usr/lib/libdrm_radeon.so.1.0.1
7f4d32ab2000-7f4d32cb1000 ---p 0000b000 08:02 2511303                    /usr/lib/libdrm_radeon.so.1.0.1
7f4d32cb1000-7f4d32cb2000 r--p 0000a000 08:02 2511303                    /usr/lib/libdrm_radeon.so.1.0.1
7f4d32cb2000-7f4d32cb3000 rw-p 0000b000 08:02 2511303                    /usr/lib/libdrm_radeon.so.1.0.1
7f4d32cb3000-7f4d32cb9000 r-xp 00000000 08:02 2511302                    /usr/lib/libdrm_nouveau.so.2.0.0
7f4d32cb9000-7f4d32eb8000 ---p 00006000 08:02 2511302                    /usr/lib/libdrm_nouveau.so.2.0.0
7f4d32eb8000-7f4d32eb9000 r--p 00005000 08:02 2511302                    /usr/lib/libdrm_nouveau.so.2.0.0
7f4d32eb9000-7f4d32eba000 rw-p 00006000 08:02 2511302                    /usr/lib/libdrm_nouveau.so.2.0.0
7f4d32eba000-7f4d33655000 r-xp 00000000 08:02 3018262                    /usr/lib/xorg/modules/dri/swrast_dri.so
7f4d33655000-7f4d33855000 ---p 0079b000 08:02 3018262                    /usr/lib/xorg/modules/dri/swrast_dri.so
7f4d33855000-7f4d338ab000 r--p 0079b000 08:02 3018262                    /usr/lib/xorg/modules/dri/swrast_dri.so
7f4d338ab000-7f4d338b4000 rw-p 007f1000 08:02 3018262                    /usr/lib/xorg/modules/dri/swrast_dri.so
7f4d338b4000-7f4d33a99000 rw-p 00000000 00:00 0 
7f4d33a99000-7f4d33a9e000 r-xp 00000000 08:02 2511229                    /usr/lib/libXdmcp.so.6.0.0
7f4d33a9e000-7f4d33c9d000 ---p 00005000 08:02 2511229                    /usr/lib/libXdmcp.so.6.0.0
7f4d33c9d000-7f4d33c9e000 r--p 00004000 08:02 2511229                    /usr/lib/libXdmcp.so.6.0.0
7f4d33c9e000-7f4d33c9f000 rw-p 00005000 08:02 2511229                    /usr/lib/libXdmcp.so.6.0.0
7f4d33c9f000-7f4d33ca1000 r-xp 00000000 08:02 2511317                    /usr/lib/libXau.so.6.0.0
7f4d33ca1000-7f4d33ea1000 ---p 00002000 08:02 2511317                    /usr/lib/libXau.so.6.0.0
7f4d33ea1000-7f4d33ea2000 r--p 00002000 08:02 2511317                    /usr/lib/libXau.so.6.0.0
7f4d33ea2000-7f4d33ea3000 rw-p 00003000 08:02 2511317                    /usr/lib/libXau.so.6.0.0
7f4d33ea3000-7f4d33eb2000 r-xp 00000000 08:02 2514872                    /usr/lib/libwayland-server.so.0.1.0
7f4d33eb2000-7f4d340b2000 ---p 0000f000 08:02 2514872                    /usr/lib/libwayland-server.so.0.1.0
7f4d340b2000-7f4d340b4000 r--p 0000f000 08:02 2514872                    /usr/lib/libwayland-server.so.0.1.0
7f4d340b4000-7f4d340b5000 rw-p 00011000 08:02 2514872                    /usr/lib/libwayland-server.so.0.1.0
7f4d340b5000-7f4d340c1000 r-xp 00000000 08:02 2514873                    /usr/lib/libwayland-client.so.0.3.0
7f4d340c1000-7f4d342c0000 ---p 0000c000 08:02 2514873                    /usr/lib/libwayland-client.so.0.3.0
7f4d342c0000-7f4d342c2000 r--p 0000b000 08:02 2514873                    /usr/lib/libwayland-client.so.0.3.0
7f4d342c2000-7f4d342c3000 rw-p 0000d000 08:02 2514873                    /usr/lib/libwayland-client.so.0.3.0
7f4d342c3000-7f4d342cf000 r-xp 00000000 08:02 2515217                    /usr/lib/libgbm.so.1.0.0
7f4d342cf000-7f4d344cf000 ---p 0000c000 08:02 2515217                    /usr/lib/libgbm.so.1.0.0
7f4d344cf000-7f4d344d0000 r--p 0000c000 08:02 2515217                    /usr/lib/libgbm.so.1.0.0
7f4d344d0000-7f4d344d1000 rw-p 0000d000 08:02 2515217                    /usr/lib/libgbm.so.1.0.0
7f4d344d1000-7f4d344fc000 r-xp 00000000 08:02 2511252                    /usr/lib/libgraphite2.so.3.0.1
7f4d344fc000-7f4d346fc000 ---p 0002b000 08:02 2511252                    /usr/lib/libgraphite2.so.3.0.1
7f4d346fc000-7f4d346fe000 r--p 0002b000 08:02 2511252                    /usr/lib/libgraphite2.so.3.0.1
7f4d346fe000-7f4d346ff000 rw-p 0002d000 08:02 2511252                    /usr/lib/libgraphite2.so.3.0.1
7f4d346ff000-7f4d3470c000 r-xp 00000000 08:02 2511299                    /usr/lib/libdrm.so.2.4.0
7f4d3470c000-7f4d3490b000 ---p 0000d000 08:02 2511299                    /usr/lib/libdrm.so.2.4.0
7f4d3490b000-7f4d3490c000 r--p 0000c000 08:02 2511299                    /usr/lib/libdrm.so.2.4.0
7f4d3490c000-7f4d3490d000 rw-p 0000d000 08:02 2511299                    /usr/lib/libdrm.so.2.4.0
7f4d3490d000-7f4d3490e000 r-xp 00000000 08:02 2514863                    /usr/lib/libxshmfence.so.1.0.0
7f4d3490e000-7f4d34b0e000 ---p 00001000 08:02 2514863                    /usr/lib/libxshmfence.so.1.0.0
7f4d34b0e000-7f4d34b0f000 r--p 00001000 08:02 2514863                    /usr/lib/libxshmfence.so.1.0.0
7f4d34b0f000-7f4d34b10000 rw-p 00002000 08:02 2514863                    /usr/lib/libxshmfence.so.1.0.0
7f4d34b10000-7f4d34b15000 r-xp 00000000 08:02 2513672                    /usr/lib/libxcb-sync.so.1.0.0
7f4d34b15000-7f4d34d15000 ---p 00005000 08:02 2513672                    /usr/lib/libxcb-sync.so.1.0.0
7f4d34d15000-7f4d34d16000 r--p 00005000 08:02 2513672                    /usr/lib/libxcb-sync.so.1.0.0
7f4d34d16000-7f4d34d17000 rw-p 00006000 08:02 2513672                    /usr/lib/libxcb-sync.so.1.0.0
7f4d34d17000-7f4d34d1a000 r-xp 00000000 08:02 2513641                    /usr/lib/libxcb-shape.so.0.0.0
7f4d34d1a000-7f4d34f19000 ---p 00003000 08:02 2513641                    /usr/lib/libxcb-shape.so.0.0.0
7f4d34f19000-7f4d34f1a000 r--p 00002000 08:02 2513641                    /usr/lib/libxcb-shape.so.0.0.0
7f4d34f1a000-7f4d34f1b000 rw-p 00003000 08:02 2513641                    /usr/lib/libxcb-shape.so.0.0.0
7f4d34f1b000-7f4d34f21000 r-xp 00000000 08:02 2513623                    /usr/lib/libxcb-xfixes.so.0.0.0
7f4d34f21000-7f4d35121000 ---p 00006000 08:02 2513623                    /usr/lib/libxcb-xfixes.so.0.0.0
7f4d35121000-7f4d35122000 r--p 00006000 08:02 2513623                    /usr/lib/libxcb-xfixes.so.0.0.0
7f4d35122000-7f4d35123000 rw-p 00007000 08:02 2513623                    /usr/lib/libxcb-xfixes.so.0.0.0
7f4d35123000-7f4d35130000 r-xp 00000000 08:02 2513680                    /usr/lib/libxcb-randr.so.0.1.0
7f4d35130000-7f4d3532f000 ---p 0000d000 08:02 2513680                    /usr/lib/libxcb-randr.so.0.1.0
7f4d3532f000-7f4d35330000 r--p 0000c000 08:02 2513680                    /usr/lib/libxcb-randr.so.0.1.0
7f4d35330000-7f4d35331000 rw-p 0000d000 08:02 2513680                    /usr/lib/libxcb-randr.so.0.1.0
7f4d35331000-7f4d35333000 r-xp 00000000 08:02 2513659                    /usr/lib/libxcb-present.so.0.0.0
7f4d35333000-7f4d35532000 ---p 00002000 08:02 2513659                    /usr/lib/libxcb-present.so.0.0.0
7f4d35532000-7f4d35533000 r--p 00001000 08:02 2513659                    /usr/lib/libxcb-present.so.0.0.0
7f4d35533000-7f4d35534000 rw-p 00002000 08:02 2513659                    /usr/lib/libxcb-present.so.0.0.0
7f4d35534000-7f4d35536000 r-xp 00000000 08:02 2513631                    /usr/lib/libxcb-dri3.so.0.0.0
7f4d35536000-7f4d35735000 ---p 00002000 08:02 2513631                    /usr/lib/libxcb-dri3.so.0.0.0
7f4d35735000-7f4d35736000 r--p 00001000 08:02 2513631                    /usr/lib/libxcb-dri3.so.0.0.0
7f4d35736000-7f4d35737000 rw-p 00002000 08:02 2513631                    /usr/lib/libxcb-dri3.so.0.0.0
7f4d35737000-7f4d3573b000 r-xp 00000000 08:02 2513656                    /usr/lib/libxcb-dri2.so.0.0.0
7f4d3573b000-7f4d3593a000 ---p 00004000 08:02 2513656                    /usr/lib/libxcb-dri2.so.0.0.0
7f4d3593a000-7f4d3593b000 r--p 00003000 08:02 2513656                    /usr/lib/libxcb-dri2.so.0.0.0
7f4d3593b000-7f4d3593c000 rw-p 00004000 08:02 2513656                    /usr/lib/libxcb-dri2.so.0.0.0
7f4d3593c000-7f4d35953000 r-xp 00000000 08:02 2513630                    /usr/lib/libxcb-glx.so.0.0.0
7f4d35953000-7f4d35b53000 ---p 00017000 08:02 2513630                    /usr/lib/libxcb-glx.so.0.0.0
7f4d35b53000-7f4d35b55000 r--p 00017000 08:02 2513630                    /usr/lib/libxcb-glx.so.0.0.0
7f4d35b55000-7f4d35b56000 rw-p 00019000 08:02 2513630                    /usr/lib/libxcb-glx.so.0.0.0
7f4d35b56000-7f4d35b57000 r-xp 00000000 08:02 2513726                    /usr/lib/libX11-xcb.so.1.0.0
7f4d35b57000-7f4d35d56000 ---p 00001000 08:02 2513726                    /usr/lib/libX11-xcb.so.1.0.0
7f4d35d56000-7f4d35d57000 r--p 00000000 08:02 2513726                    /usr/lib/libX11-xcb.so.1.0.0
7f4d35d57000-7f4d35d58000 rw-p 00001000 08:02 2513726                    /usr/lib/libX11-xcb.so.1.0.0
7f4d35d58000-7f4d35d80000 r-xp 00000000 08:02 2515218                    /usr/lib/libglapi.so.0.0.0
7f4d35d80000-7f4d35f80000 ---p 00028000 08:02 2515218                    /usr/lib/libglapi.so.0.0.0
7f4d35f80000-7f4d35f84000 r--p 00028000 08:02 2515218                    /usr/lib/libglapi.so.0.0.0
7f4d35f84000-7f4d35f85000 rw-p 0002c000 08:02 2515218                    /usr/lib/libglapi.so.0.0.0
7f4d35f85000-7f4d35f86000 rw-p 00000000 00:00 0 
7f4d35f86000-7f4d35f95000 r-xp 00000000 08:02 2496645                    /usr/lib/libbz2.so.1.0.6
7f4d35f95000-7f4d36194000 ---p 0000f000 08:02 2496645                    /usr/lib/libbz2.so.1.0.6
7f4d36194000-7f4d36196000 rw-p 0000e000 08:02 2496645                    /usr/lib/libbz2.so.1.0.6
7f4d36196000-7f4d361bd000 r-xp 00000000 08:02 2500511                    /usr/lib/libexpat.so.1.6.0
7f4d361bd000-7f4d363bc000 ---p 00027000 08:02 2500511                    /usr/lib/libexpat.so.1.6.0
7f4d363bc000-7f4d363bf000 r--p 00026000 08:02 2500511                    /usr/lib/libexpat.so.1.6.0
7f4d363bf000-7f4d363c0000 rw-p 00029000 08:02 2500511                    /usr/lib/libexpat.so.1.6.0
7f4d363c0000-7f4d363d4000 r-xp 00000000 08:02 2493158                    /usr/lib/libresolv-2.22.so
7f4d363d4000-7f4d365d3000 ---p 00014000 08:02 2493158                    /usr/lib/libresolv-2.22.so
7f4d365d3000-7f4d365d4000 r--p 00013000 08:02 2493158                    /usr/lib/libresolv-2.22.so
7f4d365d4000-7f4d365d5000 rw-p 00014000 08:02 2493158                    /usr/lib/libresolv-2.22.so
7f4d365d5000-7f4d365d7000 rw-p 00000000 00:00 0 
7f4d365d7000-7f4d36645000 r-xp 00000000 08:02 2501596                    /usr/lib/libpcre.so.1.2.5
7f4d36645000-7f4d36845000 ---p 0006e000 08:02 2501596                    /usr/lib/libpcre.so.1.2.5
7f4d36845000-7f4d36846000 r--p 0006e000 08:02 2501596                    /usr/lib/libpcre.so.1.2.5
7f4d36846000-7f4d36847000 rw-p 0006f000 08:02 2501596                    /usr/lib/libpcre.so.1.2.5
7f4d36847000-7f4d3684f000 r-xp 00000000 08:02 2503287                    /usr/lib/libffi.so.6.0.4
7f4d3684f000-7f4d36a4e000 ---p 00008000 08:02 2503287                    /usr/lib/libffi.so.6.0.4
7f4d36a4e000-7f4d36a4f000 r--p 00007000 08:02 2503287                    /usr/lib/libffi.so.6.0.4
7f4d36a4f000-7f4d36a50000 rw-p 00008000 08:02 2503287                    /usr/lib/libffi.so.6.0.4
7f4d36a50000-7f4d36a71000 r-xp 00000000 08:02 2513644                    /usr/lib/libxcb.so.1.1.0
7f4d36a71000-7f4d36c70000 ---p 00021000 08:02 2513644                    /usr/lib/libxcb.so.1.1.0
7f4d36c70000-7f4d36c71000 r--p 00020000 08:02 2513644                    /usr/lib/libxcb.so.1.1.0
7f4d36c71000-7f4d36c72000 rw-p 00021000 08:02 2513644                    /usr/lib/libxcb.so.1.1.0
7f4d36c72000-7f4d36c7b000 r-xp 00000000 08:02 2513626                    /usr/lib/libxcb-render.so.0.0.0
7f4d36c7b000-7f4d36e7a000 ---p 00009000 08:02 2513626                    /usr/lib/libxcb-render.so.0.0.0
7f4d36e7a000-7f4d36e7b000 r--p 00008000 08:02 2513626                    /usr/lib/libxcb-render.so.0.0.0
7f4d36e7b000-7f4d36e7c000 rw-p 00009000 08:02 2513626                    /usr/lib/libxcb-render.so.0.0.0
7f4d36e7c000-7f4d36e7e000 r-xp 00000000 08:02 2513653                    /usr/lib/libxcb-shm.so.0.0.0
7f4d36e7e000-7f4d3707e000 ---p 00002000 08:02 2513653                    /usr/lib/libxcb-shm.so.0.0.0
7f4d3707e000-7f4d3707f000 r--p 00002000 08:02 2513653                    /usr/lib/libxcb-shm.so.0.0.0
7f4d3707f000-7f4d37080000 rw-p 00003000 08:02 2513653                    /usr/lib/libxcb-shm.so.0.0.0
7f4d37080000-7f4d370b4000 r-xp 00000000 08:02 2511236                    /usr/lib/libpng16.so.16.18.0
7f4d370b4000-7f4d372b3000 ---p 00034000 08:02 2511236                    /usr/lib/libpng16.so.16.18.0
7f4d372b3000-7f4d372b4000 r--p 00033000 08:02 2511236                    /usr/lib/libpng16.so.16.18.0
7f4d372b4000-7f4d372b5000 rw-p 00034000 08:02 2511236                    /usr/lib/libpng16.so.16.18.0
7f4d372b5000-7f4d372da000 r-xp 00000000 08:02 3018254                    /usr/lib/mesa/libEGL.so.1.0.0
7f4d372da000-7f4d374da000 ---p 00025000 08:02 3018254                    /usr/lib/mesa/libEGL.so.1.0.0
7f4d374da000-7f4d374db000 r--p 00025000 08:02 3018254                    /usr/lib/mesa/libEGL.so.1.0.0
7f4d374db000-7f4d374dc000 rw-p 00026000 08:02 3018254                    /usr/lib/mesa/libEGL.so.1.0.0
7f4d374dc000-7f4d37581000 r-xp 00000000 08:02 2511314                    /usr/lib/libpixman-1.so.0.32.6
7f4d37581000-7f4d37780000 ---p 000a5000 08:02 2511314                    /usr/lib/libpixman-1.so.0.32.6
7f4d37780000-7f4d37788000 r--p 000a4000 08:02 2511314                    /usr/lib/libpixman-1.so.0.32.6
7f4d37788000-7f4d37789000 rw-p 000ac000 08:02 2511314                    /usr/lib/libpixman-1.so.0.32.6
7f4d37789000-7f4d377e6000 r-xp 00000000 08:02 2511263                    /usr/lib/libharfbuzz.so.0.10000.1
7f4d377e6000-7f4d379e6000 ---p 0005d000 08:02 2511263                    /usr/lib/libharfbuzz.so.0.10000.1
7f4d379e6000-7f4d379e7000 r--p 0005d000 08:02 2511263                    /usr/lib/libharfbuzz.so.0.10000.1
7f4d379e7000-7f4d379e8000 rw-p 0005e000 08:02 2511263                    /usr/lib/libharfbuzz.so.0.10000.1
7f4d379e8000-7f4d379f9000 r-xp 00000000 08:02 2515043                    /usr/lib/libXext.so.6.4.0
7f4d379f9000-7f4d37bf8000 ---p 00011000 08:02 2515043                    /usr/lib/libXext.so.6.4.0
7f4d37bf8000-7f4d37bf9000 r--p 00010000 08:02 2515043                    /usr/lib/libXext.so.6.4.0
7f4d37bf9000-7f4d37bfa000 rw-p 00011000 08:02 2515043                    /usr/lib/libXext.so.6.4.0
7f4d37bfa000-7f4d37bfc000 r-xp 00000000 08:02 2515083                    /usr/lib/libXdamage.so.1.1.0
7f4d37bfc000-7f4d37dfb000 ---p 00002000 08:02 2515083                    /usr/lib/libXdamage.so.1.1.0
7f4d37dfb000-7f4d37dfc000 r--p 00001000 08:02 2515083                    /usr/lib/libXdamage.so.1.1.0
7f4d37dfc000-7f4d37dfd000 rw-p 00002000 08:02 2515083                    /usr/lib/libXdamage.so.1.1.0
7f4d37dfd000-7f4d37dff000 r-xp 00000000 08:02 2515795                    /usr/lib/libXcomposite.so.1.0.0
7f4d37dff000-7f4d37ffe000 ---p 00002000 08:02 2515795                    /usr/lib/libXcomposite.so.1.0.0
7f4d37ffe000-7f4d37fff000 r--p 00001000 08:02 2515795                    /usr/lib/libXcomposite.so.1.0.0
7f4d37fff000-7f4d38000000 rw-p 00002000 08:02 2515795                    /usr/lib/libXcomposite.so.1.0.0
7f4d38000000-7f4d383e3000 rw-p 00000000 00:00 0 
7f4d383e3000-7f4d3c000000 ---p 00000000 00:00 0 
7f4d3c029000-7f4d3c0df000 r--p 00000000 08:02 3017468                    /usr/share/fonts/TTF/DejaVuSans.ttf
7f4d3c0df000-7f4d3c0e2000 ---p 00000000 00:00 0 
7f4d3c0e2000-7f4d3c1e0000 rw-p 00000000 00:00 0                          [stack:18469]
7f4d3c1e0000-7f4d3c1ea000 r-xp 00000000 08:02 2515730                    /usr/lib/libXcursor.so.1.0.2
7f4d3c1ea000-7f4d3c3e9000 ---p 0000a000 08:02 2515730                    /usr/lib/libXcursor.so.1.0.2
7f4d3c3e9000-7f4d3c3ea000 r--p 00009000 08:02 2515730                    /usr/lib/libXcursor.so.1.0.2
7f4d3c3ea000-7f4d3c3eb000 rw-p 0000a000 08:02 2515730                    /usr/lib/libXcursor.so.1.0.2
7f4d3c3eb000-7f4d3c3f5000 r-xp 00000000 08:02 2515665                    /usr/lib/libXrandr.so.2.2.0
7f4d3c3f5000-7f4d3c5f4000 ---p 0000a000 08:02 2515665                    /usr/lib/libXrandr.so.2.2.0
7f4d3c5f4000-7f4d3c5f5000 r--p 00009000 08:02 2515665                    /usr/lib/libXrandr.so.2.2.0
7f4d3c5f5000-7f4d3c5f6000 rw-p 0000a000 08:02 2515665                    /usr/lib/libXrandr.so.2.2.0
7f4d3c5f6000-7f4d3c605000 r-xp 00000000 08:02 2515640                    /usr/lib/libXi.so.6.1.0
7f4d3c605000-7f4d3c805000 ---p 0000f000 08:02 2515640                    /usr/lib/libXi.so.6.1.0
7f4d3c805000-7f4d3c806000 r--p 0000f000 08:02 2515640                    /usr/lib/libXi.so.6.1.0
7f4d3c806000-7f4d3c807000 rw-p 00010000 08:02 2515640                    /usr/lib/libXi.so.6.1.0
7f4d3c807000-7f4d3c809000 r-xp 00000000 08:02 2515670                    /usr/lib/libXinerama.so.1.0.0
7f4d3c809000-7f4d3ca08000 ---p 00002000 08:02 2515670                    /usr/lib/libXinerama.so.1.0.0
7f4d3ca08000-7f4d3ca09000 r--p 00001000 08:02 2515670                    /usr/lib/libXinerama.so.1.0.0
7f4d3ca09000-7f4d3ca0a000 rw-p 00002000 08:02 2515670                    /usr/lib/libXinerama.so.1.0.0
7f4d3ca0a000-7f4d3ca13000 r-xp 00000000 08:02 2515644                    /usr/lib/libXrender.so.1.3.0
7f4d3ca13000-7f4d3cc12000 ---p 00009000 08:02 2515644                    /usr/lib/libXrender.so.1.3.0
7f4d3cc12000-7f4d3cc13000 r--p 00008000 08:02 2515644                    /usr/lib/libXrender.so.1.3.0
7f4d3cc13000-7f4d3cc14000 rw-p 00009000 08:02 2515644                    /usr/lib/libXrender.so.1.3.0
7f4d3cc14000-7f4d3cc19000 r-xp 00000000 08:02 2515077                    /usr/lib/libXfixes.so.3.1.0
7f4d3cc19000-7f4d3ce18000 ---p 00005000 08:02 2515077                    /usr/lib/libXfixes.so.3.1.0
7f4d3ce18000-7f4d3ce19000 r--p 00004000 08:02 2515077                    /usr/lib/libXfixes.so.3.1.0
7f4d3ce19000-7f4d3ce1a000 rw-p 00005000 08:02 2515077                    /usr/lib/libXfixes.so.3.1.0
7f4d3ce1a000-7f4d3ce1d000 r-xp 00000000 08:02 2503358                    /usr/lib/libgmodule-2.0.so.0.4400.1
7f4d3ce1d000-7f4d3d01c000 ---p 00003000 08:02 2503358                    /usr/lib/libgmodule-2.0.so.0.4400.1
7f4d3d01c000-7f4d3d01d000 r--p 00002000 08:02 2503358                    /usr/lib/libgmodule-2.0.so.0.4400.1
7f4d3d01d000-7f4d3d01e000 rw-p 00003000 08:02 2503358                    /usr/lib/libgmodule-2.0.so.0.4400.1
7f4d3d01e000-7f4d3d034000 r-xp 00000000 08:02 2493914                    /usr/lib/libgcc_s.so.1
7f4d3d034000-7f4d3d233000 ---p 00016000 08:02 2493914                    /usr/lib/libgcc_s.so.1
7f4d3d233000-7f4d3d234000 rw-p 00015000 08:02 2493914                    /usr/lib/libgcc_s.so.1
7f4d3d234000-7f4d3d3a6000 r-xp 00000000 08:02 2493928                    /usr/lib/libstdc++.so.6.0.21
7f4d3d3a6000-7f4d3d5a6000 ---p 00172000 08:02 2493928                    /usr/lib/libstdc++.so.6.0.21
7f4d3d5a6000-7f4d3d5b0000 r--p 00172000 08:02 2493928                    /usr/lib/libstdc++.so.6.0.21
7f4d3d5b0000-7f4d3d5b2000 rw-p 0017c000 08:02 2493928                    /usr/lib/libstdc++.so.6.0.21
7f4d3d5b2000-7f4d3d5b6000 rw-p 00000000 00:00 0 
7f4d3d5b6000-7f4d3d64a000 r-xp 00000000 08:02 3018253                    /usr/lib/mesa/libGL.so.1.2.0
7f4d3d64a000-7f4d3d849000 ---p 00094000 08:02 3018253                    /usr/lib/mesa/libGL.so.1.2.0
7f4d3d849000-7f4d3d84c000 r--p 00093000 08:02 3018253                    /usr/lib/mesa/libGL.so.1.2.0
7f4d3d84c000-7f4d3d84d000 rw-p 00096000 08:02 3018253                    /usr/lib/mesa/libGL.so.1.2.0
7f4d3d84d000-7f4d3d84e000 rw-p 00000000 00:00 0 
7f4d3d84e000-7f4d3d853000 r-xp 00000000 08:02 2515072                    /usr/lib/libXxf86vm.so.1.0.0
7f4d3d853000-7f4d3da52000 ---p 00005000 08:02 2515072                    /usr/lib/libXxf86vm.so.1.0.0
7f4d3da52000-7f4d3da53000 r--p 00004000 08:02 2515072                    /usr/lib/libXxf86vm.so.1.0.0
7f4d3da53000-7f4d3da54000 rw-p 00005000 08:02 2515072                    /usr/lib/libXxf86vm.so.1.0.0
7f4d3da54000-7f4d3db8f000 r-xp 00000000 08:02 2513725                    /usr/lib/libX11.so.6.3.0
7f4d3db8f000-7f4d3dd8e000 ---p 0013b000 08:02 2513725                    /usr/lib/libX11.so.6.3.0
7f4d3dd8e000-7f4d3dd90000 r--p 0013a000 08:02 2513725                    /usr/lib/libX11.so.6.3.0
7f4d3dd90000-7f4d3dd95000 rw-p 0013c000 08:02 2513725                    /usr/lib/libX11.so.6.3.0
7f4d3dd95000-7f4d3dd96000 rw-p 00000000 00:00 0 
7f4d3dd96000-7f4d3dd9b000 r-xp 00000000 08:02 2515754                    /usr/lib/libXtst.so.6.1.0
7f4d3dd9b000-7f4d3df9a000 ---p 00005000 08:02 2515754                    /usr/lib/libXtst.so.6.1.0
7f4d3df9a000-7f4d3df9b000 r--p 00004000 08:02 2515754                    /usr/lib/libXtst.so.6.1.0
7f4d3df9b000-7f4d3df9c000 rw-p 00005000 08:02 2515754                    /usr/lib/libXtst.so.6.1.0
7f4d3df9c000-7f4d3e0a8000 r-xp 00000000 08:02 2503357                    /usr/lib/libglib-2.0.so.0.4400.1
7f4d3e0a8000-7f4d3e2a7000 ---p 0010c000 08:02 2503357                    /usr/lib/libglib-2.0.so.0.4400.1
7f4d3e2a7000-7f4d3e2a8000 r--p 0010b000 08:02 2503357                    /usr/lib/libglib-2.0.so.0.4400.1
7f4d3e2a8000-7f4d3e2a9000 rw-p 0010c000 08:02 2503357                    /usr/lib/libglib-2.0.so.0.4400.1
7f4d3e2a9000-7f4d3e2aa000 rw-p 00000000 00:00 0 
7f4d3e2aa000-7f4d3e2ab000 r-xp 00000000 08:02 2503359                    /usr/lib/libgthread-2.0.so.0.4400.1
7f4d3e2ab000-7f4d3e4aa000 ---p 00001000 08:02 2503359                    /usr/lib/libgthread-2.0.so.0.4400.1
7f4d3e4aa000-7f4d3e4ab000 r--p 00000000 08:02 2503359                    /usr/lib/libgthread-2.0.so.0.4400.1
7f4d3e4ab000-7f4d3e4ac000 rw-p 00001000 08:02 2503359                    /usr/lib/libgthread-2.0.so.0.4400.1
7f4d3e4ac000-7f4d3e54d000 r-xp 00000000 08:02 2511267                    /usr/lib/libfreetype.so.6.11.1
7f4d3e54d000-7f4d3e74c000 ---p 000a1000 08:02 2511267                    /usr/lib/libfreetype.so.6.11.1
7f4d3e74c000-7f4d3e752000 r--p 000a0000 08:02 2511267                    /usr/lib/libfreetype.so.6.11.1
7f4d3e752000-7f4d3e753000 rw-p 000a6000 08:02 2511267                    /usr/lib/libfreetype.so.6.11.1
7f4d3e753000-7f4d3e790000 r-xp 00000000 08:02 2514568                    /usr/lib/libfontconfig.so.1.8.0
7f4d3e790000-7f4d3e98f000 ---p 0003d000 08:02 2514568                    /usr/lib/libfontconfig.so.1.8.0
7f4d3e98f000-7f4d3e991000 r--p 0003c000 08:02 2514568                    /usr/lib/libfontconfig.so.1.8.0
7f4d3e991000-7f4d3e992000 rw-p 0003e000 08:02 2514568                    /usr/lib/libfontconfig.so.1.8.0
7f4d3e992000-7f4d3e9e1000 r-xp 00000000 08:02 2503360                    /usr/lib/libgobject-2.0.so.0.4400.1
7f4d3e9e1000-7f4d3ebe1000 ---p 0004f000 08:02 2503360                    /usr/lib/libgobject-2.0.so.0.4400.1
7f4d3ebe1000-7f4d3ebe2000 r--p 0004f000 08:02 2503360                    /usr/lib/libgobject-2.0.so.0.4400.1
7f4d3ebe2000-7f4d3ebe3000 rw-p 00050000 08:02 2503360                    /usr/lib/libgobject-2.0.so.0.4400.1
7f4d3ebe3000-7f4d3ec2c000 r-xp 00000000 08:02 2517974                    /usr/lib/libpango-1.0.so.0.3600.8
7f4d3ec2c000-7f4d3ee2c000 ---p 00049000 08:02 2517974                    /usr/lib/libpango-1.0.so.0.3600.8
7f4d3ee2c000-7f4d3ee2e000 r--p 00049000 08:02 2517974                    /usr/lib/libpango-1.0.so.0.3600.8
7f4d3ee2e000-7f4d3ee2f000 rw-p 0004b000 08:02 2517974                    /usr/lib/libpango-1.0.so.0.3600.8
7f4d3ee2f000-7f4d3ee43000 r-xp 00000000 08:02 2517975                    /usr/lib/libpangoft2-1.0.so.0.3600.8
7f4d3ee43000-7f4d3f043000 ---p 00014000 08:02 2517975                    /usr/lib/libpangoft2-1.0.so.0.3600.8
7f4d3f043000-7f4d3f044000 r--p 00014000 08:02 2517975                    /usr/lib/libpangoft2-1.0.so.0.3600.8
7f4d3f044000-7f4d3f045000 rw-p 00015000 08:02 2517975                    /usr/lib/libpangoft2-1.0.so.0.3600.8
7f4d3f045000-7f4d3f1bb000 r-xp 00000000 08:02 2503361                    /usr/lib/libgio-2.0.so.0.4400.1
7f4d3f1bb000-7f4d3f3bb000 ---p 00176000 08:02 2503361                    /usr/lib/libgio-2.0.so.0.4400.1
7f4d3f3bb000-7f4d3f3bf000 r--p 00176000 08:02 2503361                    /usr/lib/libgio-2.0.so.0.4400.1
7f4d3f3bf000-7f4d3f3c1000 rw-p 0017a000 08:02 2503361                    /usr/lib/libgio-2.0.so.0.4400.1
7f4d3f3c1000-7f4d3f3c3000 rw-p 00000000 00:00 0 
7f4d3f3c3000-7f4d3f3e7000 r-xp 00000000 08:02 2529207                    /usr/lib/libgdk_pixbuf-2.0.so.0.3100.6
7f4d3f3e7000-7f4d3f5e7000 ---p 00024000 08:02 2529207                    /usr/lib/libgdk_pixbuf-2.0.so.0.3100.6
7f4d3f5e7000-7f4d3f5e8000 r--p 00024000 08:02 2529207                    /usr/lib/libgdk_pixbuf-2.0.so.0.3100.6
7f4d3f5e8000-7f4d3f5e9000 rw-p 00025000 08:02 2529207                    /usr/lib/libgdk_pixbuf-2.0.so.0.3100.6
7f4d3f5e9000-7f4d3f711000 r-xp 00000000 08:02 2517934                    /usr/lib/libcairo.so.2.11400.2
7f4d3f711000-7f4d3f911000 ---p 00128000 08:02 2517934                    /usr/lib/libcairo.so.2.11400.2
7f4d3f911000-7f4d3f914000 r--p 00128000 08:02 2517934                    /usr/lib/libcairo.so.2.11400.2
7f4d3f914000-7f4d3f916000 rw-p 0012b000 08:02 2517934                    /usr/lib/libcairo.so.2.11400.2
7f4d3f916000-7f4d3f917000 rw-p 00000000 00:00 0 
7f4d3f917000-7f4d3f93a000 r-xp 00000000 08:02 2534079                    /usr/lib/libatk-1.0.so.0.21609.1
7f4d3f93a000-7f4d3fb39000 ---p 00023000 08:02 2534079                    /usr/lib/libatk-1.0.so.0.21609.1
7f4d3fb39000-7f4d3fb3c000 r--p 00022000 08:02 2534079                    /usr/lib/libatk-1.0.so.0.21609.1
7f4d3fb3c000-7f4d3fb3d000 rw-p 00025000 08:02 2534079                    /usr/lib/libatk-1.0.so.0.21609.1
7f4d3fb3d000-7f4d3fb49000 r-xp 00000000 08:02 2517977                    /usr/lib/libpangocairo-1.0.so.0.3600.8
7f4d3fb49000-7f4d3fd48000 ---p 0000c000 08:02 2517977                    /usr/lib/libpangocairo-1.0.so.0.3600.8
7f4d3fd48000-7f4d3fd49000 r--p 0000b000 08:02 2517977                    /usr/lib/libpangocairo-1.0.so.0.3600.8
7f4d3fd49000-7f4d3fd4a000 rw-p 0000c000 08:02 2517977                    /usr/lib/libpangocairo-1.0.so.0.3600.8
7f4d3fd4a000-7f4d3fdfa000 r-xp 00000000 08:02 2534102                    /usr/lib/libgdk-x11-2.0.so.0.2400.28
7f4d3fdfa000-7f4d3fffa000 ---p 000b0000 08:02 2534102                    /usr/lib/libgdk-x11-2.0.so.0.2400.28
7f4d3fffa000-7f4d3fffe000 r--p 000b0000 08:02 2534102                    /usr/lib/libgdk-x11-2.0.so.0.2400.28
7f4d3fffe000-7f4d40000000 rw-p 000b4000 08:02 2534102                    /usr/lib/libgdk-x11-2.0.so.0.2400.28
7f4d40000000-7f4d40021000 rw-p 00000000 00:00 0 
7f4d40021000-7f4d44000000 ---p 00000000 00:00 0 
7f4d44000000-7f4d44021000 rw-p 00000000 00:00 0 
7f4d44021000-7f4d48000000 ---p 00000000 00:00 0 
7f4d48000000-7f4d48585000 rw-p 00000000 00:00 0 
7f4d48585000-7f4d4c000000 ---p 00000000 00:00 0 
7f4d4c000000-7f4d4c3b3000 rw-p 00000000 00:00 0 
7f4d4c3b3000-7f4d50000000 ---p 00000000 00:00 0 
7f4d50000000-7f4d503cf000 rw-p 00000000 00:00 0 
7f4d503cf000-7f4d54000000 ---p 00000000 00:00 0 
7f4d54000000-7f4d54359000 rw-p 00000000 00:00 0 
7f4d54359000-7f4d58000000 ---p 00000000 00:00 0 
7f4d58000000-7f4d58021000 rw-p 00000000 00:00 0 
7f4d58021000-7f4d5c000000 ---p 00000000 00:00 0 
7f4d5c000000-7f4d5c021000 rw-p 00000000 00:00 0 
7f4d5c021000-7f4d60000000 ---p 00000000 00:00 0 
7f4d60000000-7f4d60021000 rw-p 00000000 00:00 0 
7f4d60021000-7f4d64000000 ---p 00000000 00:00 0 
7f4d64000000-7f4d64021000 rw-p 00000000 00:00 0 
7f4d64021000-7f4d68000000 ---p 00000000 00:00 0 
7f4d68000000-7f4d68021000 rw-p 00000000 00:00 0 
7f4d68021000-7f4d6c000000 ---p 00000000 00:00 0 
7f4d6c000000-7f4d6c021000 rw-p 00000000 00:00 0 
7f4d6c021000-7f4d70000000 ---p 00000000 00:00 0 
7f4d70000000-7f4d70021000 rw-p 00000000 00:00 0 
7f4d70021000-7f4d74000000 ---p 00000000 00:00 0 
7f4d74000000-7f4d74021000 rw-p 00000000 00:00 0 
7f4d74021000-7f4d78000000 ---p 00000000 00:00 0 
7f4d78000000-7f4d78021000 rw-p 00000000 00:00 0 
7f4d78021000-7f4d7c000000 ---p 00000000 00:00 0 
7f4d7c006000-7f4d7c025000 r--s 00000000 08:02 2362489                    /var/cache/fontconfig/f6b893a7224233d96cb72fd88691c0b4-le64.cache-4
7f4d7c025000-7f4d7c041000 r--s 00393000 08:02 4200479                    /usr/lib/jvm/java-8-openjdk/jre/lib/ext/cldrdata.jar
7f4d7c041000-7f4d7c475000 r-xp 00000000 08:02 2534103                    /usr/lib/libgtk-x11-2.0.so.0.2400.28
7f4d7c475000-7f4d7c675000 ---p 00434000 08:02 2534103                    /usr/lib/libgtk-x11-2.0.so.0.2400.28
7f4d7c675000-7f4d7c67c000 r--p 00434000 08:02 2534103                    /usr/lib/libgtk-x11-2.0.so.0.2400.28
7f4d7c67c000-7f4d7c680000 rw-p 0043b000 08:02 2534103                    /usr/lib/libgtk-x11-2.0.so.0.2400.28
7f4d7c680000-7f4d7c683000 rw-p 00000000 00:00 0 
7f4d7c686000-7f4d7c699000 r--s 00345000 08:02 3284410                    /usr/lib/jvm/java-8-openjdk/jre/lib/resources.jar
7f4d7c699000-7f4d7c6ad000 r--s 000da000 08:12 35914988                   /home/gaieepo/.m2/repository/org/mnode/ical4j/ical4j/1.0.2/ical4j-1.0.2.jar
7f4d7c6ad000-7f4d7c6b9000 r-xp 00000000 08:02 3419602                    /usr/lib/jvm/java-8-openjdk/jre/lib/amd64/libprism_es2.so
7f4d7c6b9000-7f4d7c8b8000 ---p 0000c000 08:02 3419602                    /usr/lib/jvm/java-8-openjdk/jre/lib/amd64/libprism_es2.so
7f4d7c8b8000-7f4d7c8b9000 rw-p 0000b000 08:02 3419602                    /usr/lib/jvm/java-8-openjdk/jre/lib/amd64/libprism_es2.so
7f4d7c8b9000-7f4d7c8bc000 ---p 00000000 00:00 0 
7f4d7c8bc000-7f4d7c9ba000 rw-p 00000000 00:00 0                          [stack:18460]
7f4d7c9ba000-7f4d7ca50000 r--s 008c8000 08:02 4200574                    /usr/lib/jvm/java-8-openjdk/jre/lib/ext/jfxrt.jar
7f4d7ca50000-7f4d7ca51000 ---p 00000000 00:00 0 
7f4d7ca51000-7f4d7cb51000 rw-p 00000000 00:00 0                          [stack:18459]
7f4d7cb51000-7f4d7cb54000 ---p 00000000 00:00 0 
7f4d7cb54000-7f4d7cc52000 rw-p 00000000 00:00 0                          [stack:18458]
7f4d7cc52000-7f4d7cc55000 ---p 00000000 00:00 0 
7f4d7cc55000-7f4d7cd53000 rw-p 00000000 00:00 0                          [stack:18457]
7f4d7cd53000-7f4d7cd56000 ---p 00000000 00:00 0 
7f4d7cd56000-7f4d7ce54000 rw-p 00000000 00:00 0                          [stack:18456]
7f4d7ce54000-7f4d7ce57000 ---p 00000000 00:00 0 
7f4d7ce57000-7f4d7cf55000 rw-p 00000000 00:00 0                          [stack:18455]
7f4d7cf55000-7f4d7cf58000 ---p 00000000 00:00 0 
7f4d7cf58000-7f4d7d056000 rw-p 00000000 00:00 0                          [stack:18454]
7f4d7d056000-7f4d7d059000 ---p 00000000 00:00 0 
7f4d7d059000-7f4d7d157000 rw-p 00000000 00:00 0                          [stack:18450]
7f4d7d157000-7f4d7d15a000 ---p 00000000 00:00 0 
7f4d7d15a000-7f4d7d258000 rw-p 00000000 00:00 0                          [stack:18449]
7f4d7d258000-7f4d7d25b000 ---p 00000000 00:00 0 
7f4d7d25b000-7f4d7d359000 rw-p 00000000 00:00 0                          [stack:18446]
7f4d7d359000-7f4d7d35d000 r-xp 00000000 08:02 3419575                    /usr/lib/jvm/java-8-openjdk/jre/lib/amd64/libdt_socket.so
7f4d7d35d000-7f4d7d55c000 ---p 00004000 08:02 3419575                    /usr/lib/jvm/java-8-openjdk/jre/lib/amd64/libdt_socket.so
7f4d7d55c000-7f4d7d55d000 rw-p 00003000 08:02 3419575                    /usr/lib/jvm/java-8-openjdk/jre/lib/amd64/libdt_socket.so
7f4d7d55d000-7f4d7d560000 ---p 00000000 00:00 0 
7f4d7d560000-7f4d7d65e000 rw-p 00000000 00:00 0                          [stack:18444]
7f4d7d65e000-7f4d7d661000 ---p 00000000 00:00 0 
7f4d7d661000-7f4d7d75f000 rw-p 00000000 00:00 0                          [stack:18443]
7f4d7d75f000-7f4d7d762000 ---p 00000000 00:00 0 
7f4d7d762000-7f4d7d860000 rw-p 00000000 00:00 0                          [stack:18442]
7f4d7d860000-7f4d7d861000 ---p 00000000 00:00 0 
7f4d7d861000-7f4d80000000 rw-p 00000000 00:00 0                          [stack:18441]
7f4d80000000-7f4d80021000 rw-p 00000000 00:00 0 
7f4d80021000-7f4d84000000 ---p 00000000 00:00 0 
7f4d84000000-7f4d84021000 rw-p 00000000 00:00 0 
7f4d84021000-7f4d88000000 ---p 00000000 00:00 0 
7f4d88000000-7f4d88021000 rw-p 00000000 00:00 0 
7f4d88021000-7f4d8c000000 ---p 00000000 00:00 0 
7f4d8c000000-7f4d8c021000 rw-p 00000000 00:00 0 
7f4d8c021000-7f4d90000000 ---p 00000000 00:00 0 
7f4d90000000-7f4d90021000 rw-p 00000000 00:00 0 
7f4d90021000-7f4d94000000 ---p 00000000 00:00 0 
7f4d94007000-7f4d94011000 r--s 00000000 08:12 34343869                   /home/gaieepo/.cache/fontconfig/d62e99ef547d1d24cdb1bd22ec1a2976-le64.cache-4
7f4d94011000-7f4d94032000 rw-p 00000000 00:00 0 
7f4d94032000-7f4d94200000 r--s 03bde000 08:02 3284412                    /usr/lib/jvm/java-8-openjdk/jre/lib/rt.jar
7f4d94200000-7f4d98000000 rw-p 00000000 00:00 0 
7f4d98000000-7f4d98021000 rw-p 00000000 00:00 0 
7f4d98021000-7f4d9c000000 ---p 00000000 00:00 0 
7f4d9c002000-7f4d9c006000 r--s 00095000 08:02 3284409                    /usr/lib/jvm/java-8-openjdk/jre/lib/jsse.jar
7f4d9c006000-7f4d9c009000 r--s 00000000 08:02 2362192                    /var/cache/fontconfig/1876b2dcf508980ebba421dbe8e808d3-le64.cache-4
7f4d9c009000-7f4d9c012000 r--s 00000000 08:02 2360373                    /var/cache/fontconfig/f349e9996a5320f6dd491cedd2b1f964-le64.cache-4
7f4d9c012000-7f4d9c181000 rw-p 00000000 00:00 0 
7f4d9c181000-7f4d9c182000 ---p 00000000 00:00 0 
7f4d9c182000-7f4d9c282000 rw-p 00000000 00:00 0                          [stack:18440]
7f4d9c282000-7f4d9c283000 ---p 00000000 00:00 0 
7f4d9c283000-7f4d9c383000 rw-p 00000000 00:00 0                          [stack:18439]
7f4d9c383000-7f4d9c384000 ---p 00000000 00:00 0 
7f4d9c384000-7f4d9c484000 rw-p 00000000 00:00 0                          [stack:18438]
7f4d9c484000-7f4d9c485000 ---p 00000000 00:00 0 
7f4d9c485000-7f4d9c585000 rw-p 00000000 00:00 0                          [stack:18437]
7f4d9c585000-7f4d9c586000 ---p 00000000 00:00 0 
7f4d9c586000-7f4d9c686000 rw-p 00000000 00:00 0                          [stack:18436]
7f4d9c686000-7f4d9c687000 ---p 00000000 00:00 0 
7f4d9c687000-7f4d9c787000 rw-p 00000000 00:00 0                          [stack:18435]
7f4d9c787000-7f4d9c788000 ---p 00000000 00:00 0 
7f4d9c788000-7f4d9c888000 rw-p 00000000 00:00 0                          [stack:18434]
7f4d9c888000-7f4d9c889000 ---p 00000000 00:00 0 
7f4d9c889000-7f4d9c9a2000 rw-p 00000000 00:00 0                          [stack:18433]
7f4d9c9a2000-7f4d9cc1f000 ---p 00000000 00:00 0 
7f4d9cc1f000-7f4d9cc38000 rw-p 00000000 00:00 0 
7f4d9cc38000-7f4d9ceb4000 ---p 00000000 00:00 0 
7f4d9ceb4000-7f4d9cef8000 rw-p 00000000 00:00 0 
7f4d9cef8000-7f4d9cfff000 ---p 00000000 00:00 0 
7f4d9cfff000-7f4d9d000000 rw-p 00000000 00:00 0 
7f4d9d000000-7f4d9d7d0000 rwxp 00000000 00:00 0 
7f4d9d7d0000-7f4dac000000 ---p 00000000 00:00 0 
7f4dac000000-7f4dac2bf000 rw-p 00000000 00:00 0 
7f4dac2bf000-7f4db0000000 ---p 00000000 00:00 0 
7f4db0002000-7f4db000c000 r--s 00116000 08:02 4200481                    /usr/lib/jvm/java-8-openjdk/jre/lib/ext/localedata.jar
7f4db000c000-7f4db00c3000 rw-p 00000000 00:00 0 
7f4db00c3000-7f4db0463000 ---p 00000000 00:00 0 
7f4db0463000-7f4db046b000 r-xp 00000000 08:02 3419571                    /usr/lib/jvm/java-8-openjdk/jre/lib/amd64/libzip.so
7f4db046b000-7f4db066a000 ---p 00008000 08:02 3419571                    /usr/lib/jvm/java-8-openjdk/jre/lib/amd64/libzip.so
7f4db066a000-7f4db066b000 rw-p 00007000 08:02 3419571                    /usr/lib/jvm/java-8-openjdk/jre/lib/amd64/libzip.so
7f4db066b000-7f4db0676000 r-xp 00000000 08:02 2493177                    /usr/lib/libnss_files-2.22.so
7f4db0676000-7f4db0875000 ---p 0000b000 08:02 2493177                    /usr/lib/libnss_files-2.22.so
7f4db0875000-7f4db0876000 r--p 0000a000 08:02 2493177                    /usr/lib/libnss_files-2.22.so
7f4db0876000-7f4db0877000 rw-p 0000b000 08:02 2493177                    /usr/lib/libnss_files-2.22.so
7f4db0877000-7f4db087d000 rw-p 00000000 00:00 0 
7f4db087d000-7f4db0f4a000 r--p 00000000 08:02 2534955                    /usr/lib/locale/locale-archive
7f4db0f4a000-7f4db0f4c000 r-xp 00000000 08:02 3419562                    /usr/lib/jvm/java-8-openjdk/jre/lib/amd64/libnpt.so
7f4db0f4c000-7f4db114c000 ---p 00002000 08:02 3419562                    /usr/lib/jvm/java-8-openjdk/jre/lib/amd64/libnpt.so
7f4db114c000-7f4db114d000 rw-p 00002000 08:02 3419562                    /usr/lib/jvm/java-8-openjdk/jre/lib/amd64/libnpt.so
7f4db114d000-7f4db1187000 r-xp 00000000 08:02 3419579                    /usr/lib/jvm/java-8-openjdk/jre/lib/amd64/libjdwp.so
7f4db1187000-7f4db1386000 ---p 0003a000 08:02 3419579                    /usr/lib/jvm/java-8-openjdk/jre/lib/amd64/libjdwp.so
7f4db1386000-7f4db1387000 rw-p 00039000 08:02 3419579                    /usr/lib/jvm/java-8-openjdk/jre/lib/amd64/libjdwp.so
7f4db1387000-7f4db1388000 rw-p 00000000 00:00 0 
7f4db1388000-7f4db13b4000 r-xp 00000000 08:02 3419570                    /usr/lib/jvm/java-8-openjdk/jre/lib/amd64/libjava.so
7f4db13b4000-7f4db15b4000 ---p 0002c000 08:02 3419570                    /usr/lib/jvm/java-8-openjdk/jre/lib/amd64/libjava.so
7f4db15b4000-7f4db15b6000 rw-p 0002c000 08:02 3419570                    /usr/lib/jvm/java-8-openjdk/jre/lib/amd64/libjava.so
7f4db15b6000-7f4db15c3000 r-xp 00000000 08:02 3419563                    /usr/lib/jvm/java-8-openjdk/jre/lib/amd64/libverify.so
7f4db15c3000-7f4db17c2000 ---p 0000d000 08:02 3419563                    /usr/lib/jvm/java-8-openjdk/jre/lib/amd64/libverify.so
7f4db17c2000-7f4db17c4000 rw-p 0000c000 08:02 3419563                    /usr/lib/jvm/java-8-openjdk/jre/lib/amd64/libverify.so
7f4db17c4000-7f4db17cb000 r-xp 00000000 08:02 2493156                    /usr/lib/librt-2.22.so
7f4db17cb000-7f4db19ca000 ---p 00007000 08:02 2493156                    /usr/lib/librt-2.22.so
7f4db19ca000-7f4db19cb000 r--p 00006000 08:02 2493156                    /usr/lib/librt-2.22.so
7f4db19cb000-7f4db19cc000 rw-p 00007000 08:02 2493156                    /usr/lib/librt-2.22.so
7f4db19cc000-7f4db1ac9000 r-xp 00000000 08:02 2493160                    /usr/lib/libm-2.22.so
7f4db1ac9000-7f4db1cc8000 ---p 000fd000 08:02 2493160                    /usr/lib/libm-2.22.so
7f4db1cc8000-7f4db1cc9000 r--p 000fc000 08:02 2493160                    /usr/lib/libm-2.22.so
7f4db1cc9000-7f4db1cca000 rw-p 000fd000 08:02 2493160                    /usr/lib/libm-2.22.so
7f4db1cca000-7f4db291d000 r-xp 00000000 08:02 4200503                    /usr/lib/jvm/java-8-openjdk/jre/lib/amd64/server/libjvm.so
7f4db291d000-7f4db2b1c000 ---p 00c53000 08:02 4200503                    /usr/lib/jvm/java-8-openjdk/jre/lib/amd64/server/libjvm.so
7f4db2b1c000-7f4db2bd8000 rw-p 00c52000 08:02 4200503                    /usr/lib/jvm/java-8-openjdk/jre/lib/amd64/server/libjvm.so
7f4db2bd8000-7f4db2c06000 rw-p 00000000 00:00 0 
7f4db2c06000-7f4db2da1000 r-xp 00000000 08:02 2493167                    /usr/lib/libc-2.22.so
7f4db2da1000-7f4db2fa0000 ---p 0019b000 08:02 2493167                    /usr/lib/libc-2.22.so
7f4db2fa0000-7f4db2fa4000 r--p 0019a000 08:02 2493167                    /usr/lib/libc-2.22.so
7f4db2fa4000-7f4db2fa6000 rw-p 0019e000 08:02 2493167                    /usr/lib/libc-2.22.so
7f4db2fa6000-7f4db2faa000 rw-p 00000000 00:00 0 
7f4db2faa000-7f4db2fad000 r-xp 00000000 08:02 2493135                    /usr/lib/libdl-2.22.so
7f4db2fad000-7f4db31ac000 ---p 00003000 08:02 2493135                    /usr/lib/libdl-2.22.so
7f4db31ac000-7f4db31ad000 r--p 00002000 08:02 2493135                    /usr/lib/libdl-2.22.so
7f4db31ad000-7f4db31ae000 rw-p 00003000 08:02 2493135                    /usr/lib/libdl-2.22.so
7f4db31ae000-7f4db31bb000 r-xp 00000000 08:02 4200500                    /usr/lib/jvm/java-8-openjdk/jre/lib/amd64/jli/libjli.so
7f4db31bb000-7f4db33ba000 ---p 0000d000 08:02 4200500                    /usr/lib/jvm/java-8-openjdk/jre/lib/amd64/jli/libjli.so
7f4db33ba000-7f4db33bb000 rw-p 0000c000 08:02 4200500                    /usr/lib/jvm/java-8-openjdk/jre/lib/amd64/jli/libjli.so
7f4db33bb000-7f4db33d0000 r-xp 00000000 08:02 2496806                    /usr/lib/libz.so.1.2.8
7f4db33d0000-7f4db35cf000 ---p 00015000 08:02 2496806                    /usr/lib/libz.so.1.2.8
7f4db35cf000-7f4db35d0000 r--p 00014000 08:02 2496806                    /usr/lib/libz.so.1.2.8
7f4db35d0000-7f4db35d1000 rw-p 00015000 08:02 2496806                    /usr/lib/libz.so.1.2.8
7f4db35d1000-7f4db35e9000 r-xp 00000000 08:02 2493176                    /usr/lib/libpthread-2.22.so
7f4db35e9000-7f4db37e8000 ---p 00018000 08:02 2493176                    /usr/lib/libpthread-2.22.so
7f4db37e8000-7f4db37e9000 r--p 00017000 08:02 2493176                    /usr/lib/libpthread-2.22.so
7f4db37e9000-7f4db37ea000 rw-p 00018000 08:02 2493176                    /usr/lib/libpthread-2.22.so
7f4db37ea000-7f4db37ee000 rw-p 00000000 00:00 0 
7f4db37ee000-7f4db3810000 r-xp 00000000 08:02 2493132                    /usr/lib/ld-2.22.so
7f4db3810000-7f4db3812000 rw-p 00000000 00:00 0 
7f4db3812000-7f4db3814000 r--s 00000000 08:02 2361394                    /var/cache/fontconfig/699564f050ff7e0f9dae359f33bc56a5-le64.cache-4
7f4db3814000-7f4db38df000 rw-p 00000000 00:00 0 
7f4db38df000-7f4db38e2000 ---p 00000000 00:00 0 
7f4db38e2000-7f4db39e5000 rw-p 00000000 00:00 0                          [stack:18432]
7f4db39e5000-7f4db39ed000 r--s 00049000 08:12 35914996                   /home/gaieepo/.m2/repository/backport-util-concurrent/backport-util-concurrent/3.1/backport-util-concurrent-3.1.jar
7f4db39ed000-7f4db39f2000 r--s 00041000 08:12 35914994                   /home/gaieepo/.m2/repository/commons-lang/commons-lang/2.6/commons-lang-2.6.jar
7f4db39f2000-7f4db39f4000 r--s 00010000 08:12 35914992                   /home/gaieepo/.m2/repository/commons-codec/commons-codec/1.5/commons-codec-1.5.jar
7f4db39f4000-7f4db39f6000 r--s 0000d000 08:12 35914990                   /home/gaieepo/.m2/repository/commons-logging/commons-logging/1.1.1/commons-logging-1.1.1.jar
7f4db39f6000-7f4db39f9000 r--s 00026000 08:12 35914986                   /home/gaieepo/.m2/repository/org/antlr/antlr-runtime/3.5.2/antlr-runtime-3.5.2.jar
7f4db39f9000-7f4db39ff000 r--s 00090000 08:12 35914984                   /home/gaieepo/.m2/repository/com/joestelmach/natty/0.10.1/natty-0.10.1.jar
7f4db39ff000-7f4db3a04000 r--s 0002f000 08:12 35914982                   /home/gaieepo/.m2/repository/com/google/code/gson/gson/2.3.1/gson-2.3.1.jar
7f4db3a04000-7f4db3a0c000 rw-s 00000000 00:23 271695                     /tmp/hsperfdata_gaieepo/18425
7f4db3a0c000-7f4db3a0d000 rw-p 00000000 00:00 0 
7f4db3a0d000-7f4db3a0e000 r--p 00000000 00:00 0 
7f4db3a0e000-7f4db3a0f000 rw-p 00000000 00:00 0 
7f4db3a0f000-7f4db3a10000 r--p 00021000 08:02 2493132                    /usr/lib/ld-2.22.so
7f4db3a10000-7f4db3a11000 rw-p 00022000 08:02 2493132                    /usr/lib/ld-2.22.so
7f4db3a11000-7f4db3a12000 rw-p 00000000 00:00 0 
7ffd509f5000-7ffd50a16000 rw-p 00000000 00:00 0                          [stack]
7ffd50a89000-7ffd50a8b000 r--p 00000000 00:00 0                          [vvar]
7ffd50a8b000-7ffd50a8d000 r-xp 00000000 00:00 0                          [vdso]
ffffffffff600000-ffffffffff601000 r-xp 00000000 00:00 0                  [vsyscall]

VM Arguments:
jvm_args: -agentlib:jdwp=transport=dt_socket,suspend=y,address=localhost:55140 -Dfile.encoding=UTF-8 
java_command: main.MainApp
java_class_path (initial): /home/gaieepo/cs2103t/Finia/target/classes:/home/gaieepo/.m2/repository/com/google/code/gson/gson/2.3.1/gson-2.3.1.jar:/home/gaieepo/.m2/repository/com/joestelmach/natty/0.10.1/natty-0.10.1.jar:/home/gaieepo/.m2/repository/org/antlr/antlr-runtime/3.5.2/antlr-runtime-3.5.2.jar:/home/gaieepo/.m2/repository/org/mnode/ical4j/ical4j/1.0.2/ical4j-1.0.2.jar:/home/gaieepo/.m2/repository/commons-logging/commons-logging/1.1.1/commons-logging-1.1.1.jar:/home/gaieepo/.m2/repository/commons-codec/commons-codec/1.5/commons-codec-1.5.jar:/home/gaieepo/.m2/repository/commons-lang/commons-lang/2.6/commons-lang-2.6.jar:/home/gaieepo/.m2/repository/backport-util-concurrent/backport-util-concurrent/3.1/backport-util-concurrent-3.1.jar
Launcher Type: SUN_STANDARD

Environment Variables:
PATH=/usr/local/sbin:/usr/local/bin:/usr/bin:/usr/lib/jvm/default/bin:/usr/bin/site_perl:/usr/bin/vendor_perl:/usr/bin/core_perl
SHELL=/bin/bash
DISPLAY=:0

Signal Handlers:
SIGSEGV: [libjvm.so+0xa581a0], sa_mask[0]=11111111011111111101111111111110, sa_flags=SA_RESTART|SA_SIGINFO
SIGBUS: [libjvm.so+0xa581a0], sa_mask[0]=11111111011111111101111111111110, sa_flags=SA_RESTART|SA_SIGINFO
SIGFPE: [libjvm.so+0x8a4420], sa_mask[0]=11111111011111111101111111111110, sa_flags=SA_RESTART|SA_SIGINFO
SIGPIPE: SIG_IGN, sa_mask[0]=00000000000010000000000000000000, sa_flags=SA_RESTART
SIGXFSZ: [libjvm.so+0x8a4420], sa_mask[0]=11111111011111111101111111111110, sa_flags=SA_RESTART|SA_SIGINFO
SIGILL: [libjvm.so+0x8a4420], sa_mask[0]=11111111011111111101111111111110, sa_flags=SA_RESTART|SA_SIGINFO
SIGUSR1: SIG_DFL, sa_mask[0]=00000000000000000000000000000000, sa_flags=none
SIGUSR2: [libjvm.so+0x8a42d0], sa_mask[0]=00100000000000000000000000000000, sa_flags=SA_RESTART|SA_SIGINFO
SIGHUP: [libjvm.so+0x8a47a0], sa_mask[0]=11111111011111111101111111111110, sa_flags=SA_RESTART|SA_SIGINFO
SIGINT: [libjvm.so+0x8a47a0], sa_mask[0]=11111111011111111101111111111110, sa_flags=SA_RESTART|SA_SIGINFO
SIGTERM: [libjvm.so+0x8a47a0], sa_mask[0]=11111111011111111101111111111110, sa_flags=SA_RESTART|SA_SIGINFO
SIGQUIT: [libjvm.so+0x8a47a0], sa_mask[0]=11111111011111111101111111111110, sa_flags=SA_RESTART|SA_SIGINFO


---------------  S Y S T E M  ---------------

OS:LSB_VERSION=1.4
DISTRIB_ID=Arch
DISTRIB_RELEASE=rolling
DISTRIB_DESCRIPTION="Arch Linux"

uname:Linux 4.1.5-1-ARCH #1 SMP PREEMPT Tue Aug 11 15:41:14 CEST 2015 x86_64
libc:glibc 2.22 NPTL 2.22 
rlimit: STACK 8192k, CORE 0k, NPROC 30826, NOFILE 4096, AS infinity
load average:0.72 0.52 0.41

/proc/meminfo:
MemTotal:        8121692 kB
MemFree:         3379548 kB
MemAvailable:    5196216 kB
Buffers:          101772 kB
Cached:          1654064 kB
SwapCached:            0 kB
Active:          3411828 kB
Inactive:        1062776 kB
Active(anon):    2719656 kB
Inactive(anon):     5272 kB
Active(file):     692172 kB
Inactive(file):  1057504 kB
Unevictable:           0 kB
Mlocked:               0 kB
SwapTotal:      13630460 kB
SwapFree:       13630460 kB
Dirty:              1552 kB
Writeback:             0 kB
AnonPages:       2718512 kB
Mapped:           452752 kB
Shmem:              6168 kB
Slab:             143600 kB
SReclaimable:     109436 kB
SUnreclaim:        34164 kB
KernelStack:        8384 kB
PageTables:        32428 kB
NFS_Unstable:          0 kB
Bounce:                0 kB
WritebackTmp:          0 kB
CommitLimit:    17691304 kB
Committed_AS:    5643784 kB
VmallocTotal:   34359738367 kB
VmallocUsed:      147780 kB
VmallocChunk:   34359537660 kB
HardwareCorrupted:     0 kB
AnonHugePages:   1603584 kB
HugePages_Total:       0
HugePages_Free:        0
HugePages_Rsvd:        0
HugePages_Surp:        0
Hugepagesize:       2048 kB
DirectMap4k:      130184 kB
DirectMap2M:     6103040 kB
DirectMap1G:     3145728 kB


CPU:total 8 (4 cores per cpu, 2 threads per core) family 6 model 60 stepping 3, cmov, cx8, fxsr, mmx, sse, sse2, sse3, ssse3, sse4.1, sse4.2, popcnt, avx, avx2, aes, clmul, erms, rtm, lzcnt, ht, tsc, tscinvbit, bmi1, bmi2

/proc/cpuinfo:
processor	: 0
vendor_id	: GenuineIntel
cpu family	: 6
model		: 60
model name	: Intel(R) Xeon(R) CPU E3-1231 v3 @ 3.40GHz
stepping	: 3
microcode	: 0x19
cpu MHz		: 3541.312
cache size	: 8192 KB
physical id	: 0
siblings	: 8
core id		: 0
cpu cores	: 4
apicid		: 0
initial apicid	: 0
fpu		: yes
fpu_exception	: yes
cpuid level	: 13
wp		: yes
flags		: fpu vme de pse tsc msr pae mce cx8 apic sep mtrr pge mca cmov pat pse36 clflush dts acpi mmx fxsr sse sse2 ss ht tm pbe syscall nx pdpe1gb rdtscp lm constant_tsc arch_perfmon pebs bts rep_good nopl xtopology nonstop_tsc aperfmperf eagerfpu pni pclmulqdq dtes64 monitor ds_cpl vmx smx est tm2 ssse3 fma cx16 xtpr pdcm pcid sse4_1 sse4_2 x2apic movbe popcnt tsc_deadline_timer aes xsave avx f16c rdrand lahf_lm abm ida arat epb pln pts dtherm tpr_shadow vnmi flexpriority ept vpid fsgsbase tsc_adjust bmi1 hle avx2 smep bmi2 erms invpcid rtm xsaveopt
bugs		:
bogomips	: 6787.31
clflush size	: 64
cache_alignment	: 64
address sizes	: 39 bits physical, 48 bits virtual
power management:

processor	: 1
vendor_id	: GenuineIntel
cpu family	: 6
model		: 60
model name	: Intel(R) Xeon(R) CPU E3-1231 v3 @ 3.40GHz
stepping	: 3
microcode	: 0x19
cpu MHz		: 3601.078
cache size	: 8192 KB
physical id	: 0
siblings	: 8
core id		: 1
cpu cores	: 4
apicid		: 2
initial apicid	: 2
fpu		: yes
fpu_exception	: yes
cpuid level	: 13
wp		: yes
flags		: fpu vme de pse tsc msr pae mce cx8 apic sep mtrr pge mca cmov pat pse36 clflush dts acpi mmx fxsr sse sse2 ss ht tm pbe syscall nx pdpe1gb rdtscp lm constant_tsc arch_perfmon pebs bts rep_good nopl xtopology nonstop_tsc aperfmperf eagerfpu pni pclmulqdq dtes64 monitor ds_cpl vmx smx est tm2 ssse3 fma cx16 xtpr pdcm pcid sse4_1 sse4_2 x2apic movbe popcnt tsc_deadline_timer aes xsave avx f16c rdrand lahf_lm abm ida arat epb pln pts dtherm tpr_shadow vnmi flexpriority ept vpid fsgsbase tsc_adjust bmi1 hle avx2 smep bmi2 erms invpcid rtm xsaveopt
bugs		:
bogomips	: 6787.31
clflush size	: 64
cache_alignment	: 64
address sizes	: 39 bits physical, 48 bits virtual
power management:

processor	: 2
vendor_id	: GenuineIntel
cpu family	: 6
model		: 60
model name	: Intel(R) Xeon(R) CPU E3-1231 v3 @ 3.40GHz
stepping	: 3
microcode	: 0x19
cpu MHz		: 3599.882
cache size	: 8192 KB
physical id	: 0
siblings	: 8
core id		: 2
cpu cores	: 4
apicid		: 4
initial apicid	: 4
fpu		: yes
fpu_exception	: yes
cpuid level	: 13
wp		: yes
flags		: fpu vme de pse tsc msr pae mce cx8 apic sep mtrr pge mca cmov pat pse36 clflush dts acpi mmx fxsr sse sse2 ss ht tm pbe syscall nx pdpe1gb rdtscp lm constant_tsc arch_perfmon pebs bts rep_good nopl xtopology nonstop_tsc aperfmperf eagerfpu pni pclmulqdq dtes64 monitor ds_cpl vmx smx est tm2 ssse3 fma cx16 xtpr pdcm pcid sse4_1 sse4_2 x2apic movbe popcnt tsc_deadline_timer aes xsave avx f16c rdrand lahf_lm abm ida arat epb pln pts dtherm tpr_shadow vnmi flexpriority ept vpid fsgsbase tsc_adjust bmi1 hle avx2 smep bmi2 erms invpcid rtm xsaveopt
bugs		:
bogomips	: 6787.31
clflush size	: 64
cache_alignment	: 64
address sizes	: 39 bits physical, 48 bits virtual
power management:

processor	: 3
vendor_id	: GenuineIntel
cpu family	: 6
model		: 60
model name	: Intel(R) Xeon(R) CPU E3-1231 v3 @ 3.40GHz
stepping	: 3
microcode	: 0x19
cpu MHz		: 3599.882
cache size	: 8192 KB
physical id	: 0
siblings	: 8
core id		: 3
cpu cores	: 4
apicid		: 6
initial apicid	: 6
fpu		: yes
fpu_exception	: yes
cpuid level	: 13
wp		: yes
flags		: fpu vme de pse tsc msr pae mce cx8 apic sep mtrr pge mca cmov pat pse36 clflush dts acpi mmx fxsr sse sse2 ss ht tm pbe syscall nx pdpe1gb rdtscp lm constant_tsc arch_perfmon pebs bts rep_good nopl xtopology nonstop_tsc aperfmperf eagerfpu pni pclmulqdq dtes64 monitor ds_cpl vmx smx est tm2 ssse3 fma cx16 xtpr pdcm pcid sse4_1 sse4_2 x2apic movbe popcnt tsc_deadline_timer aes xsave avx f16c rdrand lahf_lm abm ida arat epb pln pts dtherm tpr_shadow vnmi flexpriority ept vpid fsgsbase tsc_adjust bmi1 hle avx2 smep bmi2 erms invpcid rtm xsaveopt
bugs		:
bogomips	: 6787.31
clflush size	: 64
cache_alignment	: 64
address sizes	: 39 bits physical, 48 bits virtual
power management:

processor	: 4
vendor_id	: GenuineIntel
cpu family	: 6
model		: 60
model name	: Intel(R) Xeon(R) CPU E3-1231 v3 @ 3.40GHz
stepping	: 3
microcode	: 0x19
cpu MHz		: 3599.882
cache size	: 8192 KB
physical id	: 0
siblings	: 8
core id		: 0
cpu cores	: 4
apicid		: 1
initial apicid	: 1
fpu		: yes
fpu_exception	: yes
cpuid level	: 13
wp		: yes
flags		: fpu vme de pse tsc msr pae mce cx8 apic sep mtrr pge mca cmov pat pse36 clflush dts acpi mmx fxsr sse sse2 ss ht tm pbe syscall nx pdpe1gb rdtscp lm constant_tsc arch_perfmon pebs bts rep_good nopl xtopology nonstop_tsc aperfmperf eagerfpu pni pclmulqdq dtes64 monitor ds_cpl vmx smx est tm2 ssse3 fma cx16 xtpr pdcm pcid sse4_1 sse4_2 x2apic movbe popcnt tsc_deadline_timer aes xsave avx f16c rdrand lahf_lm abm ida arat epb pln pts dtherm tpr_shadow vnmi flexpriority ept vpid fsgsbase tsc_adjust bmi1 hle avx2 smep bmi2 erms invpcid rtm xsaveopt
bugs		:
bogomips	: 6787.31
clflush size	: 64
cache_alignment	: 64
address sizes	: 39 bits physical, 48 bits virtual
power management:

processor	: 5
vendor_id	: GenuineIntel
cpu family	: 6
model		: 60
model name	: Intel(R) Xeon(R) CPU E3-1231 v3 @ 3.40GHz
stepping	: 3
microcode	: 0x19
cpu MHz		: 3599.882
cache size	: 8192 KB
physical id	: 0
siblings	: 8
core id		: 1
cpu cores	: 4
apicid		: 3
initial apicid	: 3
fpu		: yes
fpu_exception	: yes
cpuid level	: 13
wp		: yes
flags		: fpu vme de pse tsc msr pae mce cx8 apic sep mtrr pge mca cmov pat pse36 clflush dts acpi mmx fxsr sse sse2 ss ht tm pbe syscall nx pdpe1gb rdtscp lm constant_tsc arch_perfmon pebs bts rep_good nopl xtopology nonstop_tsc aperfmperf eagerfpu pni pclmulqdq dtes64 monitor ds_cpl vmx smx est tm2 ssse3 fma cx16 xtpr pdcm pcid sse4_1 sse4_2 x2apic movbe popcnt tsc_deadline_timer aes xsave avx f16c rdrand lahf_lm abm ida arat epb pln pts dtherm tpr_shadow vnmi flexpriority ept vpid fsgsbase tsc_adjust bmi1 hle avx2 smep bmi2 erms invpcid rtm xsaveopt
bugs		:
bogomips	: 6787.31
clflush size	: 64
cache_alignment	: 64
address sizes	: 39 bits physical, 48 bits virtual
power management:

processor	: 6
vendor_id	: GenuineIntel
cpu family	: 6
model		: 60
model name	: Intel(R) Xeon(R) CPU E3-1231 v3 @ 3.40GHz
stepping	: 3
microcode	: 0x19
cpu MHz		: 3600.281
cache size	: 8192 KB
physical id	: 0
siblings	: 8
core id		: 2
cpu cores	: 4
apicid		: 5
initial apicid	: 5
fpu		: yes
fpu_exception	: yes
cpuid level	: 13
wp		: yes
flags		: fpu vme de pse tsc msr pae mce cx8 apic sep mtrr pge mca cmov pat pse36 clflush dts acpi mmx fxsr sse sse2 ss ht tm pbe syscall nx pdpe1gb rdtscp lm constant_tsc arch_perfmon pebs bts rep_good nopl xtopology nonstop_tsc aperfmperf eagerfpu pni pclmulqdq dtes64 monitor ds_cpl vmx smx est tm2 ssse3 fma cx16 xtpr pdcm pcid sse4_1 sse4_2 x2apic movbe popcnt tsc_deadline_timer aes xsave avx f16c rdrand lahf_lm abm ida arat epb pln pts dtherm tpr_shadow vnmi flexpriority ept vpid fsgsbase tsc_adjust bmi1 hle avx2 smep bmi2 erms invpcid rtm xsaveopt
bugs		:
bogomips	: 6787.31
clflush size	: 64
cache_alignment	: 64
address sizes	: 39 bits physical, 48 bits virtual
power management:

processor	: 7
vendor_id	: GenuineIntel
cpu family	: 6
model		: 60
model name	: Intel(R) Xeon(R) CPU E3-1231 v3 @ 3.40GHz
stepping	: 3
microcode	: 0x19
cpu MHz		: 3599.882
cache size	: 8192 KB
physical id	: 0
siblings	: 8
core id		: 3
cpu cores	: 4
apicid		: 7
initial apicid	: 7
fpu		: yes
fpu_exception	: yes
cpuid level	: 13
wp		: yes
flags		: fpu vme de pse tsc msr pae mce cx8 apic sep mtrr pge mca cmov pat pse36 clflush dts acpi mmx fxsr sse sse2 ss ht tm pbe syscall nx pdpe1gb rdtscp lm constant_tsc arch_perfmon pebs bts rep_good nopl xtopology nonstop_tsc aperfmperf eagerfpu pni pclmulqdq dtes64 monitor ds_cpl vmx smx est tm2 ssse3 fma cx16 xtpr pdcm pcid sse4_1 sse4_2 x2apic movbe popcnt tsc_deadline_timer aes xsave avx f16c rdrand lahf_lm abm ida arat epb pln pts dtherm tpr_shadow vnmi flexpriority ept vpid fsgsbase tsc_adjust bmi1 hle avx2 smep bmi2 erms invpcid rtm xsaveopt
bugs		:
bogomips	: 6787.31
clflush size	: 64
cache_alignment	: 64
address sizes	: 39 bits physical, 48 bits virtual
power management:



Memory: 4k page, physical 8121692k(3379548k free), swap 13630460k(13630460k free)

vm_info: OpenJDK 64-Bit Server VM (25.60-b23) for linux-amd64 JRE (1.8.0_60-b24), built on Aug 23 2015 18:39:15 by "builduser" with gcc 5.2.0

time: Sun Oct 11 13:51:52 2015
elapsed time: 3 seconds (0d 0h 0m 3s)

