#
# A fatal error has been detected by the Java Runtime Environment:
#
#  SIGSEGV (0xb) at pc=0x00007fa50d57e89d, pid=17185, tid=140345668593408
#
# JRE version: OpenJDK Runtime Environment (8.0_60-b24) (build 1.8.0_60-b24)
# Java VM: OpenJDK 64-Bit Server VM (25.60-b23 mixed mode linux-amd64 compressed oops)
# Problematic frame:
# V  [libjvm.so+0x67689d]
#
# Failed to write core dump. Core dumps have been disabled. To enable core dumping, try "ulimit -c unlimited" before starting Java again
#
# If you would like to submit a bug report, please visit:
#   http://bugreport.java.com/bugreport/crash.jsp
#

---------------  T H R E A D  ---------------

Current thread (0x00007fa508296800):  JavaThread "JavaFX Application Thread" [_thread_in_vm, id=17230, stack(0x00007fa4c5a8e000,0x00007fa4c5b8f000)]

siginfo: si_signo: 11 (SIGSEGV), si_code: 128 (SI_KERNEL), si_addr: 0x0000000000000000

Registers:
RAX=0x0000000000000000, RBX=0x00007fa508296800, RCX=0x00007fa50821ddb0, RDX=0x65746172656e6567
RSP=0x00007fa4c5b8d270, RBP=0x00007fa4c5b8d3f0, RSI=0x00007fa4c5b8d410, RDI=0x00007fa5082969e0
R8 =0x00007fa4c5b8d440, R9 =0x00007fa508296800, R10=0x00007fa478000b50, R11=0x00007fa4f8c0d7e0
R12=0x00007fa5082969e0, R13=0x00007fa508296800, R14=0x65746172656e6567, R15=0x00007fa4c5b8d4d8
RIP=0x00007fa50d57e89d, EFLAGS=0x0000000000010202, CSGSFS=0x002b000000000033, ERR=0x0000000000000000
  TRAPNO=0x000000000000000d

Top of Stack: (sp=0x00007fa4c5b8d270)
0x00007fa4c5b8d270:   0000000000000000 0000000000000000
0x00007fa4c5b8d280:   00007fa4c5b8d2b0 000000000000000a
0x00007fa4c5b8d290:   00007fa50000000e 00007fa5082969e0
0x00007fa4c5b8d2a0:   00007fa4c5b8d2b0 00007fa4c5b8d410
0x00007fa4c5b8d2b0:   00007fa4f6d073e0 00007fa508296800
0x00007fa4c5b8d2c0:   00007fa4f6d073e0 00007fa508296800
0x00007fa4c5b8d2d0:   00007fa508296110 00007fa498009760
0x00007fa4c5b8d2e0:   00007fa498009770 00007fa498009b48
0x00007fa4c5b8d2f0:   00000000000003d8 00007fa478000b10
0x00007fa4c5b8d300:   00007fa4f6d073e0 00007fa508296800
0x00007fa4c5b8d310:   00000000c5b8d8f0 00007fa4f8535b98
0x00007fa4c5b8d320:   0000000000000000 00007fa4c5b8d520
0x00007fa4c5b8d330:   00007fa4f6d073e0 00007fa508296800
0x00007fa4c5b8d340:   00007ffe7e755e41 000000008421d860
0x00007fa4c5b8d350:   00007fa40000006f 00007fa50000000a
0x00007fa4c5b8d360:   00000000d8043a50 00007fa400000000
0x00007fa4c5b8d370:   00007fa4c5b8d500 00007fa50d57eba1
0x00007fa4c5b8d380:   00007fa508247040 0000000100000117
0x00007fa4c5b8d390:   000000005619f322 00007fa4c5b8d348
0x00007fa4c5b8d3a0:   00007fa4c5b8d389 0000000800000005
0x00007fa4c5b8d3b0:   00007fa4c5b8d300 e91e014c2dd71500
0x00007fa4c5b8d3c0:   00007fa4f6cfb5d0 00007fa508296800
0x00007fa4c5b8d3d0:   00007fa5082969e0 00007fa50821ddb0
0x00007fa4c5b8d3e0:   65746172656e6567 00007fa4c5b8d4d8
0x00007fa4c5b8d3f0:   00007fa4c5b8d4c0 00007fa50d584816
0x00007fa4c5b8d400:   00000000000003d8 00007fa4c5b8d440
0x00007fa4c5b8d410:   00007fa40000000e e91e014c00000000
0x00007fa4c5b8d420:   00007fa508296800 0000000000000000
0x00007fa4c5b8d430:   0000000000000000 0000000004200003
0x00007fa4c5b8d440:   00007fa50dd66080 00007fa50ea793e0
0x00007fa4c5b8d450:   0000000008247040 00007fa400000063
0x00007fa4c5b8d460:   0000000000000000 0000003000000018 

Instructions: (pc=0x00007fa50d57e89d)
0x00007fa50d57e87d:   ff 48 89 b5 b8 fe ff ff 64 48 8b 04 25 28 00 00
0x00007fa50d57e88d:   00 48 89 45 c8 31 c0 48 85 d2 0f 84 7b 05 00 00
0x00007fa50d57e89d:   4c 8b 32 4d 85 f6 0f 84 6f 05 00 00 49 8b b9 20
0x00007fa50d57e8ad:   01 00 00 48 89 cb 4d 89 c4 e8 f5 5a ff ff 4c 89 

Register to memory mapping:

RAX=0x0000000000000000 is an unknown value
RBX=0x00007fa508296800 is a thread
RCX=0x00007fa50821ddb0 is an unknown value
RDX=0x65746172656e6567 is an unknown value
RSP=0x00007fa4c5b8d270 is pointing into the stack for thread: 0x00007fa508296800
RBP=0x00007fa4c5b8d3f0 is pointing into the stack for thread: 0x00007fa508296800
RSI=0x00007fa4c5b8d410 is pointing into the stack for thread: 0x00007fa508296800
RDI=0x00007fa5082969e0 is an unknown value
R8 =0x00007fa4c5b8d440 is pointing into the stack for thread: 0x00007fa508296800
R9 =0x00007fa508296800 is a thread
R10=0x00007fa478000b50 is an unknown value
R11=0x00007fa4f8c0d7e0 is at entry_point+32 in (nmethod*)0x00007fa4f8c0d650
R12=0x00007fa5082969e0 is an unknown value
R13=0x00007fa508296800 is a thread
R14=0x65746172656e6567 is an unknown value
R15=0x00007fa4c5b8d4d8 is pointing into the stack for thread: 0x00007fa508296800


Stack: [0x00007fa4c5a8e000,0x00007fa4c5b8f000],  sp=0x00007fa4c5b8d270,  free space=1020k
Native frames: (J=compiled Java code, j=interpreted, Vv=VM code, C=native code)
V  [libjvm.so+0x67689d]
V  [libjvm.so+0x67c816]
C  [libglass.so+0x12cb1]  JNIEnv_::CallVoidMethod(_jobject*, _jmethodID*, ...)+0x81
C  [libglass.so+0x1edc5]  WindowContextBase::process_key(_GdkEventKey*)+0x1f5
C  [libglass.so+0x13ed0]  WindowContextBase::im_filter_keypress(_GdkEventKey*)+0x1c0
C  [libglass.so+0x1374c]
C  [libgdk-x11-2.0.so.0+0x5b2cc]

Java frames: (J=compiled Java code, j=interpreted, Vv=VM code)
j  com.sun.glass.ui.gtk.GtkApplication._runLoop(Ljava/lang/Runnable;Z)V+0
j  com.sun.glass.ui.gtk.GtkApplication.lambda$null$48(Ljava/lang/Runnable;Z)V+7
j  com.sun.glass.ui.gtk.GtkApplication$$Lambda$42.run()V+12
j  java.lang.Thread.run()V+11
v  ~StubRoutines::call_stub

---------------  P R O C E S S  ---------------

Java Threads: ( => current thread )
  0x00007fa479982000 JavaThread "Prism Font Disposer" daemon [_thread_blocked, id=17233, stack(0x00007fa4c4a84000,0x00007fa4c4b85000)]
  0x00007fa50829a800 JavaThread "JavaFX-Launcher" [_thread_blocked, id=17231, stack(0x00007fa4c598d000,0x00007fa4c5a8e000)]
=>0x00007fa508296800 JavaThread "JavaFX Application Thread" [_thread_in_vm, id=17230, stack(0x00007fa4c5a8e000,0x00007fa4c5b8f000)]
  0x00007fa508292000 JavaThread "Thread-1" daemon [_thread_blocked, id=17229, stack(0x00007fa4e40c9000,0x00007fa4e41ca000)]
  0x00007fa508200000 JavaThread "QuantumRenderer-0" daemon [_thread_blocked, id=17220, stack(0x00007fa4e79fa000,0x00007fa4e7afb000)]
  0x00007fa5080e2800 JavaThread "Service Thread" daemon [_thread_blocked, id=17218, stack(0x00007fa4e7bfc000,0x00007fa4e7cfd000)]
  0x00007fa5080d5000 JavaThread "C1 CompilerThread3" daemon [_thread_in_native, id=17216, stack(0x00007fa4e7cfd000,0x00007fa4e7dfe000)]
  0x00007fa5080d2800 JavaThread "C2 CompilerThread2" daemon [_thread_in_native, id=17215, stack(0x00007fa4e7dfe000,0x00007fa4e7eff000)]
  0x00007fa5080d1000 JavaThread "C2 CompilerThread1" daemon [_thread_in_native, id=17214, stack(0x00007fa4e7eff000,0x00007fa4e8000000)]
  0x00007fa5080ce000 JavaThread "C2 CompilerThread0" daemon [_thread_in_native, id=17213, stack(0x00007fa4ec0ff000,0x00007fa4ec200000)]
  0x00007fa4ac001000 JavaThread "JDWP Command Reader" daemon [_thread_in_native, id=17210, stack(0x00007fa4f40b2000,0x00007fa4f41b3000)]
  0x00007fa5080cc000 JavaThread "JDWP Event Helper Thread" daemon [_thread_blocked, id=17207, stack(0x00007fa4f41b3000,0x00007fa4f42b4000)]
  0x00007fa5080c8800 JavaThread "JDWP Transport Listener: dt_socket" daemon [_thread_blocked, id=17206, stack(0x00007fa4f42b4000,0x00007fa4f43b5000)]
  0x00007fa5080bc000 JavaThread "Signal Dispatcher" daemon [_thread_blocked, id=17204, stack(0x00007fa4f45b9000,0x00007fa4f46ba000)]
  0x00007fa508087800 JavaThread "Finalizer" daemon [_thread_blocked, id=17203, stack(0x00007fa4f46ba000,0x00007fa4f47bb000)]
  0x00007fa508085800 JavaThread "Reference Handler" daemon [_thread_blocked, id=17202, stack(0x00007fa4f47bb000,0x00007fa4f48bc000)]
  0x00007fa50800b000 JavaThread "main" [_thread_blocked, id=17191, stack(0x00007fa50eb1d000,0x00007fa50ec1e000)]

Other Threads:
  0x00007fa508080800 VMThread [stack: 0x00007fa4f48bc000,0x00007fa4f49bd000] [id=17201]
  0x00007fa5080e5000 WatcherThread [stack: 0x00007fa4e7afb000,0x00007fa4e7bfc000] [id=17219]

VM state:not at safepoint (normal execution)

VM Mutex/Monitor currently owned by a thread: None

Heap:
 PSYoungGen      total 68608K, used 28623K [0x00000000d6b00000, 0x00000000df100000, 0x0000000100000000)
  eden space 63488K, 45% used [0x00000000d6b00000,0x00000000d86f3ca8,0x00000000da900000)
  from space 5120K, 0% used [0x00000000da900000,0x00000000da900000,0x00000000dae00000)
  to   space 5120K, 0% used [0x00000000dec00000,0x00000000dec00000,0x00000000df100000)
 ParOldGen       total 51200K, used 6540K [0x0000000084000000, 0x0000000087200000, 0x00000000d6b00000)
  object space 51200K, 12% used [0x0000000084000000,0x00000000846632b0,0x0000000087200000)
 Metaspace       used 22048K, capacity 23073K, committed 23344K, reserved 1069056K
  class space    used 2739K, capacity 2992K, committed 3072K, reserved 1048576K

Card table byte_map: [0x00007fa4f7d78000,0x00007fa4f8159000] byte_map_base: 0x00007fa4f7958000

Marking Bits: (ParMarkBitMap*) 0x00007fa50de297e0
 Begin Bits: [0x00007fa4ec200000, 0x00007fa4ee100000)
 End Bits:   [0x00007fa4ee100000, 0x00007fa4f0000000)

Polling page: 0x00007fa50ec4b000

CodeCache: size=245760Kb used=7877Kb max_used=7890Kb free=237882Kb
 bounds [0x00007fa4f8519000, 0x00007fa4f8cd9000, 0x00007fa507519000]
 total_blobs=2962 nmethods=2357 adapters=527
 compilation: enabled

Compilation events (10 events):
Event: 3.856 Thread 0x00007fa5080d5000 nmethod 2351 0x00007fa4f8cbcb10 code [0x00007fa4f8cbcc80, 0x00007fa4f8cbce90]
Event: 3.856 Thread 0x00007fa5080d5000 2355       3       javafx.scene.Node::isFocusTraversable (19 bytes)
Event: 3.856 Thread 0x00007fa5080d5000 nmethod 2355 0x00007fa4f8cbc490 code [0x00007fa4f8cbc620, 0x00007fa4f8cbc9e8]
Event: 3.856 Thread 0x00007fa5080d5000 2356       3       com.sun.javafx.css.StyleManager::findMatchingStyles (1239 bytes)
Event: 3.856 Thread 0x00007fa5080ce000 2357       4       java.util.Collections$UnmodifiableCollection::size (10 bytes)
Event: 3.858 Thread 0x00007fa5080ce000 nmethod 2357 0x00007fa4f8cb6690 code [0x00007fa4f8cb67e0, 0x00007fa4f8cb68b8]
Event: 3.858 Thread 0x00007fa5080ce000 2360       4       com.sun.javafx.css.StyleCacheEntry::get (37 bytes)
Event: 3.862 Thread 0x00007fa5080d1000 2371       4       java.lang.String::toLowerCase (439 bytes)
Event: 3.863 Thread 0x00007fa5080d2800 nmethod 2331 0x00007fa4f8cbf290 code [0x00007fa4f8cbf460, 0x00007fa4f8cbfff8]
Event: 3.863 Thread 0x00007fa5080d2800 2372       4       com.sun.javafx.css.CompoundSelector::applies (138 bytes)

GC Heap History (8 events):
Event: 0.625 GC heap before
{Heap before GC invocations=1 (full 0):
 PSYoungGen      total 36864K, used 31744K [0x00000000d6b00000, 0x00000000d9400000, 0x0000000100000000)
  eden space 31744K, 100% used [0x00000000d6b00000,0x00000000d8a00000,0x00000000d8a00000)
  from space 5120K, 0% used [0x00000000d8f00000,0x00000000d8f00000,0x00000000d9400000)
  to   space 5120K, 0% used [0x00000000d8a00000,0x00000000d8a00000,0x00000000d8f00000)
 ParOldGen       total 84992K, used 0K [0x0000000084000000, 0x0000000089300000, 0x00000000d6b00000)
  object space 84992K, 0% used [0x0000000084000000,0x0000000084000000,0x0000000089300000)
 Metaspace       used 11069K, capacity 11584K, committed 11776K, reserved 1058816K
  class space    used 1319K, capacity 1464K, committed 1536K, reserved 1048576K
Event: 0.636 GC heap after
Heap after GC invocations=1 (full 0):
 PSYoungGen      total 36864K, used 5108K [0x00000000d6b00000, 0x00000000db300000, 0x0000000100000000)
  eden space 31744K, 0% used [0x00000000d6b00000,0x00000000d6b00000,0x00000000d8a00000)
  from space 5120K, 99% used [0x00000000d8a00000,0x00000000d8efd128,0x00000000d8f00000)
  to   space 5120K, 0% used [0x00000000dae00000,0x00000000dae00000,0x00000000db300000)
 ParOldGen       total 84992K, used 1358K [0x0000000084000000, 0x0000000089300000, 0x00000000d6b00000)
  object space 84992K, 1% used [0x0000000084000000,0x0000000084153838,0x0000000089300000)
 Metaspace       used 11069K, capacity 11584K, committed 11776K, reserved 1058816K
  class space    used 1319K, capacity 1464K, committed 1536K, reserved 1048576K
}
Event: 1.593 GC heap before
{Heap before GC invocations=2 (full 0):
 PSYoungGen      total 36864K, used 36852K [0x00000000d6b00000, 0x00000000db300000, 0x0000000100000000)
  eden space 31744K, 100% used [0x00000000d6b00000,0x00000000d8a00000,0x00000000d8a00000)
  from space 5120K, 99% used [0x00000000d8a00000,0x00000000d8efd128,0x00000000d8f00000)
  to   space 5120K, 0% used [0x00000000dae00000,0x00000000dae00000,0x00000000db300000)
 ParOldGen       total 84992K, used 1358K [0x0000000084000000, 0x0000000089300000, 0x00000000d6b00000)
  object space 84992K, 1% used [0x0000000084000000,0x0000000084153838,0x0000000089300000)
 Metaspace       used 19763K, capacity 20469K, committed 20608K, reserved 1067008K
  class space    used 2473K, capacity 2674K, committed 2688K, reserved 1048576K
Event: 1.603 GC heap after
Heap after GC invocations=2 (full 0):
 PSYoungGen      total 68608K, used 5095K [0x00000000d6b00000, 0x00000000db300000, 0x0000000100000000)
  eden space 63488K, 0% used [0x00000000d6b00000,0x00000000d6b00000,0x00000000da900000)
  from space 5120K, 99% used [0x00000000dae00000,0x00000000db2f9ca0,0x00000000db300000)
  to   space 5120K, 0% used [0x00000000da900000,0x00000000da900000,0x00000000dae00000)
 ParOldGen       total 84992K, used 6495K [0x0000000084000000, 0x0000000089300000, 0x00000000d6b00000)
  object space 84992K, 7% used [0x0000000084000000,0x0000000084657ec0,0x0000000089300000)
 Metaspace       used 19763K, capacity 20469K, committed 20608K, reserved 1067008K
  class space    used 2473K, capacity 2674K, committed 2688K, reserved 1048576K
}
Event: 1.641 GC heap before
{Heap before GC invocations=3 (full 0):
 PSYoungGen      total 68608K, used 7795K [0x00000000d6b00000, 0x00000000db300000, 0x0000000100000000)
  eden space 63488K, 4% used [0x00000000d6b00000,0x00000000d6da30a0,0x00000000da900000)
  from space 5120K, 99% used [0x00000000dae00000,0x00000000db2f9ca0,0x00000000db300000)
  to   space 5120K, 0% used [0x00000000da900000,0x00000000da900000,0x00000000dae00000)
 ParOldGen       total 84992K, used 6495K [0x0000000084000000, 0x0000000089300000, 0x00000000d6b00000)
  object space 84992K, 7% used [0x0000000084000000,0x0000000084657ec0,0x0000000089300000)
 Metaspace       used 20353K, capacity 21245K, committed 21296K, reserved 1069056K
  class space    used 2572K, capacity 2784K, committed 2816K, reserved 1048576K
Event: 1.649 GC heap after
Heap after GC invocations=3 (full 0):
 PSYoungGen      total 68608K, used 5095K [0x00000000d6b00000, 0x00000000df100000, 0x0000000100000000)
  eden space 63488K, 0% used [0x00000000d6b00000,0x00000000d6b00000,0x00000000da900000)
  from space 5120K, 99% used [0x00000000da900000,0x00000000dadf9c90,0x00000000dae00000)
  to   space 5120K, 0% used [0x00000000dec00000,0x00000000dec00000,0x00000000df100000)
 ParOldGen       total 84992K, used 6989K [0x0000000084000000, 0x0000000089300000, 0x00000000d6b00000)
  object space 84992K, 8% used [0x0000000084000000,0x00000000846d35a0,0x0000000089300000)
 Metaspace       used 20353K, capacity 21245K, committed 21296K, reserved 1069056K
  class space    used 2572K, capacity 2784K, committed 2816K, reserved 1048576K
}
Event: 1.649 GC heap before
{Heap before GC invocations=4 (full 1):
 PSYoungGen      total 68608K, used 5095K [0x00000000d6b00000, 0x00000000df100000, 0x0000000100000000)
  eden space 63488K, 0% used [0x00000000d6b00000,0x00000000d6b00000,0x00000000da900000)
  from space 5120K, 99% used [0x00000000da900000,0x00000000dadf9c90,0x00000000dae00000)
  to   space 5120K, 0% used [0x00000000dec00000,0x00000000dec00000,0x00000000df100000)
 ParOldGen       total 84992K, used 6989K [0x0000000084000000, 0x0000000089300000, 0x00000000d6b00000)
  object space 84992K, 8% used [0x0000000084000000,0x00000000846d35a0,0x0000000089300000)
 Metaspace       used 20353K, capacity 21245K, committed 21296K, reserved 1069056K
  class space    used 2572K, capacity 2784K, committed 2816K, reserved 1048576K
Event: 1.677 GC heap after
Heap after GC invocations=4 (full 1):
 PSYoungGen      total 68608K, used 0K [0x00000000d6b00000, 0x00000000df100000, 0x0000000100000000)
  eden space 63488K, 0% used [0x00000000d6b00000,0x00000000d6b00000,0x00000000da900000)
  from space 5120K, 0% used [0x00000000da900000,0x00000000da900000,0x00000000dae00000)
  to   space 5120K, 0% used [0x00000000dec00000,0x00000000dec00000,0x00000000df100000)
 ParOldGen       total 51200K, used 6540K [0x0000000084000000, 0x0000000087200000, 0x00000000d6b00000)
  object space 51200K, 12% used [0x0000000084000000,0x00000000846632b0,0x0000000087200000)
 Metaspace       used 20353K, capacity 21245K, committed 21296K, reserved 1069056K
  class space    used 2572K, capacity 2784K, committed 2816K, reserved 1048576K
}

Deoptimization events (10 events):
Event: 1.753 Thread 0x00007fa508296800 Uncommon trap: reason=array_check action=maybe_recompile pc=0x00007fa4f8ae0bb4 method=com.sun.javafx.css.SimpleSelector.applies(Ljavafx/css/Styleable;[Ljava/util/Set;I)Z @ 37
Event: 1.753 Thread 0x00007fa508296800 Uncommon trap: reason=array_check action=maybe_recompile pc=0x00007fa4f8ae0bb4 method=com.sun.javafx.css.SimpleSelector.applies(Ljavafx/css/Styleable;[Ljava/util/Set;I)Z @ 37
Event: 1.753 Thread 0x00007fa508296800 Uncommon trap: reason=array_check action=maybe_recompile pc=0x00007fa4f8ae0bb4 method=com.sun.javafx.css.SimpleSelector.applies(Ljavafx/css/Styleable;[Ljava/util/Set;I)Z @ 37
Event: 1.832 Thread 0x00007fa508296800 Uncommon trap: reason=unstable_if action=reinterpret pc=0x00007fa4f88dabe0 method=jdk.internal.org.objectweb.asm.Type.getArgumentsAndReturnSizes(Ljava/lang/String;)I @ 47
Event: 1.854 Thread 0x00007fa508296800 Uncommon trap: reason=unstable_if action=reinterpret pc=0x00007fa4f8769460 method=java.lang.CharacterData.of(I)Ljava/lang/CharacterData; @ 4
Event: 3.355 Thread 0x00007fa508296800 Uncommon trap: reason=unstable_if action=reinterpret pc=0x00007fa4f8c56df8 method=javafx.scene.Node.updateBounds()V @ 27
Event: 3.831 Thread 0x00007fa508296800 Uncommon trap: reason=null_check action=make_not_entrant pc=0x00007fa4f8c88d70 method=javafx.fxml.FXMLLoader$SupportedType$2.methodIsOfType(Ljava/lang/reflect/Method;)Z @ 17
Event: 3.835 Thread 0x00007fa508296800 Uncommon trap: reason=null_check action=make_not_entrant pc=0x00007fa4f8c9f00c method=javafx.fxml.FXMLLoader$SupportedType$6.methodIsOfType(Ljava/lang/reflect/Method;)Z @ 17
Event: 3.847 Thread 0x00007fa508296800 Uncommon trap: reason=array_check action=maybe_recompile pc=0x00007fa4f8c1f9ac method=com.sun.javafx.css.SimpleSelector.applies(Ljavafx/css/Styleable;[Ljava/util/Set;I)Z @ 37
Event: 3.849 Thread 0x00007fa508296800 Uncommon trap: reason=unstable_if action=reinterpret pc=0x00007fa4f8aeca88 method=javafx.scene.CssStyleHelper.getStyle(Ljavafx/css/Styleable;Ljava/lang/String;Lcom/sun/javafx/css/StyleMap;Ljava/util/Set;)Lcom/sun/javafx/css/CascadingStyle; @ 8

Internal exceptions (10 events):
Event: 0.459 Thread 0x00007fa508296800 Exception <a 'java/lang/ArrayIndexOutOfBoundsException'> (0x00000000d7d4b6a8) thrown at [/build/java8-openjdk/src/jdk8u-jdk8u60-b24/hotspot/src/share/vm/runtime/sharedRuntime.cpp, line 605]
Event: 0.459 Thread 0x00007fa508296800 Exception <a 'java/lang/ArrayIndexOutOfBoundsException'> (0x00000000d7d4ca50) thrown at [/build/java8-openjdk/src/jdk8u-jdk8u60-b24/hotspot/src/share/vm/runtime/sharedRuntime.cpp, line 605]
Event: 0.533 Thread 0x00007fa508296800 Exception <a 'java/lang/ArrayIndexOutOfBoundsException'> (0x00000000d81a0fe0) thrown at [/build/java8-openjdk/src/jdk8u-jdk8u60-b24/hotspot/src/share/vm/runtime/sharedRuntime.cpp, line 605]
Event: 1.262 Thread 0x00007fa508296800 Implicit null exception at 0x00007fa4f8848afe to 0x00007fa4f8849835
Event: 1.262 Thread 0x00007fa508296800 Implicit null exception at 0x00007fa4f87a62ef to 0x00007fa4f87a635d
Event: 1.335 Thread 0x00007fa508296800 Exception <a 'java/lang/ArrayIndexOutOfBoundsException'> (0x00000000d7d25c80) thrown at [/build/java8-openjdk/src/jdk8u-jdk8u60-b24/hotspot/src/share/vm/runtime/sharedRuntime.cpp, line 605]
Event: 1.399 Thread 0x00007fa508296800 Exception <a 'java/io/FileNotFoundException'> (0x00000000d801b1e8) thrown at [/build/java8-openjdk/src/jdk8u-jdk8u60-b24/hotspot/src/share/vm/prims/jni.cpp, line 709]
Event: 1.536 Thread 0x00007fa508296800 Implicit null exception at 0x00007fa4f8845754 to 0x00007fa4f8845aad
Event: 1.729 Thread 0x00007fa508296800 Implicit null exception at 0x00007fa4f8aa69aa to 0x00007fa4f8aa7565
Event: 3.845 Thread 0x00007fa508296800 Exception <a 'java/io/FileNotFoundException'> (0x00000000d8555198) thrown at [/build/java8-openjdk/src/jdk8u-jdk8u60-b24/hotspot/src/share/vm/prims/jni.cpp, line 709]

Events (10 events):
Event: 3.843 Thread 0x00007fa508296800 DEOPT PACKING pc=0x00007fa4f8683eb4 sp=0x00007fa4c5b89f50
Event: 3.843 Thread 0x00007fa508296800 DEOPT UNPACKING pc=0x00007fa4f8560373 sp=0x00007fa4c5b89d90 mode 1
Event: 3.847 Thread 0x00007fa508296800 Uncommon trap: trap_request=0xffffffd6 fr.pc=0x00007fa4f8c1f9ac
Event: 3.847 Thread 0x00007fa508296800 DEOPT PACKING pc=0x00007fa4f8c1f9ac sp=0x00007fa4c5b89640
Event: 3.847 Thread 0x00007fa508296800 DEOPT UNPACKING pc=0x00007fa4f851df69 sp=0x00007fa4c5b89660 mode 2
Event: 3.849 Thread 0x00007fa508296800 Uncommon trap: trap_request=0xffffff65 fr.pc=0x00007fa4f8aeca88
Event: 3.849 Thread 0x00007fa508296800 DEOPT PACKING pc=0x00007fa4f8aeca88 sp=0x00007fa4c5b89c80
Event: 3.849 Thread 0x00007fa508296800 DEOPT UNPACKING pc=0x00007fa4f851df69 sp=0x00007fa4c5b89c90 mode 2
Event: 3.867 loading class com/sun/javafx/scene/KeyboardShortcutsHandler$1
Event: 3.867 loading class com/sun/javafx/scene/KeyboardShortcutsHandler$1 done


Dynamic libraries:
00400000-00401000 r-xp 00000000 08:02 3159409                            /usr/lib/jvm/java-8-openjdk/jre/bin/java
00600000-00601000 rw-p 00000000 08:02 3159409                            /usr/lib/jvm/java-8-openjdk/jre/bin/java
019c2000-019e3000 rw-p 00000000 00:00 0                                  [heap]
84000000-87200000 rw-p 00000000 00:00 0 
87200000-d6b00000 ---p 00000000 00:00 0 
d6b00000-df100000 rw-p 00000000 00:00 0 
df100000-100000000 ---p 00000000 00:00 0 
100000000-100300000 rw-p 00000000 00:00 0 
100300000-140000000 ---p 00000000 00:00 0 
7fa466e3c000-7fa468251000 r--p 00000000 08:02 3017506                    /usr/share/fonts/TTF/uming.ttc
7fa468251000-7fa469666000 r--p 00000000 08:02 3017506                    /usr/share/fonts/TTF/uming.ttc
7fa469666000-7fa46aa7b000 r--p 00000000 08:02 3017506                    /usr/share/fonts/TTF/uming.ttc
7fa46aa7b000-7fa46be90000 r--p 00000000 08:02 3017506                    /usr/share/fonts/TTF/uming.ttc
7fa46be90000-7fa46ceec000 r--p 00000000 08:02 3017503                    /usr/share/fonts/TTF/ukai.ttc
7fa46ceec000-7fa46df48000 r--p 00000000 08:02 3017503                    /usr/share/fonts/TTF/ukai.ttc
7fa46df48000-7fa46efa4000 r--p 00000000 08:02 3017503                    /usr/share/fonts/TTF/ukai.ttc
7fa46efa4000-7fa470000000 r--p 00000000 08:02 3017503                    /usr/share/fonts/TTF/ukai.ttc
7fa470000000-7fa470021000 rw-p 00000000 00:00 0 
7fa470021000-7fa474000000 ---p 00000000 00:00 0 
7fa4740f9000-7fa474109000 r-xp 00000000 08:02 3418981                    /usr/lib/jvm/java-8-openjdk/jre/lib/amd64/libdecora_sse.so
7fa474109000-7fa474308000 ---p 00010000 08:02 3418981                    /usr/lib/jvm/java-8-openjdk/jre/lib/amd64/libdecora_sse.so
7fa474308000-7fa474309000 rw-p 0000f000 08:02 3418981                    /usr/lib/jvm/java-8-openjdk/jre/lib/amd64/libdecora_sse.so
7fa474510000-7fa474563000 r--p 00000000 08:02 3017478                    /usr/share/fonts/TTF/DejaVuSerif-BoldItalic.ttf
7fa474563000-7fa4745be000 r--p 00000000 08:02 3017491                    /usr/share/fonts/TTF/LiberationSerif-Italic.ttf
7fa4745be000-7fa474612000 r--p 00000000 08:02 3017479                    /usr/share/fonts/TTF/DejaVuSerif-Italic.ttf
7fa474612000-7fa475616000 r--p 00000000 08:02 3017499                    /usr/share/fonts/wenquanyi/wqy-zenhei/wqy-zenhei.ttc
7fa475616000-7fa47661a000 r--p 00000000 08:02 3017499                    /usr/share/fonts/wenquanyi/wqy-zenhei/wqy-zenhei.ttc
7fa47661a000-7fa47761e000 r--p 00000000 08:02 3017499                    /usr/share/fonts/wenquanyi/wqy-zenhei/wqy-zenhei.ttc
7fa47761e000-7fa477b0f000 r--p 00000000 08:02 3019004                    /usr/share/fonts/wenquanyi/wqy-microhei/wqy-microhei.ttc
7fa477b0f000-7fa478000000 r--p 00000000 08:02 3019004                    /usr/share/fonts/wenquanyi/wqy-microhei/wqy-microhei.ttc
7fa478000000-7fa479b10000 rw-p 00000000 00:00 0 
7fa479b10000-7fa47c000000 ---p 00000000 00:00 0 
7fa47c000000-7fa47c021000 rw-p 00000000 00:00 0 
7fa47c021000-7fa480000000 ---p 00000000 00:00 0 
7fa480000000-7fa480283000 rw-p 00000000 00:00 0 
7fa480283000-7fa484000000 ---p 00000000 00:00 0 
7fa484000000-7fa484021000 rw-p 00000000 00:00 0 
7fa484021000-7fa488000000 ---p 00000000 00:00 0 
7fa488000000-7fa488021000 rw-p 00000000 00:00 0 
7fa488021000-7fa48c000000 ---p 00000000 00:00 0 
7fa48c000000-7fa48c021000 rw-p 00000000 00:00 0 
7fa48c021000-7fa490000000 ---p 00000000 00:00 0 
7fa490000000-7fa49028c000 rw-p 00000000 00:00 0 
7fa49028c000-7fa494000000 ---p 00000000 00:00 0 
7fa494000000-7fa4943fe000 rw-p 00000000 00:00 0 
7fa4943fe000-7fa498000000 ---p 00000000 00:00 0 
7fa498000000-7fa498506000 rw-p 00000000 00:00 0 
7fa498506000-7fa49c000000 ---p 00000000 00:00 0 
7fa49c000000-7fa49c95b000 rw-p 00000000 00:00 0 
7fa49c95b000-7fa4a0000000 ---p 00000000 00:00 0 
7fa4a0000000-7fa4a0021000 rw-p 00000000 00:00 0 
7fa4a0021000-7fa4a4000000 ---p 00000000 00:00 0 
7fa4a4000000-7fa4a4021000 rw-p 00000000 00:00 0 
7fa4a4021000-7fa4a8000000 ---p 00000000 00:00 0 
7fa4a8000000-7fa4a8021000 rw-p 00000000 00:00 0 
7fa4a8021000-7fa4ac000000 ---p 00000000 00:00 0 
7fa4ac000000-7fa4ac021000 rw-p 00000000 00:00 0 
7fa4ac021000-7fa4b0000000 ---p 00000000 00:00 0 
7fa4b0000000-7fa4b0021000 rw-p 00000000 00:00 0 
7fa4b0021000-7fa4b4000000 ---p 00000000 00:00 0 
7fa4b4000000-7fa4b4021000 rw-p 00000000 00:00 0 
7fa4b4021000-7fa4b8000000 ---p 00000000 00:00 0 
7fa4b8000000-7fa4b8021000 rw-p 00000000 00:00 0 
7fa4b8021000-7fa4bc000000 ---p 00000000 00:00 0 
7fa4bc000000-7fa4bc021000 rw-p 00000000 00:00 0 
7fa4bc021000-7fa4c0000000 ---p 00000000 00:00 0 
7fa4c0000000-7fa4c0021000 rw-p 00000000 00:00 0 
7fa4c0021000-7fa4c4000000 ---p 00000000 00:00 0 
7fa4c404c000-7fa4c40a1000 r--p 00000000 08:02 3017477                    /usr/share/fonts/TTF/DejaVuSerif-Bold.ttf
7fa4c40a1000-7fa4c40ef000 r--p 00000000 08:02 3017473                    /usr/share/fonts/TTF/DejaVuSansMono-Bold.ttf
7fa4c40ef000-7fa4c413b000 r--p 00000000 08:02 3023466                    /usr/share/fonts/TTF/TerminusTTF.ttf
7fa4c413b000-7fa4c4187000 r--p 00000000 08:02 3017672                    /usr/share/fonts/OTF/SyrCOMKharput.otf
7fa4c4187000-7fa4c41cc000 r--p 00000000 08:02 3017688                    /usr/share/fonts/OTF/SyrCOMAdiabene.otf
7fa4c41cc000-7fa4c422b000 r--p 00000000 08:02 3017498                    /usr/share/fonts/TTF/LiberationSerif-Regular.ttf
7fa4c422b000-7fa4c4278000 r--p 00000000 08:02 3017488                    /usr/share/fonts/TTF/LiberationMono-Regular.ttf
7fa4c4278000-7fa4c42d2000 r--p 00000000 08:02 3017480                    /usr/share/fonts/TTF/DejaVuSerif.ttf
7fa4c42d2000-7fa4c4324000 r--p 00000000 08:02 3017476                    /usr/share/fonts/TTF/DejaVuSansMono.ttf
7fa4c4324000-7fa4c4417000 r-xp 00000000 08:02 2515921                    /usr/lib/libasound.so.2.0.0
7fa4c4417000-7fa4c4616000 ---p 000f3000 08:02 2515921                    /usr/lib/libasound.so.2.0.0
7fa4c4616000-7fa4c461d000 r--p 000f2000 08:02 2515921                    /usr/lib/libasound.so.2.0.0
7fa4c461d000-7fa4c461f000 rw-p 000f9000 08:02 2515921                    /usr/lib/libasound.so.2.0.0
7fa4c461f000-7fa4c4623000 r-xp 00000000 08:02 2633623                    /usr/lib/libcanberra-0.30/libcanberra-alsa.so
7fa4c4623000-7fa4c4822000 ---p 00004000 08:02 2633623                    /usr/lib/libcanberra-0.30/libcanberra-alsa.so
7fa4c4822000-7fa4c4823000 r--p 00003000 08:02 2633623                    /usr/lib/libcanberra-0.30/libcanberra-alsa.so
7fa4c4823000-7fa4c4824000 rw-p 00004000 08:02 2633623                    /usr/lib/libcanberra-0.30/libcanberra-alsa.so
7fa4c4824000-7fa4c4884000 rw-s 00000000 00:05 1456078856                 /SYSV00000000 (deleted)
7fa4c4884000-7fa4c4a50000 rw-p 00000000 00:00 0 
7fa4c4a50000-7fa4c4a84000 ---p 00000000 00:00 0 
7fa4c4a84000-7fa4c4a87000 ---p 00000000 00:00 0 
7fa4c4a87000-7fa4c4d85000 rw-p 00000000 00:00 0                          [stack:17233]
7fa4c4d85000-7fa4c4d8a000 r-xp 00000000 08:02 3419596                    /usr/lib/jvm/java-8-openjdk/jre/lib/amd64/libjavafx_font_freetype.so
7fa4c4d8a000-7fa4c4f89000 ---p 00005000 08:02 3419596                    /usr/lib/jvm/java-8-openjdk/jre/lib/amd64/libjavafx_font_freetype.so
7fa4c4f89000-7fa4c4f8a000 rw-p 00004000 08:02 3419596                    /usr/lib/jvm/java-8-openjdk/jre/lib/amd64/libjavafx_font_freetype.so
7fa4c4f8a000-7fa4c4f8d000 r-xp 00000000 08:02 3419595                    /usr/lib/jvm/java-8-openjdk/jre/lib/amd64/libjavafx_font.so
7fa4c4f8d000-7fa4c518c000 ---p 00003000 08:02 3419595                    /usr/lib/jvm/java-8-openjdk/jre/lib/amd64/libjavafx_font.so
7fa4c518c000-7fa4c518d000 rw-p 00002000 08:02 3419595                    /usr/lib/jvm/java-8-openjdk/jre/lib/amd64/libjavafx_font.so
7fa4c518d000-7fa4c538d000 rw-p 00000000 00:00 0 
7fa4c538d000-7fa4c558d000 rw-p 00000000 00:00 0 
7fa4c558d000-7fa4c578d000 rw-p 00000000 00:00 0 
7fa4c578d000-7fa4c598d000 rw-p 00000000 00:00 0 
7fa4c598d000-7fa4c5990000 ---p 00000000 00:00 0 
7fa4c5990000-7fa4c5a8e000 rw-p 00000000 00:00 0                          [stack:17231]
7fa4c5a8e000-7fa4c5a91000 ---p 00000000 00:00 0 
7fa4c5a91000-7fa4c5b8f000 rw-p 00000000 00:00 0                          [stack:17230]
7fa4c5b8f000-7fa4c5b95000 r-xp 00000000 08:02 2515928                    /usr/lib/libogg.so.0.8.2
7fa4c5b95000-7fa4c5d94000 ---p 00006000 08:02 2515928                    /usr/lib/libogg.so.0.8.2
7fa4c5d94000-7fa4c5d95000 r--p 00005000 08:02 2515928                    /usr/lib/libogg.so.0.8.2
7fa4c5d95000-7fa4c5d96000 rw-p 00006000 08:02 2515928                    /usr/lib/libogg.so.0.8.2
7fa4c5d96000-7fa4c5dc1000 r-xp 00000000 08:02 2515946                    /usr/lib/libvorbis.so.0.4.8
7fa4c5dc1000-7fa4c5fc1000 ---p 0002b000 08:02 2515946                    /usr/lib/libvorbis.so.0.4.8
7fa4c5fc1000-7fa4c5fc2000 r--p 0002b000 08:02 2515946                    /usr/lib/libvorbis.so.0.4.8
7fa4c5fc2000-7fa4c5fc3000 rw-p 0002c000 08:02 2515946                    /usr/lib/libvorbis.so.0.4.8
7fa4c5fc3000-7fa4c5fcc000 r-xp 00000000 08:02 2511041                    /usr/lib/libltdl.so.7.3.1
7fa4c5fcc000-7fa4c61cb000 ---p 00009000 08:02 2511041                    /usr/lib/libltdl.so.7.3.1
7fa4c61cb000-7fa4c61cc000 r--p 00008000 08:02 2511041                    /usr/lib/libltdl.so.7.3.1
7fa4c61cc000-7fa4c61cd000 rw-p 00009000 08:02 2511041                    /usr/lib/libltdl.so.7.3.1
7fa4c61cd000-7fa4c61e1000 r-xp 00000000 08:02 2522771                    /usr/lib/libtdb.so.1.3.6
7fa4c61e1000-7fa4c63e0000 ---p 00014000 08:02 2522771                    /usr/lib/libtdb.so.1.3.6
7fa4c63e0000-7fa4c63e1000 r--p 00013000 08:02 2522771                    /usr/lib/libtdb.so.1.3.6
7fa4c63e1000-7fa4c63e2000 rw-p 00014000 08:02 2522771                    /usr/lib/libtdb.so.1.3.6
7fa4c63e2000-7fa4c63ea000 r-xp 00000000 08:02 2515950                    /usr/lib/libvorbisfile.so.3.3.7
7fa4c63ea000-7fa4c65e9000 ---p 00008000 08:02 2515950                    /usr/lib/libvorbisfile.so.3.3.7
7fa4c65e9000-7fa4c65ea000 r--p 00007000 08:02 2515950                    /usr/lib/libvorbisfile.so.3.3.7
7fa4c65ea000-7fa4c65eb000 rw-p 00008000 08:02 2515950                    /usr/lib/libvorbisfile.so.3.3.7
7fa4c65eb000-7fa4c65fc000 r-xp 00000000 08:02 2528314                    /usr/lib/libcanberra.so.0.2.5
7fa4c65fc000-7fa4c67fb000 ---p 00011000 08:02 2528314                    /usr/lib/libcanberra.so.0.2.5
7fa4c67fb000-7fa4c67fc000 r--p 00010000 08:02 2528314                    /usr/lib/libcanberra.so.0.2.5
7fa4c67fc000-7fa4c67fd000 rw-p 00011000 08:02 2528314                    /usr/lib/libcanberra.so.0.2.5
7fa4c67fd000-7fa4c67fe000 ---p 00000000 00:00 0 
7fa4c67fe000-7fa4c6ffe000 rw-p 00000000 00:00 0                          [stack:17228]
7fa4c6ffe000-7fa4c6fff000 ---p 00000000 00:00 0 
7fa4c6fff000-7fa4c77ff000 rw-p 00000000 00:00 0                          [stack:17227]
7fa4c77ff000-7fa4c7800000 ---p 00000000 00:00 0 
7fa4c7800000-7fa4c8000000 rw-p 00000000 00:00 0                          [stack:17226]
7fa4c8000000-7fa4c8021000 rw-p 00000000 00:00 0 
7fa4c8021000-7fa4cc000000 ---p 00000000 00:00 0 
7fa4cc042000-7fa4cc046000 r-xp 00000000 08:02 2528316                    /usr/lib/libcanberra-gtk.so.0.1.9
7fa4cc046000-7fa4cc245000 ---p 00004000 08:02 2528316                    /usr/lib/libcanberra-gtk.so.0.1.9
7fa4cc245000-7fa4cc246000 r--p 00003000 08:02 2528316                    /usr/lib/libcanberra-gtk.so.0.1.9
7fa4cc246000-7fa4cc247000 rw-p 00004000 08:02 2528316                    /usr/lib/libcanberra-gtk.so.0.1.9
7fa4cc247000-7fa4cc24c000 r-xp 00000000 08:02 2633626                    /usr/lib/gtk-2.0/modules/libcanberra-gtk-module.so
7fa4cc24c000-7fa4cc44b000 ---p 00005000 08:02 2633626                    /usr/lib/gtk-2.0/modules/libcanberra-gtk-module.so
7fa4cc44b000-7fa4cc44c000 r--p 00004000 08:02 2633626                    /usr/lib/gtk-2.0/modules/libcanberra-gtk-module.so
7fa4cc44c000-7fa4cc44d000 rw-p 00005000 08:02 2633626                    /usr/lib/gtk-2.0/modules/libcanberra-gtk-module.so
7fa4cc44d000-7fa4cc475000 r-xp 00000000 08:02 3419558                    /usr/lib/jvm/java-8-openjdk/jre/lib/amd64/libglass.so
7fa4cc475000-7fa4cc674000 ---p 00028000 08:02 3419558                    /usr/lib/jvm/java-8-openjdk/jre/lib/amd64/libglass.so
7fa4cc674000-7fa4cc677000 rw-p 00027000 08:02 3419558                    /usr/lib/jvm/java-8-openjdk/jre/lib/amd64/libglass.so
7fa4cc677000-7fa4cc678000 ---p 00000000 00:00 0 
7fa4cc678000-7fa4cce78000 rw-p 00000000 00:00 0                          [stack:17225]
7fa4cce78000-7fa4cce79000 ---p 00000000 00:00 0 
7fa4cce79000-7fa4cd679000 rw-p 00000000 00:00 0                          [stack:17224]
7fa4cd679000-7fa4cd67a000 ---p 00000000 00:00 0 
7fa4cd67a000-7fa4cde7a000 rw-p 00000000 00:00 0                          [stack:17223]
7fa4cde7a000-7fa4cfbbd000 r-xp 00000000 08:02 2515198                    /usr/lib/libLLVM-3.6.so
7fa4cfbbd000-7fa4cfdbc000 ---p 01d43000 08:02 2515198                    /usr/lib/libLLVM-3.6.so
7fa4cfdbc000-7fa4cffd1000 r--p 01d42000 08:02 2515198                    /usr/lib/libLLVM-3.6.so
7fa4cffd1000-7fa4cffeb000 rw-p 01f57000 08:02 2515198                    /usr/lib/libLLVM-3.6.so
7fa4cffeb000-7fa4d0000000 rw-p 00000000 00:00 0 
7fa4d0000000-7fa4d0021000 rw-p 00000000 00:00 0 
7fa4d0021000-7fa4d4000000 ---p 00000000 00:00 0 
7fa4d4022000-7fa4d40bd000 r--p 00000000 08:02 3017465                    /usr/share/fonts/TTF/DejaVuSans-BoldOblique.ttf
7fa4d40bd000-7fa4d40cc000 r-xp 00000000 08:02 3419603                    /usr/lib/jvm/java-8-openjdk/jre/lib/amd64/libprism_sw.so
7fa4d40cc000-7fa4d42cc000 ---p 0000f000 08:02 3419603                    /usr/lib/jvm/java-8-openjdk/jre/lib/amd64/libprism_sw.so
7fa4d42cc000-7fa4d42cd000 rw-p 0000f000 08:02 3419603                    /usr/lib/jvm/java-8-openjdk/jre/lib/amd64/libprism_sw.so
7fa4d42cd000-7fa4d42d1000 r-xp 00000000 08:02 2515166                    /usr/lib/libtxc_dxtn.so
7fa4d42d1000-7fa4d44d0000 ---p 00004000 08:02 2515166                    /usr/lib/libtxc_dxtn.so
7fa4d44d0000-7fa4d44d1000 r--p 00003000 08:02 2515166                    /usr/lib/libtxc_dxtn.so
7fa4d44d1000-7fa4d44d2000 rw-p 00004000 08:02 2515166                    /usr/lib/libtxc_dxtn.so
7fa4d44d2000-7fa4d44d3000 ---p 00000000 00:00 0 
7fa4d44d3000-7fa4d4cd3000 rw-p 00000000 00:00 0                          [stack:17222]
7fa4d4cd3000-7fa4d4cd4000 ---p 00000000 00:00 0 
7fa4d4cd4000-7fa4d54d4000 rw-p 00000000 00:00 0                          [stack:17221]
7fa4d54d4000-7fa4d5533000 r-xp 00000000 08:02 2493972                    /usr/lib/libncursesw.so.5.9
7fa4d5533000-7fa4d5733000 ---p 0005f000 08:02 2493972                    /usr/lib/libncursesw.so.5.9
7fa4d5733000-7fa4d5737000 r--p 0005f000 08:02 2493972                    /usr/lib/libncursesw.so.5.9
7fa4d5737000-7fa4d5739000 rw-p 00063000 08:02 2493972                    /usr/lib/libncursesw.so.5.9
7fa4d5739000-7fa4d576f000 r-xp 00000000 08:02 2515194                    /usr/lib/libedit.so.0.0.53
7fa4d576f000-7fa4d596f000 ---p 00036000 08:02 2515194                    /usr/lib/libedit.so.0.0.53
7fa4d596f000-7fa4d5971000 r--p 00036000 08:02 2515194                    /usr/lib/libedit.so.0.0.53
7fa4d5971000-7fa4d5972000 rw-p 00038000 08:02 2515194                    /usr/lib/libedit.so.0.0.53
7fa4d5972000-7fa4d5976000 rw-p 00000000 00:00 0 
7fa4d5976000-7fa4d598b000 r-xp 00000000 08:02 2515097                    /usr/lib/libelf-0.163.so
7fa4d598b000-7fa4d5b8a000 ---p 00015000 08:02 2515097                    /usr/lib/libelf-0.163.so
7fa4d5b8a000-7fa4d5b8b000 r--p 00014000 08:02 2515097                    /usr/lib/libelf-0.163.so
7fa4d5b8b000-7fa4d5b8c000 rw-p 00015000 08:02 2515097                    /usr/lib/libelf-0.163.so
7fa4d5b8c000-7fa4d5b97000 r-xp 00000000 08:02 2511303                    /usr/lib/libdrm_radeon.so.1.0.1
7fa4d5b97000-7fa4d5d96000 ---p 0000b000 08:02 2511303                    /usr/lib/libdrm_radeon.so.1.0.1
7fa4d5d96000-7fa4d5d97000 r--p 0000a000 08:02 2511303                    /usr/lib/libdrm_radeon.so.1.0.1
7fa4d5d97000-7fa4d5d98000 rw-p 0000b000 08:02 2511303                    /usr/lib/libdrm_radeon.so.1.0.1
7fa4d5d98000-7fa4d5d9e000 r-xp 00000000 08:02 2511302                    /usr/lib/libdrm_nouveau.so.2.0.0
7fa4d5d9e000-7fa4d5f9d000 ---p 00006000 08:02 2511302                    /usr/lib/libdrm_nouveau.so.2.0.0
7fa4d5f9d000-7fa4d5f9e000 r--p 00005000 08:02 2511302                    /usr/lib/libdrm_nouveau.so.2.0.0
7fa4d5f9e000-7fa4d5f9f000 rw-p 00006000 08:02 2511302                    /usr/lib/libdrm_nouveau.so.2.0.0
7fa4d5f9f000-7fa4d673a000 r-xp 00000000 08:02 3018262                    /usr/lib/xorg/modules/dri/swrast_dri.so
7fa4d673a000-7fa4d693a000 ---p 0079b000 08:02 3018262                    /usr/lib/xorg/modules/dri/swrast_dri.so
7fa4d693a000-7fa4d6990000 r--p 0079b000 08:02 3018262                    /usr/lib/xorg/modules/dri/swrast_dri.so
7fa4d6990000-7fa4d6999000 rw-p 007f1000 08:02 3018262                    /usr/lib/xorg/modules/dri/swrast_dri.so
7fa4d6999000-7fa4d6b7e000 rw-p 00000000 00:00 0 
7fa4d6b7e000-7fa4d6b83000 r-xp 00000000 08:02 2511229                    /usr/lib/libXdmcp.so.6.0.0
7fa4d6b83000-7fa4d6d82000 ---p 00005000 08:02 2511229                    /usr/lib/libXdmcp.so.6.0.0
7fa4d6d82000-7fa4d6d83000 r--p 00004000 08:02 2511229                    /usr/lib/libXdmcp.so.6.0.0
7fa4d6d83000-7fa4d6d84000 rw-p 00005000 08:02 2511229                    /usr/lib/libXdmcp.so.6.0.0
7fa4d6d84000-7fa4d6d86000 r-xp 00000000 08:02 2511317                    /usr/lib/libXau.so.6.0.0
7fa4d6d86000-7fa4d6f86000 ---p 00002000 08:02 2511317                    /usr/lib/libXau.so.6.0.0
7fa4d6f86000-7fa4d6f87000 r--p 00002000 08:02 2511317                    /usr/lib/libXau.so.6.0.0
7fa4d6f87000-7fa4d6f88000 rw-p 00003000 08:02 2511317                    /usr/lib/libXau.so.6.0.0
7fa4d6f88000-7fa4d6f97000 r-xp 00000000 08:02 2514872                    /usr/lib/libwayland-server.so.0.1.0
7fa4d6f97000-7fa4d7197000 ---p 0000f000 08:02 2514872                    /usr/lib/libwayland-server.so.0.1.0
7fa4d7197000-7fa4d7199000 r--p 0000f000 08:02 2514872                    /usr/lib/libwayland-server.so.0.1.0
7fa4d7199000-7fa4d719a000 rw-p 00011000 08:02 2514872                    /usr/lib/libwayland-server.so.0.1.0
7fa4d719a000-7fa4d71a6000 r-xp 00000000 08:02 2514873                    /usr/lib/libwayland-client.so.0.3.0
7fa4d71a6000-7fa4d73a5000 ---p 0000c000 08:02 2514873                    /usr/lib/libwayland-client.so.0.3.0
7fa4d73a5000-7fa4d73a7000 r--p 0000b000 08:02 2514873                    /usr/lib/libwayland-client.so.0.3.0
7fa4d73a7000-7fa4d73a8000 rw-p 0000d000 08:02 2514873                    /usr/lib/libwayland-client.so.0.3.0
7fa4d73a8000-7fa4d73b4000 r-xp 00000000 08:02 2515217                    /usr/lib/libgbm.so.1.0.0
7fa4d73b4000-7fa4d75b4000 ---p 0000c000 08:02 2515217                    /usr/lib/libgbm.so.1.0.0
7fa4d75b4000-7fa4d75b5000 r--p 0000c000 08:02 2515217                    /usr/lib/libgbm.so.1.0.0
7fa4d75b5000-7fa4d75b6000 rw-p 0000d000 08:02 2515217                    /usr/lib/libgbm.so.1.0.0
7fa4d75b6000-7fa4d75e1000 r-xp 00000000 08:02 2511252                    /usr/lib/libgraphite2.so.3.0.1
7fa4d75e1000-7fa4d77e1000 ---p 0002b000 08:02 2511252                    /usr/lib/libgraphite2.so.3.0.1
7fa4d77e1000-7fa4d77e3000 r--p 0002b000 08:02 2511252                    /usr/lib/libgraphite2.so.3.0.1
7fa4d77e3000-7fa4d77e4000 rw-p 0002d000 08:02 2511252                    /usr/lib/libgraphite2.so.3.0.1
7fa4d77e4000-7fa4d77f1000 r-xp 00000000 08:02 2511299                    /usr/lib/libdrm.so.2.4.0
7fa4d77f1000-7fa4d79f0000 ---p 0000d000 08:02 2511299                    /usr/lib/libdrm.so.2.4.0
7fa4d79f0000-7fa4d79f1000 r--p 0000c000 08:02 2511299                    /usr/lib/libdrm.so.2.4.0
7fa4d79f1000-7fa4d79f2000 rw-p 0000d000 08:02 2511299                    /usr/lib/libdrm.so.2.4.0
7fa4d79f2000-7fa4d79f3000 r-xp 00000000 08:02 2514863                    /usr/lib/libxshmfence.so.1.0.0
7fa4d79f3000-7fa4d7bf3000 ---p 00001000 08:02 2514863                    /usr/lib/libxshmfence.so.1.0.0
7fa4d7bf3000-7fa4d7bf4000 r--p 00001000 08:02 2514863                    /usr/lib/libxshmfence.so.1.0.0
7fa4d7bf4000-7fa4d7bf5000 rw-p 00002000 08:02 2514863                    /usr/lib/libxshmfence.so.1.0.0
7fa4d7bf5000-7fa4d7bfa000 r-xp 00000000 08:02 2513672                    /usr/lib/libxcb-sync.so.1.0.0
7fa4d7bfa000-7fa4d7dfa000 ---p 00005000 08:02 2513672                    /usr/lib/libxcb-sync.so.1.0.0
7fa4d7dfa000-7fa4d7dfb000 r--p 00005000 08:02 2513672                    /usr/lib/libxcb-sync.so.1.0.0
7fa4d7dfb000-7fa4d7dfc000 rw-p 00006000 08:02 2513672                    /usr/lib/libxcb-sync.so.1.0.0
7fa4d7dfc000-7fa4d7dff000 r-xp 00000000 08:02 2513641                    /usr/lib/libxcb-shape.so.0.0.0
7fa4d7dff000-7fa4d7ffe000 ---p 00003000 08:02 2513641                    /usr/lib/libxcb-shape.so.0.0.0
7fa4d7ffe000-7fa4d7fff000 r--p 00002000 08:02 2513641                    /usr/lib/libxcb-shape.so.0.0.0
7fa4d7fff000-7fa4d8000000 rw-p 00003000 08:02 2513641                    /usr/lib/libxcb-shape.so.0.0.0
7fa4d8000000-7fa4d8021000 rw-p 00000000 00:00 0 
7fa4d8021000-7fa4dc000000 ---p 00000000 00:00 0 
7fa4dc033000-7fa4dc0dd000 r--p 00000000 08:02 3017464                    /usr/share/fonts/TTF/DejaVuSans-Bold.ttf
7fa4dc0dd000-7fa4dc0e3000 r-xp 00000000 08:02 2513623                    /usr/lib/libxcb-xfixes.so.0.0.0
7fa4dc0e3000-7fa4dc2e3000 ---p 00006000 08:02 2513623                    /usr/lib/libxcb-xfixes.so.0.0.0
7fa4dc2e3000-7fa4dc2e4000 r--p 00006000 08:02 2513623                    /usr/lib/libxcb-xfixes.so.0.0.0
7fa4dc2e4000-7fa4dc2e5000 rw-p 00007000 08:02 2513623                    /usr/lib/libxcb-xfixes.so.0.0.0
7fa4dc2e5000-7fa4dc2f2000 r-xp 00000000 08:02 2513680                    /usr/lib/libxcb-randr.so.0.1.0
7fa4dc2f2000-7fa4dc4f1000 ---p 0000d000 08:02 2513680                    /usr/lib/libxcb-randr.so.0.1.0
7fa4dc4f1000-7fa4dc4f2000 r--p 0000c000 08:02 2513680                    /usr/lib/libxcb-randr.so.0.1.0
7fa4dc4f2000-7fa4dc4f3000 rw-p 0000d000 08:02 2513680                    /usr/lib/libxcb-randr.so.0.1.0
7fa4dc4f3000-7fa4dc4f5000 r-xp 00000000 08:02 2513659                    /usr/lib/libxcb-present.so.0.0.0
7fa4dc4f5000-7fa4dc6f4000 ---p 00002000 08:02 2513659                    /usr/lib/libxcb-present.so.0.0.0
7fa4dc6f4000-7fa4dc6f5000 r--p 00001000 08:02 2513659                    /usr/lib/libxcb-present.so.0.0.0
7fa4dc6f5000-7fa4dc6f6000 rw-p 00002000 08:02 2513659                    /usr/lib/libxcb-present.so.0.0.0
7fa4dc6f6000-7fa4dc6f8000 r-xp 00000000 08:02 2513631                    /usr/lib/libxcb-dri3.so.0.0.0
7fa4dc6f8000-7fa4dc8f7000 ---p 00002000 08:02 2513631                    /usr/lib/libxcb-dri3.so.0.0.0
7fa4dc8f7000-7fa4dc8f8000 r--p 00001000 08:02 2513631                    /usr/lib/libxcb-dri3.so.0.0.0
7fa4dc8f8000-7fa4dc8f9000 rw-p 00002000 08:02 2513631                    /usr/lib/libxcb-dri3.so.0.0.0
7fa4dc8f9000-7fa4dc8fd000 r-xp 00000000 08:02 2513656                    /usr/lib/libxcb-dri2.so.0.0.0
7fa4dc8fd000-7fa4dcafc000 ---p 00004000 08:02 2513656                    /usr/lib/libxcb-dri2.so.0.0.0
7fa4dcafc000-7fa4dcafd000 r--p 00003000 08:02 2513656                    /usr/lib/libxcb-dri2.so.0.0.0
7fa4dcafd000-7fa4dcafe000 rw-p 00004000 08:02 2513656                    /usr/lib/libxcb-dri2.so.0.0.0
7fa4dcafe000-7fa4dcb15000 r-xp 00000000 08:02 2513630                    /usr/lib/libxcb-glx.so.0.0.0
7fa4dcb15000-7fa4dcd15000 ---p 00017000 08:02 2513630                    /usr/lib/libxcb-glx.so.0.0.0
7fa4dcd15000-7fa4dcd17000 r--p 00017000 08:02 2513630                    /usr/lib/libxcb-glx.so.0.0.0
7fa4dcd17000-7fa4dcd18000 rw-p 00019000 08:02 2513630                    /usr/lib/libxcb-glx.so.0.0.0
7fa4dcd18000-7fa4dcd19000 r-xp 00000000 08:02 2513726                    /usr/lib/libX11-xcb.so.1.0.0
7fa4dcd19000-7fa4dcf18000 ---p 00001000 08:02 2513726                    /usr/lib/libX11-xcb.so.1.0.0
7fa4dcf18000-7fa4dcf19000 r--p 00000000 08:02 2513726                    /usr/lib/libX11-xcb.so.1.0.0
7fa4dcf19000-7fa4dcf1a000 rw-p 00001000 08:02 2513726                    /usr/lib/libX11-xcb.so.1.0.0
7fa4dcf1a000-7fa4dcf42000 r-xp 00000000 08:02 2515218                    /usr/lib/libglapi.so.0.0.0
7fa4dcf42000-7fa4dd142000 ---p 00028000 08:02 2515218                    /usr/lib/libglapi.so.0.0.0
7fa4dd142000-7fa4dd146000 r--p 00028000 08:02 2515218                    /usr/lib/libglapi.so.0.0.0
7fa4dd146000-7fa4dd147000 rw-p 0002c000 08:02 2515218                    /usr/lib/libglapi.so.0.0.0
7fa4dd147000-7fa4dd148000 rw-p 00000000 00:00 0 
7fa4dd148000-7fa4dd157000 r-xp 00000000 08:02 2496645                    /usr/lib/libbz2.so.1.0.6
7fa4dd157000-7fa4dd356000 ---p 0000f000 08:02 2496645                    /usr/lib/libbz2.so.1.0.6
7fa4dd356000-7fa4dd358000 rw-p 0000e000 08:02 2496645                    /usr/lib/libbz2.so.1.0.6
7fa4dd358000-7fa4dd37f000 r-xp 00000000 08:02 2500511                    /usr/lib/libexpat.so.1.6.0
7fa4dd37f000-7fa4dd57e000 ---p 00027000 08:02 2500511                    /usr/lib/libexpat.so.1.6.0
7fa4dd57e000-7fa4dd581000 r--p 00026000 08:02 2500511                    /usr/lib/libexpat.so.1.6.0
7fa4dd581000-7fa4dd582000 rw-p 00029000 08:02 2500511                    /usr/lib/libexpat.so.1.6.0
7fa4dd582000-7fa4dd596000 r-xp 00000000 08:02 2493158                    /usr/lib/libresolv-2.22.so
7fa4dd596000-7fa4dd795000 ---p 00014000 08:02 2493158                    /usr/lib/libresolv-2.22.so
7fa4dd795000-7fa4dd796000 r--p 00013000 08:02 2493158                    /usr/lib/libresolv-2.22.so
7fa4dd796000-7fa4dd797000 rw-p 00014000 08:02 2493158                    /usr/lib/libresolv-2.22.so
7fa4dd797000-7fa4dd799000 rw-p 00000000 00:00 0 
7fa4dd799000-7fa4dd807000 r-xp 00000000 08:02 2501596                    /usr/lib/libpcre.so.1.2.5
7fa4dd807000-7fa4dda07000 ---p 0006e000 08:02 2501596                    /usr/lib/libpcre.so.1.2.5
7fa4dda07000-7fa4dda08000 r--p 0006e000 08:02 2501596                    /usr/lib/libpcre.so.1.2.5
7fa4dda08000-7fa4dda09000 rw-p 0006f000 08:02 2501596                    /usr/lib/libpcre.so.1.2.5
7fa4dda09000-7fa4dda11000 r-xp 00000000 08:02 2503287                    /usr/lib/libffi.so.6.0.4
7fa4dda11000-7fa4ddc10000 ---p 00008000 08:02 2503287                    /usr/lib/libffi.so.6.0.4
7fa4ddc10000-7fa4ddc11000 r--p 00007000 08:02 2503287                    /usr/lib/libffi.so.6.0.4
7fa4ddc11000-7fa4ddc12000 rw-p 00008000 08:02 2503287                    /usr/lib/libffi.so.6.0.4
7fa4ddc12000-7fa4ddc33000 r-xp 00000000 08:02 2513644                    /usr/lib/libxcb.so.1.1.0
7fa4ddc33000-7fa4dde32000 ---p 00021000 08:02 2513644                    /usr/lib/libxcb.so.1.1.0
7fa4dde32000-7fa4dde33000 r--p 00020000 08:02 2513644                    /usr/lib/libxcb.so.1.1.0
7fa4dde33000-7fa4dde34000 rw-p 00021000 08:02 2513644                    /usr/lib/libxcb.so.1.1.0
7fa4dde34000-7fa4dde3d000 r-xp 00000000 08:02 2513626                    /usr/lib/libxcb-render.so.0.0.0
7fa4dde3d000-7fa4de03c000 ---p 00009000 08:02 2513626                    /usr/lib/libxcb-render.so.0.0.0
7fa4de03c000-7fa4de03d000 r--p 00008000 08:02 2513626                    /usr/lib/libxcb-render.so.0.0.0
7fa4de03d000-7fa4de03e000 rw-p 00009000 08:02 2513626                    /usr/lib/libxcb-render.so.0.0.0
7fa4de03e000-7fa4de040000 r-xp 00000000 08:02 2513653                    /usr/lib/libxcb-shm.so.0.0.0
7fa4de040000-7fa4de240000 ---p 00002000 08:02 2513653                    /usr/lib/libxcb-shm.so.0.0.0
7fa4de240000-7fa4de241000 r--p 00002000 08:02 2513653                    /usr/lib/libxcb-shm.so.0.0.0
7fa4de241000-7fa4de242000 rw-p 00003000 08:02 2513653                    /usr/lib/libxcb-shm.so.0.0.0
7fa4de242000-7fa4de276000 r-xp 00000000 08:02 2511236                    /usr/lib/libpng16.so.16.18.0
7fa4de276000-7fa4de475000 ---p 00034000 08:02 2511236                    /usr/lib/libpng16.so.16.18.0
7fa4de475000-7fa4de476000 r--p 00033000 08:02 2511236                    /usr/lib/libpng16.so.16.18.0
7fa4de476000-7fa4de477000 rw-p 00034000 08:02 2511236                    /usr/lib/libpng16.so.16.18.0
7fa4de477000-7fa4de49c000 r-xp 00000000 08:02 3018254                    /usr/lib/mesa/libEGL.so.1.0.0
7fa4de49c000-7fa4de69c000 ---p 00025000 08:02 3018254                    /usr/lib/mesa/libEGL.so.1.0.0
7fa4de69c000-7fa4de69d000 r--p 00025000 08:02 3018254                    /usr/lib/mesa/libEGL.so.1.0.0
7fa4de69d000-7fa4de69e000 rw-p 00026000 08:02 3018254                    /usr/lib/mesa/libEGL.so.1.0.0
7fa4de69e000-7fa4de743000 r-xp 00000000 08:02 2511314                    /usr/lib/libpixman-1.so.0.32.6
7fa4de743000-7fa4de942000 ---p 000a5000 08:02 2511314                    /usr/lib/libpixman-1.so.0.32.6
7fa4de942000-7fa4de94a000 r--p 000a4000 08:02 2511314                    /usr/lib/libpixman-1.so.0.32.6
7fa4de94a000-7fa4de94b000 rw-p 000ac000 08:02 2511314                    /usr/lib/libpixman-1.so.0.32.6
7fa4de94b000-7fa4de9a8000 r-xp 00000000 08:02 2511263                    /usr/lib/libharfbuzz.so.0.10000.1
7fa4de9a8000-7fa4deba8000 ---p 0005d000 08:02 2511263                    /usr/lib/libharfbuzz.so.0.10000.1
7fa4deba8000-7fa4deba9000 r--p 0005d000 08:02 2511263                    /usr/lib/libharfbuzz.so.0.10000.1
7fa4deba9000-7fa4debaa000 rw-p 0005e000 08:02 2511263                    /usr/lib/libharfbuzz.so.0.10000.1
7fa4debaa000-7fa4debbb000 r-xp 00000000 08:02 2515043                    /usr/lib/libXext.so.6.4.0
7fa4debbb000-7fa4dedba000 ---p 00011000 08:02 2515043                    /usr/lib/libXext.so.6.4.0
7fa4dedba000-7fa4dedbb000 r--p 00010000 08:02 2515043                    /usr/lib/libXext.so.6.4.0
7fa4dedbb000-7fa4dedbc000 rw-p 00011000 08:02 2515043                    /usr/lib/libXext.so.6.4.0
7fa4dedbc000-7fa4dedbe000 r-xp 00000000 08:02 2515083                    /usr/lib/libXdamage.so.1.1.0
7fa4dedbe000-7fa4defbd000 ---p 00002000 08:02 2515083                    /usr/lib/libXdamage.so.1.1.0
7fa4defbd000-7fa4defbe000 r--p 00001000 08:02 2515083                    /usr/lib/libXdamage.so.1.1.0
7fa4defbe000-7fa4defbf000 rw-p 00002000 08:02 2515083                    /usr/lib/libXdamage.so.1.1.0
7fa4defbf000-7fa4defc1000 r-xp 00000000 08:02 2515795                    /usr/lib/libXcomposite.so.1.0.0
7fa4defc1000-7fa4df1c0000 ---p 00002000 08:02 2515795                    /usr/lib/libXcomposite.so.1.0.0
7fa4df1c0000-7fa4df1c1000 r--p 00001000 08:02 2515795                    /usr/lib/libXcomposite.so.1.0.0
7fa4df1c1000-7fa4df1c2000 rw-p 00002000 08:02 2515795                    /usr/lib/libXcomposite.so.1.0.0
7fa4df1c2000-7fa4df1cc000 r-xp 00000000 08:02 2515730                    /usr/lib/libXcursor.so.1.0.2
7fa4df1cc000-7fa4df3cb000 ---p 0000a000 08:02 2515730                    /usr/lib/libXcursor.so.1.0.2
7fa4df3cb000-7fa4df3cc000 r--p 00009000 08:02 2515730                    /usr/lib/libXcursor.so.1.0.2
7fa4df3cc000-7fa4df3cd000 rw-p 0000a000 08:02 2515730                    /usr/lib/libXcursor.so.1.0.2
7fa4df3cd000-7fa4df3d7000 r-xp 00000000 08:02 2515665                    /usr/lib/libXrandr.so.2.2.0
7fa4df3d7000-7fa4df5d6000 ---p 0000a000 08:02 2515665                    /usr/lib/libXrandr.so.2.2.0
7fa4df5d6000-7fa4df5d7000 r--p 00009000 08:02 2515665                    /usr/lib/libXrandr.so.2.2.0
7fa4df5d7000-7fa4df5d8000 rw-p 0000a000 08:02 2515665                    /usr/lib/libXrandr.so.2.2.0
7fa4df5d8000-7fa4df5e7000 r-xp 00000000 08:02 2515640                    /usr/lib/libXi.so.6.1.0
7fa4df5e7000-7fa4df7e7000 ---p 0000f000 08:02 2515640                    /usr/lib/libXi.so.6.1.0
7fa4df7e7000-7fa4df7e8000 r--p 0000f000 08:02 2515640                    /usr/lib/libXi.so.6.1.0
7fa4df7e8000-7fa4df7e9000 rw-p 00010000 08:02 2515640                    /usr/lib/libXi.so.6.1.0
7fa4df7e9000-7fa4df7eb000 r-xp 00000000 08:02 2515670                    /usr/lib/libXinerama.so.1.0.0
7fa4df7eb000-7fa4df9ea000 ---p 00002000 08:02 2515670                    /usr/lib/libXinerama.so.1.0.0
7fa4df9ea000-7fa4df9eb000 r--p 00001000 08:02 2515670                    /usr/lib/libXinerama.so.1.0.0
7fa4df9eb000-7fa4df9ec000 rw-p 00002000 08:02 2515670                    /usr/lib/libXinerama.so.1.0.0
7fa4df9ec000-7fa4df9f5000 r-xp 00000000 08:02 2515644                    /usr/lib/libXrender.so.1.3.0
7fa4df9f5000-7fa4dfbf4000 ---p 00009000 08:02 2515644                    /usr/lib/libXrender.so.1.3.0
7fa4dfbf4000-7fa4dfbf5000 r--p 00008000 08:02 2515644                    /usr/lib/libXrender.so.1.3.0
7fa4dfbf5000-7fa4dfbf6000 rw-p 00009000 08:02 2515644                    /usr/lib/libXrender.so.1.3.0
7fa4dfbf6000-7fa4dfbfb000 r-xp 00000000 08:02 2515077                    /usr/lib/libXfixes.so.3.1.0
7fa4dfbfb000-7fa4dfdfa000 ---p 00005000 08:02 2515077                    /usr/lib/libXfixes.so.3.1.0
7fa4dfdfa000-7fa4dfdfb000 r--p 00004000 08:02 2515077                    /usr/lib/libXfixes.so.3.1.0
7fa4dfdfb000-7fa4dfdfc000 rw-p 00005000 08:02 2515077                    /usr/lib/libXfixes.so.3.1.0
7fa4dfdfc000-7fa4dfdff000 r-xp 00000000 08:02 2503358                    /usr/lib/libgmodule-2.0.so.0.4400.1
7fa4dfdff000-7fa4dfffe000 ---p 00003000 08:02 2503358                    /usr/lib/libgmodule-2.0.so.0.4400.1
7fa4dfffe000-7fa4dffff000 r--p 00002000 08:02 2503358                    /usr/lib/libgmodule-2.0.so.0.4400.1
7fa4dffff000-7fa4e0000000 rw-p 00003000 08:02 2503358                    /usr/lib/libgmodule-2.0.so.0.4400.1
7fa4e0000000-7fa4e0021000 rw-p 00000000 00:00 0 
7fa4e0021000-7fa4e4000000 ---p 00000000 00:00 0 
7fa4e4013000-7fa4e40c9000 r--p 00000000 08:02 3017468                    /usr/share/fonts/TTF/DejaVuSans.ttf
7fa4e40c9000-7fa4e40cc000 ---p 00000000 00:00 0 
7fa4e40cc000-7fa4e41ca000 rw-p 00000000 00:00 0                          [stack:17229]
7fa4e41ca000-7fa4e41e0000 r-xp 00000000 08:02 2493914                    /usr/lib/libgcc_s.so.1
7fa4e41e0000-7fa4e43df000 ---p 00016000 08:02 2493914                    /usr/lib/libgcc_s.so.1
7fa4e43df000-7fa4e43e0000 rw-p 00015000 08:02 2493914                    /usr/lib/libgcc_s.so.1
7fa4e43e0000-7fa4e4552000 r-xp 00000000 08:02 2493928                    /usr/lib/libstdc++.so.6.0.21
7fa4e4552000-7fa4e4752000 ---p 00172000 08:02 2493928                    /usr/lib/libstdc++.so.6.0.21
7fa4e4752000-7fa4e475c000 r--p 00172000 08:02 2493928                    /usr/lib/libstdc++.so.6.0.21
7fa4e475c000-7fa4e475e000 rw-p 0017c000 08:02 2493928                    /usr/lib/libstdc++.so.6.0.21
7fa4e475e000-7fa4e4762000 rw-p 00000000 00:00 0 
7fa4e4762000-7fa4e47f6000 r-xp 00000000 08:02 3018253                    /usr/lib/mesa/libGL.so.1.2.0
7fa4e47f6000-7fa4e49f5000 ---p 00094000 08:02 3018253                    /usr/lib/mesa/libGL.so.1.2.0
7fa4e49f5000-7fa4e49f8000 r--p 00093000 08:02 3018253                    /usr/lib/mesa/libGL.so.1.2.0
7fa4e49f8000-7fa4e49f9000 rw-p 00096000 08:02 3018253                    /usr/lib/mesa/libGL.so.1.2.0
7fa4e49f9000-7fa4e49fa000 rw-p 00000000 00:00 0 
7fa4e49fa000-7fa4e49ff000 r-xp 00000000 08:02 2515072                    /usr/lib/libXxf86vm.so.1.0.0
7fa4e49ff000-7fa4e4bfe000 ---p 00005000 08:02 2515072                    /usr/lib/libXxf86vm.so.1.0.0
7fa4e4bfe000-7fa4e4bff000 r--p 00004000 08:02 2515072                    /usr/lib/libXxf86vm.so.1.0.0
7fa4e4bff000-7fa4e4c00000 rw-p 00005000 08:02 2515072                    /usr/lib/libXxf86vm.so.1.0.0
7fa4e4c00000-7fa4e4d3b000 r-xp 00000000 08:02 2513725                    /usr/lib/libX11.so.6.3.0
7fa4e4d3b000-7fa4e4f3a000 ---p 0013b000 08:02 2513725                    /usr/lib/libX11.so.6.3.0
7fa4e4f3a000-7fa4e4f3c000 r--p 0013a000 08:02 2513725                    /usr/lib/libX11.so.6.3.0
7fa4e4f3c000-7fa4e4f41000 rw-p 0013c000 08:02 2513725                    /usr/lib/libX11.so.6.3.0
7fa4e4f41000-7fa4e4f42000 rw-p 00000000 00:00 0 
7fa4e4f42000-7fa4e4f47000 r-xp 00000000 08:02 2515754                    /usr/lib/libXtst.so.6.1.0
7fa4e4f47000-7fa4e5146000 ---p 00005000 08:02 2515754                    /usr/lib/libXtst.so.6.1.0
7fa4e5146000-7fa4e5147000 r--p 00004000 08:02 2515754                    /usr/lib/libXtst.so.6.1.0
7fa4e5147000-7fa4e5148000 rw-p 00005000 08:02 2515754                    /usr/lib/libXtst.so.6.1.0
7fa4e5148000-7fa4e5254000 r-xp 00000000 08:02 2503357                    /usr/lib/libglib-2.0.so.0.4400.1
7fa4e5254000-7fa4e5453000 ---p 0010c000 08:02 2503357                    /usr/lib/libglib-2.0.so.0.4400.1
7fa4e5453000-7fa4e5454000 r--p 0010b000 08:02 2503357                    /usr/lib/libglib-2.0.so.0.4400.1
7fa4e5454000-7fa4e5455000 rw-p 0010c000 08:02 2503357                    /usr/lib/libglib-2.0.so.0.4400.1
7fa4e5455000-7fa4e5456000 rw-p 00000000 00:00 0 
7fa4e5456000-7fa4e5457000 r-xp 00000000 08:02 2503359                    /usr/lib/libgthread-2.0.so.0.4400.1
7fa4e5457000-7fa4e5656000 ---p 00001000 08:02 2503359                    /usr/lib/libgthread-2.0.so.0.4400.1
7fa4e5656000-7fa4e5657000 r--p 00000000 08:02 2503359                    /usr/lib/libgthread-2.0.so.0.4400.1
7fa4e5657000-7fa4e5658000 rw-p 00001000 08:02 2503359                    /usr/lib/libgthread-2.0.so.0.4400.1
7fa4e5658000-7fa4e56f9000 r-xp 00000000 08:02 2511267                    /usr/lib/libfreetype.so.6.11.1
7fa4e56f9000-7fa4e58f8000 ---p 000a1000 08:02 2511267                    /usr/lib/libfreetype.so.6.11.1
7fa4e58f8000-7fa4e58fe000 r--p 000a0000 08:02 2511267                    /usr/lib/libfreetype.so.6.11.1
7fa4e58fe000-7fa4e58ff000 rw-p 000a6000 08:02 2511267                    /usr/lib/libfreetype.so.6.11.1
7fa4e58ff000-7fa4e593c000 r-xp 00000000 08:02 2514568                    /usr/lib/libfontconfig.so.1.8.0
7fa4e593c000-7fa4e5b3b000 ---p 0003d000 08:02 2514568                    /usr/lib/libfontconfig.so.1.8.0
7fa4e5b3b000-7fa4e5b3d000 r--p 0003c000 08:02 2514568                    /usr/lib/libfontconfig.so.1.8.0
7fa4e5b3d000-7fa4e5b3e000 rw-p 0003e000 08:02 2514568                    /usr/lib/libfontconfig.so.1.8.0
7fa4e5b3e000-7fa4e5b8d000 r-xp 00000000 08:02 2503360                    /usr/lib/libgobject-2.0.so.0.4400.1
7fa4e5b8d000-7fa4e5d8d000 ---p 0004f000 08:02 2503360                    /usr/lib/libgobject-2.0.so.0.4400.1
7fa4e5d8d000-7fa4e5d8e000 r--p 0004f000 08:02 2503360                    /usr/lib/libgobject-2.0.so.0.4400.1
7fa4e5d8e000-7fa4e5d8f000 rw-p 00050000 08:02 2503360                    /usr/lib/libgobject-2.0.so.0.4400.1
7fa4e5d8f000-7fa4e5dd8000 r-xp 00000000 08:02 2517974                    /usr/lib/libpango-1.0.so.0.3600.8
7fa4e5dd8000-7fa4e5fd8000 ---p 00049000 08:02 2517974                    /usr/lib/libpango-1.0.so.0.3600.8
7fa4e5fd8000-7fa4e5fda000 r--p 00049000 08:02 2517974                    /usr/lib/libpango-1.0.so.0.3600.8
7fa4e5fda000-7fa4e5fdb000 rw-p 0004b000 08:02 2517974                    /usr/lib/libpango-1.0.so.0.3600.8
7fa4e5fdb000-7fa4e5fef000 r-xp 00000000 08:02 2517975                    /usr/lib/libpangoft2-1.0.so.0.3600.8
7fa4e5fef000-7fa4e61ef000 ---p 00014000 08:02 2517975                    /usr/lib/libpangoft2-1.0.so.0.3600.8
7fa4e61ef000-7fa4e61f0000 r--p 00014000 08:02 2517975                    /usr/lib/libpangoft2-1.0.so.0.3600.8
7fa4e61f0000-7fa4e61f1000 rw-p 00015000 08:02 2517975                    /usr/lib/libpangoft2-1.0.so.0.3600.8
7fa4e61f1000-7fa4e6367000 r-xp 00000000 08:02 2503361                    /usr/lib/libgio-2.0.so.0.4400.1
7fa4e6367000-7fa4e6567000 ---p 00176000 08:02 2503361                    /usr/lib/libgio-2.0.so.0.4400.1
7fa4e6567000-7fa4e656b000 r--p 00176000 08:02 2503361                    /usr/lib/libgio-2.0.so.0.4400.1
7fa4e656b000-7fa4e656d000 rw-p 0017a000 08:02 2503361                    /usr/lib/libgio-2.0.so.0.4400.1
7fa4e656d000-7fa4e656f000 rw-p 00000000 00:00 0 
7fa4e656f000-7fa4e6593000 r-xp 00000000 08:02 2529207                    /usr/lib/libgdk_pixbuf-2.0.so.0.3100.6
7fa4e6593000-7fa4e6793000 ---p 00024000 08:02 2529207                    /usr/lib/libgdk_pixbuf-2.0.so.0.3100.6
7fa4e6793000-7fa4e6794000 r--p 00024000 08:02 2529207                    /usr/lib/libgdk_pixbuf-2.0.so.0.3100.6
7fa4e6794000-7fa4e6795000 rw-p 00025000 08:02 2529207                    /usr/lib/libgdk_pixbuf-2.0.so.0.3100.6
7fa4e6795000-7fa4e68bd000 r-xp 00000000 08:02 2517934                    /usr/lib/libcairo.so.2.11400.2
7fa4e68bd000-7fa4e6abd000 ---p 00128000 08:02 2517934                    /usr/lib/libcairo.so.2.11400.2
7fa4e6abd000-7fa4e6ac0000 r--p 00128000 08:02 2517934                    /usr/lib/libcairo.so.2.11400.2
7fa4e6ac0000-7fa4e6ac2000 rw-p 0012b000 08:02 2517934                    /usr/lib/libcairo.so.2.11400.2
7fa4e6ac2000-7fa4e6ac3000 rw-p 00000000 00:00 0 
7fa4e6ac3000-7fa4e6ae6000 r-xp 00000000 08:02 2534079                    /usr/lib/libatk-1.0.so.0.21609.1
7fa4e6ae6000-7fa4e6ce5000 ---p 00023000 08:02 2534079                    /usr/lib/libatk-1.0.so.0.21609.1
7fa4e6ce5000-7fa4e6ce8000 r--p 00022000 08:02 2534079                    /usr/lib/libatk-1.0.so.0.21609.1
7fa4e6ce8000-7fa4e6ce9000 rw-p 00025000 08:02 2534079                    /usr/lib/libatk-1.0.so.0.21609.1
7fa4e6ce9000-7fa4e6cf5000 r-xp 00000000 08:02 2517977                    /usr/lib/libpangocairo-1.0.so.0.3600.8
7fa4e6cf5000-7fa4e6ef4000 ---p 0000c000 08:02 2517977                    /usr/lib/libpangocairo-1.0.so.0.3600.8
7fa4e6ef4000-7fa4e6ef5000 r--p 0000b000 08:02 2517977                    /usr/lib/libpangocairo-1.0.so.0.3600.8
7fa4e6ef5000-7fa4e6ef6000 rw-p 0000c000 08:02 2517977                    /usr/lib/libpangocairo-1.0.so.0.3600.8
7fa4e6ef6000-7fa4e6fa6000 r-xp 00000000 08:02 2534102                    /usr/lib/libgdk-x11-2.0.so.0.2400.28
7fa4e6fa6000-7fa4e71a6000 ---p 000b0000 08:02 2534102                    /usr/lib/libgdk-x11-2.0.so.0.2400.28
7fa4e71a6000-7fa4e71aa000 r--p 000b0000 08:02 2534102                    /usr/lib/libgdk-x11-2.0.so.0.2400.28
7fa4e71aa000-7fa4e71ac000 rw-p 000b4000 08:02 2534102                    /usr/lib/libgdk-x11-2.0.so.0.2400.28
7fa4e71ac000-7fa4e75e0000 r-xp 00000000 08:02 2534103                    /usr/lib/libgtk-x11-2.0.so.0.2400.28
7fa4e75e0000-7fa4e77e0000 ---p 00434000 08:02 2534103                    /usr/lib/libgtk-x11-2.0.so.0.2400.28
7fa4e77e0000-7fa4e77e7000 r--p 00434000 08:02 2534103                    /usr/lib/libgtk-x11-2.0.so.0.2400.28
7fa4e77e7000-7fa4e77eb000 rw-p 0043b000 08:02 2534103                    /usr/lib/libgtk-x11-2.0.so.0.2400.28
7fa4e77eb000-7fa4e77ee000 rw-p 00000000 00:00 0 
7fa4e77ee000-7fa4e77fa000 r-xp 00000000 08:02 3419602                    /usr/lib/jvm/java-8-openjdk/jre/lib/amd64/libprism_es2.so
7fa4e77fa000-7fa4e79f9000 ---p 0000c000 08:02 3419602                    /usr/lib/jvm/java-8-openjdk/jre/lib/amd64/libprism_es2.so
7fa4e79f9000-7fa4e79fa000 rw-p 0000b000 08:02 3419602                    /usr/lib/jvm/java-8-openjdk/jre/lib/amd64/libprism_es2.so
7fa4e79fa000-7fa4e79fd000 ---p 00000000 00:00 0 
7fa4e79fd000-7fa4e7afb000 rw-p 00000000 00:00 0                          [stack:17220]
7fa4e7afb000-7fa4e7afc000 ---p 00000000 00:00 0 
7fa4e7afc000-7fa4e7bfc000 rw-p 00000000 00:00 0                          [stack:17219]
7fa4e7bfc000-7fa4e7bff000 ---p 00000000 00:00 0 
7fa4e7bff000-7fa4e7cfd000 rw-p 00000000 00:00 0                          [stack:17218]
7fa4e7cfd000-7fa4e7d00000 ---p 00000000 00:00 0 
7fa4e7d00000-7fa4e7dfe000 rw-p 00000000 00:00 0                          [stack:17216]
7fa4e7dfe000-7fa4e7e01000 ---p 00000000 00:00 0 
7fa4e7e01000-7fa4e7eff000 rw-p 00000000 00:00 0                          [stack:17215]
7fa4e7eff000-7fa4e7f02000 ---p 00000000 00:00 0 
7fa4e7f02000-7fa4e8000000 rw-p 00000000 00:00 0                          [stack:17214]
7fa4e8000000-7fa4e8021000 rw-p 00000000 00:00 0 
7fa4e8021000-7fa4ec000000 ---p 00000000 00:00 0 
7fa4ec003000-7fa4ec09e000 r--p 00000000 08:02 3017467                    /usr/share/fonts/TTF/DejaVuSans-Oblique.ttf
7fa4ec09e000-7fa4ec0a8000 r--s 00000000 08:12 34343869                   /home/gaieepo/.cache/fontconfig/d62e99ef547d1d24cdb1bd22ec1a2976-le64.cache-4
7fa4ec0a8000-7fa4ec0c7000 r--s 00000000 08:02 2362489                    /var/cache/fontconfig/f6b893a7224233d96cb72fd88691c0b4-le64.cache-4
7fa4ec0c7000-7fa4ec0d0000 r--s 00000000 08:02 2360373                    /var/cache/fontconfig/f349e9996a5320f6dd491cedd2b1f964-le64.cache-4
7fa4ec0d0000-7fa4ec0e3000 r--s 00345000 08:02 3284410                    /usr/lib/jvm/java-8-openjdk/jre/lib/resources.jar
7fa4ec0e3000-7fa4ec0ff000 r--s 00393000 08:02 4200479                    /usr/lib/jvm/java-8-openjdk/jre/lib/ext/cldrdata.jar
7fa4ec0ff000-7fa4ec102000 ---p 00000000 00:00 0 
7fa4ec102000-7fa4f0000000 rw-p 00000000 00:00 0                          [stack:17213]
7fa4f0000000-7fa4f0021000 rw-p 00000000 00:00 0 
7fa4f0021000-7fa4f4000000 ---p 00000000 00:00 0 
7fa4f4008000-7fa4f401c000 r--s 000da000 08:12 35914988                   /home/gaieepo/.m2/repository/org/mnode/ical4j/ical4j/1.0.2/ical4j-1.0.2.jar
7fa4f401c000-7fa4f40b2000 r--s 008c8000 08:02 4200574                    /usr/lib/jvm/java-8-openjdk/jre/lib/ext/jfxrt.jar
7fa4f40b2000-7fa4f40b5000 ---p 00000000 00:00 0 
7fa4f40b5000-7fa4f41b3000 rw-p 00000000 00:00 0                          [stack:17210]
7fa4f41b3000-7fa4f41b6000 ---p 00000000 00:00 0 
7fa4f41b6000-7fa4f42b4000 rw-p 00000000 00:00 0                          [stack:17207]
7fa4f42b4000-7fa4f42b7000 ---p 00000000 00:00 0 
7fa4f42b7000-7fa4f43b5000 rw-p 00000000 00:00 0                          [stack:17206]
7fa4f43b5000-7fa4f43b9000 r-xp 00000000 08:02 3419575                    /usr/lib/jvm/java-8-openjdk/jre/lib/amd64/libdt_socket.so
7fa4f43b9000-7fa4f45b8000 ---p 00004000 08:02 3419575                    /usr/lib/jvm/java-8-openjdk/jre/lib/amd64/libdt_socket.so
7fa4f45b8000-7fa4f45b9000 rw-p 00003000 08:02 3419575                    /usr/lib/jvm/java-8-openjdk/jre/lib/amd64/libdt_socket.so
7fa4f45b9000-7fa4f45bc000 ---p 00000000 00:00 0 
7fa4f45bc000-7fa4f46ba000 rw-p 00000000 00:00 0                          [stack:17204]
7fa4f46ba000-7fa4f46bd000 ---p 00000000 00:00 0 
7fa4f46bd000-7fa4f47bb000 rw-p 00000000 00:00 0                          [stack:17203]
7fa4f47bb000-7fa4f47be000 ---p 00000000 00:00 0 
7fa4f47be000-7fa4f48bc000 rw-p 00000000 00:00 0                          [stack:17202]
7fa4f48bc000-7fa4f48bd000 ---p 00000000 00:00 0 
7fa4f48bd000-7fa4f662d000 rw-p 00000000 00:00 0                          [stack:17201]
7fa4f662d000-7fa4f67fb000 r--s 03bde000 08:02 3284412                    /usr/lib/jvm/java-8-openjdk/jre/lib/rt.jar
7fa4f67fb000-7fa4f73db000 rw-p 00000000 00:00 0 
7fa4f73db000-7fa4f73dc000 ---p 00000000 00:00 0 
7fa4f73dc000-7fa4f74dc000 rw-p 00000000 00:00 0                          [stack:17200]
7fa4f74dc000-7fa4f74dd000 ---p 00000000 00:00 0 
7fa4f74dd000-7fa4f75dd000 rw-p 00000000 00:00 0                          [stack:17199]
7fa4f75dd000-7fa4f75de000 ---p 00000000 00:00 0 
7fa4f75de000-7fa4f76de000 rw-p 00000000 00:00 0                          [stack:17198]
7fa4f76de000-7fa4f76df000 ---p 00000000 00:00 0 
7fa4f76df000-7fa4f77df000 rw-p 00000000 00:00 0                          [stack:17197]
7fa4f77df000-7fa4f77e0000 ---p 00000000 00:00 0 
7fa4f77e0000-7fa4f78e0000 rw-p 00000000 00:00 0                          [stack:17196]
7fa4f78e0000-7fa4f78e1000 ---p 00000000 00:00 0 
7fa4f78e1000-7fa4f79e1000 rw-p 00000000 00:00 0                          [stack:17195]
7fa4f79e1000-7fa4f79e2000 ---p 00000000 00:00 0 
7fa4f79e2000-7fa4f7afb000 rw-p 00000000 00:00 0                          [stack:17194]
7fa4f7afb000-7fa4f7d78000 ---p 00000000 00:00 0 
7fa4f7d78000-7fa4f7d91000 rw-p 00000000 00:00 0 
7fa4f7d91000-7fa4f800d000 ---p 00000000 00:00 0 
7fa4f800d000-7fa4f8051000 rw-p 00000000 00:00 0 
7fa4f8051000-7fa4f8158000 ---p 00000000 00:00 0 
7fa4f8158000-7fa4f8178000 rw-p 00000000 00:00 0 
7fa4f8178000-7fa4f8519000 ---p 00000000 00:00 0 
7fa4f8519000-7fa4f8cd9000 rwxp 00000000 00:00 0 
7fa4f8cd9000-7fa507519000 ---p 00000000 00:00 0 
7fa507519000-7fa507521000 r-xp 00000000 08:02 3419571                    /usr/lib/jvm/java-8-openjdk/jre/lib/amd64/libzip.so
7fa507521000-7fa507720000 ---p 00008000 08:02 3419571                    /usr/lib/jvm/java-8-openjdk/jre/lib/amd64/libzip.so
7fa507720000-7fa507721000 rw-p 00007000 08:02 3419571                    /usr/lib/jvm/java-8-openjdk/jre/lib/amd64/libzip.so
7fa507721000-7fa50772c000 r-xp 00000000 08:02 2493177                    /usr/lib/libnss_files-2.22.so
7fa50772c000-7fa50792b000 ---p 0000b000 08:02 2493177                    /usr/lib/libnss_files-2.22.so
7fa50792b000-7fa50792c000 r--p 0000a000 08:02 2493177                    /usr/lib/libnss_files-2.22.so
7fa50792c000-7fa50792d000 rw-p 0000b000 08:02 2493177                    /usr/lib/libnss_files-2.22.so
7fa50792d000-7fa507933000 rw-p 00000000 00:00 0 
7fa507933000-7fa508000000 r--p 00000000 08:02 2534955                    /usr/lib/locale/locale-archive
7fa508000000-7fa5082a7000 rw-p 00000000 00:00 0 
7fa5082a7000-7fa50c000000 ---p 00000000 00:00 0 
7fa50c000000-7fa50c004000 r--s 00095000 08:02 3284409                    /usr/lib/jvm/java-8-openjdk/jre/lib/jsse.jar
7fa50c004000-7fa50c007000 r--s 00000000 08:02 2362192                    /var/cache/fontconfig/1876b2dcf508980ebba421dbe8e808d3-le64.cache-4
7fa50c007000-7fa50c011000 r--s 00116000 08:02 4200481                    /usr/lib/jvm/java-8-openjdk/jre/lib/ext/localedata.jar
7fa50c011000-7fa50c087000 rw-p 00000000 00:00 0 
7fa50c087000-7fa50c088000 ---p 00000000 00:00 0 
7fa50c088000-7fa50c188000 rw-p 00000000 00:00 0                          [stack:17193]
7fa50c188000-7fa50c18a000 r-xp 00000000 08:02 3419562                    /usr/lib/jvm/java-8-openjdk/jre/lib/amd64/libnpt.so
7fa50c18a000-7fa50c38a000 ---p 00002000 08:02 3419562                    /usr/lib/jvm/java-8-openjdk/jre/lib/amd64/libnpt.so
7fa50c38a000-7fa50c38b000 rw-p 00002000 08:02 3419562                    /usr/lib/jvm/java-8-openjdk/jre/lib/amd64/libnpt.so
7fa50c38b000-7fa50c3c5000 r-xp 00000000 08:02 3419579                    /usr/lib/jvm/java-8-openjdk/jre/lib/amd64/libjdwp.so
7fa50c3c5000-7fa50c5c4000 ---p 0003a000 08:02 3419579                    /usr/lib/jvm/java-8-openjdk/jre/lib/amd64/libjdwp.so
7fa50c5c4000-7fa50c5c5000 rw-p 00039000 08:02 3419579                    /usr/lib/jvm/java-8-openjdk/jre/lib/amd64/libjdwp.so
7fa50c5c5000-7fa50c5c6000 rw-p 00000000 00:00 0 
7fa50c5c6000-7fa50c5f2000 r-xp 00000000 08:02 3419570                    /usr/lib/jvm/java-8-openjdk/jre/lib/amd64/libjava.so
7fa50c5f2000-7fa50c7f2000 ---p 0002c000 08:02 3419570                    /usr/lib/jvm/java-8-openjdk/jre/lib/amd64/libjava.so
7fa50c7f2000-7fa50c7f4000 rw-p 0002c000 08:02 3419570                    /usr/lib/jvm/java-8-openjdk/jre/lib/amd64/libjava.so
7fa50c7f4000-7fa50c801000 r-xp 00000000 08:02 3419563                    /usr/lib/jvm/java-8-openjdk/jre/lib/amd64/libverify.so
7fa50c801000-7fa50ca00000 ---p 0000d000 08:02 3419563                    /usr/lib/jvm/java-8-openjdk/jre/lib/amd64/libverify.so
7fa50ca00000-7fa50ca02000 rw-p 0000c000 08:02 3419563                    /usr/lib/jvm/java-8-openjdk/jre/lib/amd64/libverify.so
7fa50ca02000-7fa50ca09000 r-xp 00000000 08:02 2493156                    /usr/lib/librt-2.22.so
7fa50ca09000-7fa50cc08000 ---p 00007000 08:02 2493156                    /usr/lib/librt-2.22.so
7fa50cc08000-7fa50cc09000 r--p 00006000 08:02 2493156                    /usr/lib/librt-2.22.so
7fa50cc09000-7fa50cc0a000 rw-p 00007000 08:02 2493156                    /usr/lib/librt-2.22.so
7fa50cc0a000-7fa50cd07000 r-xp 00000000 08:02 2493160                    /usr/lib/libm-2.22.so
7fa50cd07000-7fa50cf06000 ---p 000fd000 08:02 2493160                    /usr/lib/libm-2.22.so
7fa50cf06000-7fa50cf07000 r--p 000fc000 08:02 2493160                    /usr/lib/libm-2.22.so
7fa50cf07000-7fa50cf08000 rw-p 000fd000 08:02 2493160                    /usr/lib/libm-2.22.so
7fa50cf08000-7fa50db5b000 r-xp 00000000 08:02 4200503                    /usr/lib/jvm/java-8-openjdk/jre/lib/amd64/server/libjvm.so
7fa50db5b000-7fa50dd5a000 ---p 00c53000 08:02 4200503                    /usr/lib/jvm/java-8-openjdk/jre/lib/amd64/server/libjvm.so
7fa50dd5a000-7fa50de16000 rw-p 00c52000 08:02 4200503                    /usr/lib/jvm/java-8-openjdk/jre/lib/amd64/server/libjvm.so
7fa50de16000-7fa50de44000 rw-p 00000000 00:00 0 
7fa50de44000-7fa50dfdf000 r-xp 00000000 08:02 2493167                    /usr/lib/libc-2.22.so
7fa50dfdf000-7fa50e1de000 ---p 0019b000 08:02 2493167                    /usr/lib/libc-2.22.so
7fa50e1de000-7fa50e1e2000 r--p 0019a000 08:02 2493167                    /usr/lib/libc-2.22.so
7fa50e1e2000-7fa50e1e4000 rw-p 0019e000 08:02 2493167                    /usr/lib/libc-2.22.so
7fa50e1e4000-7fa50e1e8000 rw-p 00000000 00:00 0 
7fa50e1e8000-7fa50e1eb000 r-xp 00000000 08:02 2493135                    /usr/lib/libdl-2.22.so
7fa50e1eb000-7fa50e3ea000 ---p 00003000 08:02 2493135                    /usr/lib/libdl-2.22.so
7fa50e3ea000-7fa50e3eb000 r--p 00002000 08:02 2493135                    /usr/lib/libdl-2.22.so
7fa50e3eb000-7fa50e3ec000 rw-p 00003000 08:02 2493135                    /usr/lib/libdl-2.22.so
7fa50e3ec000-7fa50e3f9000 r-xp 00000000 08:02 4200500                    /usr/lib/jvm/java-8-openjdk/jre/lib/amd64/jli/libjli.so
7fa50e3f9000-7fa50e5f8000 ---p 0000d000 08:02 4200500                    /usr/lib/jvm/java-8-openjdk/jre/lib/amd64/jli/libjli.so
7fa50e5f8000-7fa50e5f9000 rw-p 0000c000 08:02 4200500                    /usr/lib/jvm/java-8-openjdk/jre/lib/amd64/jli/libjli.so
7fa50e5f9000-7fa50e60e000 r-xp 00000000 08:02 2496806                    /usr/lib/libz.so.1.2.8
7fa50e60e000-7fa50e80d000 ---p 00015000 08:02 2496806                    /usr/lib/libz.so.1.2.8
7fa50e80d000-7fa50e80e000 r--p 00014000 08:02 2496806                    /usr/lib/libz.so.1.2.8
7fa50e80e000-7fa50e80f000 rw-p 00015000 08:02 2496806                    /usr/lib/libz.so.1.2.8
7fa50e80f000-7fa50e827000 r-xp 00000000 08:02 2493176                    /usr/lib/libpthread-2.22.so
7fa50e827000-7fa50ea26000 ---p 00018000 08:02 2493176                    /usr/lib/libpthread-2.22.so
7fa50ea26000-7fa50ea27000 r--p 00017000 08:02 2493176                    /usr/lib/libpthread-2.22.so
7fa50ea27000-7fa50ea28000 rw-p 00018000 08:02 2493176                    /usr/lib/libpthread-2.22.so
7fa50ea28000-7fa50ea2c000 rw-p 00000000 00:00 0 
7fa50ea2c000-7fa50ea4e000 r-xp 00000000 08:02 2493132                    /usr/lib/ld-2.22.so
7fa50ea4e000-7fa50ea50000 rw-p 00000000 00:00 0 
7fa50ea50000-7fa50ea52000 r--s 00000000 08:02 2361394                    /var/cache/fontconfig/699564f050ff7e0f9dae359f33bc56a5-le64.cache-4
7fa50ea52000-7fa50eb1d000 rw-p 00000000 00:00 0 
7fa50eb1d000-7fa50eb20000 ---p 00000000 00:00 0 
7fa50eb20000-7fa50ec23000 rw-p 00000000 00:00 0                          [stack:17191]
7fa50ec23000-7fa50ec2b000 r--s 00049000 08:12 35914996                   /home/gaieepo/.m2/repository/backport-util-concurrent/backport-util-concurrent/3.1/backport-util-concurrent-3.1.jar
7fa50ec2b000-7fa50ec30000 r--s 00041000 08:12 35914994                   /home/gaieepo/.m2/repository/commons-lang/commons-lang/2.6/commons-lang-2.6.jar
7fa50ec30000-7fa50ec32000 r--s 00010000 08:12 35914992                   /home/gaieepo/.m2/repository/commons-codec/commons-codec/1.5/commons-codec-1.5.jar
7fa50ec32000-7fa50ec34000 r--s 0000d000 08:12 35914990                   /home/gaieepo/.m2/repository/commons-logging/commons-logging/1.1.1/commons-logging-1.1.1.jar
7fa50ec34000-7fa50ec37000 r--s 00026000 08:12 35914986                   /home/gaieepo/.m2/repository/org/antlr/antlr-runtime/3.5.2/antlr-runtime-3.5.2.jar
7fa50ec37000-7fa50ec3d000 r--s 00090000 08:12 35914984                   /home/gaieepo/.m2/repository/com/joestelmach/natty/0.10.1/natty-0.10.1.jar
7fa50ec3d000-7fa50ec42000 r--s 0002f000 08:12 35914982                   /home/gaieepo/.m2/repository/com/google/code/gson/gson/2.3.1/gson-2.3.1.jar
7fa50ec42000-7fa50ec4a000 rw-s 00000000 00:23 238066                     /tmp/hsperfdata_gaieepo/17185
7fa50ec4a000-7fa50ec4b000 rw-p 00000000 00:00 0 
7fa50ec4b000-7fa50ec4c000 r--p 00000000 00:00 0 
7fa50ec4c000-7fa50ec4d000 rw-p 00000000 00:00 0 
7fa50ec4d000-7fa50ec4e000 r--p 00021000 08:02 2493132                    /usr/lib/ld-2.22.so
7fa50ec4e000-7fa50ec4f000 rw-p 00022000 08:02 2493132                    /usr/lib/ld-2.22.so
7fa50ec4f000-7fa50ec50000 rw-p 00000000 00:00 0 
7ffe7e71d000-7ffe7e73e000 rw-p 00000000 00:00 0                          [stack]
7ffe7e753000-7ffe7e755000 r--p 00000000 00:00 0                          [vvar]
7ffe7e755000-7ffe7e757000 r-xp 00000000 00:00 0                          [vdso]
ffffffffff600000-ffffffffff601000 r-xp 00000000 00:00 0                  [vsyscall]

VM Arguments:
jvm_args: -agentlib:jdwp=transport=dt_socket,suspend=y,address=localhost:34962 -Dfile.encoding=UTF-8 
java_command: main.MainApp
java_class_path (initial): /home/gaieepo/cs2103t/Finia/target/classes:/home/gaieepo/.m2/repository/com/google/code/gson/gson/2.3.1/gson-2.3.1.jar:/home/gaieepo/.m2/repository/com/joestelmach/natty/0.10.1/natty-0.10.1.jar:/home/gaieepo/.m2/repository/org/antlr/antlr-runtime/3.5.2/antlr-runtime-3.5.2.jar:/home/gaieepo/.m2/repository/org/mnode/ical4j/ical4j/1.0.2/ical4j-1.0.2.jar:/home/gaieepo/.m2/repository/commons-logging/commons-logging/1.1.1/commons-logging-1.1.1.jar:/home/gaieepo/.m2/repository/commons-codec/commons-codec/1.5/commons-codec-1.5.jar:/home/gaieepo/.m2/repository/commons-lang/commons-lang/2.6/commons-lang-2.6.jar:/home/gaieepo/.m2/repository/backport-util-concurrent/backport-util-concurrent/3.1/backport-util-concurrent-3.1.jar
Launcher Type: SUN_STANDARD

Environment Variables:
PATH=/usr/local/sbin:/usr/local/bin:/usr/bin:/usr/lib/jvm/default/bin:/usr/bin/site_perl:/usr/bin/vendor_perl:/usr/bin/core_perl
SHELL=/bin/bash
DISPLAY=:0

Signal Handlers:
SIGSEGV: [libjvm.so+0xa581a0], sa_mask[0]=11111111011111111101111111111110, sa_flags=SA_RESTART|SA_SIGINFO
SIGBUS: [libjvm.so+0xa581a0], sa_mask[0]=11111111011111111101111111111110, sa_flags=SA_RESTART|SA_SIGINFO
SIGFPE: [libjvm.so+0x8a4420], sa_mask[0]=11111111011111111101111111111110, sa_flags=SA_RESTART|SA_SIGINFO
SIGPIPE: SIG_IGN, sa_mask[0]=00000000000010000000000000000000, sa_flags=SA_RESTART
SIGXFSZ: [libjvm.so+0x8a4420], sa_mask[0]=11111111011111111101111111111110, sa_flags=SA_RESTART|SA_SIGINFO
SIGILL: [libjvm.so+0x8a4420], sa_mask[0]=11111111011111111101111111111110, sa_flags=SA_RESTART|SA_SIGINFO
SIGUSR1: SIG_DFL, sa_mask[0]=00000000000000000000000000000000, sa_flags=none
SIGUSR2: [libjvm.so+0x8a42d0], sa_mask[0]=00100000000000000000000000000000, sa_flags=SA_RESTART|SA_SIGINFO
SIGHUP: [libjvm.so+0x8a47a0], sa_mask[0]=11111111011111111101111111111110, sa_flags=SA_RESTART|SA_SIGINFO
SIGINT: [libjvm.so+0x8a47a0], sa_mask[0]=11111111011111111101111111111110, sa_flags=SA_RESTART|SA_SIGINFO
SIGTERM: [libjvm.so+0x8a47a0], sa_mask[0]=11111111011111111101111111111110, sa_flags=SA_RESTART|SA_SIGINFO
SIGQUIT: [libjvm.so+0x8a47a0], sa_mask[0]=11111111011111111101111111111110, sa_flags=SA_RESTART|SA_SIGINFO


---------------  S Y S T E M  ---------------

OS:LSB_VERSION=1.4
DISTRIB_ID=Arch
DISTRIB_RELEASE=rolling
DISTRIB_DESCRIPTION="Arch Linux"

uname:Linux 4.1.5-1-ARCH #1 SMP PREEMPT Tue Aug 11 15:41:14 CEST 2015 x86_64
libc:glibc 2.22 NPTL 2.22 
rlimit: STACK 8192k, CORE 0k, NPROC 30826, NOFILE 4096, AS infinity
load average:0.46 0.30 0.35

/proc/meminfo:
MemTotal:        8121692 kB
MemFree:         3544992 kB
MemAvailable:    5185012 kB
Buffers:           99144 kB
Cached:          1486088 kB
SwapCached:            0 kB
Active:          3397848 kB
Inactive:         913400 kB
Active(anon):    2726992 kB
Inactive(anon):     5172 kB
Active(file):     670856 kB
Inactive(file):   908228 kB
Unevictable:           0 kB
Mlocked:               0 kB
SwapTotal:      13630460 kB
SwapFree:       13630460 kB
Dirty:               692 kB
Writeback:             0 kB
AnonPages:       2727860 kB
Mapped:           456024 kB
Shmem:              6156 kB
Slab:             137148 kB
SReclaimable:     103380 kB
SUnreclaim:        33768 kB
KernelStack:        8320 kB
PageTables:        32532 kB
NFS_Unstable:          0 kB
Bounce:                0 kB
WritebackTmp:          0 kB
CommitLimit:    17691304 kB
Committed_AS:    5596124 kB
VmallocTotal:   34359738367 kB
VmallocUsed:      147780 kB
VmallocChunk:   34359537660 kB
HardwareCorrupted:     0 kB
AnonHugePages:   1644544 kB
HugePages_Total:       0
HugePages_Free:        0
HugePages_Rsvd:        0
HugePages_Surp:        0
Hugepagesize:       2048 kB
DirectMap4k:      130184 kB
DirectMap2M:     6103040 kB
DirectMap1G:     3145728 kB


CPU:total 8 (4 cores per cpu, 2 threads per core) family 6 model 60 stepping 3, cmov, cx8, fxsr, mmx, sse, sse2, sse3, ssse3, sse4.1, sse4.2, popcnt, avx, avx2, aes, clmul, erms, rtm, lzcnt, ht, tsc, tscinvbit, bmi1, bmi2

/proc/cpuinfo:
processor	: 0
vendor_id	: GenuineIntel
cpu family	: 6
model		: 60
model name	: Intel(R) Xeon(R) CPU E3-1231 v3 @ 3.40GHz
stepping	: 3
microcode	: 0x19
cpu MHz		: 3599.882
cache size	: 8192 KB
physical id	: 0
siblings	: 8
core id		: 0
cpu cores	: 4
apicid		: 0
initial apicid	: 0
fpu		: yes
fpu_exception	: yes
cpuid level	: 13
wp		: yes
flags		: fpu vme de pse tsc msr pae mce cx8 apic sep mtrr pge mca cmov pat pse36 clflush dts acpi mmx fxsr sse sse2 ss ht tm pbe syscall nx pdpe1gb rdtscp lm constant_tsc arch_perfmon pebs bts rep_good nopl xtopology nonstop_tsc aperfmperf eagerfpu pni pclmulqdq dtes64 monitor ds_cpl vmx smx est tm2 ssse3 fma cx16 xtpr pdcm pcid sse4_1 sse4_2 x2apic movbe popcnt tsc_deadline_timer aes xsave avx f16c rdrand lahf_lm abm ida arat epb pln pts dtherm tpr_shadow vnmi flexpriority ept vpid fsgsbase tsc_adjust bmi1 hle avx2 smep bmi2 erms invpcid rtm xsaveopt
bugs		:
bogomips	: 6787.31
clflush size	: 64
cache_alignment	: 64
address sizes	: 39 bits physical, 48 bits virtual
power management:

processor	: 1
vendor_id	: GenuineIntel
cpu family	: 6
model		: 60
model name	: Intel(R) Xeon(R) CPU E3-1231 v3 @ 3.40GHz
stepping	: 3
microcode	: 0x19
cpu MHz		: 3599.882
cache size	: 8192 KB
physical id	: 0
siblings	: 8
core id		: 1
cpu cores	: 4
apicid		: 2
initial apicid	: 2
fpu		: yes
fpu_exception	: yes
cpuid level	: 13
wp		: yes
flags		: fpu vme de pse tsc msr pae mce cx8 apic sep mtrr pge mca cmov pat pse36 clflush dts acpi mmx fxsr sse sse2 ss ht tm pbe syscall nx pdpe1gb rdtscp lm constant_tsc arch_perfmon pebs bts rep_good nopl xtopology nonstop_tsc aperfmperf eagerfpu pni pclmulqdq dtes64 monitor ds_cpl vmx smx est tm2 ssse3 fma cx16 xtpr pdcm pcid sse4_1 sse4_2 x2apic movbe popcnt tsc_deadline_timer aes xsave avx f16c rdrand lahf_lm abm ida arat epb pln pts dtherm tpr_shadow vnmi flexpriority ept vpid fsgsbase tsc_adjust bmi1 hle avx2 smep bmi2 erms invpcid rtm xsaveopt
bugs		:
bogomips	: 6787.31
clflush size	: 64
cache_alignment	: 64
address sizes	: 39 bits physical, 48 bits virtual
power management:

processor	: 2
vendor_id	: GenuineIntel
cpu family	: 6
model		: 60
model name	: Intel(R) Xeon(R) CPU E3-1231 v3 @ 3.40GHz
stepping	: 3
microcode	: 0x19
cpu MHz		: 3600.812
cache size	: 8192 KB
physical id	: 0
siblings	: 8
core id		: 2
cpu cores	: 4
apicid		: 4
initial apicid	: 4
fpu		: yes
fpu_exception	: yes
cpuid level	: 13
wp		: yes
flags		: fpu vme de pse tsc msr pae mce cx8 apic sep mtrr pge mca cmov pat pse36 clflush dts acpi mmx fxsr sse sse2 ss ht tm pbe syscall nx pdpe1gb rdtscp lm constant_tsc arch_perfmon pebs bts rep_good nopl xtopology nonstop_tsc aperfmperf eagerfpu pni pclmulqdq dtes64 monitor ds_cpl vmx smx est tm2 ssse3 fma cx16 xtpr pdcm pcid sse4_1 sse4_2 x2apic movbe popcnt tsc_deadline_timer aes xsave avx f16c rdrand lahf_lm abm ida arat epb pln pts dtherm tpr_shadow vnmi flexpriority ept vpid fsgsbase tsc_adjust bmi1 hle avx2 smep bmi2 erms invpcid rtm xsaveopt
bugs		:
bogomips	: 6787.31
clflush size	: 64
cache_alignment	: 64
address sizes	: 39 bits physical, 48 bits virtual
power management:

processor	: 3
vendor_id	: GenuineIntel
cpu family	: 6
model		: 60
model name	: Intel(R) Xeon(R) CPU E3-1231 v3 @ 3.40GHz
stepping	: 3
microcode	: 0x19
cpu MHz		: 3599.882
cache size	: 8192 KB
physical id	: 0
siblings	: 8
core id		: 3
cpu cores	: 4
apicid		: 6
initial apicid	: 6
fpu		: yes
fpu_exception	: yes
cpuid level	: 13
wp		: yes
flags		: fpu vme de pse tsc msr pae mce cx8 apic sep mtrr pge mca cmov pat pse36 clflush dts acpi mmx fxsr sse sse2 ss ht tm pbe syscall nx pdpe1gb rdtscp lm constant_tsc arch_perfmon pebs bts rep_good nopl xtopology nonstop_tsc aperfmperf eagerfpu pni pclmulqdq dtes64 monitor ds_cpl vmx smx est tm2 ssse3 fma cx16 xtpr pdcm pcid sse4_1 sse4_2 x2apic movbe popcnt tsc_deadline_timer aes xsave avx f16c rdrand lahf_lm abm ida arat epb pln pts dtherm tpr_shadow vnmi flexpriority ept vpid fsgsbase tsc_adjust bmi1 hle avx2 smep bmi2 erms invpcid rtm xsaveopt
bugs		:
bogomips	: 6787.31
clflush size	: 64
cache_alignment	: 64
address sizes	: 39 bits physical, 48 bits virtual
power management:

processor	: 4
vendor_id	: GenuineIntel
cpu family	: 6
model		: 60
model name	: Intel(R) Xeon(R) CPU E3-1231 v3 @ 3.40GHz
stepping	: 3
microcode	: 0x19
cpu MHz		: 3600.812
cache size	: 8192 KB
physical id	: 0
siblings	: 8
core id		: 0
cpu cores	: 4
apicid		: 1
initial apicid	: 1
fpu		: yes
fpu_exception	: yes
cpuid level	: 13
wp		: yes
flags		: fpu vme de pse tsc msr pae mce cx8 apic sep mtrr pge mca cmov pat pse36 clflush dts acpi mmx fxsr sse sse2 ss ht tm pbe syscall nx pdpe1gb rdtscp lm constant_tsc arch_perfmon pebs bts rep_good nopl xtopology nonstop_tsc aperfmperf eagerfpu pni pclmulqdq dtes64 monitor ds_cpl vmx smx est tm2 ssse3 fma cx16 xtpr pdcm pcid sse4_1 sse4_2 x2apic movbe popcnt tsc_deadline_timer aes xsave avx f16c rdrand lahf_lm abm ida arat epb pln pts dtherm tpr_shadow vnmi flexpriority ept vpid fsgsbase tsc_adjust bmi1 hle avx2 smep bmi2 erms invpcid rtm xsaveopt
bugs		:
bogomips	: 6787.31
clflush size	: 64
cache_alignment	: 64
address sizes	: 39 bits physical, 48 bits virtual
power management:

processor	: 5
vendor_id	: GenuineIntel
cpu family	: 6
model		: 60
model name	: Intel(R) Xeon(R) CPU E3-1231 v3 @ 3.40GHz
stepping	: 3
microcode	: 0x19
cpu MHz		: 3599.882
cache size	: 8192 KB
physical id	: 0
siblings	: 8
core id		: 1
cpu cores	: 4
apicid		: 3
initial apicid	: 3
fpu		: yes
fpu_exception	: yes
cpuid level	: 13
wp		: yes
flags		: fpu vme de pse tsc msr pae mce cx8 apic sep mtrr pge mca cmov pat pse36 clflush dts acpi mmx fxsr sse sse2 ss ht tm pbe syscall nx pdpe1gb rdtscp lm constant_tsc arch_perfmon pebs bts rep_good nopl xtopology nonstop_tsc aperfmperf eagerfpu pni pclmulqdq dtes64 monitor ds_cpl vmx smx est tm2 ssse3 fma cx16 xtpr pdcm pcid sse4_1 sse4_2 x2apic movbe popcnt tsc_deadline_timer aes xsave avx f16c rdrand lahf_lm abm ida arat epb pln pts dtherm tpr_shadow vnmi flexpriority ept vpid fsgsbase tsc_adjust bmi1 hle avx2 smep bmi2 erms invpcid rtm xsaveopt
bugs		:
bogomips	: 6787.31
clflush size	: 64
cache_alignment	: 64
address sizes	: 39 bits physical, 48 bits virtual
power management:

processor	: 6
vendor_id	: GenuineIntel
cpu family	: 6
model		: 60
model name	: Intel(R) Xeon(R) CPU E3-1231 v3 @ 3.40GHz
stepping	: 3
microcode	: 0x19
cpu MHz		: 3600.812
cache size	: 8192 KB
physical id	: 0
siblings	: 8
core id		: 2
cpu cores	: 4
apicid		: 5
initial apicid	: 5
fpu		: yes
fpu_exception	: yes
cpuid level	: 13
wp		: yes
flags		: fpu vme de pse tsc msr pae mce cx8 apic sep mtrr pge mca cmov pat pse36 clflush dts acpi mmx fxsr sse sse2 ss ht tm pbe syscall nx pdpe1gb rdtscp lm constant_tsc arch_perfmon pebs bts rep_good nopl xtopology nonstop_tsc aperfmperf eagerfpu pni pclmulqdq dtes64 monitor ds_cpl vmx smx est tm2 ssse3 fma cx16 xtpr pdcm pcid sse4_1 sse4_2 x2apic movbe popcnt tsc_deadline_timer aes xsave avx f16c rdrand lahf_lm abm ida arat epb pln pts dtherm tpr_shadow vnmi flexpriority ept vpid fsgsbase tsc_adjust bmi1 hle avx2 smep bmi2 erms invpcid rtm xsaveopt
bugs		:
bogomips	: 6787.31
clflush size	: 64
cache_alignment	: 64
address sizes	: 39 bits physical, 48 bits virtual
power management:

processor	: 7
vendor_id	: GenuineIntel
cpu family	: 6
model		: 60
model name	: Intel(R) Xeon(R) CPU E3-1231 v3 @ 3.40GHz
stepping	: 3
microcode	: 0x19
cpu MHz		: 3597.890
cache size	: 8192 KB
physical id	: 0
siblings	: 8
core id		: 3
cpu cores	: 4
apicid		: 7
initial apicid	: 7
fpu		: yes
fpu_exception	: yes
cpuid level	: 13
wp		: yes
flags		: fpu vme de pse tsc msr pae mce cx8 apic sep mtrr pge mca cmov pat pse36 clflush dts acpi mmx fxsr sse sse2 ss ht tm pbe syscall nx pdpe1gb rdtscp lm constant_tsc arch_perfmon pebs bts rep_good nopl xtopology nonstop_tsc aperfmperf eagerfpu pni pclmulqdq dtes64 monitor ds_cpl vmx smx est tm2 ssse3 fma cx16 xtpr pdcm pcid sse4_1 sse4_2 x2apic movbe popcnt tsc_deadline_timer aes xsave avx f16c rdrand lahf_lm abm ida arat epb pln pts dtherm tpr_shadow vnmi flexpriority ept vpid fsgsbase tsc_adjust bmi1 hle avx2 smep bmi2 erms invpcid rtm xsaveopt
bugs		:
bogomips	: 6787.31
clflush size	: 64
cache_alignment	: 64
address sizes	: 39 bits physical, 48 bits virtual
power management:



Memory: 4k page, physical 8121692k(3544992k free), swap 13630460k(13630460k free)

vm_info: OpenJDK 64-Bit Server VM (25.60-b23) for linux-amd64 JRE (1.8.0_60-b24), built on Aug 23 2015 18:39:15 by "builduser" with gcc 5.2.0

time: Sun Oct 11 13:26:59 2015
elapsed time: 3 seconds (0d 0h 0m 3s)

