#
# A fatal error has been detected by the Java Runtime Environment:
#
#  SIGSEGV (0xb) at pc=0x00007f1b5d6c096d, pid=18343, tid=139753234700032
#
# JRE version: OpenJDK Runtime Environment (8.0_60-b24) (build 1.8.0_60-b24)
# Java VM: OpenJDK 64-Bit Server VM (25.60-b23 mixed mode linux-amd64 compressed oops)
# Problematic frame:
# V  [libjvm.so+0x67696d]
#
# Failed to write core dump. Core dumps have been disabled. To enable core dumping, try "ulimit -c unlimited" before starting Java again
#
# If you would like to submit a bug report, please visit:
#   http://bugreport.java.com/bugreport/crash.jsp
#

---------------  T H R E A D  ---------------

Current thread (0x00007f1b58298800):  JavaThread "JavaFX Application Thread" [_thread_in_vm, id=18388, stack(0x00007f1ad5d91000,0x00007f1ad5e92000)]

siginfo: si_signo: 11 (SIGSEGV), si_code: 1 (SEGV_MAPERR), si_addr: 0x00000002e9890e70

Registers:
RAX=0x0000000000000039, RBX=0x00007f1b46e183e0, RCX=0x0000000000000003, RDX=0x00000002e9890b00
RSP=0x00007f1ad5e90270, RBP=0x00007f1ad5e903f0, RSI=0x00007f1b5df44000, RDI=0x00007f1b582981a0
R8 =0x0000000000000005, R9 =0x00007f1b58298800, R10=0x00007f1ac8000b50, R11=0x00007f1b48df9620
R12=0x00007f1ad5e90440, R13=0x00007f1b58298800, R14=0x00007f1b5df29038, R15=0x00007f1b582981f8
RIP=0x00007f1b5d6c096d, EFLAGS=0x0000000000010206, CSGSFS=0x002b000000000033, ERR=0x0000000000000004
  TRAPNO=0x000000000000000e

Top of Stack: (sp=0x00007f1ad5e90270)
0x00007f1ad5e90270:   0000000000000000 0000000000000000
0x00007f1ad5e90280:   00007f1ad5e902b0 000000000000000a
0x00007f1ad5e90290:   00007f1b0000000e 00007f1b582989e0
0x00007f1ad5e902a0:   00007f1ad5e902b0 00007f1ad5e90410
0x00007f1ad5e902b0:   00007f1b46e183e0 00007f1b58298800
0x00007f1ad5e902c0:   00007f1b46e183e0 00007f1b58298800
0x00007f1ad5e902d0:   00007f1b58298160 00007f1af4009030
0x00007f1ad5e902e0:   00007f1af4009040 00007f1af4009418
0x00007f1ad5e902f0:   00000000000003d8 00007f1ac8000b10
0x00007f1ad5e90300:   00007f1b46e183e0 00007f1b58298800
0x00007f1ad5e90310:   00000000d5e908f0 00007f1b48747b98
0x00007f1ad5e90320:   0000000000000000 00007f1ad5e90520
0x00007f1ad5e90330:   00007f1b46e183e0 00007f1b58298800
0x00007f1ad5e90340:   00007fffd55c4e41 0000000084289140
0x00007f1ad5e90350:   00007f1a0000006f 00007f1b0000000a
0x00007f1ad5e90360:   00000000d7d68ad8 00007f1a00000000
0x00007f1ad5e90370:   00007f1ad5e90500 00007f1b5d6c0ba1
0x00007f1ad5e90380:   00007f1b58249040 0000000100000117
0x00007f1ad5e90390:   000000005619f890 00007f1ad5e90348
0x00007f1ad5e903a0:   00007f1ad5e90389 0000000800000005
0x00007f1ad5e903b0:   00007f1ad5e90300 bd4d498effbcbc00
0x00007f1ad5e903c0:   00007f1b46e0c5d0 00007f1b58298800
0x00007f1ad5e903d0:   00007f1b582989e0 00007f1b5821fd90
0x00007f1ad5e903e0:   0000000100153d88 00007f1ad5e904d8
0x00007f1ad5e903f0:   00007f1ad5e904c0 00007f1b5d6c6816
0x00007f1ad5e90400:   00000000000003d8 00007f1ad5e90440
0x00007f1ad5e90410:   00007f1b0000000e bd4d498e00000000
0x00007f1ad5e90420:   00007f1b58298800 0000000000000000
0x00007f1ad5e90430:   0000000000000000 0000000004200003
0x00007f1ad5e90440:   00007f1b5dea8080 00007f1b5ebbb3e0
0x00007f1ad5e90450:   0000000058249040 00007f1a00000063
0x00007f1ad5e90460:   0000000000000000 0000003000000018 

Instructions: (pc=0x00007f1b5d6c096d)
0x00007f1b5d6c094d:   c3 66 90 83 f8 fe 0f 84 17 03 00 00 48 8d 15 69
0x00007f1b5d6c095d:   15 8a 00 80 3a 00 0f 85 57 02 00 00 49 8b 56 08
0x00007f1b5d6c096d:   48 8b 9c c2 a8 01 00 00 48 85 db 48 89 9d c0 fe
0x00007f1b5d6c097d:   ff ff 4c 89 ad c8 fe ff ff 74 22 4d 8b b5 28 01 

Register to memory mapping:

RAX=0x0000000000000039 is an unknown value
RBX={method} {0x00007f1b46e183e0} 'notifyKey' '(II[CI)V' in 'com/sun/glass/ui/View'
RCX=0x0000000000000003 is an unknown value
RDX=0x00000002e9890b00 is an unknown value
RSP=0x00007f1ad5e90270 is pointing into the stack for thread: 0x00007f1b58298800
RBP=0x00007f1ad5e903f0 is pointing into the stack for thread: 0x00007f1b58298800
RSI=0x00007f1b5df44000: <offset 0xefa000> in /usr/lib/jvm/java-8-openjdk/jre/lib/amd64/server/libjvm.so at 0x00007f1b5d04a000
RDI=0x00007f1b582981a0 is an unknown value
R8 =0x0000000000000005 is an unknown value
R9 =0x00007f1b58298800 is a thread
R10=0x00007f1ac8000b50 is an unknown value
R11=0x00007f1b48df9620 is at entry_point+32 in (nmethod*)0x00007f1b48df9490
R12=0x00007f1ad5e90440 is pointing into the stack for thread: 0x00007f1b58298800
R13=0x00007f1b58298800 is a thread
R14=0x00007f1b5df29038: <offset 0xedf038> in /usr/lib/jvm/java-8-openjdk/jre/lib/amd64/server/libjvm.so at 0x00007f1b5d04a000
R15=0x00007f1b582981f8 is an unknown value


Stack: [0x00007f1ad5d91000,0x00007f1ad5e92000],  sp=0x00007f1ad5e90270,  free space=1020k
Native frames: (J=compiled Java code, j=interpreted, Vv=VM code, C=native code)
V  [libjvm.so+0x67696d]
V  [libjvm.so+0x67c816]
C  [libglass.so+0x12cb1]  JNIEnv_::CallVoidMethod(_jobject*, _jmethodID*, ...)+0x81
C  [libglass.so+0x1edc5]  WindowContextBase::process_key(_GdkEventKey*)+0x1f5
C  [libglass.so+0x13ed0]  WindowContextBase::im_filter_keypress(_GdkEventKey*)+0x1c0
C  [libglass.so+0x1374c]
C  [libgdk-x11-2.0.so.0+0x5b2cc]

Java frames: (J=compiled Java code, j=interpreted, Vv=VM code)
j  com.sun.glass.ui.gtk.GtkApplication._runLoop(Ljava/lang/Runnable;Z)V+0
j  com.sun.glass.ui.gtk.GtkApplication.lambda$null$48(Ljava/lang/Runnable;Z)V+7
j  com.sun.glass.ui.gtk.GtkApplication$$Lambda$42.run()V+12
j  java.lang.Thread.run()V+11
v  ~StubRoutines::call_stub

---------------  P R O C E S S  ---------------

Java Threads: ( => current thread )
  0x00007f1ac9973000 JavaThread "Prism Font Disposer" daemon [_thread_blocked, id=18391, stack(0x00007f1ad4d87000,0x00007f1ad4e88000)]
  0x00007f1b5829c800 JavaThread "JavaFX-Launcher" [_thread_blocked, id=18389, stack(0x00007f1ad5c90000,0x00007f1ad5d91000)]
=>0x00007f1b58298800 JavaThread "JavaFX Application Thread" [_thread_in_vm, id=18388, stack(0x00007f1ad5d91000,0x00007f1ad5e92000)]
  0x00007f1b58294800 JavaThread "Thread-1" daemon [_thread_blocked, id=18387, stack(0x00007f1b2c0c7000,0x00007f1b2c1c8000)]
  0x00007f1b58202000 JavaThread "QuantumRenderer-0" daemon [_thread_blocked, id=18378, stack(0x00007f1b2fbfc000,0x00007f1b2fcfd000)]
  0x00007f1b580e4800 JavaThread "Service Thread" daemon [_thread_blocked, id=18375, stack(0x00007f1b2fdfe000,0x00007f1b2feff000)]
  0x00007f1b580d7000 JavaThread "C1 CompilerThread3" daemon [_thread_in_native, id=18374, stack(0x00007f1b2feff000,0x00007f1b30000000)]
  0x00007f1b580d5000 JavaThread "C2 CompilerThread2" daemon [_thread_in_native, id=18373, stack(0x00007f1b340ff000,0x00007f1b34200000)]
  0x00007f1b580d3000 JavaThread "C2 CompilerThread1" daemon [_thread_in_native, id=18372, stack(0x00007f1b44003000,0x00007f1b44104000)]
  0x00007f1b580d0000 JavaThread "C2 CompilerThread0" daemon [_thread_in_native, id=18371, stack(0x00007f1b44104000,0x00007f1b44205000)]
  0x00007f1b00001000 JavaThread "JDWP Command Reader" daemon [_thread_in_native, id=18368, stack(0x00007f1b44205000,0x00007f1b44306000)]
  0x00007f1b580ce000 JavaThread "JDWP Event Helper Thread" daemon [_thread_blocked, id=18366, stack(0x00007f1b44306000,0x00007f1b44407000)]
  0x00007f1b580ca800 JavaThread "JDWP Transport Listener: dt_socket" daemon [_thread_blocked, id=18364, stack(0x00007f1b44407000,0x00007f1b44508000)]
  0x00007f1b580be000 JavaThread "Signal Dispatcher" daemon [_thread_blocked, id=18362, stack(0x00007f1b4470c000,0x00007f1b4480d000)]
  0x00007f1b58087800 JavaThread "Finalizer" daemon [_thread_blocked, id=18361, stack(0x00007f1b4480d000,0x00007f1b4490e000)]
  0x00007f1b58085800 JavaThread "Reference Handler" daemon [_thread_blocked, id=18360, stack(0x00007f1b4490e000,0x00007f1b44a0f000)]
  0x00007f1b5800b000 JavaThread "main" [_thread_blocked, id=18349, stack(0x00007f1b5ec5f000,0x00007f1b5ed60000)]

Other Threads:
  0x00007f1b58080800 VMThread [stack: 0x00007f1b44a0f000,0x00007f1b44b10000] [id=18359]
  0x00007f1b580e7000 WatcherThread [stack: 0x00007f1b2fcfd000,0x00007f1b2fdfe000] [id=18376]

VM state:not at safepoint (normal execution)

VM Mutex/Monitor currently owned by a thread: None

Heap:
 PSYoungGen      total 68608K, used 27853K [0x00000000d6b00000, 0x00000000df100000, 0x0000000100000000)
  eden space 63488K, 43% used [0x00000000d6b00000,0x00000000d8633740,0x00000000da900000)
  from space 5120K, 0% used [0x00000000da900000,0x00000000da900000,0x00000000dae00000)
  to   space 5120K, 0% used [0x00000000dec00000,0x00000000dec00000,0x00000000df100000)
 ParOldGen       total 51200K, used 6775K [0x0000000084000000, 0x0000000087200000, 0x00000000d6b00000)
  object space 51200K, 13% used [0x0000000084000000,0x000000008469dd80,0x0000000087200000)
 Metaspace       used 22227K, capacity 23269K, committed 23552K, reserved 1069056K
  class space    used 2763K, capacity 2992K, committed 3072K, reserved 1048576K

Card table byte_map: [0x00007f1b47f8a000,0x00007f1b4836b000] byte_map_base: 0x00007f1b47b6a000

Marking Bits: (ParMarkBitMap*) 0x00007f1b5df6b7e0
 Begin Bits: [0x00007f1b34200000, 0x00007f1b36100000)
 End Bits:   [0x00007f1b36100000, 0x00007f1b38000000)

Polling page: 0x00007f1b5ed8d000

CodeCache: size=245760Kb used=8144Kb max_used=8144Kb free=237615Kb
 bounds [0x00007f1b4872b000, 0x00007f1b48f2b000, 0x00007f1b5772b000]
 total_blobs=3101 nmethods=2496 adapters=527
 compilation: enabled

Compilation events (10 events):
Event: 3.848 Thread 0x00007f1b580d7000 nmethod 2503 0x00007f1b48f1d490 code [0x00007f1b48f1d7a0, 0x00007f1b48f1f848]
Event: 3.848 Thread 0x00007f1b580d7000 2500       3       javafx.beans.property.ReadOnlyObjectWrapper::<init> (5 bytes)
Event: 3.849 Thread 0x00007f1b580d7000 nmethod 2500 0x00007f1b48f0f290 code [0x00007f1b48f0f420, 0x00007f1b48f0f8b0]
Event: 3.849 Thread 0x00007f1b580d7000 2501       3       javafx.beans.property.SimpleObjectProperty::<init> (10 bytes)
Event: 3.849 Thread 0x00007f1b580d7000 nmethod 2501 0x00007f1b48f20390 code [0x00007f1b48f20520, 0x00007f1b48f20950]
Event: 3.849 Thread 0x00007f1b580d7000 2505       3       com.sun.javafx.text.PrismTextLayout::setContent (85 bytes)
Event: 3.850 Thread 0x00007f1b580d7000 nmethod 2505 0x00007f1b48f20bd0 code [0x00007f1b48f20e00, 0x00007f1b48f21be8]
Event: 3.850 Thread 0x00007f1b580d7000 2508       3       java.util.AbstractCollection::toArray (70 bytes)
Event: 3.851 Thread 0x00007f1b580d7000 nmethod 2508 0x00007f1b48f22290 code [0x00007f1b48f224a0, 0x00007f1b48f22e28]
Event: 3.851 Thread 0x00007f1b580d7000 2510       3       javafx.scene.CssStyleHelper::lookupFont (1206 bytes)

GC Heap History (8 events):
Event: 0.698 GC heap before
{Heap before GC invocations=1 (full 0):
 PSYoungGen      total 36864K, used 31744K [0x00000000d6b00000, 0x00000000d9400000, 0x0000000100000000)
  eden space 31744K, 100% used [0x00000000d6b00000,0x00000000d8a00000,0x00000000d8a00000)
  from space 5120K, 0% used [0x00000000d8f00000,0x00000000d8f00000,0x00000000d9400000)
  to   space 5120K, 0% used [0x00000000d8a00000,0x00000000d8a00000,0x00000000d8f00000)
 ParOldGen       total 84992K, used 0K [0x0000000084000000, 0x0000000089300000, 0x00000000d6b00000)
  object space 84992K, 0% used [0x0000000084000000,0x0000000084000000,0x0000000089300000)
 Metaspace       used 10897K, capacity 11368K, committed 11520K, reserved 1058816K
  class space    used 1302K, capacity 1432K, committed 1536K, reserved 1048576K
Event: 0.710 GC heap after
Heap after GC invocations=1 (full 0):
 PSYoungGen      total 36864K, used 5111K [0x00000000d6b00000, 0x00000000db300000, 0x0000000100000000)
  eden space 31744K, 0% used [0x00000000d6b00000,0x00000000d6b00000,0x00000000d8a00000)
  from space 5120K, 99% used [0x00000000d8a00000,0x00000000d8efdf58,0x00000000d8f00000)
  to   space 5120K, 0% used [0x00000000dae00000,0x00000000dae00000,0x00000000db300000)
 ParOldGen       total 84992K, used 1419K [0x0000000084000000, 0x0000000089300000, 0x00000000d6b00000)
  object space 84992K, 1% used [0x0000000084000000,0x0000000084162e50,0x0000000089300000)
 Metaspace       used 10897K, capacity 11368K, committed 11520K, reserved 1058816K
  class space    used 1302K, capacity 1432K, committed 1536K, reserved 1048576K
}
Event: 1.608 GC heap before
{Heap before GC invocations=2 (full 0):
 PSYoungGen      total 36864K, used 36855K [0x00000000d6b00000, 0x00000000db300000, 0x0000000100000000)
  eden space 31744K, 100% used [0x00000000d6b00000,0x00000000d8a00000,0x00000000d8a00000)
  from space 5120K, 99% used [0x00000000d8a00000,0x00000000d8efdf58,0x00000000d8f00000)
  to   space 5120K, 0% used [0x00000000dae00000,0x00000000dae00000,0x00000000db300000)
 ParOldGen       total 84992K, used 1419K [0x0000000084000000, 0x0000000089300000, 0x00000000d6b00000)
  object space 84992K, 1% used [0x0000000084000000,0x0000000084162e50,0x0000000089300000)
 Metaspace       used 19486K, capacity 20107K, committed 20352K, reserved 1067008K
  class space    used 2403K, capacity 2575K, committed 2688K, reserved 1048576K
Event: 1.619 GC heap after
Heap after GC invocations=2 (full 0):
 PSYoungGen      total 68608K, used 5111K [0x00000000d6b00000, 0x00000000db300000, 0x0000000100000000)
  eden space 63488K, 0% used [0x00000000d6b00000,0x00000000d6b00000,0x00000000da900000)
  from space 5120K, 99% used [0x00000000dae00000,0x00000000db2fdcb0,0x00000000db300000)
  to   space 5120K, 0% used [0x00000000da900000,0x00000000da900000,0x00000000dae00000)
 ParOldGen       total 84992K, used 6378K [0x0000000084000000, 0x0000000089300000, 0x00000000d6b00000)
  object space 84992K, 7% used [0x0000000084000000,0x000000008463aaf0,0x0000000089300000)
 Metaspace       used 19486K, capacity 20107K, committed 20352K, reserved 1067008K
  class space    used 2403K, capacity 2575K, committed 2688K, reserved 1048576K
}
Event: 1.665 GC heap before
{Heap before GC invocations=3 (full 0):
 PSYoungGen      total 68608K, used 8991K [0x00000000d6b00000, 0x00000000db300000, 0x0000000100000000)
  eden space 63488K, 6% used [0x00000000d6b00000,0x00000000d6eca008,0x00000000da900000)
  from space 5120K, 99% used [0x00000000dae00000,0x00000000db2fdcb0,0x00000000db300000)
  to   space 5120K, 0% used [0x00000000da900000,0x00000000da900000,0x00000000dae00000)
 ParOldGen       total 84992K, used 6378K [0x0000000084000000, 0x0000000089300000, 0x00000000d6b00000)
  object space 84992K, 7% used [0x0000000084000000,0x000000008463aaf0,0x0000000089300000)
 Metaspace       used 20424K, capacity 21219K, committed 21248K, reserved 1067008K
  class space    used 2582K, capacity 2805K, committed 2816K, reserved 1048576K
Event: 1.674 GC heap after
Heap after GC invocations=3 (full 0):
 PSYoungGen      total 68608K, used 5113K [0x00000000d6b00000, 0x00000000df100000, 0x0000000100000000)
  eden space 63488K, 0% used [0x00000000d6b00000,0x00000000d6b00000,0x00000000da900000)
  from space 5120K, 99% used [0x00000000da900000,0x00000000dadfe710,0x00000000dae00000)
  to   space 5120K, 0% used [0x00000000dec00000,0x00000000dec00000,0x00000000df100000)
 ParOldGen       total 84992K, used 7135K [0x0000000084000000, 0x0000000089300000, 0x00000000d6b00000)
  object space 84992K, 8% used [0x0000000084000000,0x00000000846f7f60,0x0000000089300000)
 Metaspace       used 20424K, capacity 21219K, committed 21248K, reserved 1067008K
  class space    used 2582K, capacity 2805K, committed 2816K, reserved 1048576K
}
Event: 1.674 GC heap before
{Heap before GC invocations=4 (full 1):
 PSYoungGen      total 68608K, used 5113K [0x00000000d6b00000, 0x00000000df100000, 0x0000000100000000)
  eden space 63488K, 0% used [0x00000000d6b00000,0x00000000d6b00000,0x00000000da900000)
  from space 5120K, 99% used [0x00000000da900000,0x00000000dadfe710,0x00000000dae00000)
  to   space 5120K, 0% used [0x00000000dec00000,0x00000000dec00000,0x00000000df100000)
 ParOldGen       total 84992K, used 7135K [0x0000000084000000, 0x0000000089300000, 0x00000000d6b00000)
  object space 84992K, 8% used [0x0000000084000000,0x00000000846f7f60,0x0000000089300000)
 Metaspace       used 20424K, capacity 21219K, committed 21248K, reserved 1067008K
  class space    used 2582K, capacity 2805K, committed 2816K, reserved 1048576K
Event: 1.699 GC heap after
Heap after GC invocations=4 (full 1):
 PSYoungGen      total 68608K, used 0K [0x00000000d6b00000, 0x00000000df100000, 0x0000000100000000)
  eden space 63488K, 0% used [0x00000000d6b00000,0x00000000d6b00000,0x00000000da900000)
  from space 5120K, 0% used [0x00000000da900000,0x00000000da900000,0x00000000dae00000)
  to   space 5120K, 0% used [0x00000000dec00000,0x00000000dec00000,0x00000000df100000)
 ParOldGen       total 51200K, used 6775K [0x0000000084000000, 0x0000000087200000, 0x00000000d6b00000)
  object space 51200K, 13% used [0x0000000084000000,0x000000008469dd80,0x0000000087200000)
 Metaspace       used 20424K, capacity 21219K, committed 21248K, reserved 1067008K
  class space    used 2582K, capacity 2805K, committed 2816K, reserved 1048576K
}

Deoptimization events (10 events):
Event: 1.782 Thread 0x00007f1b58298800 Uncommon trap: reason=array_check action=maybe_recompile pc=0x00007f1b48cf028c method=com.sun.javafx.css.SimpleSelector.applies(Ljavafx/css/Styleable;[Ljava/util/Set;I)Z @ 37
Event: 1.782 Thread 0x00007f1b58298800 Uncommon trap: reason=array_check action=maybe_recompile pc=0x00007f1b48cf028c method=com.sun.javafx.css.SimpleSelector.applies(Ljavafx/css/Styleable;[Ljava/util/Set;I)Z @ 37
Event: 1.782 Thread 0x00007f1b58298800 Uncommon trap: reason=array_check action=maybe_recompile pc=0x00007f1b48cf028c method=com.sun.javafx.css.SimpleSelector.applies(Ljavafx/css/Styleable;[Ljava/util/Set;I)Z @ 37
Event: 1.883 Thread 0x00007f1b58298800 Uncommon trap: reason=unstable_if action=reinterpret pc=0x00007f1b48b66820 method=jdk.internal.org.objectweb.asm.Type.getArgumentsAndReturnSizes(Ljava/lang/String;)I @ 47
Event: 3.188 Thread 0x00007f1b58298800 Uncommon trap: reason=unstable_if action=reinterpret pc=0x00007f1b48e21038 method=javafx.scene.Node.updateBounds()V @ 27
Event: 3.780 Thread 0x00007f1b58298800 Uncommon trap: reason=null_check action=make_not_entrant pc=0x00007f1b48eb35f0 method=javafx.fxml.FXMLLoader$SupportedType$2.methodIsOfType(Ljava/lang/reflect/Method;)Z @ 17
Event: 3.784 Thread 0x00007f1b58298800 Uncommon trap: reason=null_check action=make_not_entrant pc=0x00007f1b48eb458c method=javafx.fxml.FXMLLoader$SupportedType$6.methodIsOfType(Ljava/lang/reflect/Method;)Z @ 17
Event: 3.800 Thread 0x00007f1b58298800 Uncommon trap: reason=array_check action=maybe_recompile pc=0x00007f1b48d85240 method=com.sun.javafx.css.SimpleSelector.applies(Ljavafx/css/Styleable;[Ljava/util/Set;I)Z @ 37
Event: 3.802 Thread 0x00007f1b58298800 Uncommon trap: reason=unstable_if action=reinterpret pc=0x00007f1b48d2db48 method=javafx.scene.CssStyleHelper.getStyle(Ljavafx/css/Styleable;Ljava/lang/String;Lcom/sun/javafx/css/StyleMap;Ljava/util/Set;)Lcom/sun/javafx/css/CascadingStyle; @ 8
Event: 3.825 Thread 0x00007f1b58298800 Uncommon trap: reason=unstable_if action=reinterpret pc=0x00007f1b48b7409c method=java.util.concurrent.ConcurrentHashMap.putVal(Ljava/lang/Object;Ljava/lang/Object;Z)Ljava/lang/Object; @ 181

Internal exceptions (10 events):
Event: 1.467 Thread 0x00007f1b58298800 Exception <a 'java/io/FileNotFoundException'> (0x00000000d80f6f40) thrown at [/build/java8-openjdk/src/jdk8u-jdk8u60-b24/hotspot/src/share/vm/prims/jni.cpp, line 709]
Event: 1.571 Thread 0x00007f1b58298800 Implicit null exception at 0x00007f1b48a48154 to 0x00007f1b48a484ad
Event: 1.769 Thread 0x00007f1b58298800 Implicit null exception at 0x00007f1b48cdaf4e to 0x00007f1b48cdc671
Event: 3.794 Thread 0x00007f1b58298800 Exception <a 'java/io/FileNotFoundException'> (0x00000000d82fa8d8) thrown at [/build/java8-openjdk/src/jdk8u-jdk8u60-b24/hotspot/src/share/vm/prims/jni.cpp, line 709]
Event: 3.823 Thread 0x00007f1b58298800 Exception <a 'java/lang/ClassCastException': java.lang.String cannot be cast to javafx.css.ParsedValue> (0x00000000d8433838) thrown at [/build/java8-openjdk/src/jdk8u-jdk8u60-b24/hotspot/src/share/vm/interpreter/interpreterRuntime.cpp, line 381]
Event: 3.832 Thread 0x00007f1b58298800 Exception <a 'java/lang/ClassCastException': java.lang.String cannot be cast to javafx.css.ParsedValue> (0x00000000d8450878) thrown at [/build/java8-openjdk/src/jdk8u-jdk8u60-b24/hotspot/src/share/vm/interpreter/interpreterRuntime.cpp, line 381]
Event: 3.834 Thread 0x00007f1b58298800 Exception <a 'java/lang/ClassCastException': java.lang.String cannot be cast to javafx.css.ParsedValue> (0x00000000d845a6e0) thrown at [/build/java8-openjdk/src/jdk8u-jdk8u60-b24/hotspot/src/share/vm/interpreter/interpreterRuntime.cpp, line 381]
Event: 3.837 Thread 0x00007f1b58298800 Exception <a 'java/lang/ClassCastException': java.lang.String cannot be cast to javafx.css.ParsedValue> (0x00000000d8467df8) thrown at [/build/java8-openjdk/src/jdk8u-jdk8u60-b24/hotspot/src/share/vm/interpreter/interpreterRuntime.cpp, line 381]
Event: 3.838 Thread 0x00007f1b58298800 Exception <a 'java/lang/ClassCastException': java.lang.String cannot be cast to javafx.css.ParsedValue> (0x00000000d8471a58) thrown at [/build/java8-openjdk/src/jdk8u-jdk8u60-b24/hotspot/src/share/vm/interpreter/interpreterRuntime.cpp, line 381]
Event: 3.840 Thread 0x00007f1b58298800 Exception <a 'java/lang/ClassCastException': java.lang.String cannot be cast to javafx.css.ParsedValue> (0x00000000d847f140) thrown at [/build/java8-openjdk/src/jdk8u-jdk8u60-b24/hotspot/src/share/vm/interpreter/interpreterRuntime.cpp, line 381]

Events (10 events):
Event: 3.828 loading class java/util/Calendar$Builder
Event: 3.828 loading class java/util/Calendar$Builder done
Event: 3.828 loading class java/text/DateFormatSymbols
Event: 3.828 loading class java/text/DateFormatSymbols done
Event: 3.829 loading class sun/util/locale/provider/DateFormatSymbolsProviderImpl
Event: 3.829 loading class sun/util/locale/provider/DateFormatSymbolsProviderImpl done
Event: 3.830 loading class java/util/ComparableTimSort
Event: 3.830 loading class java/util/ComparableTimSort done
Event: 3.855 loading class com/sun/javafx/scene/KeyboardShortcutsHandler$1
Event: 3.855 loading class com/sun/javafx/scene/KeyboardShortcutsHandler$1 done


Dynamic libraries:
00400000-00401000 r-xp 00000000 08:02 3159409                            /usr/lib/jvm/java-8-openjdk/jre/bin/java
00600000-00601000 rw-p 00000000 08:02 3159409                            /usr/lib/jvm/java-8-openjdk/jre/bin/java
00a07000-00a28000 rw-p 00000000 00:00 0                                  [heap]
84000000-87200000 rw-p 00000000 00:00 0 
87200000-d6b00000 ---p 00000000 00:00 0 
d6b00000-df100000 rw-p 00000000 00:00 0 
df100000-100000000 ---p 00000000 00:00 0 
100000000-100300000 rw-p 00000000 00:00 0 
100300000-140000000 ---p 00000000 00:00 0 
7f1ac0000000-7f1ac0021000 rw-p 00000000 00:00 0 
7f1ac0021000-7f1ac4000000 ---p 00000000 00:00 0 
7f1ac8000000-7f1ac9acd000 rw-p 00000000 00:00 0 
7f1ac9acd000-7f1acc000000 ---p 00000000 00:00 0 
7f1acc000000-7f1acc021000 rw-p 00000000 00:00 0 
7f1acc021000-7f1ad0000000 ---p 00000000 00:00 0 
7f1ad0000000-7f1ad0021000 rw-p 00000000 00:00 0 
7f1ad0021000-7f1ad4000000 ---p 00000000 00:00 0 
7f1ad4141000-7f1ad4151000 r-xp 00000000 08:02 3418981                    /usr/lib/jvm/java-8-openjdk/jre/lib/amd64/libdecora_sse.so
7f1ad4151000-7f1ad4350000 ---p 00010000 08:02 3418981                    /usr/lib/jvm/java-8-openjdk/jre/lib/amd64/libdecora_sse.so
7f1ad4350000-7f1ad4351000 rw-p 0000f000 08:02 3418981                    /usr/lib/jvm/java-8-openjdk/jre/lib/amd64/libdecora_sse.so
7f1ad4351000-7f1ad4444000 r-xp 00000000 08:02 2515921                    /usr/lib/libasound.so.2.0.0
7f1ad4444000-7f1ad4643000 ---p 000f3000 08:02 2515921                    /usr/lib/libasound.so.2.0.0
7f1ad4643000-7f1ad464a000 r--p 000f2000 08:02 2515921                    /usr/lib/libasound.so.2.0.0
7f1ad464a000-7f1ad464c000 rw-p 000f9000 08:02 2515921                    /usr/lib/libasound.so.2.0.0
7f1ad464c000-7f1ad4650000 r-xp 00000000 08:02 2633623                    /usr/lib/libcanberra-0.30/libcanberra-alsa.so
7f1ad4650000-7f1ad484f000 ---p 00004000 08:02 2633623                    /usr/lib/libcanberra-0.30/libcanberra-alsa.so
7f1ad484f000-7f1ad4850000 r--p 00003000 08:02 2633623                    /usr/lib/libcanberra-0.30/libcanberra-alsa.so
7f1ad4850000-7f1ad4851000 rw-p 00004000 08:02 2633623                    /usr/lib/libcanberra-0.30/libcanberra-alsa.so
7f1ad4851000-7f1ad48b1000 rw-s 00000000 00:05 1466630154                 /SYSV00000000 (deleted)
7f1ad4a42000-7f1ad4add000 r--p 00000000 08:02 3017465                    /usr/share/fonts/TTF/DejaVuSans-BoldOblique.ttf
7f1ad4add000-7f1ad4cdd000 rw-p 00000000 00:00 0 
7f1ad4cdd000-7f1ad4d87000 r--p 00000000 08:02 3017464                    /usr/share/fonts/TTF/DejaVuSans-Bold.ttf
7f1ad4d87000-7f1ad4d8a000 ---p 00000000 00:00 0 
7f1ad4d8a000-7f1ad5088000 rw-p 00000000 00:00 0                          [stack:18391]
7f1ad5088000-7f1ad508d000 r-xp 00000000 08:02 3419596                    /usr/lib/jvm/java-8-openjdk/jre/lib/amd64/libjavafx_font_freetype.so
7f1ad508d000-7f1ad528c000 ---p 00005000 08:02 3419596                    /usr/lib/jvm/java-8-openjdk/jre/lib/amd64/libjavafx_font_freetype.so
7f1ad528c000-7f1ad528d000 rw-p 00004000 08:02 3419596                    /usr/lib/jvm/java-8-openjdk/jre/lib/amd64/libjavafx_font_freetype.so
7f1ad528d000-7f1ad5290000 r-xp 00000000 08:02 3419595                    /usr/lib/jvm/java-8-openjdk/jre/lib/amd64/libjavafx_font.so
7f1ad5290000-7f1ad548f000 ---p 00003000 08:02 3419595                    /usr/lib/jvm/java-8-openjdk/jre/lib/amd64/libjavafx_font.so
7f1ad548f000-7f1ad5490000 rw-p 00002000 08:02 3419595                    /usr/lib/jvm/java-8-openjdk/jre/lib/amd64/libjavafx_font.so
7f1ad5490000-7f1ad5690000 rw-p 00000000 00:00 0 
7f1ad5690000-7f1ad5890000 rw-p 00000000 00:00 0 
7f1ad5890000-7f1ad5a90000 rw-p 00000000 00:00 0 
7f1ad5a90000-7f1ad5c90000 rw-p 00000000 00:00 0 
7f1ad5c90000-7f1ad5c93000 ---p 00000000 00:00 0 
7f1ad5c93000-7f1ad5d91000 rw-p 00000000 00:00 0                          [stack:18389]
7f1ad5d91000-7f1ad5d94000 ---p 00000000 00:00 0 
7f1ad5d94000-7f1ad5e92000 rw-p 00000000 00:00 0                          [stack:18388]
7f1ad5e92000-7f1ad5e98000 r-xp 00000000 08:02 2515928                    /usr/lib/libogg.so.0.8.2
7f1ad5e98000-7f1ad6097000 ---p 00006000 08:02 2515928                    /usr/lib/libogg.so.0.8.2
7f1ad6097000-7f1ad6098000 r--p 00005000 08:02 2515928                    /usr/lib/libogg.so.0.8.2
7f1ad6098000-7f1ad6099000 rw-p 00006000 08:02 2515928                    /usr/lib/libogg.so.0.8.2
7f1ad6099000-7f1ad60c4000 r-xp 00000000 08:02 2515946                    /usr/lib/libvorbis.so.0.4.8
7f1ad60c4000-7f1ad62c4000 ---p 0002b000 08:02 2515946                    /usr/lib/libvorbis.so.0.4.8
7f1ad62c4000-7f1ad62c5000 r--p 0002b000 08:02 2515946                    /usr/lib/libvorbis.so.0.4.8
7f1ad62c5000-7f1ad62c6000 rw-p 0002c000 08:02 2515946                    /usr/lib/libvorbis.so.0.4.8
7f1ad62c6000-7f1ad62cf000 r-xp 00000000 08:02 2511041                    /usr/lib/libltdl.so.7.3.1
7f1ad62cf000-7f1ad64ce000 ---p 00009000 08:02 2511041                    /usr/lib/libltdl.so.7.3.1
7f1ad64ce000-7f1ad64cf000 r--p 00008000 08:02 2511041                    /usr/lib/libltdl.so.7.3.1
7f1ad64cf000-7f1ad64d0000 rw-p 00009000 08:02 2511041                    /usr/lib/libltdl.so.7.3.1
7f1ad64d0000-7f1ad64e4000 r-xp 00000000 08:02 2522771                    /usr/lib/libtdb.so.1.3.6
7f1ad64e4000-7f1ad66e3000 ---p 00014000 08:02 2522771                    /usr/lib/libtdb.so.1.3.6
7f1ad66e3000-7f1ad66e4000 r--p 00013000 08:02 2522771                    /usr/lib/libtdb.so.1.3.6
7f1ad66e4000-7f1ad66e5000 rw-p 00014000 08:02 2522771                    /usr/lib/libtdb.so.1.3.6
7f1ad66e5000-7f1ad66ed000 r-xp 00000000 08:02 2515950                    /usr/lib/libvorbisfile.so.3.3.7
7f1ad66ed000-7f1ad68ec000 ---p 00008000 08:02 2515950                    /usr/lib/libvorbisfile.so.3.3.7
7f1ad68ec000-7f1ad68ed000 r--p 00007000 08:02 2515950                    /usr/lib/libvorbisfile.so.3.3.7
7f1ad68ed000-7f1ad68ee000 rw-p 00008000 08:02 2515950                    /usr/lib/libvorbisfile.so.3.3.7
7f1ad68ee000-7f1ad68ff000 r-xp 00000000 08:02 2528314                    /usr/lib/libcanberra.so.0.2.5
7f1ad68ff000-7f1ad6afe000 ---p 00011000 08:02 2528314                    /usr/lib/libcanberra.so.0.2.5
7f1ad6afe000-7f1ad6aff000 r--p 00010000 08:02 2528314                    /usr/lib/libcanberra.so.0.2.5
7f1ad6aff000-7f1ad6b00000 rw-p 00011000 08:02 2528314                    /usr/lib/libcanberra.so.0.2.5
7f1ad6b00000-7f1ad6b04000 r-xp 00000000 08:02 2528316                    /usr/lib/libcanberra-gtk.so.0.1.9
7f1ad6b04000-7f1ad6d03000 ---p 00004000 08:02 2528316                    /usr/lib/libcanberra-gtk.so.0.1.9
7f1ad6d03000-7f1ad6d04000 r--p 00003000 08:02 2528316                    /usr/lib/libcanberra-gtk.so.0.1.9
7f1ad6d04000-7f1ad6d05000 rw-p 00004000 08:02 2528316                    /usr/lib/libcanberra-gtk.so.0.1.9
7f1ad6d05000-7f1ad6d0a000 r-xp 00000000 08:02 2633626                    /usr/lib/gtk-2.0/modules/libcanberra-gtk-module.so
7f1ad6d0a000-7f1ad6f09000 ---p 00005000 08:02 2633626                    /usr/lib/gtk-2.0/modules/libcanberra-gtk-module.so
7f1ad6f09000-7f1ad6f0a000 r--p 00004000 08:02 2633626                    /usr/lib/gtk-2.0/modules/libcanberra-gtk-module.so
7f1ad6f0a000-7f1ad6f0b000 rw-p 00005000 08:02 2633626                    /usr/lib/gtk-2.0/modules/libcanberra-gtk-module.so
7f1ad6f0b000-7f1ad6f33000 r-xp 00000000 08:02 3419558                    /usr/lib/jvm/java-8-openjdk/jre/lib/amd64/libglass.so
7f1ad6f33000-7f1ad7132000 ---p 00028000 08:02 3419558                    /usr/lib/jvm/java-8-openjdk/jre/lib/amd64/libglass.so
7f1ad7132000-7f1ad7135000 rw-p 00027000 08:02 3419558                    /usr/lib/jvm/java-8-openjdk/jre/lib/amd64/libglass.so
7f1ad7135000-7f1ad7144000 r-xp 00000000 08:02 3419603                    /usr/lib/jvm/java-8-openjdk/jre/lib/amd64/libprism_sw.so
7f1ad7144000-7f1ad7344000 ---p 0000f000 08:02 3419603                    /usr/lib/jvm/java-8-openjdk/jre/lib/amd64/libprism_sw.so
7f1ad7344000-7f1ad7345000 rw-p 0000f000 08:02 3419603                    /usr/lib/jvm/java-8-openjdk/jre/lib/amd64/libprism_sw.so
7f1ad7345000-7f1ad7349000 r-xp 00000000 08:02 2515166                    /usr/lib/libtxc_dxtn.so
7f1ad7349000-7f1ad7548000 ---p 00004000 08:02 2515166                    /usr/lib/libtxc_dxtn.so
7f1ad7548000-7f1ad7549000 r--p 00003000 08:02 2515166                    /usr/lib/libtxc_dxtn.so
7f1ad7549000-7f1ad754a000 rw-p 00004000 08:02 2515166                    /usr/lib/libtxc_dxtn.so
7f1ad754a000-7f1ad754b000 ---p 00000000 00:00 0 
7f1ad754b000-7f1ad7d4b000 rw-p 00000000 00:00 0                          [stack:18386]
7f1ad7d4b000-7f1ad7d4c000 ---p 00000000 00:00 0 
7f1ad7d4c000-7f1ad854c000 rw-p 00000000 00:00 0                          [stack:18385]
7f1ad854c000-7f1ad854d000 ---p 00000000 00:00 0 
7f1ad854d000-7f1ad8d4d000 rw-p 00000000 00:00 0                          [stack:18384]
7f1ad8d4d000-7f1ad8d4e000 ---p 00000000 00:00 0 
7f1ad8d4e000-7f1ad954e000 rw-p 00000000 00:00 0                          [stack:18383]
7f1ad954e000-7f1ad954f000 ---p 00000000 00:00 0 
7f1ad954f000-7f1ad9d4f000 rw-p 00000000 00:00 0                          [stack:18382]
7f1ad9d4f000-7f1ad9d50000 ---p 00000000 00:00 0 
7f1ad9d50000-7f1ada550000 rw-p 00000000 00:00 0                          [stack:18381]
7f1ada550000-7f1ada551000 ---p 00000000 00:00 0 
7f1ada551000-7f1adad51000 rw-p 00000000 00:00 0                          [stack:18380]
7f1adad51000-7f1adad52000 ---p 00000000 00:00 0 
7f1adad52000-7f1adb552000 rw-p 00000000 00:00 0                          [stack:18379]
7f1adb552000-7f1adb5b1000 r-xp 00000000 08:02 2493972                    /usr/lib/libncursesw.so.5.9
7f1adb5b1000-7f1adb7b1000 ---p 0005f000 08:02 2493972                    /usr/lib/libncursesw.so.5.9
7f1adb7b1000-7f1adb7b5000 r--p 0005f000 08:02 2493972                    /usr/lib/libncursesw.so.5.9
7f1adb7b5000-7f1adb7b7000 rw-p 00063000 08:02 2493972                    /usr/lib/libncursesw.so.5.9
7f1adb7b7000-7f1adb7ed000 r-xp 00000000 08:02 2515194                    /usr/lib/libedit.so.0.0.53
7f1adb7ed000-7f1adb9ed000 ---p 00036000 08:02 2515194                    /usr/lib/libedit.so.0.0.53
7f1adb9ed000-7f1adb9ef000 r--p 00036000 08:02 2515194                    /usr/lib/libedit.so.0.0.53
7f1adb9ef000-7f1adb9f0000 rw-p 00038000 08:02 2515194                    /usr/lib/libedit.so.0.0.53
7f1adb9f0000-7f1adb9f4000 rw-p 00000000 00:00 0 
7f1adb9f4000-7f1add737000 r-xp 00000000 08:02 2515198                    /usr/lib/libLLVM-3.6.so
7f1add737000-7f1add936000 ---p 01d43000 08:02 2515198                    /usr/lib/libLLVM-3.6.so
7f1add936000-7f1addb4b000 r--p 01d42000 08:02 2515198                    /usr/lib/libLLVM-3.6.so
7f1addb4b000-7f1addb65000 rw-p 01f57000 08:02 2515198                    /usr/lib/libLLVM-3.6.so
7f1addb65000-7f1addb7a000 rw-p 00000000 00:00 0 
7f1addb7a000-7f1addb8f000 r-xp 00000000 08:02 2515097                    /usr/lib/libelf-0.163.so
7f1addb8f000-7f1addd8e000 ---p 00015000 08:02 2515097                    /usr/lib/libelf-0.163.so
7f1addd8e000-7f1addd8f000 r--p 00014000 08:02 2515097                    /usr/lib/libelf-0.163.so
7f1addd8f000-7f1addd90000 rw-p 00015000 08:02 2515097                    /usr/lib/libelf-0.163.so
7f1addd90000-7f1addd9b000 r-xp 00000000 08:02 2511303                    /usr/lib/libdrm_radeon.so.1.0.1
7f1addd9b000-7f1addf9a000 ---p 0000b000 08:02 2511303                    /usr/lib/libdrm_radeon.so.1.0.1
7f1addf9a000-7f1addf9b000 r--p 0000a000 08:02 2511303                    /usr/lib/libdrm_radeon.so.1.0.1
7f1addf9b000-7f1addf9c000 rw-p 0000b000 08:02 2511303                    /usr/lib/libdrm_radeon.so.1.0.1
7f1addf9c000-7f1addfa2000 r-xp 00000000 08:02 2511302                    /usr/lib/libdrm_nouveau.so.2.0.0
7f1addfa2000-7f1ade1a1000 ---p 00006000 08:02 2511302                    /usr/lib/libdrm_nouveau.so.2.0.0
7f1ade1a1000-7f1ade1a2000 r--p 00005000 08:02 2511302                    /usr/lib/libdrm_nouveau.so.2.0.0
7f1ade1a2000-7f1ade1a3000 rw-p 00006000 08:02 2511302                    /usr/lib/libdrm_nouveau.so.2.0.0
7f1ade1a3000-7f1ade93e000 r-xp 00000000 08:02 3018262                    /usr/lib/xorg/modules/dri/swrast_dri.so
7f1ade93e000-7f1adeb3e000 ---p 0079b000 08:02 3018262                    /usr/lib/xorg/modules/dri/swrast_dri.so
7f1adeb3e000-7f1adeb94000 r--p 0079b000 08:02 3018262                    /usr/lib/xorg/modules/dri/swrast_dri.so
7f1adeb94000-7f1adeb9d000 rw-p 007f1000 08:02 3018262                    /usr/lib/xorg/modules/dri/swrast_dri.so
7f1adeb9d000-7f1aded82000 rw-p 00000000 00:00 0 
7f1aded82000-7f1aded87000 r-xp 00000000 08:02 2511229                    /usr/lib/libXdmcp.so.6.0.0
7f1aded87000-7f1adef86000 ---p 00005000 08:02 2511229                    /usr/lib/libXdmcp.so.6.0.0
7f1adef86000-7f1adef87000 r--p 00004000 08:02 2511229                    /usr/lib/libXdmcp.so.6.0.0
7f1adef87000-7f1adef88000 rw-p 00005000 08:02 2511229                    /usr/lib/libXdmcp.so.6.0.0
7f1adef88000-7f1adef8a000 r-xp 00000000 08:02 2511317                    /usr/lib/libXau.so.6.0.0
7f1adef8a000-7f1adf18a000 ---p 00002000 08:02 2511317                    /usr/lib/libXau.so.6.0.0
7f1adf18a000-7f1adf18b000 r--p 00002000 08:02 2511317                    /usr/lib/libXau.so.6.0.0
7f1adf18b000-7f1adf18c000 rw-p 00003000 08:02 2511317                    /usr/lib/libXau.so.6.0.0
7f1adf18c000-7f1adf19b000 r-xp 00000000 08:02 2514872                    /usr/lib/libwayland-server.so.0.1.0
7f1adf19b000-7f1adf39b000 ---p 0000f000 08:02 2514872                    /usr/lib/libwayland-server.so.0.1.0
7f1adf39b000-7f1adf39d000 r--p 0000f000 08:02 2514872                    /usr/lib/libwayland-server.so.0.1.0
7f1adf39d000-7f1adf39e000 rw-p 00011000 08:02 2514872                    /usr/lib/libwayland-server.so.0.1.0
7f1adf39e000-7f1adf3aa000 r-xp 00000000 08:02 2514873                    /usr/lib/libwayland-client.so.0.3.0
7f1adf3aa000-7f1adf5a9000 ---p 0000c000 08:02 2514873                    /usr/lib/libwayland-client.so.0.3.0
7f1adf5a9000-7f1adf5ab000 r--p 0000b000 08:02 2514873                    /usr/lib/libwayland-client.so.0.3.0
7f1adf5ab000-7f1adf5ac000 rw-p 0000d000 08:02 2514873                    /usr/lib/libwayland-client.so.0.3.0
7f1adf5ac000-7f1adf5b8000 r-xp 00000000 08:02 2515217                    /usr/lib/libgbm.so.1.0.0
7f1adf5b8000-7f1adf7b8000 ---p 0000c000 08:02 2515217                    /usr/lib/libgbm.so.1.0.0
7f1adf7b8000-7f1adf7b9000 r--p 0000c000 08:02 2515217                    /usr/lib/libgbm.so.1.0.0
7f1adf7b9000-7f1adf7ba000 rw-p 0000d000 08:02 2515217                    /usr/lib/libgbm.so.1.0.0
7f1adf7ba000-7f1adf7e5000 r-xp 00000000 08:02 2511252                    /usr/lib/libgraphite2.so.3.0.1
7f1adf7e5000-7f1adf9e5000 ---p 0002b000 08:02 2511252                    /usr/lib/libgraphite2.so.3.0.1
7f1adf9e5000-7f1adf9e7000 r--p 0002b000 08:02 2511252                    /usr/lib/libgraphite2.so.3.0.1
7f1adf9e7000-7f1adf9e8000 rw-p 0002d000 08:02 2511252                    /usr/lib/libgraphite2.so.3.0.1
7f1adf9e8000-7f1adf9f5000 r-xp 00000000 08:02 2511299                    /usr/lib/libdrm.so.2.4.0
7f1adf9f5000-7f1adfbf4000 ---p 0000d000 08:02 2511299                    /usr/lib/libdrm.so.2.4.0
7f1adfbf4000-7f1adfbf5000 r--p 0000c000 08:02 2511299                    /usr/lib/libdrm.so.2.4.0
7f1adfbf5000-7f1adfbf6000 rw-p 0000d000 08:02 2511299                    /usr/lib/libdrm.so.2.4.0
7f1adfbf6000-7f1adfbf7000 r-xp 00000000 08:02 2514863                    /usr/lib/libxshmfence.so.1.0.0
7f1adfbf7000-7f1adfdf7000 ---p 00001000 08:02 2514863                    /usr/lib/libxshmfence.so.1.0.0
7f1adfdf7000-7f1adfdf8000 r--p 00001000 08:02 2514863                    /usr/lib/libxshmfence.so.1.0.0
7f1adfdf8000-7f1adfdf9000 rw-p 00002000 08:02 2514863                    /usr/lib/libxshmfence.so.1.0.0
7f1adfdf9000-7f1adfdfe000 r-xp 00000000 08:02 2513672                    /usr/lib/libxcb-sync.so.1.0.0
7f1adfdfe000-7f1adfffe000 ---p 00005000 08:02 2513672                    /usr/lib/libxcb-sync.so.1.0.0
7f1adfffe000-7f1adffff000 r--p 00005000 08:02 2513672                    /usr/lib/libxcb-sync.so.1.0.0
7f1adffff000-7f1ae0000000 rw-p 00006000 08:02 2513672                    /usr/lib/libxcb-sync.so.1.0.0
7f1ae0000000-7f1ae0021000 rw-p 00000000 00:00 0 
7f1ae0021000-7f1ae4000000 ---p 00000000 00:00 0 
7f1ae4000000-7f1ae43e3000 rw-p 00000000 00:00 0 
7f1ae43e3000-7f1ae8000000 ---p 00000000 00:00 0 
7f1ae8000000-7f1ae8350000 rw-p 00000000 00:00 0 
7f1ae8350000-7f1aec000000 ---p 00000000 00:00 0 
7f1aec000000-7f1aec021000 rw-p 00000000 00:00 0 
7f1aec021000-7f1af0000000 ---p 00000000 00:00 0 
7f1af0000000-7f1af04b8000 rw-p 00000000 00:00 0 
7f1af04b8000-7f1af4000000 ---p 00000000 00:00 0 
7f1af4000000-7f1af433c000 rw-p 00000000 00:00 0 
7f1af433c000-7f1af8000000 ---p 00000000 00:00 0 
7f1af8000000-7f1af8021000 rw-p 00000000 00:00 0 
7f1af8021000-7f1afc000000 ---p 00000000 00:00 0 
7f1afc000000-7f1afc6a3000 rw-p 00000000 00:00 0 
7f1afc6a3000-7f1b00000000 ---p 00000000 00:00 0 
7f1b00000000-7f1b00021000 rw-p 00000000 00:00 0 
7f1b00021000-7f1b04000000 ---p 00000000 00:00 0 
7f1b04000000-7f1b04021000 rw-p 00000000 00:00 0 
7f1b04021000-7f1b08000000 ---p 00000000 00:00 0 
7f1b08000000-7f1b08021000 rw-p 00000000 00:00 0 
7f1b08021000-7f1b0c000000 ---p 00000000 00:00 0 
7f1b0c000000-7f1b0c021000 rw-p 00000000 00:00 0 
7f1b0c021000-7f1b10000000 ---p 00000000 00:00 0 
7f1b10000000-7f1b10021000 rw-p 00000000 00:00 0 
7f1b10021000-7f1b14000000 ---p 00000000 00:00 0 
7f1b14000000-7f1b14021000 rw-p 00000000 00:00 0 
7f1b14021000-7f1b18000000 ---p 00000000 00:00 0 
7f1b18000000-7f1b18021000 rw-p 00000000 00:00 0 
7f1b18021000-7f1b1c000000 ---p 00000000 00:00 0 
7f1b1c000000-7f1b1c021000 rw-p 00000000 00:00 0 
7f1b1c021000-7f1b20000000 ---p 00000000 00:00 0 
7f1b20000000-7f1b20021000 rw-p 00000000 00:00 0 
7f1b20021000-7f1b24000000 ---p 00000000 00:00 0 
7f1b24027000-7f1b240dd000 r--p 00000000 08:02 3017468                    /usr/share/fonts/TTF/DejaVuSans.ttf
7f1b240dd000-7f1b240e0000 r-xp 00000000 08:02 2513641                    /usr/lib/libxcb-shape.so.0.0.0
7f1b240e0000-7f1b242df000 ---p 00003000 08:02 2513641                    /usr/lib/libxcb-shape.so.0.0.0
7f1b242df000-7f1b242e0000 r--p 00002000 08:02 2513641                    /usr/lib/libxcb-shape.so.0.0.0
7f1b242e0000-7f1b242e1000 rw-p 00003000 08:02 2513641                    /usr/lib/libxcb-shape.so.0.0.0
7f1b242e1000-7f1b242e7000 r-xp 00000000 08:02 2513623                    /usr/lib/libxcb-xfixes.so.0.0.0
7f1b242e7000-7f1b244e7000 ---p 00006000 08:02 2513623                    /usr/lib/libxcb-xfixes.so.0.0.0
7f1b244e7000-7f1b244e8000 r--p 00006000 08:02 2513623                    /usr/lib/libxcb-xfixes.so.0.0.0
7f1b244e8000-7f1b244e9000 rw-p 00007000 08:02 2513623                    /usr/lib/libxcb-xfixes.so.0.0.0
7f1b244e9000-7f1b244f6000 r-xp 00000000 08:02 2513680                    /usr/lib/libxcb-randr.so.0.1.0
7f1b244f6000-7f1b246f5000 ---p 0000d000 08:02 2513680                    /usr/lib/libxcb-randr.so.0.1.0
7f1b246f5000-7f1b246f6000 r--p 0000c000 08:02 2513680                    /usr/lib/libxcb-randr.so.0.1.0
7f1b246f6000-7f1b246f7000 rw-p 0000d000 08:02 2513680                    /usr/lib/libxcb-randr.so.0.1.0
7f1b246f7000-7f1b246f9000 r-xp 00000000 08:02 2513659                    /usr/lib/libxcb-present.so.0.0.0
7f1b246f9000-7f1b248f8000 ---p 00002000 08:02 2513659                    /usr/lib/libxcb-present.so.0.0.0
7f1b248f8000-7f1b248f9000 r--p 00001000 08:02 2513659                    /usr/lib/libxcb-present.so.0.0.0
7f1b248f9000-7f1b248fa000 rw-p 00002000 08:02 2513659                    /usr/lib/libxcb-present.so.0.0.0
7f1b248fa000-7f1b248fc000 r-xp 00000000 08:02 2513631                    /usr/lib/libxcb-dri3.so.0.0.0
7f1b248fc000-7f1b24afb000 ---p 00002000 08:02 2513631                    /usr/lib/libxcb-dri3.so.0.0.0
7f1b24afb000-7f1b24afc000 r--p 00001000 08:02 2513631                    /usr/lib/libxcb-dri3.so.0.0.0
7f1b24afc000-7f1b24afd000 rw-p 00002000 08:02 2513631                    /usr/lib/libxcb-dri3.so.0.0.0
7f1b24afd000-7f1b24b01000 r-xp 00000000 08:02 2513656                    /usr/lib/libxcb-dri2.so.0.0.0
7f1b24b01000-7f1b24d00000 ---p 00004000 08:02 2513656                    /usr/lib/libxcb-dri2.so.0.0.0
7f1b24d00000-7f1b24d01000 r--p 00003000 08:02 2513656                    /usr/lib/libxcb-dri2.so.0.0.0
7f1b24d01000-7f1b24d02000 rw-p 00004000 08:02 2513656                    /usr/lib/libxcb-dri2.so.0.0.0
7f1b24d02000-7f1b24d19000 r-xp 00000000 08:02 2513630                    /usr/lib/libxcb-glx.so.0.0.0
7f1b24d19000-7f1b24f19000 ---p 00017000 08:02 2513630                    /usr/lib/libxcb-glx.so.0.0.0
7f1b24f19000-7f1b24f1b000 r--p 00017000 08:02 2513630                    /usr/lib/libxcb-glx.so.0.0.0
7f1b24f1b000-7f1b24f1c000 rw-p 00019000 08:02 2513630                    /usr/lib/libxcb-glx.so.0.0.0
7f1b24f1c000-7f1b24f1d000 r-xp 00000000 08:02 2513726                    /usr/lib/libX11-xcb.so.1.0.0
7f1b24f1d000-7f1b2511c000 ---p 00001000 08:02 2513726                    /usr/lib/libX11-xcb.so.1.0.0
7f1b2511c000-7f1b2511d000 r--p 00000000 08:02 2513726                    /usr/lib/libX11-xcb.so.1.0.0
7f1b2511d000-7f1b2511e000 rw-p 00001000 08:02 2513726                    /usr/lib/libX11-xcb.so.1.0.0
7f1b2511e000-7f1b25146000 r-xp 00000000 08:02 2515218                    /usr/lib/libglapi.so.0.0.0
7f1b25146000-7f1b25346000 ---p 00028000 08:02 2515218                    /usr/lib/libglapi.so.0.0.0
7f1b25346000-7f1b2534a000 r--p 00028000 08:02 2515218                    /usr/lib/libglapi.so.0.0.0
7f1b2534a000-7f1b2534b000 rw-p 0002c000 08:02 2515218                    /usr/lib/libglapi.so.0.0.0
7f1b2534b000-7f1b2534c000 rw-p 00000000 00:00 0 
7f1b2534c000-7f1b2535b000 r-xp 00000000 08:02 2496645                    /usr/lib/libbz2.so.1.0.6
7f1b2535b000-7f1b2555a000 ---p 0000f000 08:02 2496645                    /usr/lib/libbz2.so.1.0.6
7f1b2555a000-7f1b2555c000 rw-p 0000e000 08:02 2496645                    /usr/lib/libbz2.so.1.0.6
7f1b2555c000-7f1b25583000 r-xp 00000000 08:02 2500511                    /usr/lib/libexpat.so.1.6.0
7f1b25583000-7f1b25782000 ---p 00027000 08:02 2500511                    /usr/lib/libexpat.so.1.6.0
7f1b25782000-7f1b25785000 r--p 00026000 08:02 2500511                    /usr/lib/libexpat.so.1.6.0
7f1b25785000-7f1b25786000 rw-p 00029000 08:02 2500511                    /usr/lib/libexpat.so.1.6.0
7f1b25786000-7f1b2579a000 r-xp 00000000 08:02 2493158                    /usr/lib/libresolv-2.22.so
7f1b2579a000-7f1b25999000 ---p 00014000 08:02 2493158                    /usr/lib/libresolv-2.22.so
7f1b25999000-7f1b2599a000 r--p 00013000 08:02 2493158                    /usr/lib/libresolv-2.22.so
7f1b2599a000-7f1b2599b000 rw-p 00014000 08:02 2493158                    /usr/lib/libresolv-2.22.so
7f1b2599b000-7f1b2599d000 rw-p 00000000 00:00 0 
7f1b2599d000-7f1b25a0b000 r-xp 00000000 08:02 2501596                    /usr/lib/libpcre.so.1.2.5
7f1b25a0b000-7f1b25c0b000 ---p 0006e000 08:02 2501596                    /usr/lib/libpcre.so.1.2.5
7f1b25c0b000-7f1b25c0c000 r--p 0006e000 08:02 2501596                    /usr/lib/libpcre.so.1.2.5
7f1b25c0c000-7f1b25c0d000 rw-p 0006f000 08:02 2501596                    /usr/lib/libpcre.so.1.2.5
7f1b25c0d000-7f1b25c15000 r-xp 00000000 08:02 2503287                    /usr/lib/libffi.so.6.0.4
7f1b25c15000-7f1b25e14000 ---p 00008000 08:02 2503287                    /usr/lib/libffi.so.6.0.4
7f1b25e14000-7f1b25e15000 r--p 00007000 08:02 2503287                    /usr/lib/libffi.so.6.0.4
7f1b25e15000-7f1b25e16000 rw-p 00008000 08:02 2503287                    /usr/lib/libffi.so.6.0.4
7f1b25e16000-7f1b25e37000 r-xp 00000000 08:02 2513644                    /usr/lib/libxcb.so.1.1.0
7f1b25e37000-7f1b26036000 ---p 00021000 08:02 2513644                    /usr/lib/libxcb.so.1.1.0
7f1b26036000-7f1b26037000 r--p 00020000 08:02 2513644                    /usr/lib/libxcb.so.1.1.0
7f1b26037000-7f1b26038000 rw-p 00021000 08:02 2513644                    /usr/lib/libxcb.so.1.1.0
7f1b26038000-7f1b26041000 r-xp 00000000 08:02 2513626                    /usr/lib/libxcb-render.so.0.0.0
7f1b26041000-7f1b26240000 ---p 00009000 08:02 2513626                    /usr/lib/libxcb-render.so.0.0.0
7f1b26240000-7f1b26241000 r--p 00008000 08:02 2513626                    /usr/lib/libxcb-render.so.0.0.0
7f1b26241000-7f1b26242000 rw-p 00009000 08:02 2513626                    /usr/lib/libxcb-render.so.0.0.0
7f1b26242000-7f1b26244000 r-xp 00000000 08:02 2513653                    /usr/lib/libxcb-shm.so.0.0.0
7f1b26244000-7f1b26444000 ---p 00002000 08:02 2513653                    /usr/lib/libxcb-shm.so.0.0.0
7f1b26444000-7f1b26445000 r--p 00002000 08:02 2513653                    /usr/lib/libxcb-shm.so.0.0.0
7f1b26445000-7f1b26446000 rw-p 00003000 08:02 2513653                    /usr/lib/libxcb-shm.so.0.0.0
7f1b26446000-7f1b2647a000 r-xp 00000000 08:02 2511236                    /usr/lib/libpng16.so.16.18.0
7f1b2647a000-7f1b26679000 ---p 00034000 08:02 2511236                    /usr/lib/libpng16.so.16.18.0
7f1b26679000-7f1b2667a000 r--p 00033000 08:02 2511236                    /usr/lib/libpng16.so.16.18.0
7f1b2667a000-7f1b2667b000 rw-p 00034000 08:02 2511236                    /usr/lib/libpng16.so.16.18.0
7f1b2667b000-7f1b266a0000 r-xp 00000000 08:02 3018254                    /usr/lib/mesa/libEGL.so.1.0.0
7f1b266a0000-7f1b268a0000 ---p 00025000 08:02 3018254                    /usr/lib/mesa/libEGL.so.1.0.0
7f1b268a0000-7f1b268a1000 r--p 00025000 08:02 3018254                    /usr/lib/mesa/libEGL.so.1.0.0
7f1b268a1000-7f1b268a2000 rw-p 00026000 08:02 3018254                    /usr/lib/mesa/libEGL.so.1.0.0
7f1b268a2000-7f1b26947000 r-xp 00000000 08:02 2511314                    /usr/lib/libpixman-1.so.0.32.6
7f1b26947000-7f1b26b46000 ---p 000a5000 08:02 2511314                    /usr/lib/libpixman-1.so.0.32.6
7f1b26b46000-7f1b26b4e000 r--p 000a4000 08:02 2511314                    /usr/lib/libpixman-1.so.0.32.6
7f1b26b4e000-7f1b26b4f000 rw-p 000ac000 08:02 2511314                    /usr/lib/libpixman-1.so.0.32.6
7f1b26b4f000-7f1b26bac000 r-xp 00000000 08:02 2511263                    /usr/lib/libharfbuzz.so.0.10000.1
7f1b26bac000-7f1b26dac000 ---p 0005d000 08:02 2511263                    /usr/lib/libharfbuzz.so.0.10000.1
7f1b26dac000-7f1b26dad000 r--p 0005d000 08:02 2511263                    /usr/lib/libharfbuzz.so.0.10000.1
7f1b26dad000-7f1b26dae000 rw-p 0005e000 08:02 2511263                    /usr/lib/libharfbuzz.so.0.10000.1
7f1b26dae000-7f1b26dbf000 r-xp 00000000 08:02 2515043                    /usr/lib/libXext.so.6.4.0
7f1b26dbf000-7f1b26fbe000 ---p 00011000 08:02 2515043                    /usr/lib/libXext.so.6.4.0
7f1b26fbe000-7f1b26fbf000 r--p 00010000 08:02 2515043                    /usr/lib/libXext.so.6.4.0
7f1b26fbf000-7f1b26fc0000 rw-p 00011000 08:02 2515043                    /usr/lib/libXext.so.6.4.0
7f1b26fc0000-7f1b26fc2000 r-xp 00000000 08:02 2515083                    /usr/lib/libXdamage.so.1.1.0
7f1b26fc2000-7f1b271c1000 ---p 00002000 08:02 2515083                    /usr/lib/libXdamage.so.1.1.0
7f1b271c1000-7f1b271c2000 r--p 00001000 08:02 2515083                    /usr/lib/libXdamage.so.1.1.0
7f1b271c2000-7f1b271c3000 rw-p 00002000 08:02 2515083                    /usr/lib/libXdamage.so.1.1.0
7f1b271c3000-7f1b271c5000 r-xp 00000000 08:02 2515795                    /usr/lib/libXcomposite.so.1.0.0
7f1b271c5000-7f1b273c4000 ---p 00002000 08:02 2515795                    /usr/lib/libXcomposite.so.1.0.0
7f1b273c4000-7f1b273c5000 r--p 00001000 08:02 2515795                    /usr/lib/libXcomposite.so.1.0.0
7f1b273c5000-7f1b273c6000 rw-p 00002000 08:02 2515795                    /usr/lib/libXcomposite.so.1.0.0
7f1b273c6000-7f1b273d0000 r-xp 00000000 08:02 2515730                    /usr/lib/libXcursor.so.1.0.2
7f1b273d0000-7f1b275cf000 ---p 0000a000 08:02 2515730                    /usr/lib/libXcursor.so.1.0.2
7f1b275cf000-7f1b275d0000 r--p 00009000 08:02 2515730                    /usr/lib/libXcursor.so.1.0.2
7f1b275d0000-7f1b275d1000 rw-p 0000a000 08:02 2515730                    /usr/lib/libXcursor.so.1.0.2
7f1b275d1000-7f1b275db000 r-xp 00000000 08:02 2515665                    /usr/lib/libXrandr.so.2.2.0
7f1b275db000-7f1b277da000 ---p 0000a000 08:02 2515665                    /usr/lib/libXrandr.so.2.2.0
7f1b277da000-7f1b277db000 r--p 00009000 08:02 2515665                    /usr/lib/libXrandr.so.2.2.0
7f1b277db000-7f1b277dc000 rw-p 0000a000 08:02 2515665                    /usr/lib/libXrandr.so.2.2.0
7f1b277dc000-7f1b277eb000 r-xp 00000000 08:02 2515640                    /usr/lib/libXi.so.6.1.0
7f1b277eb000-7f1b279eb000 ---p 0000f000 08:02 2515640                    /usr/lib/libXi.so.6.1.0
7f1b279eb000-7f1b279ec000 r--p 0000f000 08:02 2515640                    /usr/lib/libXi.so.6.1.0
7f1b279ec000-7f1b279ed000 rw-p 00010000 08:02 2515640                    /usr/lib/libXi.so.6.1.0
7f1b279ed000-7f1b279ef000 r-xp 00000000 08:02 2515670                    /usr/lib/libXinerama.so.1.0.0
7f1b279ef000-7f1b27bee000 ---p 00002000 08:02 2515670                    /usr/lib/libXinerama.so.1.0.0
7f1b27bee000-7f1b27bef000 r--p 00001000 08:02 2515670                    /usr/lib/libXinerama.so.1.0.0
7f1b27bef000-7f1b27bf0000 rw-p 00002000 08:02 2515670                    /usr/lib/libXinerama.so.1.0.0
7f1b27bf0000-7f1b27bf9000 r-xp 00000000 08:02 2515644                    /usr/lib/libXrender.so.1.3.0
7f1b27bf9000-7f1b27df8000 ---p 00009000 08:02 2515644                    /usr/lib/libXrender.so.1.3.0
7f1b27df8000-7f1b27df9000 r--p 00008000 08:02 2515644                    /usr/lib/libXrender.so.1.3.0
7f1b27df9000-7f1b27dfa000 rw-p 00009000 08:02 2515644                    /usr/lib/libXrender.so.1.3.0
7f1b27dfa000-7f1b27dff000 r-xp 00000000 08:02 2515077                    /usr/lib/libXfixes.so.3.1.0
7f1b27dff000-7f1b27ffe000 ---p 00005000 08:02 2515077                    /usr/lib/libXfixes.so.3.1.0
7f1b27ffe000-7f1b27fff000 r--p 00004000 08:02 2515077                    /usr/lib/libXfixes.so.3.1.0
7f1b27fff000-7f1b28000000 rw-p 00005000 08:02 2515077                    /usr/lib/libXfixes.so.3.1.0
7f1b28000000-7f1b28021000 rw-p 00000000 00:00 0 
7f1b28021000-7f1b2c000000 ---p 00000000 00:00 0 
7f1b2c00d000-7f1b2c0a8000 r--p 00000000 08:02 3017467                    /usr/share/fonts/TTF/DejaVuSans-Oblique.ttf
7f1b2c0a8000-7f1b2c0c7000 r--s 00000000 08:02 2362489                    /var/cache/fontconfig/f6b893a7224233d96cb72fd88691c0b4-le64.cache-4
7f1b2c0c7000-7f1b2c0ca000 ---p 00000000 00:00 0 
7f1b2c0ca000-7f1b2c1c8000 rw-p 00000000 00:00 0                          [stack:18387]
7f1b2c1c8000-7f1b2c1cb000 r-xp 00000000 08:02 2503358                    /usr/lib/libgmodule-2.0.so.0.4400.1
7f1b2c1cb000-7f1b2c3ca000 ---p 00003000 08:02 2503358                    /usr/lib/libgmodule-2.0.so.0.4400.1
7f1b2c3ca000-7f1b2c3cb000 r--p 00002000 08:02 2503358                    /usr/lib/libgmodule-2.0.so.0.4400.1
7f1b2c3cb000-7f1b2c3cc000 rw-p 00003000 08:02 2503358                    /usr/lib/libgmodule-2.0.so.0.4400.1
7f1b2c3cc000-7f1b2c3e2000 r-xp 00000000 08:02 2493914                    /usr/lib/libgcc_s.so.1
7f1b2c3e2000-7f1b2c5e1000 ---p 00016000 08:02 2493914                    /usr/lib/libgcc_s.so.1
7f1b2c5e1000-7f1b2c5e2000 rw-p 00015000 08:02 2493914                    /usr/lib/libgcc_s.so.1
7f1b2c5e2000-7f1b2c754000 r-xp 00000000 08:02 2493928                    /usr/lib/libstdc++.so.6.0.21
7f1b2c754000-7f1b2c954000 ---p 00172000 08:02 2493928                    /usr/lib/libstdc++.so.6.0.21
7f1b2c954000-7f1b2c95e000 r--p 00172000 08:02 2493928                    /usr/lib/libstdc++.so.6.0.21
7f1b2c95e000-7f1b2c960000 rw-p 0017c000 08:02 2493928                    /usr/lib/libstdc++.so.6.0.21
7f1b2c960000-7f1b2c964000 rw-p 00000000 00:00 0 
7f1b2c964000-7f1b2c9f8000 r-xp 00000000 08:02 3018253                    /usr/lib/mesa/libGL.so.1.2.0
7f1b2c9f8000-7f1b2cbf7000 ---p 00094000 08:02 3018253                    /usr/lib/mesa/libGL.so.1.2.0
7f1b2cbf7000-7f1b2cbfa000 r--p 00093000 08:02 3018253                    /usr/lib/mesa/libGL.so.1.2.0
7f1b2cbfa000-7f1b2cbfb000 rw-p 00096000 08:02 3018253                    /usr/lib/mesa/libGL.so.1.2.0
7f1b2cbfb000-7f1b2cbfc000 rw-p 00000000 00:00 0 
7f1b2cbfc000-7f1b2cc01000 r-xp 00000000 08:02 2515072                    /usr/lib/libXxf86vm.so.1.0.0
7f1b2cc01000-7f1b2ce00000 ---p 00005000 08:02 2515072                    /usr/lib/libXxf86vm.so.1.0.0
7f1b2ce00000-7f1b2ce01000 r--p 00004000 08:02 2515072                    /usr/lib/libXxf86vm.so.1.0.0
7f1b2ce01000-7f1b2ce02000 rw-p 00005000 08:02 2515072                    /usr/lib/libXxf86vm.so.1.0.0
7f1b2ce02000-7f1b2cf3d000 r-xp 00000000 08:02 2513725                    /usr/lib/libX11.so.6.3.0
7f1b2cf3d000-7f1b2d13c000 ---p 0013b000 08:02 2513725                    /usr/lib/libX11.so.6.3.0
7f1b2d13c000-7f1b2d13e000 r--p 0013a000 08:02 2513725                    /usr/lib/libX11.so.6.3.0
7f1b2d13e000-7f1b2d143000 rw-p 0013c000 08:02 2513725                    /usr/lib/libX11.so.6.3.0
7f1b2d143000-7f1b2d144000 rw-p 00000000 00:00 0 
7f1b2d144000-7f1b2d149000 r-xp 00000000 08:02 2515754                    /usr/lib/libXtst.so.6.1.0
7f1b2d149000-7f1b2d348000 ---p 00005000 08:02 2515754                    /usr/lib/libXtst.so.6.1.0
7f1b2d348000-7f1b2d349000 r--p 00004000 08:02 2515754                    /usr/lib/libXtst.so.6.1.0
7f1b2d349000-7f1b2d34a000 rw-p 00005000 08:02 2515754                    /usr/lib/libXtst.so.6.1.0
7f1b2d34a000-7f1b2d456000 r-xp 00000000 08:02 2503357                    /usr/lib/libglib-2.0.so.0.4400.1
7f1b2d456000-7f1b2d655000 ---p 0010c000 08:02 2503357                    /usr/lib/libglib-2.0.so.0.4400.1
7f1b2d655000-7f1b2d656000 r--p 0010b000 08:02 2503357                    /usr/lib/libglib-2.0.so.0.4400.1
7f1b2d656000-7f1b2d657000 rw-p 0010c000 08:02 2503357                    /usr/lib/libglib-2.0.so.0.4400.1
7f1b2d657000-7f1b2d658000 rw-p 00000000 00:00 0 
7f1b2d658000-7f1b2d659000 r-xp 00000000 08:02 2503359                    /usr/lib/libgthread-2.0.so.0.4400.1
7f1b2d659000-7f1b2d858000 ---p 00001000 08:02 2503359                    /usr/lib/libgthread-2.0.so.0.4400.1
7f1b2d858000-7f1b2d859000 r--p 00000000 08:02 2503359                    /usr/lib/libgthread-2.0.so.0.4400.1
7f1b2d859000-7f1b2d85a000 rw-p 00001000 08:02 2503359                    /usr/lib/libgthread-2.0.so.0.4400.1
7f1b2d85a000-7f1b2d8fb000 r-xp 00000000 08:02 2511267                    /usr/lib/libfreetype.so.6.11.1
7f1b2d8fb000-7f1b2dafa000 ---p 000a1000 08:02 2511267                    /usr/lib/libfreetype.so.6.11.1
7f1b2dafa000-7f1b2db00000 r--p 000a0000 08:02 2511267                    /usr/lib/libfreetype.so.6.11.1
7f1b2db00000-7f1b2db01000 rw-p 000a6000 08:02 2511267                    /usr/lib/libfreetype.so.6.11.1
7f1b2db01000-7f1b2db3e000 r-xp 00000000 08:02 2514568                    /usr/lib/libfontconfig.so.1.8.0
7f1b2db3e000-7f1b2dd3d000 ---p 0003d000 08:02 2514568                    /usr/lib/libfontconfig.so.1.8.0
7f1b2dd3d000-7f1b2dd3f000 r--p 0003c000 08:02 2514568                    /usr/lib/libfontconfig.so.1.8.0
7f1b2dd3f000-7f1b2dd40000 rw-p 0003e000 08:02 2514568                    /usr/lib/libfontconfig.so.1.8.0
7f1b2dd40000-7f1b2dd8f000 r-xp 00000000 08:02 2503360                    /usr/lib/libgobject-2.0.so.0.4400.1
7f1b2dd8f000-7f1b2df8f000 ---p 0004f000 08:02 2503360                    /usr/lib/libgobject-2.0.so.0.4400.1
7f1b2df8f000-7f1b2df90000 r--p 0004f000 08:02 2503360                    /usr/lib/libgobject-2.0.so.0.4400.1
7f1b2df90000-7f1b2df91000 rw-p 00050000 08:02 2503360                    /usr/lib/libgobject-2.0.so.0.4400.1
7f1b2df91000-7f1b2dfda000 r-xp 00000000 08:02 2517974                    /usr/lib/libpango-1.0.so.0.3600.8
7f1b2dfda000-7f1b2e1da000 ---p 00049000 08:02 2517974                    /usr/lib/libpango-1.0.so.0.3600.8
7f1b2e1da000-7f1b2e1dc000 r--p 00049000 08:02 2517974                    /usr/lib/libpango-1.0.so.0.3600.8
7f1b2e1dc000-7f1b2e1dd000 rw-p 0004b000 08:02 2517974                    /usr/lib/libpango-1.0.so.0.3600.8
7f1b2e1dd000-7f1b2e1f1000 r-xp 00000000 08:02 2517975                    /usr/lib/libpangoft2-1.0.so.0.3600.8
7f1b2e1f1000-7f1b2e3f1000 ---p 00014000 08:02 2517975                    /usr/lib/libpangoft2-1.0.so.0.3600.8
7f1b2e3f1000-7f1b2e3f2000 r--p 00014000 08:02 2517975                    /usr/lib/libpangoft2-1.0.so.0.3600.8
7f1b2e3f2000-7f1b2e3f3000 rw-p 00015000 08:02 2517975                    /usr/lib/libpangoft2-1.0.so.0.3600.8
7f1b2e3f3000-7f1b2e569000 r-xp 00000000 08:02 2503361                    /usr/lib/libgio-2.0.so.0.4400.1
7f1b2e569000-7f1b2e769000 ---p 00176000 08:02 2503361                    /usr/lib/libgio-2.0.so.0.4400.1
7f1b2e769000-7f1b2e76d000 r--p 00176000 08:02 2503361                    /usr/lib/libgio-2.0.so.0.4400.1
7f1b2e76d000-7f1b2e76f000 rw-p 0017a000 08:02 2503361                    /usr/lib/libgio-2.0.so.0.4400.1
7f1b2e76f000-7f1b2e771000 rw-p 00000000 00:00 0 
7f1b2e771000-7f1b2e795000 r-xp 00000000 08:02 2529207                    /usr/lib/libgdk_pixbuf-2.0.so.0.3100.6
7f1b2e795000-7f1b2e995000 ---p 00024000 08:02 2529207                    /usr/lib/libgdk_pixbuf-2.0.so.0.3100.6
7f1b2e995000-7f1b2e996000 r--p 00024000 08:02 2529207                    /usr/lib/libgdk_pixbuf-2.0.so.0.3100.6
7f1b2e996000-7f1b2e997000 rw-p 00025000 08:02 2529207                    /usr/lib/libgdk_pixbuf-2.0.so.0.3100.6
7f1b2e997000-7f1b2eabf000 r-xp 00000000 08:02 2517934                    /usr/lib/libcairo.so.2.11400.2
7f1b2eabf000-7f1b2ecbf000 ---p 00128000 08:02 2517934                    /usr/lib/libcairo.so.2.11400.2
7f1b2ecbf000-7f1b2ecc2000 r--p 00128000 08:02 2517934                    /usr/lib/libcairo.so.2.11400.2
7f1b2ecc2000-7f1b2ecc4000 rw-p 0012b000 08:02 2517934                    /usr/lib/libcairo.so.2.11400.2
7f1b2ecc4000-7f1b2ecc5000 rw-p 00000000 00:00 0 
7f1b2ecc5000-7f1b2ece8000 r-xp 00000000 08:02 2534079                    /usr/lib/libatk-1.0.so.0.21609.1
7f1b2ece8000-7f1b2eee7000 ---p 00023000 08:02 2534079                    /usr/lib/libatk-1.0.so.0.21609.1
7f1b2eee7000-7f1b2eeea000 r--p 00022000 08:02 2534079                    /usr/lib/libatk-1.0.so.0.21609.1
7f1b2eeea000-7f1b2eeeb000 rw-p 00025000 08:02 2534079                    /usr/lib/libatk-1.0.so.0.21609.1
7f1b2eeeb000-7f1b2eef7000 r-xp 00000000 08:02 2517977                    /usr/lib/libpangocairo-1.0.so.0.3600.8
7f1b2eef7000-7f1b2f0f6000 ---p 0000c000 08:02 2517977                    /usr/lib/libpangocairo-1.0.so.0.3600.8
7f1b2f0f6000-7f1b2f0f7000 r--p 0000b000 08:02 2517977                    /usr/lib/libpangocairo-1.0.so.0.3600.8
7f1b2f0f7000-7f1b2f0f8000 rw-p 0000c000 08:02 2517977                    /usr/lib/libpangocairo-1.0.so.0.3600.8
7f1b2f0f8000-7f1b2f1a8000 r-xp 00000000 08:02 2534102                    /usr/lib/libgdk-x11-2.0.so.0.2400.28
7f1b2f1a8000-7f1b2f3a8000 ---p 000b0000 08:02 2534102                    /usr/lib/libgdk-x11-2.0.so.0.2400.28
7f1b2f3a8000-7f1b2f3ac000 r--p 000b0000 08:02 2534102                    /usr/lib/libgdk-x11-2.0.so.0.2400.28
7f1b2f3ac000-7f1b2f3ae000 rw-p 000b4000 08:02 2534102                    /usr/lib/libgdk-x11-2.0.so.0.2400.28
7f1b2f3ae000-7f1b2f7e2000 r-xp 00000000 08:02 2534103                    /usr/lib/libgtk-x11-2.0.so.0.2400.28
7f1b2f7e2000-7f1b2f9e2000 ---p 00434000 08:02 2534103                    /usr/lib/libgtk-x11-2.0.so.0.2400.28
7f1b2f9e2000-7f1b2f9e9000 r--p 00434000 08:02 2534103                    /usr/lib/libgtk-x11-2.0.so.0.2400.28
7f1b2f9e9000-7f1b2f9ed000 rw-p 0043b000 08:02 2534103                    /usr/lib/libgtk-x11-2.0.so.0.2400.28
7f1b2f9ed000-7f1b2f9f0000 rw-p 00000000 00:00 0 
7f1b2f9f0000-7f1b2f9fc000 r-xp 00000000 08:02 3419602                    /usr/lib/jvm/java-8-openjdk/jre/lib/amd64/libprism_es2.so
7f1b2f9fc000-7f1b2fbfb000 ---p 0000c000 08:02 3419602                    /usr/lib/jvm/java-8-openjdk/jre/lib/amd64/libprism_es2.so
7f1b2fbfb000-7f1b2fbfc000 rw-p 0000b000 08:02 3419602                    /usr/lib/jvm/java-8-openjdk/jre/lib/amd64/libprism_es2.so
7f1b2fbfc000-7f1b2fbff000 ---p 00000000 00:00 0 
7f1b2fbff000-7f1b2fcfd000 rw-p 00000000 00:00 0                          [stack:18378]
7f1b2fcfd000-7f1b2fcfe000 ---p 00000000 00:00 0 
7f1b2fcfe000-7f1b2fdfe000 rw-p 00000000 00:00 0                          [stack:18376]
7f1b2fdfe000-7f1b2fe01000 ---p 00000000 00:00 0 
7f1b2fe01000-7f1b2feff000 rw-p 00000000 00:00 0                          [stack:18375]
7f1b2feff000-7f1b2ff02000 ---p 00000000 00:00 0 
7f1b2ff02000-7f1b30000000 rw-p 00000000 00:00 0                          [stack:18374]
7f1b30000000-7f1b30021000 rw-p 00000000 00:00 0 
7f1b30021000-7f1b34000000 ---p 00000000 00:00 0 
7f1b34005000-7f1b34009000 r--s 00095000 08:02 3284409                    /usr/lib/jvm/java-8-openjdk/jre/lib/jsse.jar
7f1b34009000-7f1b34013000 r--s 00000000 08:12 34343869                   /home/gaieepo/.cache/fontconfig/d62e99ef547d1d24cdb1bd22ec1a2976-le64.cache-4
7f1b34013000-7f1b3401c000 r--s 00000000 08:02 2360373                    /var/cache/fontconfig/f349e9996a5320f6dd491cedd2b1f964-le64.cache-4
7f1b3401c000-7f1b3402f000 r--s 00345000 08:02 3284410                    /usr/lib/jvm/java-8-openjdk/jre/lib/resources.jar
7f1b3402f000-7f1b34039000 r--s 00116000 08:02 4200481                    /usr/lib/jvm/java-8-openjdk/jre/lib/ext/localedata.jar
7f1b34039000-7f1b34055000 r--s 00393000 08:02 4200479                    /usr/lib/jvm/java-8-openjdk/jre/lib/ext/cldrdata.jar
7f1b34055000-7f1b34069000 r--s 000da000 08:12 35914988                   /home/gaieepo/.m2/repository/org/mnode/ical4j/ical4j/1.0.2/ical4j-1.0.2.jar
7f1b34069000-7f1b340ff000 r--s 008c8000 08:02 4200574                    /usr/lib/jvm/java-8-openjdk/jre/lib/ext/jfxrt.jar
7f1b340ff000-7f1b34102000 ---p 00000000 00:00 0 
7f1b34102000-7f1b38000000 rw-p 00000000 00:00 0                          [stack:18373]
7f1b38000000-7f1b38021000 rw-p 00000000 00:00 0 
7f1b38021000-7f1b3c000000 ---p 00000000 00:00 0 
7f1b3c000000-7f1b3c021000 rw-p 00000000 00:00 0 
7f1b3c021000-7f1b40000000 ---p 00000000 00:00 0 
7f1b40000000-7f1b40021000 rw-p 00000000 00:00 0 
7f1b40021000-7f1b44000000 ---p 00000000 00:00 0 
7f1b44000000-7f1b44003000 r--s 00000000 08:02 2362192                    /var/cache/fontconfig/1876b2dcf508980ebba421dbe8e808d3-le64.cache-4
7f1b44003000-7f1b44006000 ---p 00000000 00:00 0 
7f1b44006000-7f1b44104000 rw-p 00000000 00:00 0                          [stack:18372]
7f1b44104000-7f1b44107000 ---p 00000000 00:00 0 
7f1b44107000-7f1b44205000 rw-p 00000000 00:00 0                          [stack:18371]
7f1b44205000-7f1b44208000 ---p 00000000 00:00 0 
7f1b44208000-7f1b44306000 rw-p 00000000 00:00 0                          [stack:18368]
7f1b44306000-7f1b44309000 ---p 00000000 00:00 0 
7f1b44309000-7f1b44407000 rw-p 00000000 00:00 0                          [stack:18366]
7f1b44407000-7f1b4440a000 ---p 00000000 00:00 0 
7f1b4440a000-7f1b44508000 rw-p 00000000 00:00 0                          [stack:18364]
7f1b44508000-7f1b4450c000 r-xp 00000000 08:02 3419575                    /usr/lib/jvm/java-8-openjdk/jre/lib/amd64/libdt_socket.so
7f1b4450c000-7f1b4470b000 ---p 00004000 08:02 3419575                    /usr/lib/jvm/java-8-openjdk/jre/lib/amd64/libdt_socket.so
7f1b4470b000-7f1b4470c000 rw-p 00003000 08:02 3419575                    /usr/lib/jvm/java-8-openjdk/jre/lib/amd64/libdt_socket.so
7f1b4470c000-7f1b4470f000 ---p 00000000 00:00 0 
7f1b4470f000-7f1b4480d000 rw-p 00000000 00:00 0                          [stack:18362]
7f1b4480d000-7f1b44810000 ---p 00000000 00:00 0 
7f1b44810000-7f1b4490e000 rw-p 00000000 00:00 0                          [stack:18361]
7f1b4490e000-7f1b44911000 ---p 00000000 00:00 0 
7f1b44911000-7f1b44a0f000 rw-p 00000000 00:00 0                          [stack:18360]
7f1b44a0f000-7f1b44a10000 ---p 00000000 00:00 0 
7f1b44a10000-7f1b4673e000 rw-p 00000000 00:00 0                          [stack:18359]
7f1b4673e000-7f1b4690c000 r--s 03bde000 08:02 3284412                    /usr/lib/jvm/java-8-openjdk/jre/lib/rt.jar
7f1b4690c000-7f1b474ec000 rw-p 00000000 00:00 0 
7f1b474ec000-7f1b474ed000 ---p 00000000 00:00 0 
7f1b474ed000-7f1b475ed000 rw-p 00000000 00:00 0                          [stack:18358]
7f1b475ed000-7f1b475ee000 ---p 00000000 00:00 0 
7f1b475ee000-7f1b476ee000 rw-p 00000000 00:00 0                          [stack:18357]
7f1b476ee000-7f1b476ef000 ---p 00000000 00:00 0 
7f1b476ef000-7f1b477ef000 rw-p 00000000 00:00 0                          [stack:18356]
7f1b477ef000-7f1b477f0000 ---p 00000000 00:00 0 
7f1b477f0000-7f1b478f0000 rw-p 00000000 00:00 0                          [stack:18355]
7f1b478f0000-7f1b478f1000 ---p 00000000 00:00 0 
7f1b478f1000-7f1b479f1000 rw-p 00000000 00:00 0                          [stack:18354]
7f1b479f1000-7f1b479f2000 ---p 00000000 00:00 0 
7f1b479f2000-7f1b47af2000 rw-p 00000000 00:00 0                          [stack:18353]
7f1b47af2000-7f1b47af3000 ---p 00000000 00:00 0 
7f1b47af3000-7f1b47bf3000 rw-p 00000000 00:00 0                          [stack:18352]
7f1b47bf3000-7f1b47bf4000 ---p 00000000 00:00 0 
7f1b47bf4000-7f1b47d0d000 rw-p 00000000 00:00 0                          [stack:18351]
7f1b47d0d000-7f1b47f8a000 ---p 00000000 00:00 0 
7f1b47f8a000-7f1b47fa3000 rw-p 00000000 00:00 0 
7f1b47fa3000-7f1b4821f000 ---p 00000000 00:00 0 
7f1b4821f000-7f1b48263000 rw-p 00000000 00:00 0 
7f1b48263000-7f1b4836a000 ---p 00000000 00:00 0 
7f1b4836a000-7f1b4838b000 rw-p 00000000 00:00 0 
7f1b4838b000-7f1b4872b000 ---p 00000000 00:00 0 
7f1b4872b000-7f1b48f2b000 rwxp 00000000 00:00 0 
7f1b48f2b000-7f1b5772b000 ---p 00000000 00:00 0 
7f1b5772b000-7f1b57733000 r-xp 00000000 08:02 3419571                    /usr/lib/jvm/java-8-openjdk/jre/lib/amd64/libzip.so
7f1b57733000-7f1b57932000 ---p 00008000 08:02 3419571                    /usr/lib/jvm/java-8-openjdk/jre/lib/amd64/libzip.so
7f1b57932000-7f1b57933000 rw-p 00007000 08:02 3419571                    /usr/lib/jvm/java-8-openjdk/jre/lib/amd64/libzip.so
7f1b57933000-7f1b58000000 r--p 00000000 08:02 2534955                    /usr/lib/locale/locale-archive
7f1b58000000-7f1b582a9000 rw-p 00000000 00:00 0 
7f1b582a9000-7f1b5c000000 ---p 00000000 00:00 0 
7f1b5c000000-7f1b5c0b8000 rw-p 00000000 00:00 0 
7f1b5c0b8000-7f1b5c0c3000 r-xp 00000000 08:02 2493177                    /usr/lib/libnss_files-2.22.so
7f1b5c0c3000-7f1b5c2c2000 ---p 0000b000 08:02 2493177                    /usr/lib/libnss_files-2.22.so
7f1b5c2c2000-7f1b5c2c3000 r--p 0000a000 08:02 2493177                    /usr/lib/libnss_files-2.22.so
7f1b5c2c3000-7f1b5c2c4000 rw-p 0000b000 08:02 2493177                    /usr/lib/libnss_files-2.22.so
7f1b5c2c4000-7f1b5c2ca000 rw-p 00000000 00:00 0 
7f1b5c2ca000-7f1b5c2cc000 r-xp 00000000 08:02 3419562                    /usr/lib/jvm/java-8-openjdk/jre/lib/amd64/libnpt.so
7f1b5c2cc000-7f1b5c4cc000 ---p 00002000 08:02 3419562                    /usr/lib/jvm/java-8-openjdk/jre/lib/amd64/libnpt.so
7f1b5c4cc000-7f1b5c4cd000 rw-p 00002000 08:02 3419562                    /usr/lib/jvm/java-8-openjdk/jre/lib/amd64/libnpt.so
7f1b5c4cd000-7f1b5c507000 r-xp 00000000 08:02 3419579                    /usr/lib/jvm/java-8-openjdk/jre/lib/amd64/libjdwp.so
7f1b5c507000-7f1b5c706000 ---p 0003a000 08:02 3419579                    /usr/lib/jvm/java-8-openjdk/jre/lib/amd64/libjdwp.so
7f1b5c706000-7f1b5c707000 rw-p 00039000 08:02 3419579                    /usr/lib/jvm/java-8-openjdk/jre/lib/amd64/libjdwp.so
7f1b5c707000-7f1b5c708000 rw-p 00000000 00:00 0 
7f1b5c708000-7f1b5c734000 r-xp 00000000 08:02 3419570                    /usr/lib/jvm/java-8-openjdk/jre/lib/amd64/libjava.so
7f1b5c734000-7f1b5c934000 ---p 0002c000 08:02 3419570                    /usr/lib/jvm/java-8-openjdk/jre/lib/amd64/libjava.so
7f1b5c934000-7f1b5c936000 rw-p 0002c000 08:02 3419570                    /usr/lib/jvm/java-8-openjdk/jre/lib/amd64/libjava.so
7f1b5c936000-7f1b5c943000 r-xp 00000000 08:02 3419563                    /usr/lib/jvm/java-8-openjdk/jre/lib/amd64/libverify.so
7f1b5c943000-7f1b5cb42000 ---p 0000d000 08:02 3419563                    /usr/lib/jvm/java-8-openjdk/jre/lib/amd64/libverify.so
7f1b5cb42000-7f1b5cb44000 rw-p 0000c000 08:02 3419563                    /usr/lib/jvm/java-8-openjdk/jre/lib/amd64/libverify.so
7f1b5cb44000-7f1b5cb4b000 r-xp 00000000 08:02 2493156                    /usr/lib/librt-2.22.so
7f1b5cb4b000-7f1b5cd4a000 ---p 00007000 08:02 2493156                    /usr/lib/librt-2.22.so
7f1b5cd4a000-7f1b5cd4b000 r--p 00006000 08:02 2493156                    /usr/lib/librt-2.22.so
7f1b5cd4b000-7f1b5cd4c000 rw-p 00007000 08:02 2493156                    /usr/lib/librt-2.22.so
7f1b5cd4c000-7f1b5ce49000 r-xp 00000000 08:02 2493160                    /usr/lib/libm-2.22.so
7f1b5ce49000-7f1b5d048000 ---p 000fd000 08:02 2493160                    /usr/lib/libm-2.22.so
7f1b5d048000-7f1b5d049000 r--p 000fc000 08:02 2493160                    /usr/lib/libm-2.22.so
7f1b5d049000-7f1b5d04a000 rw-p 000fd000 08:02 2493160                    /usr/lib/libm-2.22.so
7f1b5d04a000-7f1b5dc9d000 r-xp 00000000 08:02 4200503                    /usr/lib/jvm/java-8-openjdk/jre/lib/amd64/server/libjvm.so
7f1b5dc9d000-7f1b5de9c000 ---p 00c53000 08:02 4200503                    /usr/lib/jvm/java-8-openjdk/jre/lib/amd64/server/libjvm.so
7f1b5de9c000-7f1b5df58000 rw-p 00c52000 08:02 4200503                    /usr/lib/jvm/java-8-openjdk/jre/lib/amd64/server/libjvm.so
7f1b5df58000-7f1b5df86000 rw-p 00000000 00:00 0 
7f1b5df86000-7f1b5e121000 r-xp 00000000 08:02 2493167                    /usr/lib/libc-2.22.so
7f1b5e121000-7f1b5e320000 ---p 0019b000 08:02 2493167                    /usr/lib/libc-2.22.so
7f1b5e320000-7f1b5e324000 r--p 0019a000 08:02 2493167                    /usr/lib/libc-2.22.so
7f1b5e324000-7f1b5e326000 rw-p 0019e000 08:02 2493167                    /usr/lib/libc-2.22.so
7f1b5e326000-7f1b5e32a000 rw-p 00000000 00:00 0 
7f1b5e32a000-7f1b5e32d000 r-xp 00000000 08:02 2493135                    /usr/lib/libdl-2.22.so
7f1b5e32d000-7f1b5e52c000 ---p 00003000 08:02 2493135                    /usr/lib/libdl-2.22.so
7f1b5e52c000-7f1b5e52d000 r--p 00002000 08:02 2493135                    /usr/lib/libdl-2.22.so
7f1b5e52d000-7f1b5e52e000 rw-p 00003000 08:02 2493135                    /usr/lib/libdl-2.22.so
7f1b5e52e000-7f1b5e53b000 r-xp 00000000 08:02 4200500                    /usr/lib/jvm/java-8-openjdk/jre/lib/amd64/jli/libjli.so
7f1b5e53b000-7f1b5e73a000 ---p 0000d000 08:02 4200500                    /usr/lib/jvm/java-8-openjdk/jre/lib/amd64/jli/libjli.so
7f1b5e73a000-7f1b5e73b000 rw-p 0000c000 08:02 4200500                    /usr/lib/jvm/java-8-openjdk/jre/lib/amd64/jli/libjli.so
7f1b5e73b000-7f1b5e750000 r-xp 00000000 08:02 2496806                    /usr/lib/libz.so.1.2.8
7f1b5e750000-7f1b5e94f000 ---p 00015000 08:02 2496806                    /usr/lib/libz.so.1.2.8
7f1b5e94f000-7f1b5e950000 r--p 00014000 08:02 2496806                    /usr/lib/libz.so.1.2.8
7f1b5e950000-7f1b5e951000 rw-p 00015000 08:02 2496806                    /usr/lib/libz.so.1.2.8
7f1b5e951000-7f1b5e969000 r-xp 00000000 08:02 2493176                    /usr/lib/libpthread-2.22.so
7f1b5e969000-7f1b5eb68000 ---p 00018000 08:02 2493176                    /usr/lib/libpthread-2.22.so
7f1b5eb68000-7f1b5eb69000 r--p 00017000 08:02 2493176                    /usr/lib/libpthread-2.22.so
7f1b5eb69000-7f1b5eb6a000 rw-p 00018000 08:02 2493176                    /usr/lib/libpthread-2.22.so
7f1b5eb6a000-7f1b5eb6e000 rw-p 00000000 00:00 0 
7f1b5eb6e000-7f1b5eb90000 r-xp 00000000 08:02 2493132                    /usr/lib/ld-2.22.so
7f1b5eb90000-7f1b5eb92000 rw-p 00000000 00:00 0 
7f1b5eb92000-7f1b5eb94000 r--s 00000000 08:02 2361394                    /var/cache/fontconfig/699564f050ff7e0f9dae359f33bc56a5-le64.cache-4
7f1b5eb94000-7f1b5ec5f000 rw-p 00000000 00:00 0 
7f1b5ec5f000-7f1b5ec62000 ---p 00000000 00:00 0 
7f1b5ec62000-7f1b5ed65000 rw-p 00000000 00:00 0                          [stack:18349]
7f1b5ed65000-7f1b5ed6d000 r--s 00049000 08:12 35914996                   /home/gaieepo/.m2/repository/backport-util-concurrent/backport-util-concurrent/3.1/backport-util-concurrent-3.1.jar
7f1b5ed6d000-7f1b5ed72000 r--s 00041000 08:12 35914994                   /home/gaieepo/.m2/repository/commons-lang/commons-lang/2.6/commons-lang-2.6.jar
7f1b5ed72000-7f1b5ed74000 r--s 00010000 08:12 35914992                   /home/gaieepo/.m2/repository/commons-codec/commons-codec/1.5/commons-codec-1.5.jar
7f1b5ed74000-7f1b5ed76000 r--s 0000d000 08:12 35914990                   /home/gaieepo/.m2/repository/commons-logging/commons-logging/1.1.1/commons-logging-1.1.1.jar
7f1b5ed76000-7f1b5ed79000 r--s 00026000 08:12 35914986                   /home/gaieepo/.m2/repository/org/antlr/antlr-runtime/3.5.2/antlr-runtime-3.5.2.jar
7f1b5ed79000-7f1b5ed7f000 r--s 00090000 08:12 35914984                   /home/gaieepo/.m2/repository/com/joestelmach/natty/0.10.1/natty-0.10.1.jar
7f1b5ed7f000-7f1b5ed84000 r--s 0002f000 08:12 35914982                   /home/gaieepo/.m2/repository/com/google/code/gson/gson/2.3.1/gson-2.3.1.jar
7f1b5ed84000-7f1b5ed8c000 rw-s 00000000 00:23 265775                     /tmp/hsperfdata_gaieepo/18343
7f1b5ed8c000-7f1b5ed8d000 rw-p 00000000 00:00 0 
7f1b5ed8d000-7f1b5ed8e000 r--p 00000000 00:00 0 
7f1b5ed8e000-7f1b5ed8f000 rw-p 00000000 00:00 0 
7f1b5ed8f000-7f1b5ed90000 r--p 00021000 08:02 2493132                    /usr/lib/ld-2.22.so
7f1b5ed90000-7f1b5ed91000 rw-p 00022000 08:02 2493132                    /usr/lib/ld-2.22.so
7f1b5ed91000-7f1b5ed92000 rw-p 00000000 00:00 0 
7fffd5588000-7fffd55a9000 rw-p 00000000 00:00 0                          [stack]
7fffd55c2000-7fffd55c4000 r--p 00000000 00:00 0                          [vvar]
7fffd55c4000-7fffd55c6000 r-xp 00000000 00:00 0                          [vdso]
ffffffffff600000-ffffffffff601000 r-xp 00000000 00:00 0                  [vsyscall]

VM Arguments:
jvm_args: -agentlib:jdwp=transport=dt_socket,suspend=y,address=localhost:49726 -Dfile.encoding=UTF-8 
java_command: main.MainApp
java_class_path (initial): /home/gaieepo/cs2103t/Finia/target/classes:/home/gaieepo/.m2/repository/com/google/code/gson/gson/2.3.1/gson-2.3.1.jar:/home/gaieepo/.m2/repository/com/joestelmach/natty/0.10.1/natty-0.10.1.jar:/home/gaieepo/.m2/repository/org/antlr/antlr-runtime/3.5.2/antlr-runtime-3.5.2.jar:/home/gaieepo/.m2/repository/org/mnode/ical4j/ical4j/1.0.2/ical4j-1.0.2.jar:/home/gaieepo/.m2/repository/commons-logging/commons-logging/1.1.1/commons-logging-1.1.1.jar:/home/gaieepo/.m2/repository/commons-codec/commons-codec/1.5/commons-codec-1.5.jar:/home/gaieepo/.m2/repository/commons-lang/commons-lang/2.6/commons-lang-2.6.jar:/home/gaieepo/.m2/repository/backport-util-concurrent/backport-util-concurrent/3.1/backport-util-concurrent-3.1.jar
Launcher Type: SUN_STANDARD

Environment Variables:
PATH=/usr/local/sbin:/usr/local/bin:/usr/bin:/usr/lib/jvm/default/bin:/usr/bin/site_perl:/usr/bin/vendor_perl:/usr/bin/core_perl
SHELL=/bin/bash
DISPLAY=:0

Signal Handlers:
SIGSEGV: [libjvm.so+0xa581a0], sa_mask[0]=11111111011111111101111111111110, sa_flags=SA_RESTART|SA_SIGINFO
SIGBUS: [libjvm.so+0xa581a0], sa_mask[0]=11111111011111111101111111111110, sa_flags=SA_RESTART|SA_SIGINFO
SIGFPE: [libjvm.so+0x8a4420], sa_mask[0]=11111111011111111101111111111110, sa_flags=SA_RESTART|SA_SIGINFO
SIGPIPE: SIG_IGN, sa_mask[0]=00000000000010000000000000000000, sa_flags=SA_RESTART
SIGXFSZ: [libjvm.so+0x8a4420], sa_mask[0]=11111111011111111101111111111110, sa_flags=SA_RESTART|SA_SIGINFO
SIGILL: [libjvm.so+0x8a4420], sa_mask[0]=11111111011111111101111111111110, sa_flags=SA_RESTART|SA_SIGINFO
SIGUSR1: SIG_DFL, sa_mask[0]=00000000000000000000000000000000, sa_flags=none
SIGUSR2: [libjvm.so+0x8a42d0], sa_mask[0]=00100000000000000000000000000000, sa_flags=SA_RESTART|SA_SIGINFO
SIGHUP: [libjvm.so+0x8a47a0], sa_mask[0]=11111111011111111101111111111110, sa_flags=SA_RESTART|SA_SIGINFO
SIGINT: [libjvm.so+0x8a47a0], sa_mask[0]=11111111011111111101111111111110, sa_flags=SA_RESTART|SA_SIGINFO
SIGTERM: [libjvm.so+0x8a47a0], sa_mask[0]=11111111011111111101111111111110, sa_flags=SA_RESTART|SA_SIGINFO
SIGQUIT: [libjvm.so+0x8a47a0], sa_mask[0]=11111111011111111101111111111110, sa_flags=SA_RESTART|SA_SIGINFO


---------------  S Y S T E M  ---------------

OS:LSB_VERSION=1.4
DISTRIB_ID=Arch
DISTRIB_RELEASE=rolling
DISTRIB_DESCRIPTION="Arch Linux"

uname:Linux 4.1.5-1-ARCH #1 SMP PREEMPT Tue Aug 11 15:41:14 CEST 2015 x86_64
libc:glibc 2.22 NPTL 2.22 
rlimit: STACK 8192k, CORE 0k, NPROC 30826, NOFILE 4096, AS infinity
load average:0.79 0.47 0.38

/proc/meminfo:
MemTotal:        8121692 kB
MemFree:         3361948 kB
MemAvailable:    5137468 kB
Buffers:          101584 kB
Cached:          1613888 kB
SwapCached:            0 kB
Active:          3468292 kB
Inactive:        1024972 kB
Active(anon):    2778788 kB
Inactive(anon):     4680 kB
Active(file):     689504 kB
Inactive(file):  1020292 kB
Unevictable:           0 kB
Mlocked:               0 kB
SwapTotal:      13630460 kB
SwapFree:       13630460 kB
Dirty:               728 kB
Writeback:             0 kB
AnonPages:       2777324 kB
Mapped:           452476 kB
Shmem:              5684 kB
Slab:             142124 kB
SReclaimable:     108168 kB
SUnreclaim:        33956 kB
KernelStack:        8352 kB
PageTables:        32668 kB
NFS_Unstable:          0 kB
Bounce:                0 kB
WritebackTmp:          0 kB
CommitLimit:    17691304 kB
Committed_AS:    5563340 kB
VmallocTotal:   34359738367 kB
VmallocUsed:      147780 kB
VmallocChunk:   34359537660 kB
HardwareCorrupted:     0 kB
AnonHugePages:   1591296 kB
HugePages_Total:       0
HugePages_Free:        0
HugePages_Rsvd:        0
HugePages_Surp:        0
Hugepagesize:       2048 kB
DirectMap4k:      130184 kB
DirectMap2M:     6103040 kB
DirectMap1G:     3145728 kB


CPU:total 8 (4 cores per cpu, 2 threads per core) family 6 model 60 stepping 3, cmov, cx8, fxsr, mmx, sse, sse2, sse3, ssse3, sse4.1, sse4.2, popcnt, avx, avx2, aes, clmul, erms, rtm, lzcnt, ht, tsc, tscinvbit, bmi1, bmi2

/proc/cpuinfo:
processor	: 0
vendor_id	: GenuineIntel
cpu family	: 6
model		: 60
model name	: Intel(R) Xeon(R) CPU E3-1231 v3 @ 3.40GHz
stepping	: 3
microcode	: 0x19
cpu MHz		: 3599.882
cache size	: 8192 KB
physical id	: 0
siblings	: 8
core id		: 0
cpu cores	: 4
apicid		: 0
initial apicid	: 0
fpu		: yes
fpu_exception	: yes
cpuid level	: 13
wp		: yes
flags		: fpu vme de pse tsc msr pae mce cx8 apic sep mtrr pge mca cmov pat pse36 clflush dts acpi mmx fxsr sse sse2 ss ht tm pbe syscall nx pdpe1gb rdtscp lm constant_tsc arch_perfmon pebs bts rep_good nopl xtopology nonstop_tsc aperfmperf eagerfpu pni pclmulqdq dtes64 monitor ds_cpl vmx smx est tm2 ssse3 fma cx16 xtpr pdcm pcid sse4_1 sse4_2 x2apic movbe popcnt tsc_deadline_timer aes xsave avx f16c rdrand lahf_lm abm ida arat epb pln pts dtherm tpr_shadow vnmi flexpriority ept vpid fsgsbase tsc_adjust bmi1 hle avx2 smep bmi2 erms invpcid rtm xsaveopt
bugs		:
bogomips	: 6787.31
clflush size	: 64
cache_alignment	: 64
address sizes	: 39 bits physical, 48 bits virtual
power management:

processor	: 1
vendor_id	: GenuineIntel
cpu family	: 6
model		: 60
model name	: Intel(R) Xeon(R) CPU E3-1231 v3 @ 3.40GHz
stepping	: 3
microcode	: 0x19
cpu MHz		: 3599.882
cache size	: 8192 KB
physical id	: 0
siblings	: 8
core id		: 1
cpu cores	: 4
apicid		: 2
initial apicid	: 2
fpu		: yes
fpu_exception	: yes
cpuid level	: 13
wp		: yes
flags		: fpu vme de pse tsc msr pae mce cx8 apic sep mtrr pge mca cmov pat pse36 clflush dts acpi mmx fxsr sse sse2 ss ht tm pbe syscall nx pdpe1gb rdtscp lm constant_tsc arch_perfmon pebs bts rep_good nopl xtopology nonstop_tsc aperfmperf eagerfpu pni pclmulqdq dtes64 monitor ds_cpl vmx smx est tm2 ssse3 fma cx16 xtpr pdcm pcid sse4_1 sse4_2 x2apic movbe popcnt tsc_deadline_timer aes xsave avx f16c rdrand lahf_lm abm ida arat epb pln pts dtherm tpr_shadow vnmi flexpriority ept vpid fsgsbase tsc_adjust bmi1 hle avx2 smep bmi2 erms invpcid rtm xsaveopt
bugs		:
bogomips	: 6787.31
clflush size	: 64
cache_alignment	: 64
address sizes	: 39 bits physical, 48 bits virtual
power management:

processor	: 2
vendor_id	: GenuineIntel
cpu family	: 6
model		: 60
model name	: Intel(R) Xeon(R) CPU E3-1231 v3 @ 3.40GHz
stepping	: 3
microcode	: 0x19
cpu MHz		: 3599.882
cache size	: 8192 KB
physical id	: 0
siblings	: 8
core id		: 2
cpu cores	: 4
apicid		: 4
initial apicid	: 4
fpu		: yes
fpu_exception	: yes
cpuid level	: 13
wp		: yes
flags		: fpu vme de pse tsc msr pae mce cx8 apic sep mtrr pge mca cmov pat pse36 clflush dts acpi mmx fxsr sse sse2 ss ht tm pbe syscall nx pdpe1gb rdtscp lm constant_tsc arch_perfmon pebs bts rep_good nopl xtopology nonstop_tsc aperfmperf eagerfpu pni pclmulqdq dtes64 monitor ds_cpl vmx smx est tm2 ssse3 fma cx16 xtpr pdcm pcid sse4_1 sse4_2 x2apic movbe popcnt tsc_deadline_timer aes xsave avx f16c rdrand lahf_lm abm ida arat epb pln pts dtherm tpr_shadow vnmi flexpriority ept vpid fsgsbase tsc_adjust bmi1 hle avx2 smep bmi2 erms invpcid rtm xsaveopt
bugs		:
bogomips	: 6787.31
clflush size	: 64
cache_alignment	: 64
address sizes	: 39 bits physical, 48 bits virtual
power management:

processor	: 3
vendor_id	: GenuineIntel
cpu family	: 6
model		: 60
model name	: Intel(R) Xeon(R) CPU E3-1231 v3 @ 3.40GHz
stepping	: 3
microcode	: 0x19
cpu MHz		: 3599.882
cache size	: 8192 KB
physical id	: 0
siblings	: 8
core id		: 3
cpu cores	: 4
apicid		: 6
initial apicid	: 6
fpu		: yes
fpu_exception	: yes
cpuid level	: 13
wp		: yes
flags		: fpu vme de pse tsc msr pae mce cx8 apic sep mtrr pge mca cmov pat pse36 clflush dts acpi mmx fxsr sse sse2 ss ht tm pbe syscall nx pdpe1gb rdtscp lm constant_tsc arch_perfmon pebs bts rep_good nopl xtopology nonstop_tsc aperfmperf eagerfpu pni pclmulqdq dtes64 monitor ds_cpl vmx smx est tm2 ssse3 fma cx16 xtpr pdcm pcid sse4_1 sse4_2 x2apic movbe popcnt tsc_deadline_timer aes xsave avx f16c rdrand lahf_lm abm ida arat epb pln pts dtherm tpr_shadow vnmi flexpriority ept vpid fsgsbase tsc_adjust bmi1 hle avx2 smep bmi2 erms invpcid rtm xsaveopt
bugs		:
bogomips	: 6787.31
clflush size	: 64
cache_alignment	: 64
address sizes	: 39 bits physical, 48 bits virtual
power management:

processor	: 4
vendor_id	: GenuineIntel
cpu family	: 6
model		: 60
model name	: Intel(R) Xeon(R) CPU E3-1231 v3 @ 3.40GHz
stepping	: 3
microcode	: 0x19
cpu MHz		: 3599.882
cache size	: 8192 KB
physical id	: 0
siblings	: 8
core id		: 0
cpu cores	: 4
apicid		: 1
initial apicid	: 1
fpu		: yes
fpu_exception	: yes
cpuid level	: 13
wp		: yes
flags		: fpu vme de pse tsc msr pae mce cx8 apic sep mtrr pge mca cmov pat pse36 clflush dts acpi mmx fxsr sse sse2 ss ht tm pbe syscall nx pdpe1gb rdtscp lm constant_tsc arch_perfmon pebs bts rep_good nopl xtopology nonstop_tsc aperfmperf eagerfpu pni pclmulqdq dtes64 monitor ds_cpl vmx smx est tm2 ssse3 fma cx16 xtpr pdcm pcid sse4_1 sse4_2 x2apic movbe popcnt tsc_deadline_timer aes xsave avx f16c rdrand lahf_lm abm ida arat epb pln pts dtherm tpr_shadow vnmi flexpriority ept vpid fsgsbase tsc_adjust bmi1 hle avx2 smep bmi2 erms invpcid rtm xsaveopt
bugs		:
bogomips	: 6787.31
clflush size	: 64
cache_alignment	: 64
address sizes	: 39 bits physical, 48 bits virtual
power management:

processor	: 5
vendor_id	: GenuineIntel
cpu family	: 6
model		: 60
model name	: Intel(R) Xeon(R) CPU E3-1231 v3 @ 3.40GHz
stepping	: 3
microcode	: 0x19
cpu MHz		: 3599.882
cache size	: 8192 KB
physical id	: 0
siblings	: 8
core id		: 1
cpu cores	: 4
apicid		: 3
initial apicid	: 3
fpu		: yes
fpu_exception	: yes
cpuid level	: 13
wp		: yes
flags		: fpu vme de pse tsc msr pae mce cx8 apic sep mtrr pge mca cmov pat pse36 clflush dts acpi mmx fxsr sse sse2 ss ht tm pbe syscall nx pdpe1gb rdtscp lm constant_tsc arch_perfmon pebs bts rep_good nopl xtopology nonstop_tsc aperfmperf eagerfpu pni pclmulqdq dtes64 monitor ds_cpl vmx smx est tm2 ssse3 fma cx16 xtpr pdcm pcid sse4_1 sse4_2 x2apic movbe popcnt tsc_deadline_timer aes xsave avx f16c rdrand lahf_lm abm ida arat epb pln pts dtherm tpr_shadow vnmi flexpriority ept vpid fsgsbase tsc_adjust bmi1 hle avx2 smep bmi2 erms invpcid rtm xsaveopt
bugs		:
bogomips	: 6787.31
clflush size	: 64
cache_alignment	: 64
address sizes	: 39 bits physical, 48 bits virtual
power management:

processor	: 6
vendor_id	: GenuineIntel
cpu family	: 6
model		: 60
model name	: Intel(R) Xeon(R) CPU E3-1231 v3 @ 3.40GHz
stepping	: 3
microcode	: 0x19
cpu MHz		: 3599.882
cache size	: 8192 KB
physical id	: 0
siblings	: 8
core id		: 2
cpu cores	: 4
apicid		: 5
initial apicid	: 5
fpu		: yes
fpu_exception	: yes
cpuid level	: 13
wp		: yes
flags		: fpu vme de pse tsc msr pae mce cx8 apic sep mtrr pge mca cmov pat pse36 clflush dts acpi mmx fxsr sse sse2 ss ht tm pbe syscall nx pdpe1gb rdtscp lm constant_tsc arch_perfmon pebs bts rep_good nopl xtopology nonstop_tsc aperfmperf eagerfpu pni pclmulqdq dtes64 monitor ds_cpl vmx smx est tm2 ssse3 fma cx16 xtpr pdcm pcid sse4_1 sse4_2 x2apic movbe popcnt tsc_deadline_timer aes xsave avx f16c rdrand lahf_lm abm ida arat epb pln pts dtherm tpr_shadow vnmi flexpriority ept vpid fsgsbase tsc_adjust bmi1 hle avx2 smep bmi2 erms invpcid rtm xsaveopt
bugs		:
bogomips	: 6787.31
clflush size	: 64
cache_alignment	: 64
address sizes	: 39 bits physical, 48 bits virtual
power management:

processor	: 7
vendor_id	: GenuineIntel
cpu family	: 6
model		: 60
model name	: Intel(R) Xeon(R) CPU E3-1231 v3 @ 3.40GHz
stepping	: 3
microcode	: 0x19
cpu MHz		: 3599.882
cache size	: 8192 KB
physical id	: 0
siblings	: 8
core id		: 3
cpu cores	: 4
apicid		: 7
initial apicid	: 7
fpu		: yes
fpu_exception	: yes
cpuid level	: 13
wp		: yes
flags		: fpu vme de pse tsc msr pae mce cx8 apic sep mtrr pge mca cmov pat pse36 clflush dts acpi mmx fxsr sse sse2 ss ht tm pbe syscall nx pdpe1gb rdtscp lm constant_tsc arch_perfmon pebs bts rep_good nopl xtopology nonstop_tsc aperfmperf eagerfpu pni pclmulqdq dtes64 monitor ds_cpl vmx smx est tm2 ssse3 fma cx16 xtpr pdcm pcid sse4_1 sse4_2 x2apic movbe popcnt tsc_deadline_timer aes xsave avx f16c rdrand lahf_lm abm ida arat epb pln pts dtherm tpr_shadow vnmi flexpriority ept vpid fsgsbase tsc_adjust bmi1 hle avx2 smep bmi2 erms invpcid rtm xsaveopt
bugs		:
bogomips	: 6787.31
clflush size	: 64
cache_alignment	: 64
address sizes	: 39 bits physical, 48 bits virtual
power management:



Memory: 4k page, physical 8121692k(3361948k free), swap 13630460k(13630460k free)

vm_info: OpenJDK 64-Bit Server VM (25.60-b23) for linux-amd64 JRE (1.8.0_60-b24), built on Aug 23 2015 18:39:15 by "builduser" with gcc 5.2.0

time: Sun Oct 11 13:50:08 2015
elapsed time: 3 seconds (0d 0h 0m 3s)

