#
# A fatal error has been detected by the Java Runtime Environment:
#
#  SIGSEGV (0xb) at pc=0x00007fe6c177389d, pid=14515, tid=140626790782720
#
# JRE version: OpenJDK Runtime Environment (8.0_60-b24) (build 1.8.0_60-b24)
# Java VM: OpenJDK 64-Bit Server VM (25.60-b23 mixed mode linux-amd64 compressed oops)
# Problematic frame:
# V  [libjvm.so+0x67689d]
#
# Failed to write core dump. Core dumps have been disabled. To enable core dumping, try "ulimit -c unlimited" before starting Java again
#
# If you would like to submit a bug report, please visit:
#   http://bugreport.java.com/bugreport/crash.jsp
#

---------------  T H R E A D  ---------------

Current thread (0x00007fe6bc280800):  JavaThread "JavaFX Application Thread" [_thread_in_vm, id=14560, stack(0x00007fe639d91000,0x00007fe639e92000)]

siginfo: si_signo: 11 (SIGSEGV), si_code: 1 (SEGV_MAPERR), si_addr: 0x000000006b636f6c

Registers:
RAX=0x0000000000000000, RBX=0x00007fe6bc280800, RCX=0x00007fe6bc2080b0, RDX=0x000000006b636f6c
RSP=0x00007fe639e90270, RBP=0x00007fe639e903f0, RSI=0x00007fe639e90410, RDI=0x00007fe6bc2809e0
R8 =0x00007fe639e90440, R9 =0x00007fe6bc280800, R10=0x00007fe62dc05bf0, R11=0x00007fe6ad8a2780
R12=0x00007fe6bc2809e0, R13=0x00007fe6bc280800, R14=0x000000006b636f6c, R15=0x00007fe639e904d8
RIP=0x00007fe6c177389d, EFLAGS=0x0000000000010206, CSGSFS=0x002b000000000033, ERR=0x0000000000000004
  TRAPNO=0x000000000000000e

Top of Stack: (sp=0x00007fe639e90270)
0x00007fe639e90270:   0000000000000000 0000000000000000
0x00007fe639e90280:   00007fe639e902b0 000000000000000a
0x00007fe639e90290:   00007fe60000000e 00007fe6bc2809e0
0x00007fe639e902a0:   00007fe639e902b0 00007fe639e90410
0x00007fe639e902b0:   00007fe6aaf193e0 00007fe6bc280800
0x00007fe639e902c0:   00007fe6aaf193e0 00007fe6bc280800
0x00007fe639e902d0:   00007fe6bc2804a0 00007fe64c000b10
0x00007fe639e902e0:   00007fe64c000b20 00007fe64c000ef8
0x00007fe639e902f0:   00000000000003d8 00007fe62c000b10
0x00007fe639e90300:   00007fe6aaf193e0 00007fe6bc280800
0x00007fe639e90310:   0000000039e908f0 00007fe6ac747b98
0x00007fe639e90320:   0000000000000000 00007fe639e90520
0x00007fe639e90330:   00007fe6aaf193e0 00007fe6bc280800
0x00007fe639e90340:   00007ffc3fdfee41 0000000084269758
0x00007fe639e90350:   00007fe60000006f 00007fe60000000a
0x00007fe639e90360:   00000000d7ee2d00 00007fe600000000
0x00007fe639e90370:   00007fe639e90500 00007fe6c1773ba1
0x00007fe639e90380:   00007fe6bc231040 0000000100000117
0x00007fe639e90390:   000000005619e688 00007fe639e90348
0x00007fe639e903a0:   00007fe639e90389 0000000800000005
0x00007fe639e903b0:   00007fe639e90300 afc64ff935613500
0x00007fe639e903c0:   00007fe6aaf0d5d0 00007fe6bc280800
0x00007fe639e903d0:   00007fe6bc2809e0 00007fe6bc2080b0
0x00007fe639e903e0:   000000006b636f6c 00007fe639e904d8
0x00007fe639e903f0:   00007fe639e904c0 00007fe6c1779816
0x00007fe639e90400:   00000000000003d8 00007fe639e90440
0x00007fe639e90410:   00007fe60000000e afc64ff900000000
0x00007fe639e90420:   00007fe6bc280800 0000000000000000
0x00007fe639e90430:   0000000000000000 0000000004200003
0x00007fe639e90440:   00007fe6c1f5b080 00007fe6c2c6e3e0
0x00007fe639e90450:   00000000bc231040 00007fe600000063
0x00007fe639e90460:   0000000000000000 0000003000000018 

Instructions: (pc=0x00007fe6c177389d)
0x00007fe6c177387d:   ff 48 89 b5 b8 fe ff ff 64 48 8b 04 25 28 00 00
0x00007fe6c177388d:   00 48 89 45 c8 31 c0 48 85 d2 0f 84 7b 05 00 00
0x00007fe6c177389d:   4c 8b 32 4d 85 f6 0f 84 6f 05 00 00 49 8b b9 20
0x00007fe6c17738ad:   01 00 00 48 89 cb 4d 89 c4 e8 f5 5a ff ff 4c 89 

Register to memory mapping:

RAX=0x0000000000000000 is an unknown value
RBX=0x00007fe6bc280800 is a thread
RCX=0x00007fe6bc2080b0 is an unknown value
RDX=0x000000006b636f6c is an unknown value
RSP=0x00007fe639e90270 is pointing into the stack for thread: 0x00007fe6bc280800
RBP=0x00007fe639e903f0 is pointing into the stack for thread: 0x00007fe6bc280800
RSI=0x00007fe639e90410 is pointing into the stack for thread: 0x00007fe6bc280800
RDI=0x00007fe6bc2809e0 is an unknown value
R8 =0x00007fe639e90440 is pointing into the stack for thread: 0x00007fe6bc280800
R9 =0x00007fe6bc280800 is a thread
R10=0x00007fe62dc05bf0 is an unknown value
R11=0x00007fe6ad8a2780 is at entry_point+32 in (nmethod*)0x00007fe6ad8a2610
R12=0x00007fe6bc2809e0 is an unknown value
R13=0x00007fe6bc280800 is a thread
R14=0x000000006b636f6c is an unknown value
R15=0x00007fe639e904d8 is pointing into the stack for thread: 0x00007fe6bc280800


Stack: [0x00007fe639d91000,0x00007fe639e92000],  sp=0x00007fe639e90270,  free space=1020k
Native frames: (J=compiled Java code, j=interpreted, Vv=VM code, C=native code)
V  [libjvm.so+0x67689d]
V  [libjvm.so+0x67c816]
C  [libglass.so+0x12cb1]  JNIEnv_::CallVoidMethod(_jobject*, _jmethodID*, ...)+0x81
C  [libglass.so+0x1edc5]  WindowContextBase::process_key(_GdkEventKey*)+0x1f5
C  [libglass.so+0x13ed0]  WindowContextBase::im_filter_keypress(_GdkEventKey*)+0x1c0
C  [libglass.so+0x1374c]
C  [libgdk-x11-2.0.so.0+0x5b2cc]

Java frames: (J=compiled Java code, j=interpreted, Vv=VM code)
j  com.sun.glass.ui.gtk.GtkApplication._runLoop(Ljava/lang/Runnable;Z)V+0
j  com.sun.glass.ui.gtk.GtkApplication.lambda$null$48(Ljava/lang/Runnable;Z)V+7
j  com.sun.glass.ui.gtk.GtkApplication$$Lambda$42.run()V+12
j  java.lang.Thread.run()V+11
v  ~StubRoutines::call_stub

---------------  P R O C E S S  ---------------

Java Threads: ( => current thread )
  0x00007fe62dbf5000 JavaThread "Prism Font Disposer" daemon [_thread_blocked, id=14565, stack(0x00007fe638d87000,0x00007fe638e88000)]
  0x00007fe6bc284800 JavaThread "JavaFX-Launcher" [_thread_blocked, id=14561, stack(0x00007fe639c90000,0x00007fe639d91000)]
=>0x00007fe6bc280800 JavaThread "JavaFX Application Thread" [_thread_in_vm, id=14560, stack(0x00007fe639d91000,0x00007fe639e92000)]
  0x00007fe6bc27c800 JavaThread "Thread-1" daemon [_thread_blocked, id=14559, stack(0x00007fe6980c7000,0x00007fe6981c8000)]
  0x00007fe6bc1ea000 JavaThread "QuantumRenderer-0" daemon [_thread_blocked, id=14549, stack(0x00007fe69bbfc000,0x00007fe69bcfd000)]
  0x00007fe6bc0e4800 JavaThread "Service Thread" daemon [_thread_blocked, id=14546, stack(0x00007fe69bdfe000,0x00007fe69beff000)]
  0x00007fe6bc0d7000 JavaThread "C1 CompilerThread3" daemon [_thread_in_native, id=14545, stack(0x00007fe69beff000,0x00007fe69c000000)]
  0x00007fe6bc0d5000 JavaThread "C2 CompilerThread2" daemon [_thread_in_native, id=14544, stack(0x00007fe6a00ff000,0x00007fe6a0200000)]
  0x00007fe6bc0d3000 JavaThread "C2 CompilerThread1" daemon [_thread_in_native, id=14543, stack(0x00007fe6a8099000,0x00007fe6a819a000)]
  0x00007fe6bc0d0000 JavaThread "C2 CompilerThread0" daemon [_thread_blocked, id=14542, stack(0x00007fe6a819a000,0x00007fe6a829b000)]
  0x00007fe664001000 JavaThread "JDWP Command Reader" daemon [_thread_in_native, id=14539, stack(0x00007fe6a829b000,0x00007fe6a839c000)]
  0x00007fe6bc0ce000 JavaThread "JDWP Event Helper Thread" daemon [_thread_blocked, id=14537, stack(0x00007fe6a839c000,0x00007fe6a849d000)]
  0x00007fe6bc0ca800 JavaThread "JDWP Transport Listener: dt_socket" daemon [_thread_blocked, id=14535, stack(0x00007fe6a849d000,0x00007fe6a859e000)]
  0x00007fe6bc0be000 JavaThread "Signal Dispatcher" daemon [_thread_blocked, id=14533, stack(0x00007fe6a87a2000,0x00007fe6a88a3000)]
  0x00007fe6bc087800 JavaThread "Finalizer" daemon [_thread_blocked, id=14532, stack(0x00007fe6a88a3000,0x00007fe6a89a4000)]
  0x00007fe6bc085800 JavaThread "Reference Handler" daemon [_thread_blocked, id=14531, stack(0x00007fe6a89a4000,0x00007fe6a8aa5000)]
  0x00007fe6bc00b000 JavaThread "main" [_thread_blocked, id=14520, stack(0x00007fe6c2d12000,0x00007fe6c2e13000)]

Other Threads:
  0x00007fe6bc080800 VMThread [stack: 0x00007fe6a8aa5000,0x00007fe6a8ba6000] [id=14530]
  0x00007fe6bc0e7000 WatcherThread [stack: 0x00007fe69bcfd000,0x00007fe69bdfe000] [id=14547]

VM state:not at safepoint (normal execution)

VM Mutex/Monitor currently owned by a thread: None

Heap:
 PSYoungGen      total 340992K, used 243899K [0x00000000d6b00000, 0x00000000f4600000, 0x0000000100000000)
  eden space 310272K, 77% used [0x00000000d6b00000,0x00000000e546ef20,0x00000000e9a00000)
  from space 30720K, 15% used [0x00000000e9a00000,0x00000000e9ebfe18,0x00000000eb800000)
  to   space 30208K, 0% used [0x00000000f2880000,0x00000000f2880000,0x00000000f4600000)
 ParOldGen       total 112128K, used 39760K [0x0000000084000000, 0x000000008ad80000, 0x00000000d6b00000)
  object space 112128K, 35% used [0x0000000084000000,0x00000000866d42e0,0x000000008ad80000)
 Metaspace       used 24620K, capacity 25633K, committed 25856K, reserved 1073152K
  class space    used 2811K, capacity 3044K, committed 3072K, reserved 1048576K

Card table byte_map: [0x00007fe6abf8a000,0x00007fe6ac36b000] byte_map_base: 0x00007fe6abb6a000

Marking Bits: (ParMarkBitMap*) 0x00007fe6c201e7e0
 Begin Bits: [0x00007fe6a0200000, 0x00007fe6a2100000)
 End Bits:   [0x00007fe6a2100000, 0x00007fe6a4000000)

Polling page: 0x00007fe6c2e40000

CodeCache: size=245760Kb used=19786Kb max_used=22095Kb free=225973Kb
 bounds [0x00007fe6ac72b000, 0x00007fe6add0b000, 0x00007fe6bb72b000]
 total_blobs=5859 nmethods=5242 adapters=537
 compilation: enabled

Compilation events (10 events):
Event: 29.971 Thread 0x00007fe6bc0d7000 6323       3       javafx.beans.property.ReadOnlyBooleanWrapper$ReadOnlyPropertyImpl::<init> (15 bytes)
Event: 29.972 Thread 0x00007fe6bc0d7000 nmethod 6323 0x00007fe6ac894a10 code [0x00007fe6ac894b80, 0x00007fe6ac894e10]
Event: 29.972 Thread 0x00007fe6bc0d7000 6324       1       javafx.scene.Node$FocusedProperty::get (10 bytes)
Event: 29.973 Thread 0x00007fe6bc0d7000 nmethod 6324 0x00007fe6acf67c50 code [0x00007fe6acf67da0, 0x00007fe6acf67eb0]
Event: 29.978 Thread 0x00007fe6bc0d0000 6325       4       java.util.ArrayList::<init> (67 bytes)
Event: 29.980 Thread 0x00007fe6bc0d0000 nmethod 6325 0x00007fe6acb85c90 code [0x00007fe6acb85de0, 0x00007fe6acb85fd8]
Event: 29.986 Thread 0x00007fe6bc0d5000 6326   !   4       javafx.scene.CssStyleHelper::transitionToState (1075 bytes)
Event: 29.995 Thread 0x00007fe6bc0d3000 6327   !   4       java.time.format.DateTimeFormatterBuilder$CompositePrinterParser::format (116 bytes)
Event: 29.995 Thread 0x00007fe6bc0d0000 6328       4       javafx.scene.text.Text::getTextAttribute (25 bytes)
Event: 29.995 Thread 0x00007fe6bc0d7000 6329       3       javafx.beans.binding.IntegerExpression::intValue (5 bytes)

GC Heap History (10 events):
Event: 21.596 GC heap before
{Heap before GC invocations=7 (full 2):
 PSYoungGen      total 111104K, used 105984K [0x00000000d6b00000, 0x00000000df100000, 0x0000000100000000)
  eden space 105984K, 100% used [0x00000000d6b00000,0x00000000dd280000,0x00000000dd280000)
  from space 5120K, 0% used [0x00000000dec00000,0x00000000dec00000,0x00000000df100000)
  to   space 5120K, 0% used [0x00000000de700000,0x00000000de700000,0x00000000dec00000)
 ParOldGen       total 112128K, used 29346K [0x0000000084000000, 0x000000008ad80000, 0x00000000d6b00000)
  object space 112128K, 26% used [0x0000000084000000,0x0000000085ca8b30,0x000000008ad80000)
 Metaspace       used 24088K, capacity 25089K, committed 25344K, reserved 1071104K
  class space    used 2800K, capacity 3040K, committed 3072K, reserved 1048576K
Event: 21.607 GC heap after
Heap after GC invocations=7 (full 2):
 PSYoungGen      total 132096K, used 5105K [0x00000000d6b00000, 0x00000000e6400000, 0x0000000100000000)
  eden space 126976K, 0% used [0x00000000d6b00000,0x00000000d6b00000,0x00000000de700000)
  from space 5120K, 99% used [0x00000000de700000,0x00000000debfc708,0x00000000dec00000)
  to   space 35328K, 0% used [0x00000000e4180000,0x00000000e4180000,0x00000000e6400000)
 ParOldGen       total 112128K, used 34422K [0x0000000084000000, 0x000000008ad80000, 0x00000000d6b00000)
  object space 112128K, 30% used [0x0000000084000000,0x000000008619dbd8,0x000000008ad80000)
 Metaspace       used 24088K, capacity 25089K, committed 25344K, reserved 1071104K
  class space    used 2800K, capacity 3040K, committed 3072K, reserved 1048576K
}
Event: 24.713 GC heap before
{Heap before GC invocations=8 (full 2):
 PSYoungGen      total 132096K, used 132081K [0x00000000d6b00000, 0x00000000e6400000, 0x0000000100000000)
  eden space 126976K, 100% used [0x00000000d6b00000,0x00000000de700000,0x00000000de700000)
  from space 5120K, 99% used [0x00000000de700000,0x00000000debfc708,0x00000000dec00000)
  to   space 35328K, 0% used [0x00000000e4180000,0x00000000e4180000,0x00000000e6400000)
 ParOldGen       total 112128K, used 34422K [0x0000000084000000, 0x000000008ad80000, 0x00000000d6b00000)
  object space 112128K, 30% used [0x0000000084000000,0x000000008619dbd8,0x000000008ad80000)
 Metaspace       used 24194K, capacity 25217K, committed 25344K, reserved 1071104K
  class space    used 2800K, capacity 3040K, committed 3072K, reserved 1048576K
Event: 24.723 GC heap after
Heap after GC invocations=8 (full 2):
 PSYoungGen      total 221184K, used 7239K [0x00000000d6b00000, 0x00000000e7e80000, 0x0000000100000000)
  eden space 185856K, 0% used [0x00000000d6b00000,0x00000000d6b00000,0x00000000e2080000)
  from space 35328K, 20% used [0x00000000e4180000,0x00000000e4891f20,0x00000000e6400000)
  to   space 33792K, 0% used [0x00000000e2080000,0x00000000e2080000,0x00000000e4180000)
 ParOldGen       total 112128K, used 34430K [0x0000000084000000, 0x000000008ad80000, 0x00000000d6b00000)
  object space 112128K, 30% used [0x0000000084000000,0x000000008619fbd8,0x000000008ad80000)
 Metaspace       used 24194K, capacity 25217K, committed 25344K, reserved 1071104K
  class space    used 2800K, capacity 3040K, committed 3072K, reserved 1048576K
}
Event: 25.353 GC heap before
{Heap before GC invocations=9 (full 2):
 PSYoungGen      total 221184K, used 193095K [0x00000000d6b00000, 0x00000000e7e80000, 0x0000000100000000)
  eden space 185856K, 100% used [0x00000000d6b00000,0x00000000e2080000,0x00000000e2080000)
  from space 35328K, 20% used [0x00000000e4180000,0x00000000e4891f20,0x00000000e6400000)
  to   space 33792K, 0% used [0x00000000e2080000,0x00000000e2080000,0x00000000e4180000)
 ParOldGen       total 112128K, used 34430K [0x0000000084000000, 0x000000008ad80000, 0x00000000d6b00000)
  object space 112128K, 30% used [0x0000000084000000,0x000000008619fbd8,0x000000008ad80000)
 Metaspace       used 24239K, capacity 25221K, committed 25344K, reserved 1071104K
  class space    used 2800K, capacity 3040K, committed 3072K, reserved 1048576K
Event: 25.364 GC heap after
Heap after GC invocations=9 (full 2):
 PSYoungGen      total 219648K, used 8795K [0x00000000d6b00000, 0x00000000ed900000, 0x0000000100000000)
  eden space 185856K, 0% used [0x00000000d6b00000,0x00000000d6b00000,0x00000000e2080000)
  from space 33792K, 26% used [0x00000000e2080000,0x00000000e2916f58,0x00000000e4180000)
  to   space 32256K, 0% used [0x00000000eb980000,0x00000000eb980000,0x00000000ed900000)
 ParOldGen       total 112128K, used 34438K [0x0000000084000000, 0x000000008ad80000, 0x00000000d6b00000)
  object space 112128K, 30% used [0x0000000084000000,0x00000000861a1bd8,0x000000008ad80000)
 Metaspace       used 24239K, capacity 25221K, committed 25344K, reserved 1071104K
  class space    used 2800K, capacity 3040K, committed 3072K, reserved 1048576K
}
Event: 27.604 GC heap before
{Heap before GC invocations=10 (full 2):
 PSYoungGen      total 219648K, used 194651K [0x00000000d6b00000, 0x00000000ed900000, 0x0000000100000000)
  eden space 185856K, 100% used [0x00000000d6b00000,0x00000000e2080000,0x00000000e2080000)
  from space 33792K, 26% used [0x00000000e2080000,0x00000000e2916f58,0x00000000e4180000)
  to   space 32256K, 0% used [0x00000000eb980000,0x00000000eb980000,0x00000000ed900000)
 ParOldGen       total 112128K, used 34438K [0x0000000084000000, 0x000000008ad80000, 0x00000000d6b00000)
  object space 112128K, 30% used [0x0000000084000000,0x00000000861a1bd8,0x000000008ad80000)
 Metaspace       used 24614K, capacity 25633K, committed 25856K, reserved 1073152K
  class space    used 2811K, capacity 3044K, committed 3072K, reserved 1048576K
Event: 27.654 GC heap after
Heap after GC invocations=10 (full 2):
 PSYoungGen      total 339456K, used 9521K [0x00000000d6b00000, 0x00000000ed600000, 0x0000000100000000)
  eden space 310272K, 0% used [0x00000000d6b00000,0x00000000d6b00000,0x00000000e9a00000)
  from space 29184K, 32% used [0x00000000eb980000,0x00000000ec2cc4e8,0x00000000ed600000)
  to   space 30720K, 0% used [0x00000000e9a00000,0x00000000e9a00000,0x00000000eb800000)
 ParOldGen       total 112128K, used 34446K [0x0000000084000000, 0x000000008ad80000, 0x00000000d6b00000)
  object space 112128K, 30% used [0x0000000084000000,0x00000000861a3bd8,0x000000008ad80000)
 Metaspace       used 24614K, capacity 25633K, committed 25856K, reserved 1073152K
  class space    used 2811K, capacity 3044K, committed 3072K, reserved 1048576K
}
Event: 29.235 GC heap before
{Heap before GC invocations=11 (full 2):
 PSYoungGen      total 339456K, used 319793K [0x00000000d6b00000, 0x00000000ed600000, 0x0000000100000000)
  eden space 310272K, 100% used [0x00000000d6b00000,0x00000000e9a00000,0x00000000e9a00000)
  from space 29184K, 32% used [0x00000000eb980000,0x00000000ec2cc4e8,0x00000000ed600000)
  to   space 30720K, 0% used [0x00000000e9a00000,0x00000000e9a00000,0x00000000eb800000)
 ParOldGen       total 112128K, used 34446K [0x0000000084000000, 0x000000008ad80000, 0x00000000d6b00000)
  object space 112128K, 30% used [0x0000000084000000,0x00000000861a3bd8,0x000000008ad80000)
 Metaspace       used 24617K, capacity 25633K, committed 25856K, reserved 1073152K
  class space    used 2811K, capacity 3044K, committed 3072K, reserved 1048576K
Event: 29.243 GC heap after
Heap after GC invocations=11 (full 2):
 PSYoungGen      total 340992K, used 4863K [0x00000000d6b00000, 0x00000000f4600000, 0x0000000100000000)
  eden space 310272K, 0% used [0x00000000d6b00000,0x00000000d6b00000,0x00000000e9a00000)
  from space 30720K, 15% used [0x00000000e9a00000,0x00000000e9ebfe18,0x00000000eb800000)
  to   space 30208K, 0% used [0x00000000f2880000,0x00000000f2880000,0x00000000f4600000)
 ParOldGen       total 112128K, used 39760K [0x0000000084000000, 0x000000008ad80000, 0x00000000d6b00000)
  object space 112128K, 35% used [0x0000000084000000,0x00000000866d42e0,0x000000008ad80000)
 Metaspace       used 24617K, capacity 25633K, committed 25856K, reserved 1073152K
  class space    used 2811K, capacity 3044K, committed 3072K, reserved 1048576K
}

Deoptimization events (10 events):
Event: 29.991 Thread 0x00007fe6bc280800 Uncommon trap: reason=class_check action=none pc=0x00007fe6ace04c4c method=com.sun.javafx.css.converters.PaintConverter.convert(Ljavafx/css/ParsedValue;Ljavafx/scene/text/Font;)Ljavafx/scene/paint/Paint; @ 21
Event: 29.991 Thread 0x00007fe6bc280800 Uncommon trap: reason=class_check action=none pc=0x00007fe6ace04c4c method=com.sun.javafx.css.converters.PaintConverter.convert(Ljavafx/css/ParsedValue;Ljavafx/scene/text/Font;)Ljavafx/scene/paint/Paint; @ 21
Event: 29.991 Thread 0x00007fe6bc280800 Uncommon trap: reason=class_check action=none pc=0x00007fe6ace04c4c method=com.sun.javafx.css.converters.PaintConverter.convert(Ljavafx/css/ParsedValue;Ljavafx/scene/text/Font;)Ljavafx/scene/paint/Paint; @ 21
Event: 29.992 Thread 0x00007fe6bc280800 Uncommon trap: reason=class_check action=none pc=0x00007fe6ace04c4c method=com.sun.javafx.css.converters.PaintConverter.convert(Ljavafx/css/ParsedValue;Ljavafx/scene/text/Font;)Ljavafx/scene/paint/Paint; @ 21
Event: 29.992 Thread 0x00007fe6bc280800 Uncommon trap: reason=class_check action=none pc=0x00007fe6ace04c4c method=com.sun.javafx.css.converters.PaintConverter.convert(Ljavafx/css/ParsedValue;Ljavafx/scene/text/Font;)Ljavafx/scene/paint/Paint; @ 21
Event: 29.993 Thread 0x00007fe6bc280800 Uncommon trap: reason=class_check action=none pc=0x00007fe6ace04c4c method=com.sun.javafx.css.converters.PaintConverter.convert(Ljavafx/css/ParsedValue;Ljavafx/scene/text/Font;)Ljavafx/scene/paint/Paint; @ 21
Event: 29.994 Thread 0x00007fe6bc280800 Uncommon trap: reason=class_check action=none pc=0x00007fe6ace04c4c method=com.sun.javafx.css.converters.PaintConverter.convert(Ljavafx/css/ParsedValue;Ljavafx/scene/text/Font;)Ljavafx/scene/paint/Paint; @ 21
Event: 29.994 Thread 0x00007fe6bc280800 Uncommon trap: reason=class_check action=none pc=0x00007fe6ace04c4c method=com.sun.javafx.css.converters.PaintConverter.convert(Ljavafx/css/ParsedValue;Ljavafx/scene/text/Font;)Ljavafx/scene/paint/Paint; @ 21
Event: 29.994 Thread 0x00007fe6bc280800 Uncommon trap: reason=class_check action=none pc=0x00007fe6ace04c4c method=com.sun.javafx.css.converters.PaintConverter.convert(Ljavafx/css/ParsedValue;Ljavafx/scene/text/Font;)Ljavafx/scene/paint/Paint; @ 21
Event: 29.994 Thread 0x00007fe6bc280800 Uncommon trap: reason=class_check action=maybe_recompile pc=0x00007fe6acc038e8 method=java.util.AbstractCollection.toString()Ljava/lang/String; @ 1

Internal exceptions (10 events):
Event: 29.990 Thread 0x00007fe6bc280800 Exception <a 'java/lang/ClassCastException': java.lang.String cannot be cast to javafx.css.ParsedValue> (0x00000000e4ed3a78) thrown at [/build/java8-openjdk/src/jdk8u-jdk8u60-b24/hotspot/src/share/vm/interpreter/interpreterRuntime.cpp, line 381]
Event: 29.991 Thread 0x00007fe6bc280800 Exception <a 'java/lang/ClassCastException': java.lang.String cannot be cast to javafx.css.ParsedValue> (0x00000000e4f1fbf0) thrown at [/build/java8-openjdk/src/jdk8u-jdk8u60-b24/hotspot/src/share/vm/interpreter/interpreterRuntime.cpp, line 381]
Event: 29.991 Thread 0x00007fe6bc280800 Exception <a 'java/lang/ClassCastException': java.lang.String cannot be cast to javafx.css.ParsedValue> (0x00000000e4f2dc90) thrown at [/build/java8-openjdk/src/jdk8u-jdk8u60-b24/hotspot/src/share/vm/interpreter/interpreterRuntime.cpp, line 381]
Event: 29.991 Thread 0x00007fe6bc280800 Exception <a 'java/lang/ClassCastException': java.lang.String cannot be cast to javafx.css.ParsedValue> (0x00000000e4f3bd20) thrown at [/build/java8-openjdk/src/jdk8u-jdk8u60-b24/hotspot/src/share/vm/interpreter/interpreterRuntime.cpp, line 381]
Event: 29.992 Thread 0x00007fe6bc280800 Exception <a 'java/lang/ClassCastException': java.lang.String cannot be cast to javafx.css.ParsedValue> (0x00000000e4f88070) thrown at [/build/java8-openjdk/src/jdk8u-jdk8u60-b24/hotspot/src/share/vm/interpreter/interpreterRuntime.cpp, line 381]
Event: 29.993 Thread 0x00007fe6bc280800 Exception <a 'java/lang/ClassCastException': java.lang.String cannot be cast to javafx.css.ParsedValue> (0x00000000e4f96110) thrown at [/build/java8-openjdk/src/jdk8u-jdk8u60-b24/hotspot/src/share/vm/interpreter/interpreterRuntime.cpp, line 381]
Event: 29.993 Thread 0x00007fe6bc280800 Exception <a 'java/lang/ClassCastException': java.lang.String cannot be cast to javafx.css.ParsedValue> (0x00000000e4fa41a0) thrown at [/build/java8-openjdk/src/jdk8u-jdk8u60-b24/hotspot/src/share/vm/interpreter/interpreterRuntime.cpp, line 381]
Event: 29.994 Thread 0x00007fe6bc280800 Exception <a 'java/lang/ClassCastException': java.lang.String cannot be cast to javafx.css.ParsedValue> (0x00000000e4ff04e0) thrown at [/build/java8-openjdk/src/jdk8u-jdk8u60-b24/hotspot/src/share/vm/interpreter/interpreterRuntime.cpp, line 381]
Event: 29.994 Thread 0x00007fe6bc280800 Exception <a 'java/lang/ClassCastException': java.lang.String cannot be cast to javafx.css.ParsedValue> (0x00000000e4ffe580) thrown at [/build/java8-openjdk/src/jdk8u-jdk8u60-b24/hotspot/src/share/vm/interpreter/interpreterRuntime.cpp, line 381]
Event: 29.994 Thread 0x00007fe6bc280800 Exception <a 'java/lang/ClassCastException': java.lang.String cannot be cast to javafx.css.ParsedValue> (0x00000000e500c610) thrown at [/build/java8-openjdk/src/jdk8u-jdk8u60-b24/hotspot/src/share/vm/interpreter/interpreterRuntime.cpp, line 381]

Events (10 events):
Event: 29.994 Thread 0x00007fe6bc280800 DEOPT PACKING pc=0x00007fe6ad973b90 sp=0x00007fe639e8d860
Event: 29.994 Thread 0x00007fe6bc280800 DEOPT UNPACKING pc=0x00007fe6ac772373 sp=0x00007fe639e8d598 mode 1
Event: 29.994 Thread 0x00007fe6bc280800 Uncommon trap: trap_request=0xffffffdf fr.pc=0x00007fe6ace04c4c
Event: 29.994 Thread 0x00007fe6bc280800 DEOPT PACKING pc=0x00007fe6ace04c4c sp=0x00007fe639e8d800
Event: 29.994 Thread 0x00007fe6bc280800 DEOPT UNPACKING pc=0x00007fe6ac72ff69 sp=0x00007fe639e8d770 mode 2
Event: 29.994 Thread 0x00007fe6bc280800 DEOPT PACKING pc=0x00007fe6ad973b90 sp=0x00007fe639e8d860
Event: 29.994 Thread 0x00007fe6bc280800 DEOPT UNPACKING pc=0x00007fe6ac772373 sp=0x00007fe639e8d598 mode 1
Event: 29.994 Thread 0x00007fe6bc280800 Uncommon trap: trap_request=0xffffffde fr.pc=0x00007fe6acc038e8
Event: 29.994 Thread 0x00007fe6bc280800 DEOPT PACKING pc=0x00007fe6acc038e8 sp=0x00007fe639e8e730
Event: 29.994 Thread 0x00007fe6bc280800 DEOPT UNPACKING pc=0x00007fe6ac72ff69 sp=0x00007fe639e8e768 mode 2


Dynamic libraries:
00400000-00401000 r-xp 00000000 08:02 3159409                            /usr/lib/jvm/java-8-openjdk/jre/bin/java
00600000-00601000 rw-p 00000000 08:02 3159409                            /usr/lib/jvm/java-8-openjdk/jre/bin/java
01a53000-01a74000 rw-p 00000000 00:00 0                                  [heap]
84000000-8ad80000 rw-p 00000000 00:00 0 
8ad80000-d6b00000 ---p 00000000 00:00 0 
d6b00000-f4600000 rw-p 00000000 00:00 0 
f4600000-100000000 ---p 00000000 00:00 0 
100000000-100300000 rw-p 00000000 00:00 0 
100300000-140000000 ---p 00000000 00:00 0 
7fe61ae3c000-7fe61c251000 r--p 00000000 08:02 3017506                    /usr/share/fonts/TTF/uming.ttc
7fe61c251000-7fe61d666000 r--p 00000000 08:02 3017506                    /usr/share/fonts/TTF/uming.ttc
7fe61d666000-7fe61ea7b000 r--p 00000000 08:02 3017506                    /usr/share/fonts/TTF/uming.ttc
7fe61ea7b000-7fe61fe90000 r--p 00000000 08:02 3017506                    /usr/share/fonts/TTF/uming.ttc
7fe61fe90000-7fe620eec000 r--p 00000000 08:02 3017503                    /usr/share/fonts/TTF/ukai.ttc
7fe620eec000-7fe621f48000 r--p 00000000 08:02 3017503                    /usr/share/fonts/TTF/ukai.ttc
7fe621f48000-7fe622fa4000 r--p 00000000 08:02 3017503                    /usr/share/fonts/TTF/ukai.ttc
7fe622fa4000-7fe624000000 r--p 00000000 08:02 3017503                    /usr/share/fonts/TTF/ukai.ttc
7fe624000000-7fe624021000 rw-p 00000000 00:00 0 
7fe624021000-7fe628000000 ---p 00000000 00:00 0 
7fe628176000-7fe6281b6000 rw-p 00000000 00:00 0 
7fe6281b6000-7fe628376000 ---p 00000000 00:00 0 
7fe628376000-7fe6283c9000 r--p 00000000 08:02 3017478                    /usr/share/fonts/TTF/DejaVuSerif-BoldItalic.ttf
7fe6283c9000-7fe628424000 r--p 00000000 08:02 3017491                    /usr/share/fonts/TTF/LiberationSerif-Italic.ttf
7fe628424000-7fe628478000 r--p 00000000 08:02 3017479                    /usr/share/fonts/TTF/DejaVuSerif-Italic.ttf
7fe628478000-7fe6284cd000 r--p 00000000 08:02 3017477                    /usr/share/fonts/TTF/DejaVuSerif-Bold.ttf
7fe6284cd000-7fe62851b000 r--p 00000000 08:02 3017473                    /usr/share/fonts/TTF/DejaVuSansMono-Bold.ttf
7fe62851b000-7fe628567000 r--p 00000000 08:02 3023466                    /usr/share/fonts/TTF/TerminusTTF.ttf
7fe628567000-7fe6285b3000 r--p 00000000 08:02 3017672                    /usr/share/fonts/OTF/SyrCOMKharput.otf
7fe6285b3000-7fe628612000 r--p 00000000 08:02 3017498                    /usr/share/fonts/TTF/LiberationSerif-Regular.ttf
7fe628612000-7fe629616000 r--p 00000000 08:02 3017499                    /usr/share/fonts/wenquanyi/wqy-zenhei/wqy-zenhei.ttc
7fe629616000-7fe62a61a000 r--p 00000000 08:02 3017499                    /usr/share/fonts/wenquanyi/wqy-zenhei/wqy-zenhei.ttc
7fe62a61a000-7fe62b61e000 r--p 00000000 08:02 3017499                    /usr/share/fonts/wenquanyi/wqy-zenhei/wqy-zenhei.ttc
7fe62b61e000-7fe62bb0f000 r--p 00000000 08:02 3019004                    /usr/share/fonts/wenquanyi/wqy-microhei/wqy-microhei.ttc
7fe62bb0f000-7fe62c000000 r--p 00000000 08:02 3019004                    /usr/share/fonts/wenquanyi/wqy-microhei/wqy-microhei.ttc
7fe62c000000-7fe62ddae000 rw-p 00000000 00:00 0 
7fe62ddae000-7fe630000000 ---p 00000000 00:00 0 
7fe630000000-7fe630021000 rw-p 00000000 00:00 0 
7fe630021000-7fe634000000 ---p 00000000 00:00 0 
7fe634000000-7fe634021000 rw-p 00000000 00:00 0 
7fe634021000-7fe638000000 ---p 00000000 00:00 0 
7fe638003000-7fe638048000 r--p 00000000 08:02 3017688                    /usr/share/fonts/OTF/SyrCOMAdiabene.otf
7fe638048000-7fe638095000 r--p 00000000 08:02 3017488                    /usr/share/fonts/TTF/LiberationMono-Regular.ttf
7fe638095000-7fe6380ef000 r--p 00000000 08:02 3017480                    /usr/share/fonts/TTF/DejaVuSerif.ttf
7fe6380ef000-7fe638141000 r--p 00000000 08:02 3017476                    /usr/share/fonts/TTF/DejaVuSansMono.ttf
7fe638141000-7fe638341000 rw-p 00000000 00:00 0 
7fe638341000-7fe638351000 r-xp 00000000 08:02 3418981                    /usr/lib/jvm/java-8-openjdk/jre/lib/amd64/libdecora_sse.so
7fe638351000-7fe638550000 ---p 00010000 08:02 3418981                    /usr/lib/jvm/java-8-openjdk/jre/lib/amd64/libdecora_sse.so
7fe638550000-7fe638551000 rw-p 0000f000 08:02 3418981                    /usr/lib/jvm/java-8-openjdk/jre/lib/amd64/libdecora_sse.so
7fe638551000-7fe638644000 r-xp 00000000 08:02 2515921                    /usr/lib/libasound.so.2.0.0
7fe638644000-7fe638843000 ---p 000f3000 08:02 2515921                    /usr/lib/libasound.so.2.0.0
7fe638843000-7fe63884a000 r--p 000f2000 08:02 2515921                    /usr/lib/libasound.so.2.0.0
7fe63884a000-7fe63884c000 rw-p 000f9000 08:02 2515921                    /usr/lib/libasound.so.2.0.0
7fe63884c000-7fe638850000 r-xp 00000000 08:02 2633623                    /usr/lib/libcanberra-0.30/libcanberra-alsa.so
7fe638850000-7fe638a4f000 ---p 00004000 08:02 2633623                    /usr/lib/libcanberra-0.30/libcanberra-alsa.so
7fe638a4f000-7fe638a50000 r--p 00003000 08:02 2633623                    /usr/lib/libcanberra-0.30/libcanberra-alsa.so
7fe638a50000-7fe638a51000 rw-p 00004000 08:02 2633623                    /usr/lib/libcanberra-0.30/libcanberra-alsa.so
7fe638a51000-7fe638aec000 r--p 00000000 08:02 3017465                    /usr/share/fonts/TTF/DejaVuSans-BoldOblique.ttf
7fe638aec000-7fe638b87000 r--p 00000000 08:02 3017467                    /usr/share/fonts/TTF/DejaVuSans-Oblique.ttf
7fe638b87000-7fe638d87000 rw-p 00000000 00:00 0 
7fe638d87000-7fe638d8a000 ---p 00000000 00:00 0 
7fe638d8a000-7fe639088000 rw-p 00000000 00:00 0                          [stack:14565]
7fe639088000-7fe63908d000 r-xp 00000000 08:02 3419596                    /usr/lib/jvm/java-8-openjdk/jre/lib/amd64/libjavafx_font_freetype.so
7fe63908d000-7fe63928c000 ---p 00005000 08:02 3419596                    /usr/lib/jvm/java-8-openjdk/jre/lib/amd64/libjavafx_font_freetype.so
7fe63928c000-7fe63928d000 rw-p 00004000 08:02 3419596                    /usr/lib/jvm/java-8-openjdk/jre/lib/amd64/libjavafx_font_freetype.so
7fe63928d000-7fe639290000 r-xp 00000000 08:02 3419595                    /usr/lib/jvm/java-8-openjdk/jre/lib/amd64/libjavafx_font.so
7fe639290000-7fe63948f000 ---p 00003000 08:02 3419595                    /usr/lib/jvm/java-8-openjdk/jre/lib/amd64/libjavafx_font.so
7fe63948f000-7fe639490000 rw-p 00002000 08:02 3419595                    /usr/lib/jvm/java-8-openjdk/jre/lib/amd64/libjavafx_font.so
7fe639490000-7fe639690000 rw-p 00000000 00:00 0 
7fe639690000-7fe639890000 rw-p 00000000 00:00 0 
7fe639890000-7fe639a90000 rw-p 00000000 00:00 0 
7fe639a90000-7fe639c90000 rw-p 00000000 00:00 0 
7fe639c90000-7fe639c93000 ---p 00000000 00:00 0 
7fe639c93000-7fe639d91000 rw-p 00000000 00:00 0                          [stack:14561]
7fe639d91000-7fe639d94000 ---p 00000000 00:00 0 
7fe639d94000-7fe639e92000 rw-p 00000000 00:00 0                          [stack:14560]
7fe639e92000-7fe639e98000 r-xp 00000000 08:02 2515928                    /usr/lib/libogg.so.0.8.2
7fe639e98000-7fe63a097000 ---p 00006000 08:02 2515928                    /usr/lib/libogg.so.0.8.2
7fe63a097000-7fe63a098000 r--p 00005000 08:02 2515928                    /usr/lib/libogg.so.0.8.2
7fe63a098000-7fe63a099000 rw-p 00006000 08:02 2515928                    /usr/lib/libogg.so.0.8.2
7fe63a099000-7fe63a0c4000 r-xp 00000000 08:02 2515946                    /usr/lib/libvorbis.so.0.4.8
7fe63a0c4000-7fe63a2c4000 ---p 0002b000 08:02 2515946                    /usr/lib/libvorbis.so.0.4.8
7fe63a2c4000-7fe63a2c5000 r--p 0002b000 08:02 2515946                    /usr/lib/libvorbis.so.0.4.8
7fe63a2c5000-7fe63a2c6000 rw-p 0002c000 08:02 2515946                    /usr/lib/libvorbis.so.0.4.8
7fe63a2c6000-7fe63a2cf000 r-xp 00000000 08:02 2511041                    /usr/lib/libltdl.so.7.3.1
7fe63a2cf000-7fe63a4ce000 ---p 00009000 08:02 2511041                    /usr/lib/libltdl.so.7.3.1
7fe63a4ce000-7fe63a4cf000 r--p 00008000 08:02 2511041                    /usr/lib/libltdl.so.7.3.1
7fe63a4cf000-7fe63a4d0000 rw-p 00009000 08:02 2511041                    /usr/lib/libltdl.so.7.3.1
7fe63a4d0000-7fe63a4e4000 r-xp 00000000 08:02 2522771                    /usr/lib/libtdb.so.1.3.6
7fe63a4e4000-7fe63a6e3000 ---p 00014000 08:02 2522771                    /usr/lib/libtdb.so.1.3.6
7fe63a6e3000-7fe63a6e4000 r--p 00013000 08:02 2522771                    /usr/lib/libtdb.so.1.3.6
7fe63a6e4000-7fe63a6e5000 rw-p 00014000 08:02 2522771                    /usr/lib/libtdb.so.1.3.6
7fe63a6e5000-7fe63a6ed000 r-xp 00000000 08:02 2515950                    /usr/lib/libvorbisfile.so.3.3.7
7fe63a6ed000-7fe63a8ec000 ---p 00008000 08:02 2515950                    /usr/lib/libvorbisfile.so.3.3.7
7fe63a8ec000-7fe63a8ed000 r--p 00007000 08:02 2515950                    /usr/lib/libvorbisfile.so.3.3.7
7fe63a8ed000-7fe63a8ee000 rw-p 00008000 08:02 2515950                    /usr/lib/libvorbisfile.so.3.3.7
7fe63a8ee000-7fe63a8ff000 r-xp 00000000 08:02 2528314                    /usr/lib/libcanberra.so.0.2.5
7fe63a8ff000-7fe63aafe000 ---p 00011000 08:02 2528314                    /usr/lib/libcanberra.so.0.2.5
7fe63aafe000-7fe63aaff000 r--p 00010000 08:02 2528314                    /usr/lib/libcanberra.so.0.2.5
7fe63aaff000-7fe63ab00000 rw-p 00011000 08:02 2528314                    /usr/lib/libcanberra.so.0.2.5
7fe63ab00000-7fe63ab04000 r-xp 00000000 08:02 2528316                    /usr/lib/libcanberra-gtk.so.0.1.9
7fe63ab04000-7fe63ad03000 ---p 00004000 08:02 2528316                    /usr/lib/libcanberra-gtk.so.0.1.9
7fe63ad03000-7fe63ad04000 r--p 00003000 08:02 2528316                    /usr/lib/libcanberra-gtk.so.0.1.9
7fe63ad04000-7fe63ad05000 rw-p 00004000 08:02 2528316                    /usr/lib/libcanberra-gtk.so.0.1.9
7fe63ad05000-7fe63ad0a000 r-xp 00000000 08:02 2633626                    /usr/lib/gtk-2.0/modules/libcanberra-gtk-module.so
7fe63ad0a000-7fe63af09000 ---p 00005000 08:02 2633626                    /usr/lib/gtk-2.0/modules/libcanberra-gtk-module.so
7fe63af09000-7fe63af0a000 r--p 00004000 08:02 2633626                    /usr/lib/gtk-2.0/modules/libcanberra-gtk-module.so
7fe63af0a000-7fe63af0b000 rw-p 00005000 08:02 2633626                    /usr/lib/gtk-2.0/modules/libcanberra-gtk-module.so
7fe63af0b000-7fe63af33000 r-xp 00000000 08:02 3419558                    /usr/lib/jvm/java-8-openjdk/jre/lib/amd64/libglass.so
7fe63af33000-7fe63b132000 ---p 00028000 08:02 3419558                    /usr/lib/jvm/java-8-openjdk/jre/lib/amd64/libglass.so
7fe63b132000-7fe63b135000 rw-p 00027000 08:02 3419558                    /usr/lib/jvm/java-8-openjdk/jre/lib/amd64/libglass.so
7fe63b135000-7fe63b144000 r-xp 00000000 08:02 3419603                    /usr/lib/jvm/java-8-openjdk/jre/lib/amd64/libprism_sw.so
7fe63b144000-7fe63b344000 ---p 0000f000 08:02 3419603                    /usr/lib/jvm/java-8-openjdk/jre/lib/amd64/libprism_sw.so
7fe63b344000-7fe63b345000 rw-p 0000f000 08:02 3419603                    /usr/lib/jvm/java-8-openjdk/jre/lib/amd64/libprism_sw.so
7fe63b345000-7fe63b349000 r-xp 00000000 08:02 2515166                    /usr/lib/libtxc_dxtn.so
7fe63b349000-7fe63b548000 ---p 00004000 08:02 2515166                    /usr/lib/libtxc_dxtn.so
7fe63b548000-7fe63b549000 r--p 00003000 08:02 2515166                    /usr/lib/libtxc_dxtn.so
7fe63b549000-7fe63b54a000 rw-p 00004000 08:02 2515166                    /usr/lib/libtxc_dxtn.so
7fe63b54a000-7fe63b54b000 ---p 00000000 00:00 0 
7fe63b54b000-7fe63bd4b000 rw-p 00000000 00:00 0                          [stack:14558]
7fe63bd4b000-7fe63bd4c000 ---p 00000000 00:00 0 
7fe63bd4c000-7fe63c54c000 rw-p 00000000 00:00 0                          [stack:14557]
7fe63c54c000-7fe63c54d000 ---p 00000000 00:00 0 
7fe63c54d000-7fe63cd4d000 rw-p 00000000 00:00 0                          [stack:14556]
7fe63cd4d000-7fe63cd4e000 ---p 00000000 00:00 0 
7fe63cd4e000-7fe63d54e000 rw-p 00000000 00:00 0                          [stack:14555]
7fe63d54e000-7fe63d54f000 ---p 00000000 00:00 0 
7fe63d54f000-7fe63dd4f000 rw-p 00000000 00:00 0                          [stack:14554]
7fe63dd4f000-7fe63dd50000 ---p 00000000 00:00 0 
7fe63dd50000-7fe63e550000 rw-p 00000000 00:00 0                          [stack:14553]
7fe63e550000-7fe63e551000 ---p 00000000 00:00 0 
7fe63e551000-7fe63ed51000 rw-p 00000000 00:00 0                          [stack:14552]
7fe63ed51000-7fe63ed52000 ---p 00000000 00:00 0 
7fe63ed52000-7fe63f552000 rw-p 00000000 00:00 0                          [stack:14551]
7fe63f552000-7fe63f5b1000 r-xp 00000000 08:02 2493972                    /usr/lib/libncursesw.so.5.9
7fe63f5b1000-7fe63f7b1000 ---p 0005f000 08:02 2493972                    /usr/lib/libncursesw.so.5.9
7fe63f7b1000-7fe63f7b5000 r--p 0005f000 08:02 2493972                    /usr/lib/libncursesw.so.5.9
7fe63f7b5000-7fe63f7b7000 rw-p 00063000 08:02 2493972                    /usr/lib/libncursesw.so.5.9
7fe63f7b7000-7fe63f7ed000 r-xp 00000000 08:02 2515194                    /usr/lib/libedit.so.0.0.53
7fe63f7ed000-7fe63f9ed000 ---p 00036000 08:02 2515194                    /usr/lib/libedit.so.0.0.53
7fe63f9ed000-7fe63f9ef000 r--p 00036000 08:02 2515194                    /usr/lib/libedit.so.0.0.53
7fe63f9ef000-7fe63f9f0000 rw-p 00038000 08:02 2515194                    /usr/lib/libedit.so.0.0.53
7fe63f9f0000-7fe63f9f4000 rw-p 00000000 00:00 0 
7fe63f9f4000-7fe641737000 r-xp 00000000 08:02 2515198                    /usr/lib/libLLVM-3.6.so
7fe641737000-7fe641936000 ---p 01d43000 08:02 2515198                    /usr/lib/libLLVM-3.6.so
7fe641936000-7fe641b4b000 r--p 01d42000 08:02 2515198                    /usr/lib/libLLVM-3.6.so
7fe641b4b000-7fe641b65000 rw-p 01f57000 08:02 2515198                    /usr/lib/libLLVM-3.6.so
7fe641b65000-7fe641b7a000 rw-p 00000000 00:00 0 
7fe641b7a000-7fe641b8f000 r-xp 00000000 08:02 2515097                    /usr/lib/libelf-0.163.so
7fe641b8f000-7fe641d8e000 ---p 00015000 08:02 2515097                    /usr/lib/libelf-0.163.so
7fe641d8e000-7fe641d8f000 r--p 00014000 08:02 2515097                    /usr/lib/libelf-0.163.so
7fe641d8f000-7fe641d90000 rw-p 00015000 08:02 2515097                    /usr/lib/libelf-0.163.so
7fe641d90000-7fe641d9b000 r-xp 00000000 08:02 2511303                    /usr/lib/libdrm_radeon.so.1.0.1
7fe641d9b000-7fe641f9a000 ---p 0000b000 08:02 2511303                    /usr/lib/libdrm_radeon.so.1.0.1
7fe641f9a000-7fe641f9b000 r--p 0000a000 08:02 2511303                    /usr/lib/libdrm_radeon.so.1.0.1
7fe641f9b000-7fe641f9c000 rw-p 0000b000 08:02 2511303                    /usr/lib/libdrm_radeon.so.1.0.1
7fe641f9c000-7fe641fa2000 r-xp 00000000 08:02 2511302                    /usr/lib/libdrm_nouveau.so.2.0.0
7fe641fa2000-7fe6421a1000 ---p 00006000 08:02 2511302                    /usr/lib/libdrm_nouveau.so.2.0.0
7fe6421a1000-7fe6421a2000 r--p 00005000 08:02 2511302                    /usr/lib/libdrm_nouveau.so.2.0.0
7fe6421a2000-7fe6421a3000 rw-p 00006000 08:02 2511302                    /usr/lib/libdrm_nouveau.so.2.0.0
7fe6421a3000-7fe64293e000 r-xp 00000000 08:02 3018262                    /usr/lib/xorg/modules/dri/swrast_dri.so
7fe64293e000-7fe642b3e000 ---p 0079b000 08:02 3018262                    /usr/lib/xorg/modules/dri/swrast_dri.so
7fe642b3e000-7fe642b94000 r--p 0079b000 08:02 3018262                    /usr/lib/xorg/modules/dri/swrast_dri.so
7fe642b94000-7fe642b9d000 rw-p 007f1000 08:02 3018262                    /usr/lib/xorg/modules/dri/swrast_dri.so
7fe642b9d000-7fe642d82000 rw-p 00000000 00:00 0 
7fe642d82000-7fe642d87000 r-xp 00000000 08:02 2511229                    /usr/lib/libXdmcp.so.6.0.0
7fe642d87000-7fe642f86000 ---p 00005000 08:02 2511229                    /usr/lib/libXdmcp.so.6.0.0
7fe642f86000-7fe642f87000 r--p 00004000 08:02 2511229                    /usr/lib/libXdmcp.so.6.0.0
7fe642f87000-7fe642f88000 rw-p 00005000 08:02 2511229                    /usr/lib/libXdmcp.so.6.0.0
7fe642f88000-7fe642f8a000 r-xp 00000000 08:02 2511317                    /usr/lib/libXau.so.6.0.0
7fe642f8a000-7fe64318a000 ---p 00002000 08:02 2511317                    /usr/lib/libXau.so.6.0.0
7fe64318a000-7fe64318b000 r--p 00002000 08:02 2511317                    /usr/lib/libXau.so.6.0.0
7fe64318b000-7fe64318c000 rw-p 00003000 08:02 2511317                    /usr/lib/libXau.so.6.0.0
7fe64318c000-7fe64319b000 r-xp 00000000 08:02 2514872                    /usr/lib/libwayland-server.so.0.1.0
7fe64319b000-7fe64339b000 ---p 0000f000 08:02 2514872                    /usr/lib/libwayland-server.so.0.1.0
7fe64339b000-7fe64339d000 r--p 0000f000 08:02 2514872                    /usr/lib/libwayland-server.so.0.1.0
7fe64339d000-7fe64339e000 rw-p 00011000 08:02 2514872                    /usr/lib/libwayland-server.so.0.1.0
7fe64339e000-7fe6433aa000 r-xp 00000000 08:02 2514873                    /usr/lib/libwayland-client.so.0.3.0
7fe6433aa000-7fe6435a9000 ---p 0000c000 08:02 2514873                    /usr/lib/libwayland-client.so.0.3.0
7fe6435a9000-7fe6435ab000 r--p 0000b000 08:02 2514873                    /usr/lib/libwayland-client.so.0.3.0
7fe6435ab000-7fe6435ac000 rw-p 0000d000 08:02 2514873                    /usr/lib/libwayland-client.so.0.3.0
7fe6435ac000-7fe6435b8000 r-xp 00000000 08:02 2515217                    /usr/lib/libgbm.so.1.0.0
7fe6435b8000-7fe6437b8000 ---p 0000c000 08:02 2515217                    /usr/lib/libgbm.so.1.0.0
7fe6437b8000-7fe6437b9000 r--p 0000c000 08:02 2515217                    /usr/lib/libgbm.so.1.0.0
7fe6437b9000-7fe6437ba000 rw-p 0000d000 08:02 2515217                    /usr/lib/libgbm.so.1.0.0
7fe6437ba000-7fe6437e5000 r-xp 00000000 08:02 2511252                    /usr/lib/libgraphite2.so.3.0.1
7fe6437e5000-7fe6439e5000 ---p 0002b000 08:02 2511252                    /usr/lib/libgraphite2.so.3.0.1
7fe6439e5000-7fe6439e7000 r--p 0002b000 08:02 2511252                    /usr/lib/libgraphite2.so.3.0.1
7fe6439e7000-7fe6439e8000 rw-p 0002d000 08:02 2511252                    /usr/lib/libgraphite2.so.3.0.1
7fe6439e8000-7fe6439f5000 r-xp 00000000 08:02 2511299                    /usr/lib/libdrm.so.2.4.0
7fe6439f5000-7fe643bf4000 ---p 0000d000 08:02 2511299                    /usr/lib/libdrm.so.2.4.0
7fe643bf4000-7fe643bf5000 r--p 0000c000 08:02 2511299                    /usr/lib/libdrm.so.2.4.0
7fe643bf5000-7fe643bf6000 rw-p 0000d000 08:02 2511299                    /usr/lib/libdrm.so.2.4.0
7fe643bf6000-7fe643bf7000 r-xp 00000000 08:02 2514863                    /usr/lib/libxshmfence.so.1.0.0
7fe643bf7000-7fe643df7000 ---p 00001000 08:02 2514863                    /usr/lib/libxshmfence.so.1.0.0
7fe643df7000-7fe643df8000 r--p 00001000 08:02 2514863                    /usr/lib/libxshmfence.so.1.0.0
7fe643df8000-7fe643df9000 rw-p 00002000 08:02 2514863                    /usr/lib/libxshmfence.so.1.0.0
7fe643df9000-7fe643dfe000 r-xp 00000000 08:02 2513672                    /usr/lib/libxcb-sync.so.1.0.0
7fe643dfe000-7fe643ffe000 ---p 00005000 08:02 2513672                    /usr/lib/libxcb-sync.so.1.0.0
7fe643ffe000-7fe643fff000 r--p 00005000 08:02 2513672                    /usr/lib/libxcb-sync.so.1.0.0
7fe643fff000-7fe644000000 rw-p 00006000 08:02 2513672                    /usr/lib/libxcb-sync.so.1.0.0
7fe644000000-7fe644021000 rw-p 00000000 00:00 0 
7fe644021000-7fe648000000 ---p 00000000 00:00 0 
7fe648000000-7fe6483e3000 rw-p 00000000 00:00 0 
7fe6483e3000-7fe64c000000 ---p 00000000 00:00 0 
7fe64c000000-7fe64d279000 rw-p 00000000 00:00 0 
7fe64d279000-7fe650000000 ---p 00000000 00:00 0 
7fe650000000-7fe650021000 rw-p 00000000 00:00 0 
7fe650021000-7fe654000000 ---p 00000000 00:00 0 
7fe654000000-7fe655954000 rw-p 00000000 00:00 0 
7fe655954000-7fe658000000 ---p 00000000 00:00 0 
7fe658000000-7fe65bf84000 rw-p 00000000 00:00 0 
7fe65bf84000-7fe65c000000 ---p 00000000 00:00 0 
7fe65c000000-7fe65c021000 rw-p 00000000 00:00 0 
7fe65c021000-7fe660000000 ---p 00000000 00:00 0 
7fe660000000-7fe661c0c000 rw-p 00000000 00:00 0 
7fe661c0c000-7fe664000000 ---p 00000000 00:00 0 
7fe664000000-7fe664021000 rw-p 00000000 00:00 0 
7fe664021000-7fe668000000 ---p 00000000 00:00 0 
7fe668000000-7fe668021000 rw-p 00000000 00:00 0 
7fe668021000-7fe66c000000 ---p 00000000 00:00 0 
7fe66c000000-7fe66c021000 rw-p 00000000 00:00 0 
7fe66c021000-7fe670000000 ---p 00000000 00:00 0 
7fe670000000-7fe670021000 rw-p 00000000 00:00 0 
7fe670021000-7fe674000000 ---p 00000000 00:00 0 
7fe674000000-7fe674042000 rw-p 00000000 00:00 0 
7fe674042000-7fe678000000 ---p 00000000 00:00 0 
7fe678000000-7fe678021000 rw-p 00000000 00:00 0 
7fe678021000-7fe67c000000 ---p 00000000 00:00 0 
7fe67c000000-7fe67c021000 rw-p 00000000 00:00 0 
7fe67c021000-7fe680000000 ---p 00000000 00:00 0 
7fe680000000-7fe680021000 rw-p 00000000 00:00 0 
7fe680021000-7fe684000000 ---p 00000000 00:00 0 
7fe684000000-7fe684021000 rw-p 00000000 00:00 0 
7fe684021000-7fe688000000 ---p 00000000 00:00 0 
7fe688000000-7fe688021000 rw-p 00000000 00:00 0 
7fe688021000-7fe68c000000 ---p 00000000 00:00 0 
7fe68c000000-7fe68c021000 rw-p 00000000 00:00 0 
7fe68c021000-7fe690000000 ---p 00000000 00:00 0 
7fe690033000-7fe6900dd000 r--p 00000000 08:02 3017464                    /usr/share/fonts/TTF/DejaVuSans-Bold.ttf
7fe6900dd000-7fe6900e0000 r-xp 00000000 08:02 2513641                    /usr/lib/libxcb-shape.so.0.0.0
7fe6900e0000-7fe6902df000 ---p 00003000 08:02 2513641                    /usr/lib/libxcb-shape.so.0.0.0
7fe6902df000-7fe6902e0000 r--p 00002000 08:02 2513641                    /usr/lib/libxcb-shape.so.0.0.0
7fe6902e0000-7fe6902e1000 rw-p 00003000 08:02 2513641                    /usr/lib/libxcb-shape.so.0.0.0
7fe6902e1000-7fe6902e7000 r-xp 00000000 08:02 2513623                    /usr/lib/libxcb-xfixes.so.0.0.0
7fe6902e7000-7fe6904e7000 ---p 00006000 08:02 2513623                    /usr/lib/libxcb-xfixes.so.0.0.0
7fe6904e7000-7fe6904e8000 r--p 00006000 08:02 2513623                    /usr/lib/libxcb-xfixes.so.0.0.0
7fe6904e8000-7fe6904e9000 rw-p 00007000 08:02 2513623                    /usr/lib/libxcb-xfixes.so.0.0.0
7fe6904e9000-7fe6904f6000 r-xp 00000000 08:02 2513680                    /usr/lib/libxcb-randr.so.0.1.0
7fe6904f6000-7fe6906f5000 ---p 0000d000 08:02 2513680                    /usr/lib/libxcb-randr.so.0.1.0
7fe6906f5000-7fe6906f6000 r--p 0000c000 08:02 2513680                    /usr/lib/libxcb-randr.so.0.1.0
7fe6906f6000-7fe6906f7000 rw-p 0000d000 08:02 2513680                    /usr/lib/libxcb-randr.so.0.1.0
7fe6906f7000-7fe6906f9000 r-xp 00000000 08:02 2513659                    /usr/lib/libxcb-present.so.0.0.0
7fe6906f9000-7fe6908f8000 ---p 00002000 08:02 2513659                    /usr/lib/libxcb-present.so.0.0.0
7fe6908f8000-7fe6908f9000 r--p 00001000 08:02 2513659                    /usr/lib/libxcb-present.so.0.0.0
7fe6908f9000-7fe6908fa000 rw-p 00002000 08:02 2513659                    /usr/lib/libxcb-present.so.0.0.0
7fe6908fa000-7fe6908fc000 r-xp 00000000 08:02 2513631                    /usr/lib/libxcb-dri3.so.0.0.0
7fe6908fc000-7fe690afb000 ---p 00002000 08:02 2513631                    /usr/lib/libxcb-dri3.so.0.0.0
7fe690afb000-7fe690afc000 r--p 00001000 08:02 2513631                    /usr/lib/libxcb-dri3.so.0.0.0
7fe690afc000-7fe690afd000 rw-p 00002000 08:02 2513631                    /usr/lib/libxcb-dri3.so.0.0.0
7fe690afd000-7fe690b01000 r-xp 00000000 08:02 2513656                    /usr/lib/libxcb-dri2.so.0.0.0
7fe690b01000-7fe690d00000 ---p 00004000 08:02 2513656                    /usr/lib/libxcb-dri2.so.0.0.0
7fe690d00000-7fe690d01000 r--p 00003000 08:02 2513656                    /usr/lib/libxcb-dri2.so.0.0.0
7fe690d01000-7fe690d02000 rw-p 00004000 08:02 2513656                    /usr/lib/libxcb-dri2.so.0.0.0
7fe690d02000-7fe690d19000 r-xp 00000000 08:02 2513630                    /usr/lib/libxcb-glx.so.0.0.0
7fe690d19000-7fe690f19000 ---p 00017000 08:02 2513630                    /usr/lib/libxcb-glx.so.0.0.0
7fe690f19000-7fe690f1b000 r--p 00017000 08:02 2513630                    /usr/lib/libxcb-glx.so.0.0.0
7fe690f1b000-7fe690f1c000 rw-p 00019000 08:02 2513630                    /usr/lib/libxcb-glx.so.0.0.0
7fe690f1c000-7fe690f1d000 r-xp 00000000 08:02 2513726                    /usr/lib/libX11-xcb.so.1.0.0
7fe690f1d000-7fe69111c000 ---p 00001000 08:02 2513726                    /usr/lib/libX11-xcb.so.1.0.0
7fe69111c000-7fe69111d000 r--p 00000000 08:02 2513726                    /usr/lib/libX11-xcb.so.1.0.0
7fe69111d000-7fe69111e000 rw-p 00001000 08:02 2513726                    /usr/lib/libX11-xcb.so.1.0.0
7fe69111e000-7fe691146000 r-xp 00000000 08:02 2515218                    /usr/lib/libglapi.so.0.0.0
7fe691146000-7fe691346000 ---p 00028000 08:02 2515218                    /usr/lib/libglapi.so.0.0.0
7fe691346000-7fe69134a000 r--p 00028000 08:02 2515218                    /usr/lib/libglapi.so.0.0.0
7fe69134a000-7fe69134b000 rw-p 0002c000 08:02 2515218                    /usr/lib/libglapi.so.0.0.0
7fe69134b000-7fe69134c000 rw-p 00000000 00:00 0 
7fe69134c000-7fe69135b000 r-xp 00000000 08:02 2496645                    /usr/lib/libbz2.so.1.0.6
7fe69135b000-7fe69155a000 ---p 0000f000 08:02 2496645                    /usr/lib/libbz2.so.1.0.6
7fe69155a000-7fe69155c000 rw-p 0000e000 08:02 2496645                    /usr/lib/libbz2.so.1.0.6
7fe69155c000-7fe691583000 r-xp 00000000 08:02 2500511                    /usr/lib/libexpat.so.1.6.0
7fe691583000-7fe691782000 ---p 00027000 08:02 2500511                    /usr/lib/libexpat.so.1.6.0
7fe691782000-7fe691785000 r--p 00026000 08:02 2500511                    /usr/lib/libexpat.so.1.6.0
7fe691785000-7fe691786000 rw-p 00029000 08:02 2500511                    /usr/lib/libexpat.so.1.6.0
7fe691786000-7fe69179a000 r-xp 00000000 08:02 2493158                    /usr/lib/libresolv-2.22.so
7fe69179a000-7fe691999000 ---p 00014000 08:02 2493158                    /usr/lib/libresolv-2.22.so
7fe691999000-7fe69199a000 r--p 00013000 08:02 2493158                    /usr/lib/libresolv-2.22.so
7fe69199a000-7fe69199b000 rw-p 00014000 08:02 2493158                    /usr/lib/libresolv-2.22.so
7fe69199b000-7fe69199d000 rw-p 00000000 00:00 0 
7fe69199d000-7fe691a0b000 r-xp 00000000 08:02 2501596                    /usr/lib/libpcre.so.1.2.5
7fe691a0b000-7fe691c0b000 ---p 0006e000 08:02 2501596                    /usr/lib/libpcre.so.1.2.5
7fe691c0b000-7fe691c0c000 r--p 0006e000 08:02 2501596                    /usr/lib/libpcre.so.1.2.5
7fe691c0c000-7fe691c0d000 rw-p 0006f000 08:02 2501596                    /usr/lib/libpcre.so.1.2.5
7fe691c0d000-7fe691c15000 r-xp 00000000 08:02 2503287                    /usr/lib/libffi.so.6.0.4
7fe691c15000-7fe691e14000 ---p 00008000 08:02 2503287                    /usr/lib/libffi.so.6.0.4
7fe691e14000-7fe691e15000 r--p 00007000 08:02 2503287                    /usr/lib/libffi.so.6.0.4
7fe691e15000-7fe691e16000 rw-p 00008000 08:02 2503287                    /usr/lib/libffi.so.6.0.4
7fe691e16000-7fe691e37000 r-xp 00000000 08:02 2513644                    /usr/lib/libxcb.so.1.1.0
7fe691e37000-7fe692036000 ---p 00021000 08:02 2513644                    /usr/lib/libxcb.so.1.1.0
7fe692036000-7fe692037000 r--p 00020000 08:02 2513644                    /usr/lib/libxcb.so.1.1.0
7fe692037000-7fe692038000 rw-p 00021000 08:02 2513644                    /usr/lib/libxcb.so.1.1.0
7fe692038000-7fe692041000 r-xp 00000000 08:02 2513626                    /usr/lib/libxcb-render.so.0.0.0
7fe692041000-7fe692240000 ---p 00009000 08:02 2513626                    /usr/lib/libxcb-render.so.0.0.0
7fe692240000-7fe692241000 r--p 00008000 08:02 2513626                    /usr/lib/libxcb-render.so.0.0.0
7fe692241000-7fe692242000 rw-p 00009000 08:02 2513626                    /usr/lib/libxcb-render.so.0.0.0
7fe692242000-7fe692244000 r-xp 00000000 08:02 2513653                    /usr/lib/libxcb-shm.so.0.0.0
7fe692244000-7fe692444000 ---p 00002000 08:02 2513653                    /usr/lib/libxcb-shm.so.0.0.0
7fe692444000-7fe692445000 r--p 00002000 08:02 2513653                    /usr/lib/libxcb-shm.so.0.0.0
7fe692445000-7fe692446000 rw-p 00003000 08:02 2513653                    /usr/lib/libxcb-shm.so.0.0.0
7fe692446000-7fe69247a000 r-xp 00000000 08:02 2511236                    /usr/lib/libpng16.so.16.18.0
7fe69247a000-7fe692679000 ---p 00034000 08:02 2511236                    /usr/lib/libpng16.so.16.18.0
7fe692679000-7fe69267a000 r--p 00033000 08:02 2511236                    /usr/lib/libpng16.so.16.18.0
7fe69267a000-7fe69267b000 rw-p 00034000 08:02 2511236                    /usr/lib/libpng16.so.16.18.0
7fe69267b000-7fe6926a0000 r-xp 00000000 08:02 3018254                    /usr/lib/mesa/libEGL.so.1.0.0
7fe6926a0000-7fe6928a0000 ---p 00025000 08:02 3018254                    /usr/lib/mesa/libEGL.so.1.0.0
7fe6928a0000-7fe6928a1000 r--p 00025000 08:02 3018254                    /usr/lib/mesa/libEGL.so.1.0.0
7fe6928a1000-7fe6928a2000 rw-p 00026000 08:02 3018254                    /usr/lib/mesa/libEGL.so.1.0.0
7fe6928a2000-7fe692947000 r-xp 00000000 08:02 2511314                    /usr/lib/libpixman-1.so.0.32.6
7fe692947000-7fe692b46000 ---p 000a5000 08:02 2511314                    /usr/lib/libpixman-1.so.0.32.6
7fe692b46000-7fe692b4e000 r--p 000a4000 08:02 2511314                    /usr/lib/libpixman-1.so.0.32.6
7fe692b4e000-7fe692b4f000 rw-p 000ac000 08:02 2511314                    /usr/lib/libpixman-1.so.0.32.6
7fe692b4f000-7fe692bac000 r-xp 00000000 08:02 2511263                    /usr/lib/libharfbuzz.so.0.10000.1
7fe692bac000-7fe692dac000 ---p 0005d000 08:02 2511263                    /usr/lib/libharfbuzz.so.0.10000.1
7fe692dac000-7fe692dad000 r--p 0005d000 08:02 2511263                    /usr/lib/libharfbuzz.so.0.10000.1
7fe692dad000-7fe692dae000 rw-p 0005e000 08:02 2511263                    /usr/lib/libharfbuzz.so.0.10000.1
7fe692dae000-7fe692dbf000 r-xp 00000000 08:02 2515043                    /usr/lib/libXext.so.6.4.0
7fe692dbf000-7fe692fbe000 ---p 00011000 08:02 2515043                    /usr/lib/libXext.so.6.4.0
7fe692fbe000-7fe692fbf000 r--p 00010000 08:02 2515043                    /usr/lib/libXext.so.6.4.0
7fe692fbf000-7fe692fc0000 rw-p 00011000 08:02 2515043                    /usr/lib/libXext.so.6.4.0
7fe692fc0000-7fe692fc2000 r-xp 00000000 08:02 2515083                    /usr/lib/libXdamage.so.1.1.0
7fe692fc2000-7fe6931c1000 ---p 00002000 08:02 2515083                    /usr/lib/libXdamage.so.1.1.0
7fe6931c1000-7fe6931c2000 r--p 00001000 08:02 2515083                    /usr/lib/libXdamage.so.1.1.0
7fe6931c2000-7fe6931c3000 rw-p 00002000 08:02 2515083                    /usr/lib/libXdamage.so.1.1.0
7fe6931c3000-7fe6931c5000 r-xp 00000000 08:02 2515795                    /usr/lib/libXcomposite.so.1.0.0
7fe6931c5000-7fe6933c4000 ---p 00002000 08:02 2515795                    /usr/lib/libXcomposite.so.1.0.0
7fe6933c4000-7fe6933c5000 r--p 00001000 08:02 2515795                    /usr/lib/libXcomposite.so.1.0.0
7fe6933c5000-7fe6933c6000 rw-p 00002000 08:02 2515795                    /usr/lib/libXcomposite.so.1.0.0
7fe6933c6000-7fe6933d0000 r-xp 00000000 08:02 2515730                    /usr/lib/libXcursor.so.1.0.2
7fe6933d0000-7fe6935cf000 ---p 0000a000 08:02 2515730                    /usr/lib/libXcursor.so.1.0.2
7fe6935cf000-7fe6935d0000 r--p 00009000 08:02 2515730                    /usr/lib/libXcursor.so.1.0.2
7fe6935d0000-7fe6935d1000 rw-p 0000a000 08:02 2515730                    /usr/lib/libXcursor.so.1.0.2
7fe6935d1000-7fe6935db000 r-xp 00000000 08:02 2515665                    /usr/lib/libXrandr.so.2.2.0
7fe6935db000-7fe6937da000 ---p 0000a000 08:02 2515665                    /usr/lib/libXrandr.so.2.2.0
7fe6937da000-7fe6937db000 r--p 00009000 08:02 2515665                    /usr/lib/libXrandr.so.2.2.0
7fe6937db000-7fe6937dc000 rw-p 0000a000 08:02 2515665                    /usr/lib/libXrandr.so.2.2.0
7fe6937dc000-7fe6937eb000 r-xp 00000000 08:02 2515640                    /usr/lib/libXi.so.6.1.0
7fe6937eb000-7fe6939eb000 ---p 0000f000 08:02 2515640                    /usr/lib/libXi.so.6.1.0
7fe6939eb000-7fe6939ec000 r--p 0000f000 08:02 2515640                    /usr/lib/libXi.so.6.1.0
7fe6939ec000-7fe6939ed000 rw-p 00010000 08:02 2515640                    /usr/lib/libXi.so.6.1.0
7fe6939ed000-7fe6939ef000 r-xp 00000000 08:02 2515670                    /usr/lib/libXinerama.so.1.0.0
7fe6939ef000-7fe693bee000 ---p 00002000 08:02 2515670                    /usr/lib/libXinerama.so.1.0.0
7fe693bee000-7fe693bef000 r--p 00001000 08:02 2515670                    /usr/lib/libXinerama.so.1.0.0
7fe693bef000-7fe693bf0000 rw-p 00002000 08:02 2515670                    /usr/lib/libXinerama.so.1.0.0
7fe693bf0000-7fe693bf9000 r-xp 00000000 08:02 2515644                    /usr/lib/libXrender.so.1.3.0
7fe693bf9000-7fe693df8000 ---p 00009000 08:02 2515644                    /usr/lib/libXrender.so.1.3.0
7fe693df8000-7fe693df9000 r--p 00008000 08:02 2515644                    /usr/lib/libXrender.so.1.3.0
7fe693df9000-7fe693dfa000 rw-p 00009000 08:02 2515644                    /usr/lib/libXrender.so.1.3.0
7fe693dfa000-7fe693dff000 r-xp 00000000 08:02 2515077                    /usr/lib/libXfixes.so.3.1.0
7fe693dff000-7fe693ffe000 ---p 00005000 08:02 2515077                    /usr/lib/libXfixes.so.3.1.0
7fe693ffe000-7fe693fff000 r--p 00004000 08:02 2515077                    /usr/lib/libXfixes.so.3.1.0
7fe693fff000-7fe694000000 rw-p 00005000 08:02 2515077                    /usr/lib/libXfixes.so.3.1.0
7fe694000000-7fe694021000 rw-p 00000000 00:00 0 
7fe694021000-7fe698000000 ---p 00000000 00:00 0 
7fe698011000-7fe6980c7000 r--p 00000000 08:02 3017468                    /usr/share/fonts/TTF/DejaVuSans.ttf
7fe6980c7000-7fe6980ca000 ---p 00000000 00:00 0 
7fe6980ca000-7fe6981c8000 rw-p 00000000 00:00 0                          [stack:14559]
7fe6981c8000-7fe6981cb000 r-xp 00000000 08:02 2503358                    /usr/lib/libgmodule-2.0.so.0.4400.1
7fe6981cb000-7fe6983ca000 ---p 00003000 08:02 2503358                    /usr/lib/libgmodule-2.0.so.0.4400.1
7fe6983ca000-7fe6983cb000 r--p 00002000 08:02 2503358                    /usr/lib/libgmodule-2.0.so.0.4400.1
7fe6983cb000-7fe6983cc000 rw-p 00003000 08:02 2503358                    /usr/lib/libgmodule-2.0.so.0.4400.1
7fe6983cc000-7fe6983e2000 r-xp 00000000 08:02 2493914                    /usr/lib/libgcc_s.so.1
7fe6983e2000-7fe6985e1000 ---p 00016000 08:02 2493914                    /usr/lib/libgcc_s.so.1
7fe6985e1000-7fe6985e2000 rw-p 00015000 08:02 2493914                    /usr/lib/libgcc_s.so.1
7fe6985e2000-7fe698754000 r-xp 00000000 08:02 2493928                    /usr/lib/libstdc++.so.6.0.21
7fe698754000-7fe698954000 ---p 00172000 08:02 2493928                    /usr/lib/libstdc++.so.6.0.21
7fe698954000-7fe69895e000 r--p 00172000 08:02 2493928                    /usr/lib/libstdc++.so.6.0.21
7fe69895e000-7fe698960000 rw-p 0017c000 08:02 2493928                    /usr/lib/libstdc++.so.6.0.21
7fe698960000-7fe698964000 rw-p 00000000 00:00 0 
7fe698964000-7fe6989f8000 r-xp 00000000 08:02 3018253                    /usr/lib/mesa/libGL.so.1.2.0
7fe6989f8000-7fe698bf7000 ---p 00094000 08:02 3018253                    /usr/lib/mesa/libGL.so.1.2.0
7fe698bf7000-7fe698bfa000 r--p 00093000 08:02 3018253                    /usr/lib/mesa/libGL.so.1.2.0
7fe698bfa000-7fe698bfb000 rw-p 00096000 08:02 3018253                    /usr/lib/mesa/libGL.so.1.2.0
7fe698bfb000-7fe698bfc000 rw-p 00000000 00:00 0 
7fe698bfc000-7fe698c01000 r-xp 00000000 08:02 2515072                    /usr/lib/libXxf86vm.so.1.0.0
7fe698c01000-7fe698e00000 ---p 00005000 08:02 2515072                    /usr/lib/libXxf86vm.so.1.0.0
7fe698e00000-7fe698e01000 r--p 00004000 08:02 2515072                    /usr/lib/libXxf86vm.so.1.0.0
7fe698e01000-7fe698e02000 rw-p 00005000 08:02 2515072                    /usr/lib/libXxf86vm.so.1.0.0
7fe698e02000-7fe698f3d000 r-xp 00000000 08:02 2513725                    /usr/lib/libX11.so.6.3.0
7fe698f3d000-7fe69913c000 ---p 0013b000 08:02 2513725                    /usr/lib/libX11.so.6.3.0
7fe69913c000-7fe69913e000 r--p 0013a000 08:02 2513725                    /usr/lib/libX11.so.6.3.0
7fe69913e000-7fe699143000 rw-p 0013c000 08:02 2513725                    /usr/lib/libX11.so.6.3.0
7fe699143000-7fe699144000 rw-p 00000000 00:00 0 
7fe699144000-7fe699149000 r-xp 00000000 08:02 2515754                    /usr/lib/libXtst.so.6.1.0
7fe699149000-7fe699348000 ---p 00005000 08:02 2515754                    /usr/lib/libXtst.so.6.1.0
7fe699348000-7fe699349000 r--p 00004000 08:02 2515754                    /usr/lib/libXtst.so.6.1.0
7fe699349000-7fe69934a000 rw-p 00005000 08:02 2515754                    /usr/lib/libXtst.so.6.1.0
7fe69934a000-7fe699456000 r-xp 00000000 08:02 2503357                    /usr/lib/libglib-2.0.so.0.4400.1
7fe699456000-7fe699655000 ---p 0010c000 08:02 2503357                    /usr/lib/libglib-2.0.so.0.4400.1
7fe699655000-7fe699656000 r--p 0010b000 08:02 2503357                    /usr/lib/libglib-2.0.so.0.4400.1
7fe699656000-7fe699657000 rw-p 0010c000 08:02 2503357                    /usr/lib/libglib-2.0.so.0.4400.1
7fe699657000-7fe699658000 rw-p 00000000 00:00 0 
7fe699658000-7fe699659000 r-xp 00000000 08:02 2503359                    /usr/lib/libgthread-2.0.so.0.4400.1
7fe699659000-7fe699858000 ---p 00001000 08:02 2503359                    /usr/lib/libgthread-2.0.so.0.4400.1
7fe699858000-7fe699859000 r--p 00000000 08:02 2503359                    /usr/lib/libgthread-2.0.so.0.4400.1
7fe699859000-7fe69985a000 rw-p 00001000 08:02 2503359                    /usr/lib/libgthread-2.0.so.0.4400.1
7fe69985a000-7fe6998fb000 r-xp 00000000 08:02 2511267                    /usr/lib/libfreetype.so.6.11.1
7fe6998fb000-7fe699afa000 ---p 000a1000 08:02 2511267                    /usr/lib/libfreetype.so.6.11.1
7fe699afa000-7fe699b00000 r--p 000a0000 08:02 2511267                    /usr/lib/libfreetype.so.6.11.1
7fe699b00000-7fe699b01000 rw-p 000a6000 08:02 2511267                    /usr/lib/libfreetype.so.6.11.1
7fe699b01000-7fe699b3e000 r-xp 00000000 08:02 2514568                    /usr/lib/libfontconfig.so.1.8.0
7fe699b3e000-7fe699d3d000 ---p 0003d000 08:02 2514568                    /usr/lib/libfontconfig.so.1.8.0
7fe699d3d000-7fe699d3f000 r--p 0003c000 08:02 2514568                    /usr/lib/libfontconfig.so.1.8.0
7fe699d3f000-7fe699d40000 rw-p 0003e000 08:02 2514568                    /usr/lib/libfontconfig.so.1.8.0
7fe699d40000-7fe699d8f000 r-xp 00000000 08:02 2503360                    /usr/lib/libgobject-2.0.so.0.4400.1
7fe699d8f000-7fe699f8f000 ---p 0004f000 08:02 2503360                    /usr/lib/libgobject-2.0.so.0.4400.1
7fe699f8f000-7fe699f90000 r--p 0004f000 08:02 2503360                    /usr/lib/libgobject-2.0.so.0.4400.1
7fe699f90000-7fe699f91000 rw-p 00050000 08:02 2503360                    /usr/lib/libgobject-2.0.so.0.4400.1
7fe699f91000-7fe699fda000 r-xp 00000000 08:02 2517974                    /usr/lib/libpango-1.0.so.0.3600.8
7fe699fda000-7fe69a1da000 ---p 00049000 08:02 2517974                    /usr/lib/libpango-1.0.so.0.3600.8
7fe69a1da000-7fe69a1dc000 r--p 00049000 08:02 2517974                    /usr/lib/libpango-1.0.so.0.3600.8
7fe69a1dc000-7fe69a1dd000 rw-p 0004b000 08:02 2517974                    /usr/lib/libpango-1.0.so.0.3600.8
7fe69a1dd000-7fe69a1f1000 r-xp 00000000 08:02 2517975                    /usr/lib/libpangoft2-1.0.so.0.3600.8
7fe69a1f1000-7fe69a3f1000 ---p 00014000 08:02 2517975                    /usr/lib/libpangoft2-1.0.so.0.3600.8
7fe69a3f1000-7fe69a3f2000 r--p 00014000 08:02 2517975                    /usr/lib/libpangoft2-1.0.so.0.3600.8
7fe69a3f2000-7fe69a3f3000 rw-p 00015000 08:02 2517975                    /usr/lib/libpangoft2-1.0.so.0.3600.8
7fe69a3f3000-7fe69a569000 r-xp 00000000 08:02 2503361                    /usr/lib/libgio-2.0.so.0.4400.1
7fe69a569000-7fe69a769000 ---p 00176000 08:02 2503361                    /usr/lib/libgio-2.0.so.0.4400.1
7fe69a769000-7fe69a76d000 r--p 00176000 08:02 2503361                    /usr/lib/libgio-2.0.so.0.4400.1
7fe69a76d000-7fe69a76f000 rw-p 0017a000 08:02 2503361                    /usr/lib/libgio-2.0.so.0.4400.1
7fe69a76f000-7fe69a771000 rw-p 00000000 00:00 0 
7fe69a771000-7fe69a795000 r-xp 00000000 08:02 2529207                    /usr/lib/libgdk_pixbuf-2.0.so.0.3100.6
7fe69a795000-7fe69a995000 ---p 00024000 08:02 2529207                    /usr/lib/libgdk_pixbuf-2.0.so.0.3100.6
7fe69a995000-7fe69a996000 r--p 00024000 08:02 2529207                    /usr/lib/libgdk_pixbuf-2.0.so.0.3100.6
7fe69a996000-7fe69a997000 rw-p 00025000 08:02 2529207                    /usr/lib/libgdk_pixbuf-2.0.so.0.3100.6
7fe69a997000-7fe69aabf000 r-xp 00000000 08:02 2517934                    /usr/lib/libcairo.so.2.11400.2
7fe69aabf000-7fe69acbf000 ---p 00128000 08:02 2517934                    /usr/lib/libcairo.so.2.11400.2
7fe69acbf000-7fe69acc2000 r--p 00128000 08:02 2517934                    /usr/lib/libcairo.so.2.11400.2
7fe69acc2000-7fe69acc4000 rw-p 0012b000 08:02 2517934                    /usr/lib/libcairo.so.2.11400.2
7fe69acc4000-7fe69acc5000 rw-p 00000000 00:00 0 
7fe69acc5000-7fe69ace8000 r-xp 00000000 08:02 2534079                    /usr/lib/libatk-1.0.so.0.21609.1
7fe69ace8000-7fe69aee7000 ---p 00023000 08:02 2534079                    /usr/lib/libatk-1.0.so.0.21609.1
7fe69aee7000-7fe69aeea000 r--p 00022000 08:02 2534079                    /usr/lib/libatk-1.0.so.0.21609.1
7fe69aeea000-7fe69aeeb000 rw-p 00025000 08:02 2534079                    /usr/lib/libatk-1.0.so.0.21609.1
7fe69aeeb000-7fe69aef7000 r-xp 00000000 08:02 2517977                    /usr/lib/libpangocairo-1.0.so.0.3600.8
7fe69aef7000-7fe69b0f6000 ---p 0000c000 08:02 2517977                    /usr/lib/libpangocairo-1.0.so.0.3600.8
7fe69b0f6000-7fe69b0f7000 r--p 0000b000 08:02 2517977                    /usr/lib/libpangocairo-1.0.so.0.3600.8
7fe69b0f7000-7fe69b0f8000 rw-p 0000c000 08:02 2517977                    /usr/lib/libpangocairo-1.0.so.0.3600.8
7fe69b0f8000-7fe69b1a8000 r-xp 00000000 08:02 2534102                    /usr/lib/libgdk-x11-2.0.so.0.2400.28
7fe69b1a8000-7fe69b3a8000 ---p 000b0000 08:02 2534102                    /usr/lib/libgdk-x11-2.0.so.0.2400.28
7fe69b3a8000-7fe69b3ac000 r--p 000b0000 08:02 2534102                    /usr/lib/libgdk-x11-2.0.so.0.2400.28
7fe69b3ac000-7fe69b3ae000 rw-p 000b4000 08:02 2534102                    /usr/lib/libgdk-x11-2.0.so.0.2400.28
7fe69b3ae000-7fe69b7e2000 r-xp 00000000 08:02 2534103                    /usr/lib/libgtk-x11-2.0.so.0.2400.28
7fe69b7e2000-7fe69b9e2000 ---p 00434000 08:02 2534103                    /usr/lib/libgtk-x11-2.0.so.0.2400.28
7fe69b9e2000-7fe69b9e9000 r--p 00434000 08:02 2534103                    /usr/lib/libgtk-x11-2.0.so.0.2400.28
7fe69b9e9000-7fe69b9ed000 rw-p 0043b000 08:02 2534103                    /usr/lib/libgtk-x11-2.0.so.0.2400.28
7fe69b9ed000-7fe69b9f0000 rw-p 00000000 00:00 0 
7fe69b9f0000-7fe69b9fc000 r-xp 00000000 08:02 3419602                    /usr/lib/jvm/java-8-openjdk/jre/lib/amd64/libprism_es2.so
7fe69b9fc000-7fe69bbfb000 ---p 0000c000 08:02 3419602                    /usr/lib/jvm/java-8-openjdk/jre/lib/amd64/libprism_es2.so
7fe69bbfb000-7fe69bbfc000 rw-p 0000b000 08:02 3419602                    /usr/lib/jvm/java-8-openjdk/jre/lib/amd64/libprism_es2.so
7fe69bbfc000-7fe69bbff000 ---p 00000000 00:00 0 
7fe69bbff000-7fe69bcfd000 rw-p 00000000 00:00 0                          [stack:14549]
7fe69bcfd000-7fe69bcfe000 ---p 00000000 00:00 0 
7fe69bcfe000-7fe69bdfe000 rw-p 00000000 00:00 0                          [stack:14547]
7fe69bdfe000-7fe69be01000 ---p 00000000 00:00 0 
7fe69be01000-7fe69beff000 rw-p 00000000 00:00 0                          [stack:14546]
7fe69beff000-7fe69bf02000 ---p 00000000 00:00 0 
7fe69bf02000-7fe69c000000 rw-p 00000000 00:00 0                          [stack:14545]
7fe69c000000-7fe69c021000 rw-p 00000000 00:00 0 
7fe69c021000-7fe6a0000000 ---p 00000000 00:00 0 
7fe6a0039000-7fe6a0099000 rw-s 00000000 00:05 1354301448                 /SYSV00000000 (deleted)
7fe6a0099000-7fe6a009d000 r--s 00095000 08:02 3284409                    /usr/lib/jvm/java-8-openjdk/jre/lib/jsse.jar
7fe6a009d000-7fe6a00a7000 r--s 00000000 08:12 34343869                   /home/gaieepo/.cache/fontconfig/d62e99ef547d1d24cdb1bd22ec1a2976-le64.cache-4
7fe6a00a7000-7fe6a00c6000 r--s 00000000 08:02 2362489                    /var/cache/fontconfig/f6b893a7224233d96cb72fd88691c0b4-le64.cache-4
7fe6a00c6000-7fe6a00d9000 r--s 00345000 08:02 3284410                    /usr/lib/jvm/java-8-openjdk/jre/lib/resources.jar
7fe6a00d9000-7fe6a00e3000 r--s 00116000 08:02 4200481                    /usr/lib/jvm/java-8-openjdk/jre/lib/ext/localedata.jar
7fe6a00e3000-7fe6a00ff000 r--s 00393000 08:02 4200479                    /usr/lib/jvm/java-8-openjdk/jre/lib/ext/cldrdata.jar
7fe6a00ff000-7fe6a0102000 ---p 00000000 00:00 0 
7fe6a0102000-7fe6a4000000 rw-p 00000000 00:00 0                          [stack:14544]
7fe6a4000000-7fe6a4021000 rw-p 00000000 00:00 0 
7fe6a4021000-7fe6a8000000 ---p 00000000 00:00 0 
7fe6a8000000-7fe6a8003000 r--s 00000000 08:02 2362192                    /var/cache/fontconfig/1876b2dcf508980ebba421dbe8e808d3-le64.cache-4
7fe6a8003000-7fe6a8099000 r--s 008c8000 08:02 4200574                    /usr/lib/jvm/java-8-openjdk/jre/lib/ext/jfxrt.jar
7fe6a8099000-7fe6a809c000 ---p 00000000 00:00 0 
7fe6a809c000-7fe6a819a000 rw-p 00000000 00:00 0                          [stack:14543]
7fe6a819a000-7fe6a819d000 ---p 00000000 00:00 0 
7fe6a819d000-7fe6a829b000 rw-p 00000000 00:00 0                          [stack:14542]
7fe6a829b000-7fe6a829e000 ---p 00000000 00:00 0 
7fe6a829e000-7fe6a839c000 rw-p 00000000 00:00 0                          [stack:14539]
7fe6a839c000-7fe6a839f000 ---p 00000000 00:00 0 
7fe6a839f000-7fe6a849d000 rw-p 00000000 00:00 0                          [stack:14537]
7fe6a849d000-7fe6a84a0000 ---p 00000000 00:00 0 
7fe6a84a0000-7fe6a859e000 rw-p 00000000 00:00 0                          [stack:14535]
7fe6a859e000-7fe6a85a2000 r-xp 00000000 08:02 3419575                    /usr/lib/jvm/java-8-openjdk/jre/lib/amd64/libdt_socket.so
7fe6a85a2000-7fe6a87a1000 ---p 00004000 08:02 3419575                    /usr/lib/jvm/java-8-openjdk/jre/lib/amd64/libdt_socket.so
7fe6a87a1000-7fe6a87a2000 rw-p 00003000 08:02 3419575                    /usr/lib/jvm/java-8-openjdk/jre/lib/amd64/libdt_socket.so
7fe6a87a2000-7fe6a87a5000 ---p 00000000 00:00 0 
7fe6a87a5000-7fe6a88a3000 rw-p 00000000 00:00 0                          [stack:14533]
7fe6a88a3000-7fe6a88a6000 ---p 00000000 00:00 0 
7fe6a88a6000-7fe6a89a4000 rw-p 00000000 00:00 0                          [stack:14532]
7fe6a89a4000-7fe6a89a7000 ---p 00000000 00:00 0 
7fe6a89a7000-7fe6a8aa5000 rw-p 00000000 00:00 0                          [stack:14531]
7fe6a8aa5000-7fe6a8aa6000 ---p 00000000 00:00 0 
7fe6a8aa6000-7fe6aa7c9000 rw-p 00000000 00:00 0                          [stack:14530]
7fe6aa7c9000-7fe6aa997000 r--s 03bde000 08:02 3284412                    /usr/lib/jvm/java-8-openjdk/jre/lib/rt.jar
7fe6aa997000-7fe6ab5ed000 rw-p 00000000 00:00 0 
7fe6ab5ed000-7fe6ab5ee000 ---p 00000000 00:00 0 
7fe6ab5ee000-7fe6ab6ee000 rw-p 00000000 00:00 0                          [stack:14529]
7fe6ab6ee000-7fe6ab6ef000 ---p 00000000 00:00 0 
7fe6ab6ef000-7fe6ab7ef000 rw-p 00000000 00:00 0                          [stack:14528]
7fe6ab7ef000-7fe6ab7f0000 ---p 00000000 00:00 0 
7fe6ab7f0000-7fe6ab8f0000 rw-p 00000000 00:00 0                          [stack:14527]
7fe6ab8f0000-7fe6ab8f1000 ---p 00000000 00:00 0 
7fe6ab8f1000-7fe6ab9f1000 rw-p 00000000 00:00 0                          [stack:14526]
7fe6ab9f1000-7fe6ab9f2000 ---p 00000000 00:00 0 
7fe6ab9f2000-7fe6abaf2000 rw-p 00000000 00:00 0                          [stack:14525]
7fe6abaf2000-7fe6abaf3000 ---p 00000000 00:00 0 
7fe6abaf3000-7fe6abbf3000 rw-p 00000000 00:00 0                          [stack:14524]
7fe6abbf3000-7fe6abbf4000 ---p 00000000 00:00 0 
7fe6abbf4000-7fe6abd2b000 rw-p 00000000 00:00 0                          [stack:14523]
7fe6abd2b000-7fe6abf8a000 ---p 00000000 00:00 0 
7fe6abf8a000-7fe6abfc1000 rw-p 00000000 00:00 0 
7fe6abfc1000-7fe6ac21f000 ---p 00000000 00:00 0 
7fe6ac21f000-7fe6ac30d000 rw-p 00000000 00:00 0 
7fe6ac30d000-7fe6ac36a000 ---p 00000000 00:00 0 
7fe6ac36a000-7fe6ac3c3000 rw-p 00000000 00:00 0 
7fe6ac3c3000-7fe6ac72b000 ---p 00000000 00:00 0 
7fe6ac72b000-7fe6add0b000 rwxp 00000000 00:00 0 
7fe6add0b000-7fe6bb72b000 ---p 00000000 00:00 0 
7fe6bb72b000-7fe6bb733000 r-xp 00000000 08:02 3419571                    /usr/lib/jvm/java-8-openjdk/jre/lib/amd64/libzip.so
7fe6bb733000-7fe6bb932000 ---p 00008000 08:02 3419571                    /usr/lib/jvm/java-8-openjdk/jre/lib/amd64/libzip.so
7fe6bb932000-7fe6bb933000 rw-p 00007000 08:02 3419571                    /usr/lib/jvm/java-8-openjdk/jre/lib/amd64/libzip.so
7fe6bb933000-7fe6bc000000 r--p 00000000 08:02 2534955                    /usr/lib/locale/locale-archive
7fe6bc000000-7fe6bc291000 rw-p 00000000 00:00 0 
7fe6bc291000-7fe6c0000000 ---p 00000000 00:00 0 
7fe6c0000000-7fe6c0009000 r--s 00000000 08:02 2360373                    /var/cache/fontconfig/f349e9996a5320f6dd491cedd2b1f964-le64.cache-4
7fe6c0009000-7fe6c001d000 r--s 000da000 08:12 35914988                   /home/gaieepo/.m2/repository/org/mnode/ical4j/ical4j/1.0.2/ical4j-1.0.2.jar
7fe6c001d000-7fe6c006a000 rw-p 00000000 00:00 0 
7fe6c006a000-7fe6c006b000 ---p 00000000 00:00 0 
7fe6c006b000-7fe6c016b000 rw-p 00000000 00:00 0                          [stack:14522]
7fe6c016b000-7fe6c0176000 r-xp 00000000 08:02 2493177                    /usr/lib/libnss_files-2.22.so
7fe6c0176000-7fe6c0375000 ---p 0000b000 08:02 2493177                    /usr/lib/libnss_files-2.22.so
7fe6c0375000-7fe6c0376000 r--p 0000a000 08:02 2493177                    /usr/lib/libnss_files-2.22.so
7fe6c0376000-7fe6c0377000 rw-p 0000b000 08:02 2493177                    /usr/lib/libnss_files-2.22.so
7fe6c0377000-7fe6c037d000 rw-p 00000000 00:00 0 
7fe6c037d000-7fe6c037f000 r-xp 00000000 08:02 3419562                    /usr/lib/jvm/java-8-openjdk/jre/lib/amd64/libnpt.so
7fe6c037f000-7fe6c057f000 ---p 00002000 08:02 3419562                    /usr/lib/jvm/java-8-openjdk/jre/lib/amd64/libnpt.so
7fe6c057f000-7fe6c0580000 rw-p 00002000 08:02 3419562                    /usr/lib/jvm/java-8-openjdk/jre/lib/amd64/libnpt.so
7fe6c0580000-7fe6c05ba000 r-xp 00000000 08:02 3419579                    /usr/lib/jvm/java-8-openjdk/jre/lib/amd64/libjdwp.so
7fe6c05ba000-7fe6c07b9000 ---p 0003a000 08:02 3419579                    /usr/lib/jvm/java-8-openjdk/jre/lib/amd64/libjdwp.so
7fe6c07b9000-7fe6c07ba000 rw-p 00039000 08:02 3419579                    /usr/lib/jvm/java-8-openjdk/jre/lib/amd64/libjdwp.so
7fe6c07ba000-7fe6c07bb000 rw-p 00000000 00:00 0 
7fe6c07bb000-7fe6c07e7000 r-xp 00000000 08:02 3419570                    /usr/lib/jvm/java-8-openjdk/jre/lib/amd64/libjava.so
7fe6c07e7000-7fe6c09e7000 ---p 0002c000 08:02 3419570                    /usr/lib/jvm/java-8-openjdk/jre/lib/amd64/libjava.so
7fe6c09e7000-7fe6c09e9000 rw-p 0002c000 08:02 3419570                    /usr/lib/jvm/java-8-openjdk/jre/lib/amd64/libjava.so
7fe6c09e9000-7fe6c09f6000 r-xp 00000000 08:02 3419563                    /usr/lib/jvm/java-8-openjdk/jre/lib/amd64/libverify.so
7fe6c09f6000-7fe6c0bf5000 ---p 0000d000 08:02 3419563                    /usr/lib/jvm/java-8-openjdk/jre/lib/amd64/libverify.so
7fe6c0bf5000-7fe6c0bf7000 rw-p 0000c000 08:02 3419563                    /usr/lib/jvm/java-8-openjdk/jre/lib/amd64/libverify.so
7fe6c0bf7000-7fe6c0bfe000 r-xp 00000000 08:02 2493156                    /usr/lib/librt-2.22.so
7fe6c0bfe000-7fe6c0dfd000 ---p 00007000 08:02 2493156                    /usr/lib/librt-2.22.so
7fe6c0dfd000-7fe6c0dfe000 r--p 00006000 08:02 2493156                    /usr/lib/librt-2.22.so
7fe6c0dfe000-7fe6c0dff000 rw-p 00007000 08:02 2493156                    /usr/lib/librt-2.22.so
7fe6c0dff000-7fe6c0efc000 r-xp 00000000 08:02 2493160                    /usr/lib/libm-2.22.so
7fe6c0efc000-7fe6c10fb000 ---p 000fd000 08:02 2493160                    /usr/lib/libm-2.22.so
7fe6c10fb000-7fe6c10fc000 r--p 000fc000 08:02 2493160                    /usr/lib/libm-2.22.so
7fe6c10fc000-7fe6c10fd000 rw-p 000fd000 08:02 2493160                    /usr/lib/libm-2.22.so
7fe6c10fd000-7fe6c1d50000 r-xp 00000000 08:02 4200503                    /usr/lib/jvm/java-8-openjdk/jre/lib/amd64/server/libjvm.so
7fe6c1d50000-7fe6c1f4f000 ---p 00c53000 08:02 4200503                    /usr/lib/jvm/java-8-openjdk/jre/lib/amd64/server/libjvm.so
7fe6c1f4f000-7fe6c200b000 rw-p 00c52000 08:02 4200503                    /usr/lib/jvm/java-8-openjdk/jre/lib/amd64/server/libjvm.so
7fe6c200b000-7fe6c2039000 rw-p 00000000 00:00 0 
7fe6c2039000-7fe6c21d4000 r-xp 00000000 08:02 2493167                    /usr/lib/libc-2.22.so
7fe6c21d4000-7fe6c23d3000 ---p 0019b000 08:02 2493167                    /usr/lib/libc-2.22.so
7fe6c23d3000-7fe6c23d7000 r--p 0019a000 08:02 2493167                    /usr/lib/libc-2.22.so
7fe6c23d7000-7fe6c23d9000 rw-p 0019e000 08:02 2493167                    /usr/lib/libc-2.22.so
7fe6c23d9000-7fe6c23dd000 rw-p 00000000 00:00 0 
7fe6c23dd000-7fe6c23e0000 r-xp 00000000 08:02 2493135                    /usr/lib/libdl-2.22.so
7fe6c23e0000-7fe6c25df000 ---p 00003000 08:02 2493135                    /usr/lib/libdl-2.22.so
7fe6c25df000-7fe6c25e0000 r--p 00002000 08:02 2493135                    /usr/lib/libdl-2.22.so
7fe6c25e0000-7fe6c25e1000 rw-p 00003000 08:02 2493135                    /usr/lib/libdl-2.22.so
7fe6c25e1000-7fe6c25ee000 r-xp 00000000 08:02 4200500                    /usr/lib/jvm/java-8-openjdk/jre/lib/amd64/jli/libjli.so
7fe6c25ee000-7fe6c27ed000 ---p 0000d000 08:02 4200500                    /usr/lib/jvm/java-8-openjdk/jre/lib/amd64/jli/libjli.so
7fe6c27ed000-7fe6c27ee000 rw-p 0000c000 08:02 4200500                    /usr/lib/jvm/java-8-openjdk/jre/lib/amd64/jli/libjli.so
7fe6c27ee000-7fe6c2803000 r-xp 00000000 08:02 2496806                    /usr/lib/libz.so.1.2.8
7fe6c2803000-7fe6c2a02000 ---p 00015000 08:02 2496806                    /usr/lib/libz.so.1.2.8
7fe6c2a02000-7fe6c2a03000 r--p 00014000 08:02 2496806                    /usr/lib/libz.so.1.2.8
7fe6c2a03000-7fe6c2a04000 rw-p 00015000 08:02 2496806                    /usr/lib/libz.so.1.2.8
7fe6c2a04000-7fe6c2a1c000 r-xp 00000000 08:02 2493176                    /usr/lib/libpthread-2.22.so
7fe6c2a1c000-7fe6c2c1b000 ---p 00018000 08:02 2493176                    /usr/lib/libpthread-2.22.so
7fe6c2c1b000-7fe6c2c1c000 r--p 00017000 08:02 2493176                    /usr/lib/libpthread-2.22.so
7fe6c2c1c000-7fe6c2c1d000 rw-p 00018000 08:02 2493176                    /usr/lib/libpthread-2.22.so
7fe6c2c1d000-7fe6c2c21000 rw-p 00000000 00:00 0 
7fe6c2c21000-7fe6c2c43000 r-xp 00000000 08:02 2493132                    /usr/lib/ld-2.22.so
7fe6c2c43000-7fe6c2c45000 rw-p 00000000 00:00 0 
7fe6c2c45000-7fe6c2c47000 r--s 00000000 08:02 2361394                    /var/cache/fontconfig/699564f050ff7e0f9dae359f33bc56a5-le64.cache-4
7fe6c2c47000-7fe6c2d12000 rw-p 00000000 00:00 0 
7fe6c2d12000-7fe6c2d15000 ---p 00000000 00:00 0 
7fe6c2d15000-7fe6c2e18000 rw-p 00000000 00:00 0                          [stack:14520]
7fe6c2e18000-7fe6c2e20000 r--s 00049000 08:12 35914996                   /home/gaieepo/.m2/repository/backport-util-concurrent/backport-util-concurrent/3.1/backport-util-concurrent-3.1.jar
7fe6c2e20000-7fe6c2e25000 r--s 00041000 08:12 35914994                   /home/gaieepo/.m2/repository/commons-lang/commons-lang/2.6/commons-lang-2.6.jar
7fe6c2e25000-7fe6c2e27000 r--s 00010000 08:12 35914992                   /home/gaieepo/.m2/repository/commons-codec/commons-codec/1.5/commons-codec-1.5.jar
7fe6c2e27000-7fe6c2e29000 r--s 0000d000 08:12 35914990                   /home/gaieepo/.m2/repository/commons-logging/commons-logging/1.1.1/commons-logging-1.1.1.jar
7fe6c2e29000-7fe6c2e2c000 r--s 00026000 08:12 35914986                   /home/gaieepo/.m2/repository/org/antlr/antlr-runtime/3.5.2/antlr-runtime-3.5.2.jar
7fe6c2e2c000-7fe6c2e32000 r--s 00090000 08:12 35914984                   /home/gaieepo/.m2/repository/com/joestelmach/natty/0.10.1/natty-0.10.1.jar
7fe6c2e32000-7fe6c2e37000 r--s 0002f000 08:12 35914982                   /home/gaieepo/.m2/repository/com/google/code/gson/gson/2.3.1/gson-2.3.1.jar
7fe6c2e37000-7fe6c2e3f000 rw-s 00000000 00:23 186299                     /tmp/hsperfdata_gaieepo/14515
7fe6c2e3f000-7fe6c2e40000 rw-p 00000000 00:00 0 
7fe6c2e40000-7fe6c2e41000 r--p 00000000 00:00 0 
7fe6c2e41000-7fe6c2e42000 rw-p 00000000 00:00 0 
7fe6c2e42000-7fe6c2e43000 r--p 00021000 08:02 2493132                    /usr/lib/ld-2.22.so
7fe6c2e43000-7fe6c2e44000 rw-p 00022000 08:02 2493132                    /usr/lib/ld-2.22.so
7fe6c2e44000-7fe6c2e45000 rw-p 00000000 00:00 0 
7ffc3fdd3000-7ffc3fdf4000 rw-p 00000000 00:00 0                          [stack]
7ffc3fdfc000-7ffc3fdfe000 r--p 00000000 00:00 0                          [vvar]
7ffc3fdfe000-7ffc3fe00000 r-xp 00000000 00:00 0                          [vdso]
ffffffffff600000-ffffffffff601000 r-xp 00000000 00:00 0                  [vsyscall]

VM Arguments:
jvm_args: -agentlib:jdwp=transport=dt_socket,suspend=y,address=localhost:55327 -Dfile.encoding=UTF-8 
java_command: main.java.MainApp
java_class_path (initial): /home/gaieepo/cs2103t/Finia/target/classes:/home/gaieepo/.m2/repository/com/google/code/gson/gson/2.3.1/gson-2.3.1.jar:/home/gaieepo/.m2/repository/com/joestelmach/natty/0.10.1/natty-0.10.1.jar:/home/gaieepo/.m2/repository/org/antlr/antlr-runtime/3.5.2/antlr-runtime-3.5.2.jar:/home/gaieepo/.m2/repository/org/mnode/ical4j/ical4j/1.0.2/ical4j-1.0.2.jar:/home/gaieepo/.m2/repository/commons-logging/commons-logging/1.1.1/commons-logging-1.1.1.jar:/home/gaieepo/.m2/repository/commons-codec/commons-codec/1.5/commons-codec-1.5.jar:/home/gaieepo/.m2/repository/commons-lang/commons-lang/2.6/commons-lang-2.6.jar:/home/gaieepo/.m2/repository/backport-util-concurrent/backport-util-concurrent/3.1/backport-util-concurrent-3.1.jar
Launcher Type: SUN_STANDARD

Environment Variables:
PATH=/usr/local/sbin:/usr/local/bin:/usr/bin:/usr/lib/jvm/default/bin:/usr/bin/site_perl:/usr/bin/vendor_perl:/usr/bin/core_perl
SHELL=/bin/bash
DISPLAY=:0

Signal Handlers:
SIGSEGV: [libjvm.so+0xa581a0], sa_mask[0]=11111111011111111101111111111110, sa_flags=SA_RESTART|SA_SIGINFO
SIGBUS: [libjvm.so+0xa581a0], sa_mask[0]=11111111011111111101111111111110, sa_flags=SA_RESTART|SA_SIGINFO
SIGFPE: [libjvm.so+0x8a4420], sa_mask[0]=11111111011111111101111111111110, sa_flags=SA_RESTART|SA_SIGINFO
SIGPIPE: SIG_IGN, sa_mask[0]=00000000000010000000000000000000, sa_flags=SA_RESTART
SIGXFSZ: [libjvm.so+0x8a4420], sa_mask[0]=11111111011111111101111111111110, sa_flags=SA_RESTART|SA_SIGINFO
SIGILL: [libjvm.so+0x8a4420], sa_mask[0]=11111111011111111101111111111110, sa_flags=SA_RESTART|SA_SIGINFO
SIGUSR1: SIG_DFL, sa_mask[0]=00000000000000000000000000000000, sa_flags=none
SIGUSR2: [libjvm.so+0x8a42d0], sa_mask[0]=00100000000000000000000000000000, sa_flags=SA_RESTART|SA_SIGINFO
SIGHUP: [libjvm.so+0x8a47a0], sa_mask[0]=11111111011111111101111111111110, sa_flags=SA_RESTART|SA_SIGINFO
SIGINT: [libjvm.so+0x8a47a0], sa_mask[0]=11111111011111111101111111111110, sa_flags=SA_RESTART|SA_SIGINFO
SIGTERM: [libjvm.so+0x8a47a0], sa_mask[0]=11111111011111111101111111111110, sa_flags=SA_RESTART|SA_SIGINFO
SIGQUIT: [libjvm.so+0x8a47a0], sa_mask[0]=11111111011111111101111111111110, sa_flags=SA_RESTART|SA_SIGINFO


---------------  S Y S T E M  ---------------

OS:LSB_VERSION=1.4
DISTRIB_ID=Arch
DISTRIB_RELEASE=rolling
DISTRIB_DESCRIPTION="Arch Linux"

uname:Linux 4.1.5-1-ARCH #1 SMP PREEMPT Tue Aug 11 15:41:14 CEST 2015 x86_64
libc:glibc 2.22 NPTL 2.22 
rlimit: STACK 8192k, CORE 0k, NPROC 30826, NOFILE 4096, AS infinity
load average:0.98 0.69 0.62

/proc/meminfo:
MemTotal:        8121692 kB
MemFree:         3368324 kB
MemAvailable:    4844340 kB
Buffers:           91432 kB
Cached:          1334112 kB
SwapCached:            0 kB
Active:          3697376 kB
Inactive:         787888 kB
Active(anon):    3060584 kB
Inactive(anon):     4672 kB
Active(file):     636792 kB
Inactive(file):   783216 kB
Unevictable:           0 kB
Mlocked:               0 kB
SwapTotal:      13630460 kB
SwapFree:       13630460 kB
Dirty:                 0 kB
Writeback:             0 kB
AnonPages:       3072080 kB
Mapped:           446164 kB
Shmem:              5544 kB
Slab:             131676 kB
SReclaimable:      98452 kB
SUnreclaim:        33224 kB
KernelStack:        8144 kB
PageTables:        33116 kB
NFS_Unstable:          0 kB
Bounce:                0 kB
WritebackTmp:          0 kB
CommitLimit:    17691304 kB
Committed_AS:    5889328 kB
VmallocTotal:   34359738367 kB
VmallocUsed:      147748 kB
VmallocChunk:   34359537660 kB
HardwareCorrupted:     0 kB
AnonHugePages:   1798144 kB
HugePages_Total:       0
HugePages_Free:        0
HugePages_Rsvd:        0
HugePages_Surp:        0
Hugepagesize:       2048 kB
DirectMap4k:      130184 kB
DirectMap2M:     6103040 kB
DirectMap1G:     3145728 kB


CPU:total 8 (4 cores per cpu, 2 threads per core) family 6 model 60 stepping 3, cmov, cx8, fxsr, mmx, sse, sse2, sse3, ssse3, sse4.1, sse4.2, popcnt, avx, avx2, aes, clmul, erms, rtm, lzcnt, ht, tsc, tscinvbit, bmi1, bmi2

/proc/cpuinfo:
processor	: 0
vendor_id	: GenuineIntel
cpu family	: 6
model		: 60
model name	: Intel(R) Xeon(R) CPU E3-1231 v3 @ 3.40GHz
stepping	: 3
microcode	: 0x19
cpu MHz		: 3659.117
cache size	: 8192 KB
physical id	: 0
siblings	: 8
core id		: 0
cpu cores	: 4
apicid		: 0
initial apicid	: 0
fpu		: yes
fpu_exception	: yes
cpuid level	: 13
wp		: yes
flags		: fpu vme de pse tsc msr pae mce cx8 apic sep mtrr pge mca cmov pat pse36 clflush dts acpi mmx fxsr sse sse2 ss ht tm pbe syscall nx pdpe1gb rdtscp lm constant_tsc arch_perfmon pebs bts rep_good nopl xtopology nonstop_tsc aperfmperf eagerfpu pni pclmulqdq dtes64 monitor ds_cpl vmx smx est tm2 ssse3 fma cx16 xtpr pdcm pcid sse4_1 sse4_2 x2apic movbe popcnt tsc_deadline_timer aes xsave avx f16c rdrand lahf_lm abm ida arat epb pln pts dtherm tpr_shadow vnmi flexpriority ept vpid fsgsbase tsc_adjust bmi1 hle avx2 smep bmi2 erms invpcid rtm xsaveopt
bugs		:
bogomips	: 6787.31
clflush size	: 64
cache_alignment	: 64
address sizes	: 39 bits physical, 48 bits virtual
power management:

processor	: 1
vendor_id	: GenuineIntel
cpu family	: 6
model		: 60
model name	: Intel(R) Xeon(R) CPU E3-1231 v3 @ 3.40GHz
stepping	: 3
microcode	: 0x19
cpu MHz		: 3675.585
cache size	: 8192 KB
physical id	: 0
siblings	: 8
core id		: 1
cpu cores	: 4
apicid		: 2
initial apicid	: 2
fpu		: yes
fpu_exception	: yes
cpuid level	: 13
wp		: yes
flags		: fpu vme de pse tsc msr pae mce cx8 apic sep mtrr pge mca cmov pat pse36 clflush dts acpi mmx fxsr sse sse2 ss ht tm pbe syscall nx pdpe1gb rdtscp lm constant_tsc arch_perfmon pebs bts rep_good nopl xtopology nonstop_tsc aperfmperf eagerfpu pni pclmulqdq dtes64 monitor ds_cpl vmx smx est tm2 ssse3 fma cx16 xtpr pdcm pcid sse4_1 sse4_2 x2apic movbe popcnt tsc_deadline_timer aes xsave avx f16c rdrand lahf_lm abm ida arat epb pln pts dtherm tpr_shadow vnmi flexpriority ept vpid fsgsbase tsc_adjust bmi1 hle avx2 smep bmi2 erms invpcid rtm xsaveopt
bugs		:
bogomips	: 6787.31
clflush size	: 64
cache_alignment	: 64
address sizes	: 39 bits physical, 48 bits virtual
power management:

processor	: 2
vendor_id	: GenuineIntel
cpu family	: 6
model		: 60
model name	: Intel(R) Xeon(R) CPU E3-1231 v3 @ 3.40GHz
stepping	: 3
microcode	: 0x19
cpu MHz		: 3691.789
cache size	: 8192 KB
physical id	: 0
siblings	: 8
core id		: 2
cpu cores	: 4
apicid		: 4
initial apicid	: 4
fpu		: yes
fpu_exception	: yes
cpuid level	: 13
wp		: yes
flags		: fpu vme de pse tsc msr pae mce cx8 apic sep mtrr pge mca cmov pat pse36 clflush dts acpi mmx fxsr sse sse2 ss ht tm pbe syscall nx pdpe1gb rdtscp lm constant_tsc arch_perfmon pebs bts rep_good nopl xtopology nonstop_tsc aperfmperf eagerfpu pni pclmulqdq dtes64 monitor ds_cpl vmx smx est tm2 ssse3 fma cx16 xtpr pdcm pcid sse4_1 sse4_2 x2apic movbe popcnt tsc_deadline_timer aes xsave avx f16c rdrand lahf_lm abm ida arat epb pln pts dtherm tpr_shadow vnmi flexpriority ept vpid fsgsbase tsc_adjust bmi1 hle avx2 smep bmi2 erms invpcid rtm xsaveopt
bugs		:
bogomips	: 6787.31
clflush size	: 64
cache_alignment	: 64
address sizes	: 39 bits physical, 48 bits virtual
power management:

processor	: 3
vendor_id	: GenuineIntel
cpu family	: 6
model		: 60
model name	: Intel(R) Xeon(R) CPU E3-1231 v3 @ 3.40GHz
stepping	: 3
microcode	: 0x19
cpu MHz		: 3659.117
cache size	: 8192 KB
physical id	: 0
siblings	: 8
core id		: 3
cpu cores	: 4
apicid		: 6
initial apicid	: 6
fpu		: yes
fpu_exception	: yes
cpuid level	: 13
wp		: yes
flags		: fpu vme de pse tsc msr pae mce cx8 apic sep mtrr pge mca cmov pat pse36 clflush dts acpi mmx fxsr sse sse2 ss ht tm pbe syscall nx pdpe1gb rdtscp lm constant_tsc arch_perfmon pebs bts rep_good nopl xtopology nonstop_tsc aperfmperf eagerfpu pni pclmulqdq dtes64 monitor ds_cpl vmx smx est tm2 ssse3 fma cx16 xtpr pdcm pcid sse4_1 sse4_2 x2apic movbe popcnt tsc_deadline_timer aes xsave avx f16c rdrand lahf_lm abm ida arat epb pln pts dtherm tpr_shadow vnmi flexpriority ept vpid fsgsbase tsc_adjust bmi1 hle avx2 smep bmi2 erms invpcid rtm xsaveopt
bugs		:
bogomips	: 6787.31
clflush size	: 64
cache_alignment	: 64
address sizes	: 39 bits physical, 48 bits virtual
power management:

processor	: 4
vendor_id	: GenuineIntel
cpu family	: 6
model		: 60
model name	: Intel(R) Xeon(R) CPU E3-1231 v3 @ 3.40GHz
stepping	: 3
microcode	: 0x19
cpu MHz		: 3674.390
cache size	: 8192 KB
physical id	: 0
siblings	: 8
core id		: 0
cpu cores	: 4
apicid		: 1
initial apicid	: 1
fpu		: yes
fpu_exception	: yes
cpuid level	: 13
wp		: yes
flags		: fpu vme de pse tsc msr pae mce cx8 apic sep mtrr pge mca cmov pat pse36 clflush dts acpi mmx fxsr sse sse2 ss ht tm pbe syscall nx pdpe1gb rdtscp lm constant_tsc arch_perfmon pebs bts rep_good nopl xtopology nonstop_tsc aperfmperf eagerfpu pni pclmulqdq dtes64 monitor ds_cpl vmx smx est tm2 ssse3 fma cx16 xtpr pdcm pcid sse4_1 sse4_2 x2apic movbe popcnt tsc_deadline_timer aes xsave avx f16c rdrand lahf_lm abm ida arat epb pln pts dtherm tpr_shadow vnmi flexpriority ept vpid fsgsbase tsc_adjust bmi1 hle avx2 smep bmi2 erms invpcid rtm xsaveopt
bugs		:
bogomips	: 6787.31
clflush size	: 64
cache_alignment	: 64
address sizes	: 39 bits physical, 48 bits virtual
power management:

processor	: 5
vendor_id	: GenuineIntel
cpu family	: 6
model		: 60
model name	: Intel(R) Xeon(R) CPU E3-1231 v3 @ 3.40GHz
stepping	: 3
microcode	: 0x19
cpu MHz		: 3685.679
cache size	: 8192 KB
physical id	: 0
siblings	: 8
core id		: 1
cpu cores	: 4
apicid		: 3
initial apicid	: 3
fpu		: yes
fpu_exception	: yes
cpuid level	: 13
wp		: yes
flags		: fpu vme de pse tsc msr pae mce cx8 apic sep mtrr pge mca cmov pat pse36 clflush dts acpi mmx fxsr sse sse2 ss ht tm pbe syscall nx pdpe1gb rdtscp lm constant_tsc arch_perfmon pebs bts rep_good nopl xtopology nonstop_tsc aperfmperf eagerfpu pni pclmulqdq dtes64 monitor ds_cpl vmx smx est tm2 ssse3 fma cx16 xtpr pdcm pcid sse4_1 sse4_2 x2apic movbe popcnt tsc_deadline_timer aes xsave avx f16c rdrand lahf_lm abm ida arat epb pln pts dtherm tpr_shadow vnmi flexpriority ept vpid fsgsbase tsc_adjust bmi1 hle avx2 smep bmi2 erms invpcid rtm xsaveopt
bugs		:
bogomips	: 6787.31
clflush size	: 64
cache_alignment	: 64
address sizes	: 39 bits physical, 48 bits virtual
power management:

processor	: 6
vendor_id	: GenuineIntel
cpu family	: 6
model		: 60
model name	: Intel(R) Xeon(R) CPU E3-1231 v3 @ 3.40GHz
stepping	: 3
microcode	: 0x19
cpu MHz		: 3715.429
cache size	: 8192 KB
physical id	: 0
siblings	: 8
core id		: 2
cpu cores	: 4
apicid		: 5
initial apicid	: 5
fpu		: yes
fpu_exception	: yes
cpuid level	: 13
wp		: yes
flags		: fpu vme de pse tsc msr pae mce cx8 apic sep mtrr pge mca cmov pat pse36 clflush dts acpi mmx fxsr sse sse2 ss ht tm pbe syscall nx pdpe1gb rdtscp lm constant_tsc arch_perfmon pebs bts rep_good nopl xtopology nonstop_tsc aperfmperf eagerfpu pni pclmulqdq dtes64 monitor ds_cpl vmx smx est tm2 ssse3 fma cx16 xtpr pdcm pcid sse4_1 sse4_2 x2apic movbe popcnt tsc_deadline_timer aes xsave avx f16c rdrand lahf_lm abm ida arat epb pln pts dtherm tpr_shadow vnmi flexpriority ept vpid fsgsbase tsc_adjust bmi1 hle avx2 smep bmi2 erms invpcid rtm xsaveopt
bugs		:
bogomips	: 6787.31
clflush size	: 64
cache_alignment	: 64
address sizes	: 39 bits physical, 48 bits virtual
power management:

processor	: 7
vendor_id	: GenuineIntel
cpu family	: 6
model		: 60
model name	: Intel(R) Xeon(R) CPU E3-1231 v3 @ 3.40GHz
stepping	: 3
microcode	: 0x19
cpu MHz		: 3602.273
cache size	: 8192 KB
physical id	: 0
siblings	: 8
core id		: 3
cpu cores	: 4
apicid		: 7
initial apicid	: 7
fpu		: yes
fpu_exception	: yes
cpuid level	: 13
wp		: yes
flags		: fpu vme de pse tsc msr pae mce cx8 apic sep mtrr pge mca cmov pat pse36 clflush dts acpi mmx fxsr sse sse2 ss ht tm pbe syscall nx pdpe1gb rdtscp lm constant_tsc arch_perfmon pebs bts rep_good nopl xtopology nonstop_tsc aperfmperf eagerfpu pni pclmulqdq dtes64 monitor ds_cpl vmx smx est tm2 ssse3 fma cx16 xtpr pdcm pcid sse4_1 sse4_2 x2apic movbe popcnt tsc_deadline_timer aes xsave avx f16c rdrand lahf_lm abm ida arat epb pln pts dtherm tpr_shadow vnmi flexpriority ept vpid fsgsbase tsc_adjust bmi1 hle avx2 smep bmi2 erms invpcid rtm xsaveopt
bugs		:
bogomips	: 6787.31
clflush size	: 64
cache_alignment	: 64
address sizes	: 39 bits physical, 48 bits virtual
power management:



Memory: 4k page, physical 8121692k(3368324k free), swap 13630460k(13630460k free)

vm_info: OpenJDK 64-Bit Server VM (25.60-b23) for linux-amd64 JRE (1.8.0_60-b24), built on Aug 23 2015 18:39:15 by "builduser" with gcc 5.2.0

time: Sun Oct 11 12:33:15 2015
elapsed time: 30 seconds (0d 0h 0m 30s)

