#
# A fatal error has been detected by the Java Runtime Environment:
#
#  SIGSEGV (0xb) at pc=0x00007f8059c2589d, pid=8275, tid=140186964453120
#
# JRE version: OpenJDK Runtime Environment (8.0_60-b24) (build 1.8.0_60-b24)
# Java VM: OpenJDK 64-Bit Server VM (25.60-b23 mixed mode linux-amd64 compressed oops)
# Problematic frame:
# V  [libjvm.so+0x67689d]
#
# Failed to write core dump. Core dumps have been disabled. To enable core dumping, try "ulimit -c unlimited" before starting Java again
#
# If you would like to submit a bug report, please visit:
#   http://bugreport.java.com/bugreport/crash.jsp
#

---------------  T H R E A D  ---------------

Current thread (0x00007f80542a0800):  JavaThread "JavaFX Application Thread" [_thread_in_vm, id=8320, stack(0x00007f7fd227e000,0x00007f7fd237f000)]

siginfo: si_signo: 11 (SIGSEGV), si_code: 128 (SI_KERNEL), si_addr: 0x0000000000000000

Registers:
RAX=0x0000000000000000, RBX=0x00007f80542a0800, RCX=0x00007f8054227df0, RDX=0x65732f3436646d61
RSP=0x00007f7fd237d270, RBP=0x00007f7fd237d3f0, RSI=0x00007f7fd237d410, RDI=0x00007f80542a09e0
R8 =0x00007f7fd237d440, R9 =0x00007f80542a0800, R10=0x00007f7fc4006750, R11=0x00007f80455e60c0
R12=0x00007f80542a09e0, R13=0x00007f80542a0800, R14=0x65732f3436646d61, R15=0x00007f7fd237d4d8
RIP=0x00007f8059c2589d, EFLAGS=0x0000000000010202, CSGSFS=0x002b000000000033, ERR=0x0000000000000000
  TRAPNO=0x000000000000000d

Top of Stack: (sp=0x00007f7fd237d270)
0x00007f7fd237d270:   0000000000000000 0000000000000000
0x00007f7fd237d280:   00007f7fd237d2b0 000000000000000a
0x00007f7fd237d290:   00007f800000000e 00007f80542a09e0
0x00007f7fd237d2a0:   00007f7fd237d2b0 00007f7fd237d410
0x00007f7fd237d2b0:   00007f80433d43e0 00007f80542a0800
0x00007f7fd237d2c0:   00007f80433d43e0 00007f80542a0800
0x00007f7fd237d2d0:   00007f80542a0110 00007f7ffc000b10
0x00007f7fd237d2e0:   00007f7ffc000b20 00007f7ffc000ef8
0x00007f7fd237d2f0:   00000000000003d8 00007f7fc4000b10
0x00007f7fd237d300:   00007f80433d43e0 00007f80542a0800
0x00007f7fd237d310:   00000000d237d8f0 00007f8044c02b98
0x00007f7fd237d320:   0000000000000000 00007f7fd237d520
0x00007f7fd237d330:   00007f80433d43e0 00007f80542a0800
0x00007f7fd237d340:   00007ffcf65bae41 00000000842eb468
0x00007f7fd237d350:   00007f7f0000006f 00007f800000000a
0x00007f7fd237d360:   00000000d9879f58 00007f7f00000000
0x00007f7fd237d370:   00007f7fd237d500 00007f8059c25ba1
0x00007f7fd237d380:   00007f8054251040 0000000100000117
0x00007f7fd237d390:   000000005619d453 00007f7fd237d348
0x00007f7fd237d3a0:   00007f7fd237d389 0000000800000005
0x00007f7fd237d3b0:   00007f7fd237d300 1a1224e5aa969f00
0x00007f7fd237d3c0:   00007f80433c85d0 00007f80542a0800
0x00007f7fd237d3d0:   00007f80542a09e0 00007f8054227df0
0x00007f7fd237d3e0:   65732f3436646d61 00007f7fd237d4d8
0x00007f7fd237d3f0:   00007f7fd237d4c0 00007f8059c2b816
0x00007f7fd237d400:   00000000000003d8 00007f7fd237d440
0x00007f7fd237d410:   00007f800000000e 1a1224e500000000
0x00007f7fd237d420:   00007f80542a0800 0000000000000000
0x00007f7fd237d430:   0000000000000000 0000000004200003
0x00007f7fd237d440:   00007f805a40d080 00007f805b1203e0
0x00007f7fd237d450:   0000000054251040 00007f7f00000063
0x00007f7fd237d460:   0000000000000000 0000003000000018 

Instructions: (pc=0x00007f8059c2589d)
0x00007f8059c2587d:   ff 48 89 b5 b8 fe ff ff 64 48 8b 04 25 28 00 00
0x00007f8059c2588d:   00 48 89 45 c8 31 c0 48 85 d2 0f 84 7b 05 00 00
0x00007f8059c2589d:   4c 8b 32 4d 85 f6 0f 84 6f 05 00 00 49 8b b9 20
0x00007f8059c258ad:   01 00 00 48 89 cb 4d 89 c4 e8 f5 5a ff ff 4c 89 

Register to memory mapping:

RAX=0x0000000000000000 is an unknown value
RBX=0x00007f80542a0800 is a thread
RCX=0x00007f8054227df0 is an unknown value
RDX=0x65732f3436646d61 is an unknown value
RSP=0x00007f7fd237d270 is pointing into the stack for thread: 0x00007f80542a0800
RBP=0x00007f7fd237d3f0 is pointing into the stack for thread: 0x00007f80542a0800
RSI=0x00007f7fd237d410 is pointing into the stack for thread: 0x00007f80542a0800
RDI=0x00007f80542a09e0 is an unknown value
R8 =0x00007f7fd237d440 is pointing into the stack for thread: 0x00007f80542a0800
R9 =0x00007f80542a0800 is a thread
R10=0x00007f7fc4006750 is an unknown value
R11=0x00007f80455e60c0 is at entry_point+32 in (nmethod*)0x00007f80455e5f50
R12=0x00007f80542a09e0 is an unknown value
R13=0x00007f80542a0800 is a thread
R14=0x65732f3436646d61 is an unknown value
R15=0x00007f7fd237d4d8 is pointing into the stack for thread: 0x00007f80542a0800


Stack: [0x00007f7fd227e000,0x00007f7fd237f000],  sp=0x00007f7fd237d270,  free space=1020k
Native frames: (J=compiled Java code, j=interpreted, Vv=VM code, C=native code)
V  [libjvm.so+0x67689d]
V  [libjvm.so+0x67c816]
C  [libglass.so+0x12cb1]  JNIEnv_::CallVoidMethod(_jobject*, _jmethodID*, ...)+0x81
C  [libglass.so+0x1edc5]  WindowContextBase::process_key(_GdkEventKey*)+0x1f5
C  [libglass.so+0x13ed0]  WindowContextBase::im_filter_keypress(_GdkEventKey*)+0x1c0
C  [libglass.so+0x1374c]
C  [libgdk-x11-2.0.so.0+0x5b2cc]

Java frames: (J=compiled Java code, j=interpreted, Vv=VM code)
j  com.sun.glass.ui.gtk.GtkApplication._runLoop(Ljava/lang/Runnable;Z)V+0
j  com.sun.glass.ui.gtk.GtkApplication.lambda$null$48(Ljava/lang/Runnable;Z)V+7
j  com.sun.glass.ui.gtk.GtkApplication$$Lambda$42.run()V+12
j  java.lang.Thread.run()V+11
v  ~StubRoutines::call_stub

---------------  P R O C E S S  ---------------

Java Threads: ( => current thread )
  0x00007f7fc5b0a800 JavaThread "Prism Font Disposer" daemon [_thread_blocked, id=8323, stack(0x00007f7fd1274000,0x00007f7fd1375000)]
  0x00007f80542a4800 JavaThread "JavaFX-Launcher" [_thread_blocked, id=8321, stack(0x00007f7fd217d000,0x00007f7fd227e000)]
=>0x00007f80542a0800 JavaThread "JavaFX Application Thread" [_thread_in_vm, id=8320, stack(0x00007f7fd227e000,0x00007f7fd237f000)]
  0x00007f805429c000 JavaThread "Thread-1" daemon [_thread_blocked, id=8319, stack(0x00007f7fe40bb000,0x00007f7fe41bc000)]
  0x00007f805420a000 JavaThread "QuantumRenderer-0" daemon [_thread_blocked, id=8310, stack(0x00007f80380ff000,0x00007f8038200000)]
  0x00007f80540e4800 JavaThread "Service Thread" daemon [_thread_blocked, id=8308, stack(0x00007f8040251000,0x00007f8040352000)]
  0x00007f80540d7000 JavaThread "C1 CompilerThread3" daemon [_thread_in_native, id=8307, stack(0x00007f8040352000,0x00007f8040453000)]
  0x00007f80540d5000 JavaThread "C2 CompilerThread2" daemon [_thread_in_native, id=8306, stack(0x00007f8040453000,0x00007f8040554000)]
  0x00007f80540d3000 JavaThread "C2 CompilerThread1" daemon [_thread_in_native, id=8305, stack(0x00007f8040554000,0x00007f8040655000)]
  0x00007f80540d0000 JavaThread "C2 CompilerThread0" daemon [_thread_in_vm, id=8304, stack(0x00007f8040655000,0x00007f8040756000)]
  0x00007f800c001000 JavaThread "JDWP Command Reader" daemon [_thread_in_native, id=8300, stack(0x00007f8040756000,0x00007f8040857000)]
  0x00007f80540ce000 JavaThread "JDWP Event Helper Thread" daemon [_thread_blocked, id=8299, stack(0x00007f8040857000,0x00007f8040958000)]
  0x00007f80540ca800 JavaThread "JDWP Transport Listener: dt_socket" daemon [_thread_blocked, id=8296, stack(0x00007f8040958000,0x00007f8040a59000)]
  0x00007f80540be000 JavaThread "Signal Dispatcher" daemon [_thread_blocked, id=8294, stack(0x00007f8040c5d000,0x00007f8040d5e000)]
  0x00007f8054087800 JavaThread "Finalizer" daemon [_thread_blocked, id=8293, stack(0x00007f8040d5e000,0x00007f8040e5f000)]
  0x00007f8054085800 JavaThread "Reference Handler" daemon [_thread_blocked, id=8292, stack(0x00007f8040e5f000,0x00007f8040f60000)]
  0x00007f805400b000 JavaThread "main" [_thread_blocked, id=8281, stack(0x00007f805b1c4000,0x00007f805b2c5000)]

Other Threads:
  0x00007f8054080800 VMThread [stack: 0x00007f8040f60000,0x00007f8041061000] [id=8291]
  0x00007f80540e7000 WatcherThread [stack: 0x00007f8040150000,0x00007f8040251000] [id=8309]

VM state:not at safepoint (normal execution)

VM Mutex/Monitor currently owned by a thread: None

Heap:
 PSYoungGen      total 68608K, used 60040K [0x00000000d6b00000, 0x00000000df100000, 0x0000000100000000)
  eden space 63488K, 94% used [0x00000000d6b00000,0x00000000da5a2118,0x00000000da900000)
  from space 5120K, 0% used [0x00000000da900000,0x00000000da900000,0x00000000dae00000)
  to   space 5120K, 0% used [0x00000000dec00000,0x00000000dec00000,0x00000000df100000)
 ParOldGen       total 52736K, used 7000K [0x0000000084000000, 0x0000000087380000, 0x00000000d6b00000)
  object space 52736K, 13% used [0x0000000084000000,0x00000000846d62a0,0x0000000087380000)
 Metaspace       used 23528K, capacity 24553K, committed 24576K, reserved 1071104K
  class space    used 2814K, capacity 3062K, committed 3072K, reserved 1048576K

Card table byte_map: [0x00007f8044445000,0x00007f8044826000] byte_map_base: 0x00007f8044025000

Marking Bits: (ParMarkBitMap*) 0x00007f805a4d07e0
 Begin Bits: [0x00007f8038200000, 0x00007f803a100000)
 End Bits:   [0x00007f803a100000, 0x00007f803c000000)

Polling page: 0x00007f805b2f2000

CodeCache: size=245760Kb used=12285Kb max_used=12285Kb free=233474Kb
 bounds [0x00007f8044be6000, 0x00007f80457f6000, 0x00007f8053be6000]
 total_blobs=4286 nmethods=3670 adapters=538
 compilation: enabled

Compilation events (10 events):
Event: 25.341 Thread 0x00007f80540d7000 nmethod 3684 0x00007f80457e2610 code [0x00007f80457e2880, 0x00007f80457e3b08]
Event: 25.341 Thread 0x00007f80540d7000 3696       3       java.util.Calendar$Builder::setLocale (19 bytes)
Event: 25.342 Thread 0x00007f80540d7000 nmethod 3696 0x00007f80457e3f50 code [0x00007f80457e40c0, 0x00007f80457e4328]
Event: 25.342 Thread 0x00007f80540d7000 3697       3       java.util.Calendar$Builder::setTimeZone (19 bytes)
Event: 25.342 Thread 0x00007f80540d7000 nmethod 3697 0x00007f80457e4410 code [0x00007f80457e4580, 0x00007f80457e47e8]
Event: 25.342 Thread 0x00007f80540d7000 3686       3       java.lang.System::lineSeparator (4 bytes)
Event: 25.342 Thread 0x00007f80540d7000 nmethod 3686 0x00007f80457e48d0 code [0x00007f80457e4a20, 0x00007f80457e4b70]
Event: 25.342 Thread 0x00007f80540d7000 3693       3       javafx.scene.Node::<init> (206 bytes)
Event: 25.345 Thread 0x00007f80540d7000 nmethod 3693 0x00007f80457e4bd0 code [0x00007f80457e4fc0, 0x00007f80457e7328]
Event: 25.345 Thread 0x00007f80540d7000 3699       3       java.util.Formatter$FormatSpecifier::localizedMagnitude (327 bytes)

GC Heap History (8 events):
Event: 0.503 GC heap before
{Heap before GC invocations=1 (full 0):
 PSYoungGen      total 36864K, used 31744K [0x00000000d6b00000, 0x00000000d9400000, 0x0000000100000000)
  eden space 31744K, 100% used [0x00000000d6b00000,0x00000000d8a00000,0x00000000d8a00000)
  from space 5120K, 0% used [0x00000000d8f00000,0x00000000d8f00000,0x00000000d9400000)
  to   space 5120K, 0% used [0x00000000d8a00000,0x00000000d8a00000,0x00000000d8f00000)
 ParOldGen       total 84992K, used 0K [0x0000000084000000, 0x0000000089300000, 0x00000000d6b00000)
  object space 84992K, 0% used [0x0000000084000000,0x0000000084000000,0x0000000089300000)
 Metaspace       used 11126K, capacity 11570K, committed 11776K, reserved 1058816K
  class space    used 1324K, capacity 1463K, committed 1536K, reserved 1048576K
Event: 0.511 GC heap after
Heap after GC invocations=1 (full 0):
 PSYoungGen      total 36864K, used 5088K [0x00000000d6b00000, 0x00000000db300000, 0x0000000100000000)
  eden space 31744K, 0% used [0x00000000d6b00000,0x00000000d6b00000,0x00000000d8a00000)
  from space 5120K, 99% used [0x00000000d8a00000,0x00000000d8ef80f8,0x00000000d8f00000)
  to   space 5120K, 0% used [0x00000000dae00000,0x00000000dae00000,0x00000000db300000)
 ParOldGen       total 84992K, used 1477K [0x0000000084000000, 0x0000000089300000, 0x00000000d6b00000)
  object space 84992K, 1% used [0x0000000084000000,0x0000000084171488,0x0000000089300000)
 Metaspace       used 11126K, capacity 11570K, committed 11776K, reserved 1058816K
  class space    used 1324K, capacity 1463K, committed 1536K, reserved 1048576K
}
Event: 1.452 GC heap before
{Heap before GC invocations=2 (full 0):
 PSYoungGen      total 36864K, used 36832K [0x00000000d6b00000, 0x00000000db300000, 0x0000000100000000)
  eden space 31744K, 100% used [0x00000000d6b00000,0x00000000d8a00000,0x00000000d8a00000)
  from space 5120K, 99% used [0x00000000d8a00000,0x00000000d8ef80f8,0x00000000d8f00000)
  to   space 5120K, 0% used [0x00000000dae00000,0x00000000dae00000,0x00000000db300000)
 ParOldGen       total 84992K, used 1477K [0x0000000084000000, 0x0000000089300000, 0x00000000d6b00000)
  object space 84992K, 1% used [0x0000000084000000,0x0000000084171488,0x0000000089300000)
 Metaspace       used 19377K, capacity 20047K, committed 20224K, reserved 1067008K
  class space    used 2322K, capacity 2507K, committed 2560K, reserved 1048576K
Event: 1.464 GC heap after
Heap after GC invocations=2 (full 0):
 PSYoungGen      total 68608K, used 5108K [0x00000000d6b00000, 0x00000000db300000, 0x0000000100000000)
  eden space 63488K, 0% used [0x00000000d6b00000,0x00000000d6b00000,0x00000000da900000)
  from space 5120K, 99% used [0x00000000dae00000,0x00000000db2fd0c0,0x00000000db300000)
  to   space 5120K, 0% used [0x00000000da900000,0x00000000da900000,0x00000000dae00000)
 ParOldGen       total 84992K, used 6110K [0x0000000084000000, 0x0000000089300000, 0x00000000d6b00000)
  object space 84992K, 7% used [0x0000000084000000,0x00000000845f7be0,0x0000000089300000)
 Metaspace       used 19377K, capacity 20047K, committed 20224K, reserved 1067008K
  class space    used 2322K, capacity 2507K, committed 2560K, reserved 1048576K
}
Event: 1.528 GC heap before
{Heap before GC invocations=3 (full 0):
 PSYoungGen      total 68608K, used 8938K [0x00000000d6b00000, 0x00000000db300000, 0x0000000100000000)
  eden space 63488K, 6% used [0x00000000d6b00000,0x00000000d6ebd888,0x00000000da900000)
  from space 5120K, 99% used [0x00000000dae00000,0x00000000db2fd0c0,0x00000000db300000)
  to   space 5120K, 0% used [0x00000000da900000,0x00000000da900000,0x00000000dae00000)
 ParOldGen       total 84992K, used 6110K [0x0000000084000000, 0x0000000089300000, 0x00000000d6b00000)
  object space 84992K, 7% used [0x0000000084000000,0x00000000845f7be0,0x0000000089300000)
 Metaspace       used 20420K, capacity 21147K, committed 21248K, reserved 1067008K
  class space    used 2557K, capacity 2775K, committed 2816K, reserved 1048576K
Event: 1.539 GC heap after
Heap after GC invocations=3 (full 0):
 PSYoungGen      total 68608K, used 5102K [0x00000000d6b00000, 0x00000000df100000, 0x0000000100000000)
  eden space 63488K, 0% used [0x00000000d6b00000,0x00000000d6b00000,0x00000000da900000)
  from space 5120K, 99% used [0x00000000da900000,0x00000000dadfbaf8,0x00000000dae00000)
  to   space 5120K, 0% used [0x00000000dec00000,0x00000000dec00000,0x00000000df100000)
 ParOldGen       total 84992K, used 7040K [0x0000000084000000, 0x0000000089300000, 0x00000000d6b00000)
  object space 84992K, 8% used [0x0000000084000000,0x00000000846e02e0,0x0000000089300000)
 Metaspace       used 20420K, capacity 21147K, committed 21248K, reserved 1067008K
  class space    used 2557K, capacity 2775K, committed 2816K, reserved 1048576K
}
Event: 1.539 GC heap before
{Heap before GC invocations=4 (full 1):
 PSYoungGen      total 68608K, used 5102K [0x00000000d6b00000, 0x00000000df100000, 0x0000000100000000)
  eden space 63488K, 0% used [0x00000000d6b00000,0x00000000d6b00000,0x00000000da900000)
  from space 5120K, 99% used [0x00000000da900000,0x00000000dadfbaf8,0x00000000dae00000)
  to   space 5120K, 0% used [0x00000000dec00000,0x00000000dec00000,0x00000000df100000)
 ParOldGen       total 84992K, used 7040K [0x0000000084000000, 0x0000000089300000, 0x00000000d6b00000)
  object space 84992K, 8% used [0x0000000084000000,0x00000000846e02e0,0x0000000089300000)
 Metaspace       used 20420K, capacity 21147K, committed 21248K, reserved 1067008K
  class space    used 2557K, capacity 2775K, committed 2816K, reserved 1048576K
Event: 1.568 GC heap after
Heap after GC invocations=4 (full 1):
 PSYoungGen      total 68608K, used 0K [0x00000000d6b00000, 0x00000000df100000, 0x0000000100000000)
  eden space 63488K, 0% used [0x00000000d6b00000,0x00000000d6b00000,0x00000000da900000)
  from space 5120K, 0% used [0x00000000da900000,0x00000000da900000,0x00000000dae00000)
  to   space 5120K, 0% used [0x00000000dec00000,0x00000000dec00000,0x00000000df100000)
 ParOldGen       total 52736K, used 7000K [0x0000000084000000, 0x0000000087380000, 0x00000000d6b00000)
  object space 52736K, 13% used [0x0000000084000000,0x00000000846d62a0,0x0000000087380000)
 Metaspace       used 20420K, capacity 21147K, committed 21248K, reserved 1067008K
  class space    used 2557K, capacity 2775K, committed 2816K, reserved 1048576K
}

Deoptimization events (10 events):
Event: 22.852 Thread 0x00007f80542a0800 Uncommon trap: reason=unstable_if action=reinterpret pc=0x00007f804553f17c method=java.lang.Double.compare(DD)I @ 11
Event: 22.854 Thread 0x00007f80542a0800 Uncommon trap: reason=unstable_if action=reinterpret pc=0x00007f8045631b58 method=javafx.scene.Node.getLocalBounds(Lcom/sun/javafx/geom/BaseBounds;Lcom/sun/javafx/geom/transform/BaseTransform;)Lcom/sun/javafx/geom/BaseBounds; @ 4
Event: 22.854 Thread 0x00007f805420a000 Uncommon trap: reason=unstable_if action=reinterpret pc=0x00007f8045663da4 method=com.sun.javafx.geom.transform.AffineBase.transform2DBounds(Lcom/sun/javafx/geom/RectBounds;Lcom/sun/javafx/geom/RectBounds;)Lcom/sun/javafx/geom/BaseBounds; @ 566
Event: 22.855 Thread 0x00007f805420a000 Uncommon trap: reason=class_check action=maybe_recompile pc=0x00007f804521900c method=java.util.WeakHashMap.eq(Ljava/lang/Object;Ljava/lang/Object;)Z @ 7
Event: 23.537 Thread 0x00007f80542a0800 Uncommon trap: reason=unstable_if action=reinterpret pc=0x00007f80456385cc method=javafx.scene.Node.impl_intersectsBounds(Lcom/sun/javafx/geom/PickRay;)D @ 902
Event: 25.202 Thread 0x00007f80542a0800 Uncommon trap: reason=null_check action=make_not_entrant pc=0x00007f8045529ca0 method=com.sun.javafx.css.StyleManager.getCacheContainer(Ljavafx/css/Styleable;Ljavafx/scene/SubScene;)Lcom/sun/javafx/css/StyleManager$CacheContainer; @ 100
Event: 25.206 Thread 0x00007f80542a0800 Uncommon trap: reason=unstable_if action=reinterpret pc=0x00007f804552d28c method=com.sun.javafx.css.StyleManager$CacheContainer.getStyleMap(I)Lcom/sun/javafx/css/StyleMap; @ 22
Event: 25.206 Thread 0x00007f80542a0800 Uncommon trap: reason=unstable_if action=reinterpret pc=0x00007f804523c98c method=com.sun.javafx.css.StyleManager$CacheContainer.getStyleMap(I)Lcom/sun/javafx/css/StyleMap; @ 22
Event: 25.208 Thread 0x00007f80542a0800 Uncommon trap: reason=unstable_if action=reinterpret pc=0x00007f80451b9df4 method=javafx.scene.CssStyleHelper.getStyle(Ljavafx/css/Styleable;Ljava/lang/String;Lcom/sun/javafx/css/StyleMap;Ljava/util/Set;)Lcom/sun/javafx/css/CascadingStyle; @ 8
Event: 25.224 Thread 0x00007f80542a0800 Uncommon trap: reason=unstable_if action=reinterpret pc=0x00007f80456ccff4 method=javafx.scene.CssStyleHelper.transitionToState(Ljavafx/scene/Node;)V @ 311

Internal exceptions (10 events):
Event: 25.333 Thread 0x00007f80542a0800 Exception <a 'java/lang/ClassCastException': java.lang.String cannot be cast to javafx.css.ParsedValue> (0x00000000da43b660) thrown at [/build/java8-openjdk/src/jdk8u-jdk8u60-b24/hotspot/src/share/vm/interpreter/interpreterRuntime.cpp, line 381]
Event: 25.334 Thread 0x00007f80542a0800 Exception <a 'java/lang/ClassCastException': java.lang.String cannot be cast to javafx.css.ParsedValue> (0x00000000da448800) thrown at [/build/java8-openjdk/src/jdk8u-jdk8u60-b24/hotspot/src/share/vm/interpreter/interpreterRuntime.cpp, line 381]
Event: 25.335 Thread 0x00007f80542a0800 Exception <a 'java/lang/ClassCastException': java.lang.String cannot be cast to javafx.css.ParsedValue> (0x00000000da451cb8) thrown at [/build/java8-openjdk/src/jdk8u-jdk8u60-b24/hotspot/src/share/vm/interpreter/interpreterRuntime.cpp, line 381]
Event: 25.336 Thread 0x00007f80542a0800 Exception <a 'java/lang/ClassCastException': java.lang.String cannot be cast to javafx.css.ParsedValue> (0x00000000da45efc0) thrown at [/build/java8-openjdk/src/jdk8u-jdk8u60-b24/hotspot/src/share/vm/interpreter/interpreterRuntime.cpp, line 381]
Event: 25.338 Thread 0x00007f80542a0800 Exception <a 'java/lang/ClassCastException': java.lang.String cannot be cast to javafx.css.ParsedValue> (0x00000000da4685e0) thrown at [/build/java8-openjdk/src/jdk8u-jdk8u60-b24/hotspot/src/share/vm/interpreter/interpreterRuntime.cpp, line 381]
Event: 25.340 Thread 0x00007f80542a0800 Exception <a 'java/lang/ClassCastException': java.lang.String cannot be cast to javafx.css.ParsedValue> (0x00000000da475750) thrown at [/build/java8-openjdk/src/jdk8u-jdk8u60-b24/hotspot/src/share/vm/interpreter/interpreterRuntime.cpp, line 381]
Event: 25.341 Thread 0x00007f80542a0800 Exception <a 'java/lang/ClassCastException': java.lang.String cannot be cast to javafx.css.ParsedValue> (0x00000000da47ebd8) thrown at [/build/java8-openjdk/src/jdk8u-jdk8u60-b24/hotspot/src/share/vm/interpreter/interpreterRuntime.cpp, line 381]
Event: 25.342 Thread 0x00007f80542a0800 Exception <a 'java/lang/ClassCastException': java.lang.String cannot be cast to javafx.css.ParsedValue> (0x00000000da48be20) thrown at [/build/java8-openjdk/src/jdk8u-jdk8u60-b24/hotspot/src/share/vm/interpreter/interpreterRuntime.cpp, line 381]
Event: 25.343 Thread 0x00007f80542a0800 Exception <a 'java/lang/ClassCastException': java.lang.String cannot be cast to javafx.css.ParsedValue> (0x00000000da495298) thrown at [/build/java8-openjdk/src/jdk8u-jdk8u60-b24/hotspot/src/share/vm/interpreter/interpreterRuntime.cpp, line 381]
Event: 25.344 Thread 0x00007f80542a0800 Exception <a 'java/lang/ClassCastException': java.lang.String cannot be cast to javafx.css.ParsedValue> (0x00000000da4a23c8) thrown at [/build/java8-openjdk/src/jdk8u-jdk8u60-b24/hotspot/src/share/vm/interpreter/interpreterRuntime.cpp, line 381]

Events (10 events):
Event: 25.340 Thread 0x00007f80542a0800 DEOPT PACKING pc=0x00007f804527dd5c sp=0x00007f7fd2379e80
Event: 25.340 Thread 0x00007f80542a0800 DEOPT UNPACKING pc=0x00007f8044c2d373 sp=0x00007f7fd2379df8 mode 1
Event: 25.341 Thread 0x00007f80542a0800 DEOPT PACKING pc=0x00007f804527dd5c sp=0x00007f7fd2379e80
Event: 25.341 Thread 0x00007f80542a0800 DEOPT UNPACKING pc=0x00007f8044c2d373 sp=0x00007f7fd2379df8 mode 1
Event: 25.342 Thread 0x00007f80542a0800 DEOPT PACKING pc=0x00007f804527dd5c sp=0x00007f7fd2379e80
Event: 25.342 Thread 0x00007f80542a0800 DEOPT UNPACKING pc=0x00007f8044c2d373 sp=0x00007f7fd2379df8 mode 1
Event: 25.343 Thread 0x00007f80542a0800 DEOPT PACKING pc=0x00007f804527dd5c sp=0x00007f7fd2379e80
Event: 25.343 Thread 0x00007f80542a0800 DEOPT UNPACKING pc=0x00007f8044c2d373 sp=0x00007f7fd2379df8 mode 1
Event: 25.344 Thread 0x00007f80542a0800 DEOPT PACKING pc=0x00007f804527dd5c sp=0x00007f7fd2379e80
Event: 25.344 Thread 0x00007f80542a0800 DEOPT UNPACKING pc=0x00007f8044c2d373 sp=0x00007f7fd2379df8 mode 1


Dynamic libraries:
00400000-00401000 r-xp 00000000 08:02 3159409                            /usr/lib/jvm/java-8-openjdk/jre/bin/java
00600000-00601000 rw-p 00000000 08:02 3159409                            /usr/lib/jvm/java-8-openjdk/jre/bin/java
0233f000-02360000 rw-p 00000000 00:00 0                                  [heap]
84000000-87380000 rw-p 00000000 00:00 0 
87380000-d6b00000 ---p 00000000 00:00 0 
d6b00000-df100000 rw-p 00000000 00:00 0 
df100000-100000000 ---p 00000000 00:00 0 
100000000-100300000 rw-p 00000000 00:00 0 
100300000-140000000 ---p 00000000 00:00 0 
7f7fbc000000-7f7fbc021000 rw-p 00000000 00:00 0 
7f7fbc021000-7f7fc0000000 ---p 00000000 00:00 0 
7f7fc3887000-7f7fc4000000 rw-p 00000000 00:00 0 
7f7fc4000000-7f7fc5c05000 rw-p 00000000 00:00 0 
7f7fc5c05000-7f7fc8000000 ---p 00000000 00:00 0 
7f7fc8000000-7f7fc8021000 rw-p 00000000 00:00 0 
7f7fc8021000-7f7fcc000000 ---p 00000000 00:00 0 
7f7fcc000000-7f7fcc021000 rw-p 00000000 00:00 0 
7f7fcc021000-7f7fd0000000 ---p 00000000 00:00 0 
7f7fd0395000-7f7fd0495000 rw-p 00000000 00:00 0 
7f7fd0495000-7f7fd0595000 ---p 00000000 00:00 0 
7f7fd0595000-7f7fd05a5000 r-xp 00000000 08:02 3418981                    /usr/lib/jvm/java-8-openjdk/jre/lib/amd64/libdecora_sse.so
7f7fd05a5000-7f7fd07a4000 ---p 00010000 08:02 3418981                    /usr/lib/jvm/java-8-openjdk/jre/lib/amd64/libdecora_sse.so
7f7fd07a4000-7f7fd07a5000 rw-p 0000f000 08:02 3418981                    /usr/lib/jvm/java-8-openjdk/jre/lib/amd64/libdecora_sse.so
7f7fd0961000-7f7fd0a54000 r-xp 00000000 08:02 2515921                    /usr/lib/libasound.so.2.0.0
7f7fd0a54000-7f7fd0c53000 ---p 000f3000 08:02 2515921                    /usr/lib/libasound.so.2.0.0
7f7fd0c53000-7f7fd0c5a000 r--p 000f2000 08:02 2515921                    /usr/lib/libasound.so.2.0.0
7f7fd0c5a000-7f7fd0c5c000 rw-p 000f9000 08:02 2515921                    /usr/lib/libasound.so.2.0.0
7f7fd0c5c000-7f7fd0c60000 r-xp 00000000 08:02 2633623                    /usr/lib/libcanberra-0.30/libcanberra-alsa.so
7f7fd0c60000-7f7fd0e5f000 ---p 00004000 08:02 2633623                    /usr/lib/libcanberra-0.30/libcanberra-alsa.so
7f7fd0e5f000-7f7fd0e60000 r--p 00003000 08:02 2633623                    /usr/lib/libcanberra-0.30/libcanberra-alsa.so
7f7fd0e60000-7f7fd0e61000 rw-p 00004000 08:02 2633623                    /usr/lib/libcanberra-0.30/libcanberra-alsa.so
7f7fd0e61000-7f7fd0ec1000 rw-s 00000000 00:05 664338442                  /SYSV00000000 (deleted)
7f7fd1074000-7f7fd1274000 rw-p 00000000 00:00 0 
7f7fd1274000-7f7fd1277000 ---p 00000000 00:00 0 
7f7fd1277000-7f7fd1575000 rw-p 00000000 00:00 0                          [stack:8323]
7f7fd1575000-7f7fd157a000 r-xp 00000000 08:02 3419596                    /usr/lib/jvm/java-8-openjdk/jre/lib/amd64/libjavafx_font_freetype.so
7f7fd157a000-7f7fd1779000 ---p 00005000 08:02 3419596                    /usr/lib/jvm/java-8-openjdk/jre/lib/amd64/libjavafx_font_freetype.so
7f7fd1779000-7f7fd177a000 rw-p 00004000 08:02 3419596                    /usr/lib/jvm/java-8-openjdk/jre/lib/amd64/libjavafx_font_freetype.so
7f7fd177a000-7f7fd177d000 r-xp 00000000 08:02 3419595                    /usr/lib/jvm/java-8-openjdk/jre/lib/amd64/libjavafx_font.so
7f7fd177d000-7f7fd197c000 ---p 00003000 08:02 3419595                    /usr/lib/jvm/java-8-openjdk/jre/lib/amd64/libjavafx_font.so
7f7fd197c000-7f7fd197d000 rw-p 00002000 08:02 3419595                    /usr/lib/jvm/java-8-openjdk/jre/lib/amd64/libjavafx_font.so
7f7fd197d000-7f7fd1b7d000 rw-p 00000000 00:00 0 
7f7fd1b7d000-7f7fd1d7d000 rw-p 00000000 00:00 0 
7f7fd1d7d000-7f7fd1f7d000 rw-p 00000000 00:00 0 
7f7fd1f7d000-7f7fd217d000 rw-p 00000000 00:00 0 
7f7fd217d000-7f7fd2180000 ---p 00000000 00:00 0 
7f7fd2180000-7f7fd227e000 rw-p 00000000 00:00 0                          [stack:8321]
7f7fd227e000-7f7fd2281000 ---p 00000000 00:00 0 
7f7fd2281000-7f7fd237f000 rw-p 00000000 00:00 0                          [stack:8320]
7f7fd237f000-7f7fd2385000 r-xp 00000000 08:02 2515928                    /usr/lib/libogg.so.0.8.2
7f7fd2385000-7f7fd2584000 ---p 00006000 08:02 2515928                    /usr/lib/libogg.so.0.8.2
7f7fd2584000-7f7fd2585000 r--p 00005000 08:02 2515928                    /usr/lib/libogg.so.0.8.2
7f7fd2585000-7f7fd2586000 rw-p 00006000 08:02 2515928                    /usr/lib/libogg.so.0.8.2
7f7fd2586000-7f7fd25b1000 r-xp 00000000 08:02 2515946                    /usr/lib/libvorbis.so.0.4.8
7f7fd25b1000-7f7fd27b1000 ---p 0002b000 08:02 2515946                    /usr/lib/libvorbis.so.0.4.8
7f7fd27b1000-7f7fd27b2000 r--p 0002b000 08:02 2515946                    /usr/lib/libvorbis.so.0.4.8
7f7fd27b2000-7f7fd27b3000 rw-p 0002c000 08:02 2515946                    /usr/lib/libvorbis.so.0.4.8
7f7fd27b3000-7f7fd27bc000 r-xp 00000000 08:02 2511041                    /usr/lib/libltdl.so.7.3.1
7f7fd27bc000-7f7fd29bb000 ---p 00009000 08:02 2511041                    /usr/lib/libltdl.so.7.3.1
7f7fd29bb000-7f7fd29bc000 r--p 00008000 08:02 2511041                    /usr/lib/libltdl.so.7.3.1
7f7fd29bc000-7f7fd29bd000 rw-p 00009000 08:02 2511041                    /usr/lib/libltdl.so.7.3.1
7f7fd29bd000-7f7fd29d1000 r-xp 00000000 08:02 2522771                    /usr/lib/libtdb.so.1.3.6
7f7fd29d1000-7f7fd2bd0000 ---p 00014000 08:02 2522771                    /usr/lib/libtdb.so.1.3.6
7f7fd2bd0000-7f7fd2bd1000 r--p 00013000 08:02 2522771                    /usr/lib/libtdb.so.1.3.6
7f7fd2bd1000-7f7fd2bd2000 rw-p 00014000 08:02 2522771                    /usr/lib/libtdb.so.1.3.6
7f7fd2bd2000-7f7fd2bda000 r-xp 00000000 08:02 2515950                    /usr/lib/libvorbisfile.so.3.3.7
7f7fd2bda000-7f7fd2dd9000 ---p 00008000 08:02 2515950                    /usr/lib/libvorbisfile.so.3.3.7
7f7fd2dd9000-7f7fd2dda000 r--p 00007000 08:02 2515950                    /usr/lib/libvorbisfile.so.3.3.7
7f7fd2dda000-7f7fd2ddb000 rw-p 00008000 08:02 2515950                    /usr/lib/libvorbisfile.so.3.3.7
7f7fd2ddb000-7f7fd2dec000 r-xp 00000000 08:02 2528314                    /usr/lib/libcanberra.so.0.2.5
7f7fd2dec000-7f7fd2feb000 ---p 00011000 08:02 2528314                    /usr/lib/libcanberra.so.0.2.5
7f7fd2feb000-7f7fd2fec000 r--p 00010000 08:02 2528314                    /usr/lib/libcanberra.so.0.2.5
7f7fd2fec000-7f7fd2fed000 rw-p 00011000 08:02 2528314                    /usr/lib/libcanberra.so.0.2.5
7f7fd2fed000-7f7fd2ff1000 r-xp 00000000 08:02 2528316                    /usr/lib/libcanberra-gtk.so.0.1.9
7f7fd2ff1000-7f7fd31f0000 ---p 00004000 08:02 2528316                    /usr/lib/libcanberra-gtk.so.0.1.9
7f7fd31f0000-7f7fd31f1000 r--p 00003000 08:02 2528316                    /usr/lib/libcanberra-gtk.so.0.1.9
7f7fd31f1000-7f7fd31f2000 rw-p 00004000 08:02 2528316                    /usr/lib/libcanberra-gtk.so.0.1.9
7f7fd31f2000-7f7fd31f7000 r-xp 00000000 08:02 2633626                    /usr/lib/gtk-2.0/modules/libcanberra-gtk-module.so
7f7fd31f7000-7f7fd33f6000 ---p 00005000 08:02 2633626                    /usr/lib/gtk-2.0/modules/libcanberra-gtk-module.so
7f7fd33f6000-7f7fd33f7000 r--p 00004000 08:02 2633626                    /usr/lib/gtk-2.0/modules/libcanberra-gtk-module.so
7f7fd33f7000-7f7fd33f8000 rw-p 00005000 08:02 2633626                    /usr/lib/gtk-2.0/modules/libcanberra-gtk-module.so
7f7fd33f8000-7f7fd3420000 r-xp 00000000 08:02 3419558                    /usr/lib/jvm/java-8-openjdk/jre/lib/amd64/libglass.so
7f7fd3420000-7f7fd361f000 ---p 00028000 08:02 3419558                    /usr/lib/jvm/java-8-openjdk/jre/lib/amd64/libglass.so
7f7fd361f000-7f7fd3622000 rw-p 00027000 08:02 3419558                    /usr/lib/jvm/java-8-openjdk/jre/lib/amd64/libglass.so
7f7fd3622000-7f7fd3631000 r-xp 00000000 08:02 3419603                    /usr/lib/jvm/java-8-openjdk/jre/lib/amd64/libprism_sw.so
7f7fd3631000-7f7fd3831000 ---p 0000f000 08:02 3419603                    /usr/lib/jvm/java-8-openjdk/jre/lib/amd64/libprism_sw.so
7f7fd3831000-7f7fd3832000 rw-p 0000f000 08:02 3419603                    /usr/lib/jvm/java-8-openjdk/jre/lib/amd64/libprism_sw.so
7f7fd3832000-7f7fd3836000 r-xp 00000000 08:02 2515166                    /usr/lib/libtxc_dxtn.so
7f7fd3836000-7f7fd3a35000 ---p 00004000 08:02 2515166                    /usr/lib/libtxc_dxtn.so
7f7fd3a35000-7f7fd3a36000 r--p 00003000 08:02 2515166                    /usr/lib/libtxc_dxtn.so
7f7fd3a36000-7f7fd3a37000 rw-p 00004000 08:02 2515166                    /usr/lib/libtxc_dxtn.so
7f7fd3a37000-7f7fd3a38000 ---p 00000000 00:00 0 
7f7fd3a38000-7f7fd4238000 rw-p 00000000 00:00 0                          [stack:8318]
7f7fd4238000-7f7fd4239000 ---p 00000000 00:00 0 
7f7fd4239000-7f7fd4a39000 rw-p 00000000 00:00 0                          [stack:8317]
7f7fd4a39000-7f7fd4a3a000 ---p 00000000 00:00 0 
7f7fd4a3a000-7f7fd523a000 rw-p 00000000 00:00 0                          [stack:8316]
7f7fd523a000-7f7fd523b000 ---p 00000000 00:00 0 
7f7fd523b000-7f7fd5a3b000 rw-p 00000000 00:00 0                          [stack:8315]
7f7fd5a3b000-7f7fd5a3c000 ---p 00000000 00:00 0 
7f7fd5a3c000-7f7fd623c000 rw-p 00000000 00:00 0                          [stack:8314]
7f7fd623c000-7f7fd623d000 ---p 00000000 00:00 0 
7f7fd623d000-7f7fd6a3d000 rw-p 00000000 00:00 0                          [stack:8313]
7f7fd6a3d000-7f7fd6a3e000 ---p 00000000 00:00 0 
7f7fd6a3e000-7f7fd723e000 rw-p 00000000 00:00 0                          [stack:8312]
7f7fd723e000-7f7fd723f000 ---p 00000000 00:00 0 
7f7fd723f000-7f7fd7a3f000 rw-p 00000000 00:00 0                          [stack:8311]
7f7fd7a3f000-7f7fd7a9e000 r-xp 00000000 08:02 2493972                    /usr/lib/libncursesw.so.5.9
7f7fd7a9e000-7f7fd7c9e000 ---p 0005f000 08:02 2493972                    /usr/lib/libncursesw.so.5.9
7f7fd7c9e000-7f7fd7ca2000 r--p 0005f000 08:02 2493972                    /usr/lib/libncursesw.so.5.9
7f7fd7ca2000-7f7fd7ca4000 rw-p 00063000 08:02 2493972                    /usr/lib/libncursesw.so.5.9
7f7fd7ca4000-7f7fd7cda000 r-xp 00000000 08:02 2515194                    /usr/lib/libedit.so.0.0.53
7f7fd7cda000-7f7fd7eda000 ---p 00036000 08:02 2515194                    /usr/lib/libedit.so.0.0.53
7f7fd7eda000-7f7fd7edc000 r--p 00036000 08:02 2515194                    /usr/lib/libedit.so.0.0.53
7f7fd7edc000-7f7fd7edd000 rw-p 00038000 08:02 2515194                    /usr/lib/libedit.so.0.0.53
7f7fd7edd000-7f7fd7ee1000 rw-p 00000000 00:00 0 
7f7fd7ee1000-7f7fd9c24000 r-xp 00000000 08:02 2515198                    /usr/lib/libLLVM-3.6.so
7f7fd9c24000-7f7fd9e23000 ---p 01d43000 08:02 2515198                    /usr/lib/libLLVM-3.6.so
7f7fd9e23000-7f7fda038000 r--p 01d42000 08:02 2515198                    /usr/lib/libLLVM-3.6.so
7f7fda038000-7f7fda052000 rw-p 01f57000 08:02 2515198                    /usr/lib/libLLVM-3.6.so
7f7fda052000-7f7fda067000 rw-p 00000000 00:00 0 
7f7fda067000-7f7fda07c000 r-xp 00000000 08:02 2515097                    /usr/lib/libelf-0.163.so
7f7fda07c000-7f7fda27b000 ---p 00015000 08:02 2515097                    /usr/lib/libelf-0.163.so
7f7fda27b000-7f7fda27c000 r--p 00014000 08:02 2515097                    /usr/lib/libelf-0.163.so
7f7fda27c000-7f7fda27d000 rw-p 00015000 08:02 2515097                    /usr/lib/libelf-0.163.so
7f7fda27d000-7f7fda288000 r-xp 00000000 08:02 2511303                    /usr/lib/libdrm_radeon.so.1.0.1
7f7fda288000-7f7fda487000 ---p 0000b000 08:02 2511303                    /usr/lib/libdrm_radeon.so.1.0.1
7f7fda487000-7f7fda488000 r--p 0000a000 08:02 2511303                    /usr/lib/libdrm_radeon.so.1.0.1
7f7fda488000-7f7fda489000 rw-p 0000b000 08:02 2511303                    /usr/lib/libdrm_radeon.so.1.0.1
7f7fda489000-7f7fda48f000 r-xp 00000000 08:02 2511302                    /usr/lib/libdrm_nouveau.so.2.0.0
7f7fda48f000-7f7fda68e000 ---p 00006000 08:02 2511302                    /usr/lib/libdrm_nouveau.so.2.0.0
7f7fda68e000-7f7fda68f000 r--p 00005000 08:02 2511302                    /usr/lib/libdrm_nouveau.so.2.0.0
7f7fda68f000-7f7fda690000 rw-p 00006000 08:02 2511302                    /usr/lib/libdrm_nouveau.so.2.0.0
7f7fda690000-7f7fdae2b000 r-xp 00000000 08:02 3018262                    /usr/lib/xorg/modules/dri/swrast_dri.so
7f7fdae2b000-7f7fdb02b000 ---p 0079b000 08:02 3018262                    /usr/lib/xorg/modules/dri/swrast_dri.so
7f7fdb02b000-7f7fdb081000 r--p 0079b000 08:02 3018262                    /usr/lib/xorg/modules/dri/swrast_dri.so
7f7fdb081000-7f7fdb08a000 rw-p 007f1000 08:02 3018262                    /usr/lib/xorg/modules/dri/swrast_dri.so
7f7fdb08a000-7f7fdb26f000 rw-p 00000000 00:00 0 
7f7fdb26f000-7f7fdb274000 r-xp 00000000 08:02 2511229                    /usr/lib/libXdmcp.so.6.0.0
7f7fdb274000-7f7fdb473000 ---p 00005000 08:02 2511229                    /usr/lib/libXdmcp.so.6.0.0
7f7fdb473000-7f7fdb474000 r--p 00004000 08:02 2511229                    /usr/lib/libXdmcp.so.6.0.0
7f7fdb474000-7f7fdb475000 rw-p 00005000 08:02 2511229                    /usr/lib/libXdmcp.so.6.0.0
7f7fdb475000-7f7fdb477000 r-xp 00000000 08:02 2511317                    /usr/lib/libXau.so.6.0.0
7f7fdb477000-7f7fdb677000 ---p 00002000 08:02 2511317                    /usr/lib/libXau.so.6.0.0
7f7fdb677000-7f7fdb678000 r--p 00002000 08:02 2511317                    /usr/lib/libXau.so.6.0.0
7f7fdb678000-7f7fdb679000 rw-p 00003000 08:02 2511317                    /usr/lib/libXau.so.6.0.0
7f7fdb679000-7f7fdb688000 r-xp 00000000 08:02 2514872                    /usr/lib/libwayland-server.so.0.1.0
7f7fdb688000-7f7fdb888000 ---p 0000f000 08:02 2514872                    /usr/lib/libwayland-server.so.0.1.0
7f7fdb888000-7f7fdb88a000 r--p 0000f000 08:02 2514872                    /usr/lib/libwayland-server.so.0.1.0
7f7fdb88a000-7f7fdb88b000 rw-p 00011000 08:02 2514872                    /usr/lib/libwayland-server.so.0.1.0
7f7fdb88b000-7f7fdb897000 r-xp 00000000 08:02 2514873                    /usr/lib/libwayland-client.so.0.3.0
7f7fdb897000-7f7fdba96000 ---p 0000c000 08:02 2514873                    /usr/lib/libwayland-client.so.0.3.0
7f7fdba96000-7f7fdba98000 r--p 0000b000 08:02 2514873                    /usr/lib/libwayland-client.so.0.3.0
7f7fdba98000-7f7fdba99000 rw-p 0000d000 08:02 2514873                    /usr/lib/libwayland-client.so.0.3.0
7f7fdba99000-7f7fdbaa5000 r-xp 00000000 08:02 2515217                    /usr/lib/libgbm.so.1.0.0
7f7fdbaa5000-7f7fdbca5000 ---p 0000c000 08:02 2515217                    /usr/lib/libgbm.so.1.0.0
7f7fdbca5000-7f7fdbca6000 r--p 0000c000 08:02 2515217                    /usr/lib/libgbm.so.1.0.0
7f7fdbca6000-7f7fdbca7000 rw-p 0000d000 08:02 2515217                    /usr/lib/libgbm.so.1.0.0
7f7fdbca7000-7f7fdbcd2000 r-xp 00000000 08:02 2511252                    /usr/lib/libgraphite2.so.3.0.1
7f7fdbcd2000-7f7fdbed2000 ---p 0002b000 08:02 2511252                    /usr/lib/libgraphite2.so.3.0.1
7f7fdbed2000-7f7fdbed4000 r--p 0002b000 08:02 2511252                    /usr/lib/libgraphite2.so.3.0.1
7f7fdbed4000-7f7fdbed5000 rw-p 0002d000 08:02 2511252                    /usr/lib/libgraphite2.so.3.0.1
7f7fdbed5000-7f7fdbee2000 r-xp 00000000 08:02 2511299                    /usr/lib/libdrm.so.2.4.0
7f7fdbee2000-7f7fdc0e1000 ---p 0000d000 08:02 2511299                    /usr/lib/libdrm.so.2.4.0
7f7fdc0e1000-7f7fdc0e2000 r--p 0000c000 08:02 2511299                    /usr/lib/libdrm.so.2.4.0
7f7fdc0e2000-7f7fdc0e3000 rw-p 0000d000 08:02 2511299                    /usr/lib/libdrm.so.2.4.0
7f7fdc0e3000-7f7fdc0e4000 r-xp 00000000 08:02 2514863                    /usr/lib/libxshmfence.so.1.0.0
7f7fdc0e4000-7f7fdc2e4000 ---p 00001000 08:02 2514863                    /usr/lib/libxshmfence.so.1.0.0
7f7fdc2e4000-7f7fdc2e5000 r--p 00001000 08:02 2514863                    /usr/lib/libxshmfence.so.1.0.0
7f7fdc2e5000-7f7fdc2e6000 rw-p 00002000 08:02 2514863                    /usr/lib/libxshmfence.so.1.0.0
7f7fdc2e6000-7f7fdc2eb000 r-xp 00000000 08:02 2513672                    /usr/lib/libxcb-sync.so.1.0.0
7f7fdc2eb000-7f7fdc4eb000 ---p 00005000 08:02 2513672                    /usr/lib/libxcb-sync.so.1.0.0
7f7fdc4eb000-7f7fdc4ec000 r--p 00005000 08:02 2513672                    /usr/lib/libxcb-sync.so.1.0.0
7f7fdc4ec000-7f7fdc4ed000 rw-p 00006000 08:02 2513672                    /usr/lib/libxcb-sync.so.1.0.0
7f7fdc4ed000-7f7fdc4f0000 r-xp 00000000 08:02 2513641                    /usr/lib/libxcb-shape.so.0.0.0
7f7fdc4f0000-7f7fdc6ef000 ---p 00003000 08:02 2513641                    /usr/lib/libxcb-shape.so.0.0.0
7f7fdc6ef000-7f7fdc6f0000 r--p 00002000 08:02 2513641                    /usr/lib/libxcb-shape.so.0.0.0
7f7fdc6f0000-7f7fdc6f1000 rw-p 00003000 08:02 2513641                    /usr/lib/libxcb-shape.so.0.0.0
7f7fdc6f1000-7f7fdc6f7000 r-xp 00000000 08:02 2513623                    /usr/lib/libxcb-xfixes.so.0.0.0
7f7fdc6f7000-7f7fdc8f7000 ---p 00006000 08:02 2513623                    /usr/lib/libxcb-xfixes.so.0.0.0
7f7fdc8f7000-7f7fdc8f8000 r--p 00006000 08:02 2513623                    /usr/lib/libxcb-xfixes.so.0.0.0
7f7fdc8f8000-7f7fdc8f9000 rw-p 00007000 08:02 2513623                    /usr/lib/libxcb-xfixes.so.0.0.0
7f7fdc8f9000-7f7fdc906000 r-xp 00000000 08:02 2513680                    /usr/lib/libxcb-randr.so.0.1.0
7f7fdc906000-7f7fdcb05000 ---p 0000d000 08:02 2513680                    /usr/lib/libxcb-randr.so.0.1.0
7f7fdcb05000-7f7fdcb06000 r--p 0000c000 08:02 2513680                    /usr/lib/libxcb-randr.so.0.1.0
7f7fdcb06000-7f7fdcb07000 rw-p 0000d000 08:02 2513680                    /usr/lib/libxcb-randr.so.0.1.0
7f7fdcb07000-7f7fdcb09000 r-xp 00000000 08:02 2513659                    /usr/lib/libxcb-present.so.0.0.0
7f7fdcb09000-7f7fdcd08000 ---p 00002000 08:02 2513659                    /usr/lib/libxcb-present.so.0.0.0
7f7fdcd08000-7f7fdcd09000 r--p 00001000 08:02 2513659                    /usr/lib/libxcb-present.so.0.0.0
7f7fdcd09000-7f7fdcd0a000 rw-p 00002000 08:02 2513659                    /usr/lib/libxcb-present.so.0.0.0
7f7fdcd0a000-7f7fdcd0c000 r-xp 00000000 08:02 2513631                    /usr/lib/libxcb-dri3.so.0.0.0
7f7fdcd0c000-7f7fdcf0b000 ---p 00002000 08:02 2513631                    /usr/lib/libxcb-dri3.so.0.0.0
7f7fdcf0b000-7f7fdcf0c000 r--p 00001000 08:02 2513631                    /usr/lib/libxcb-dri3.so.0.0.0
7f7fdcf0c000-7f7fdcf0d000 rw-p 00002000 08:02 2513631                    /usr/lib/libxcb-dri3.so.0.0.0
7f7fdcf0d000-7f7fdcf11000 r-xp 00000000 08:02 2513656                    /usr/lib/libxcb-dri2.so.0.0.0
7f7fdcf11000-7f7fdd110000 ---p 00004000 08:02 2513656                    /usr/lib/libxcb-dri2.so.0.0.0
7f7fdd110000-7f7fdd111000 r--p 00003000 08:02 2513656                    /usr/lib/libxcb-dri2.so.0.0.0
7f7fdd111000-7f7fdd112000 rw-p 00004000 08:02 2513656                    /usr/lib/libxcb-dri2.so.0.0.0
7f7fdd112000-7f7fdd129000 r-xp 00000000 08:02 2513630                    /usr/lib/libxcb-glx.so.0.0.0
7f7fdd129000-7f7fdd329000 ---p 00017000 08:02 2513630                    /usr/lib/libxcb-glx.so.0.0.0
7f7fdd329000-7f7fdd32b000 r--p 00017000 08:02 2513630                    /usr/lib/libxcb-glx.so.0.0.0
7f7fdd32b000-7f7fdd32c000 rw-p 00019000 08:02 2513630                    /usr/lib/libxcb-glx.so.0.0.0
7f7fdd32c000-7f7fdd32d000 r-xp 00000000 08:02 2513726                    /usr/lib/libX11-xcb.so.1.0.0
7f7fdd32d000-7f7fdd52c000 ---p 00001000 08:02 2513726                    /usr/lib/libX11-xcb.so.1.0.0
7f7fdd52c000-7f7fdd52d000 r--p 00000000 08:02 2513726                    /usr/lib/libX11-xcb.so.1.0.0
7f7fdd52d000-7f7fdd52e000 rw-p 00001000 08:02 2513726                    /usr/lib/libX11-xcb.so.1.0.0
7f7fdd52e000-7f7fdd556000 r-xp 00000000 08:02 2515218                    /usr/lib/libglapi.so.0.0.0
7f7fdd556000-7f7fdd756000 ---p 00028000 08:02 2515218                    /usr/lib/libglapi.so.0.0.0
7f7fdd756000-7f7fdd75a000 r--p 00028000 08:02 2515218                    /usr/lib/libglapi.so.0.0.0
7f7fdd75a000-7f7fdd75b000 rw-p 0002c000 08:02 2515218                    /usr/lib/libglapi.so.0.0.0
7f7fdd75b000-7f7fdd75c000 rw-p 00000000 00:00 0 
7f7fdd75c000-7f7fdd76b000 r-xp 00000000 08:02 2496645                    /usr/lib/libbz2.so.1.0.6
7f7fdd76b000-7f7fdd96a000 ---p 0000f000 08:02 2496645                    /usr/lib/libbz2.so.1.0.6
7f7fdd96a000-7f7fdd96c000 rw-p 0000e000 08:02 2496645                    /usr/lib/libbz2.so.1.0.6
7f7fdd96c000-7f7fdd993000 r-xp 00000000 08:02 2500511                    /usr/lib/libexpat.so.1.6.0
7f7fdd993000-7f7fddb92000 ---p 00027000 08:02 2500511                    /usr/lib/libexpat.so.1.6.0
7f7fddb92000-7f7fddb95000 r--p 00026000 08:02 2500511                    /usr/lib/libexpat.so.1.6.0
7f7fddb95000-7f7fddb96000 rw-p 00029000 08:02 2500511                    /usr/lib/libexpat.so.1.6.0
7f7fddb96000-7f7fddbaa000 r-xp 00000000 08:02 2493158                    /usr/lib/libresolv-2.22.so
7f7fddbaa000-7f7fddda9000 ---p 00014000 08:02 2493158                    /usr/lib/libresolv-2.22.so
7f7fddda9000-7f7fdddaa000 r--p 00013000 08:02 2493158                    /usr/lib/libresolv-2.22.so
7f7fdddaa000-7f7fdddab000 rw-p 00014000 08:02 2493158                    /usr/lib/libresolv-2.22.so
7f7fdddab000-7f7fdddad000 rw-p 00000000 00:00 0 
7f7fdddad000-7f7fdde1b000 r-xp 00000000 08:02 2501596                    /usr/lib/libpcre.so.1.2.5
7f7fdde1b000-7f7fde01b000 ---p 0006e000 08:02 2501596                    /usr/lib/libpcre.so.1.2.5
7f7fde01b000-7f7fde01c000 r--p 0006e000 08:02 2501596                    /usr/lib/libpcre.so.1.2.5
7f7fde01c000-7f7fde01d000 rw-p 0006f000 08:02 2501596                    /usr/lib/libpcre.so.1.2.5
7f7fde01d000-7f7fde025000 r-xp 00000000 08:02 2503287                    /usr/lib/libffi.so.6.0.4
7f7fde025000-7f7fde224000 ---p 00008000 08:02 2503287                    /usr/lib/libffi.so.6.0.4
7f7fde224000-7f7fde225000 r--p 00007000 08:02 2503287                    /usr/lib/libffi.so.6.0.4
7f7fde225000-7f7fde226000 rw-p 00008000 08:02 2503287                    /usr/lib/libffi.so.6.0.4
7f7fde226000-7f7fde247000 r-xp 00000000 08:02 2513644                    /usr/lib/libxcb.so.1.1.0
7f7fde247000-7f7fde446000 ---p 00021000 08:02 2513644                    /usr/lib/libxcb.so.1.1.0
7f7fde446000-7f7fde447000 r--p 00020000 08:02 2513644                    /usr/lib/libxcb.so.1.1.0
7f7fde447000-7f7fde448000 rw-p 00021000 08:02 2513644                    /usr/lib/libxcb.so.1.1.0
7f7fde448000-7f7fde451000 r-xp 00000000 08:02 2513626                    /usr/lib/libxcb-render.so.0.0.0
7f7fde451000-7f7fde650000 ---p 00009000 08:02 2513626                    /usr/lib/libxcb-render.so.0.0.0
7f7fde650000-7f7fde651000 r--p 00008000 08:02 2513626                    /usr/lib/libxcb-render.so.0.0.0
7f7fde651000-7f7fde652000 rw-p 00009000 08:02 2513626                    /usr/lib/libxcb-render.so.0.0.0
7f7fde652000-7f7fde654000 r-xp 00000000 08:02 2513653                    /usr/lib/libxcb-shm.so.0.0.0
7f7fde654000-7f7fde854000 ---p 00002000 08:02 2513653                    /usr/lib/libxcb-shm.so.0.0.0
7f7fde854000-7f7fde855000 r--p 00002000 08:02 2513653                    /usr/lib/libxcb-shm.so.0.0.0
7f7fde855000-7f7fde856000 rw-p 00003000 08:02 2513653                    /usr/lib/libxcb-shm.so.0.0.0
7f7fde856000-7f7fde88a000 r-xp 00000000 08:02 2511236                    /usr/lib/libpng16.so.16.18.0
7f7fde88a000-7f7fdea89000 ---p 00034000 08:02 2511236                    /usr/lib/libpng16.so.16.18.0
7f7fdea89000-7f7fdea8a000 r--p 00033000 08:02 2511236                    /usr/lib/libpng16.so.16.18.0
7f7fdea8a000-7f7fdea8b000 rw-p 00034000 08:02 2511236                    /usr/lib/libpng16.so.16.18.0
7f7fdea8b000-7f7fdeab0000 r-xp 00000000 08:02 3018254                    /usr/lib/mesa/libEGL.so.1.0.0
7f7fdeab0000-7f7fdecb0000 ---p 00025000 08:02 3018254                    /usr/lib/mesa/libEGL.so.1.0.0
7f7fdecb0000-7f7fdecb1000 r--p 00025000 08:02 3018254                    /usr/lib/mesa/libEGL.so.1.0.0
7f7fdecb1000-7f7fdecb2000 rw-p 00026000 08:02 3018254                    /usr/lib/mesa/libEGL.so.1.0.0
7f7fdecb2000-7f7fded57000 r-xp 00000000 08:02 2511314                    /usr/lib/libpixman-1.so.0.32.6
7f7fded57000-7f7fdef56000 ---p 000a5000 08:02 2511314                    /usr/lib/libpixman-1.so.0.32.6
7f7fdef56000-7f7fdef5e000 r--p 000a4000 08:02 2511314                    /usr/lib/libpixman-1.so.0.32.6
7f7fdef5e000-7f7fdef5f000 rw-p 000ac000 08:02 2511314                    /usr/lib/libpixman-1.so.0.32.6
7f7fdef5f000-7f7fdefbc000 r-xp 00000000 08:02 2511263                    /usr/lib/libharfbuzz.so.0.10000.1
7f7fdefbc000-7f7fdf1bc000 ---p 0005d000 08:02 2511263                    /usr/lib/libharfbuzz.so.0.10000.1
7f7fdf1bc000-7f7fdf1bd000 r--p 0005d000 08:02 2511263                    /usr/lib/libharfbuzz.so.0.10000.1
7f7fdf1bd000-7f7fdf1be000 rw-p 0005e000 08:02 2511263                    /usr/lib/libharfbuzz.so.0.10000.1
7f7fdf1be000-7f7fdf1cf000 r-xp 00000000 08:02 2515043                    /usr/lib/libXext.so.6.4.0
7f7fdf1cf000-7f7fdf3ce000 ---p 00011000 08:02 2515043                    /usr/lib/libXext.so.6.4.0
7f7fdf3ce000-7f7fdf3cf000 r--p 00010000 08:02 2515043                    /usr/lib/libXext.so.6.4.0
7f7fdf3cf000-7f7fdf3d0000 rw-p 00011000 08:02 2515043                    /usr/lib/libXext.so.6.4.0
7f7fdf3d0000-7f7fdf3d2000 r-xp 00000000 08:02 2515083                    /usr/lib/libXdamage.so.1.1.0
7f7fdf3d2000-7f7fdf5d1000 ---p 00002000 08:02 2515083                    /usr/lib/libXdamage.so.1.1.0
7f7fdf5d1000-7f7fdf5d2000 r--p 00001000 08:02 2515083                    /usr/lib/libXdamage.so.1.1.0
7f7fdf5d2000-7f7fdf5d3000 rw-p 00002000 08:02 2515083                    /usr/lib/libXdamage.so.1.1.0
7f7fdf5d3000-7f7fdf5d5000 r-xp 00000000 08:02 2515795                    /usr/lib/libXcomposite.so.1.0.0
7f7fdf5d5000-7f7fdf7d4000 ---p 00002000 08:02 2515795                    /usr/lib/libXcomposite.so.1.0.0
7f7fdf7d4000-7f7fdf7d5000 r--p 00001000 08:02 2515795                    /usr/lib/libXcomposite.so.1.0.0
7f7fdf7d5000-7f7fdf7d6000 rw-p 00002000 08:02 2515795                    /usr/lib/libXcomposite.so.1.0.0
7f7fdf7d6000-7f7fdf7e0000 r-xp 00000000 08:02 2515730                    /usr/lib/libXcursor.so.1.0.2
7f7fdf7e0000-7f7fdf9df000 ---p 0000a000 08:02 2515730                    /usr/lib/libXcursor.so.1.0.2
7f7fdf9df000-7f7fdf9e0000 r--p 00009000 08:02 2515730                    /usr/lib/libXcursor.so.1.0.2
7f7fdf9e0000-7f7fdf9e1000 rw-p 0000a000 08:02 2515730                    /usr/lib/libXcursor.so.1.0.2
7f7fdf9e1000-7f7fdf9eb000 r-xp 00000000 08:02 2515665                    /usr/lib/libXrandr.so.2.2.0
7f7fdf9eb000-7f7fdfbea000 ---p 0000a000 08:02 2515665                    /usr/lib/libXrandr.so.2.2.0
7f7fdfbea000-7f7fdfbeb000 r--p 00009000 08:02 2515665                    /usr/lib/libXrandr.so.2.2.0
7f7fdfbeb000-7f7fdfbec000 rw-p 0000a000 08:02 2515665                    /usr/lib/libXrandr.so.2.2.0
7f7fdfbec000-7f7fdfbfb000 r-xp 00000000 08:02 2515640                    /usr/lib/libXi.so.6.1.0
7f7fdfbfb000-7f7fdfdfb000 ---p 0000f000 08:02 2515640                    /usr/lib/libXi.so.6.1.0
7f7fdfdfb000-7f7fdfdfc000 r--p 0000f000 08:02 2515640                    /usr/lib/libXi.so.6.1.0
7f7fdfdfc000-7f7fdfdfd000 rw-p 00010000 08:02 2515640                    /usr/lib/libXi.so.6.1.0
7f7fdfdfd000-7f7fdfdff000 r-xp 00000000 08:02 2515670                    /usr/lib/libXinerama.so.1.0.0
7f7fdfdff000-7f7fdfffe000 ---p 00002000 08:02 2515670                    /usr/lib/libXinerama.so.1.0.0
7f7fdfffe000-7f7fdffff000 r--p 00001000 08:02 2515670                    /usr/lib/libXinerama.so.1.0.0
7f7fdffff000-7f7fe0000000 rw-p 00002000 08:02 2515670                    /usr/lib/libXinerama.so.1.0.0
7f7fe0000000-7f7fe03e3000 rw-p 00000000 00:00 0 
7f7fe03e3000-7f7fe4000000 ---p 00000000 00:00 0 
7f7fe4020000-7f7fe40bb000 r--p 00000000 08:02 3017467                    /usr/share/fonts/TTF/DejaVuSans-Oblique.ttf
7f7fe40bb000-7f7fe40be000 ---p 00000000 00:00 0 
7f7fe40be000-7f7fe41bc000 rw-p 00000000 00:00 0                          [stack:8319]
7f7fe41bc000-7f7fe41c5000 r-xp 00000000 08:02 2515644                    /usr/lib/libXrender.so.1.3.0
7f7fe41c5000-7f7fe43c4000 ---p 00009000 08:02 2515644                    /usr/lib/libXrender.so.1.3.0
7f7fe43c4000-7f7fe43c5000 r--p 00008000 08:02 2515644                    /usr/lib/libXrender.so.1.3.0
7f7fe43c5000-7f7fe43c6000 rw-p 00009000 08:02 2515644                    /usr/lib/libXrender.so.1.3.0
7f7fe43c6000-7f7fe43cb000 r-xp 00000000 08:02 2515077                    /usr/lib/libXfixes.so.3.1.0
7f7fe43cb000-7f7fe45ca000 ---p 00005000 08:02 2515077                    /usr/lib/libXfixes.so.3.1.0
7f7fe45ca000-7f7fe45cb000 r--p 00004000 08:02 2515077                    /usr/lib/libXfixes.so.3.1.0
7f7fe45cb000-7f7fe45cc000 rw-p 00005000 08:02 2515077                    /usr/lib/libXfixes.so.3.1.0
7f7fe45cc000-7f7fe45cf000 r-xp 00000000 08:02 2503358                    /usr/lib/libgmodule-2.0.so.0.4400.1
7f7fe45cf000-7f7fe47ce000 ---p 00003000 08:02 2503358                    /usr/lib/libgmodule-2.0.so.0.4400.1
7f7fe47ce000-7f7fe47cf000 r--p 00002000 08:02 2503358                    /usr/lib/libgmodule-2.0.so.0.4400.1
7f7fe47cf000-7f7fe47d0000 rw-p 00003000 08:02 2503358                    /usr/lib/libgmodule-2.0.so.0.4400.1
7f7fe47d0000-7f7fe47e6000 r-xp 00000000 08:02 2493914                    /usr/lib/libgcc_s.so.1
7f7fe47e6000-7f7fe49e5000 ---p 00016000 08:02 2493914                    /usr/lib/libgcc_s.so.1
7f7fe49e5000-7f7fe49e6000 rw-p 00015000 08:02 2493914                    /usr/lib/libgcc_s.so.1
7f7fe49e6000-7f7fe4b58000 r-xp 00000000 08:02 2493928                    /usr/lib/libstdc++.so.6.0.21
7f7fe4b58000-7f7fe4d58000 ---p 00172000 08:02 2493928                    /usr/lib/libstdc++.so.6.0.21
7f7fe4d58000-7f7fe4d62000 r--p 00172000 08:02 2493928                    /usr/lib/libstdc++.so.6.0.21
7f7fe4d62000-7f7fe4d64000 rw-p 0017c000 08:02 2493928                    /usr/lib/libstdc++.so.6.0.21
7f7fe4d64000-7f7fe4d68000 rw-p 00000000 00:00 0 
7f7fe4d68000-7f7fe4dfc000 r-xp 00000000 08:02 3018253                    /usr/lib/mesa/libGL.so.1.2.0
7f7fe4dfc000-7f7fe4ffb000 ---p 00094000 08:02 3018253                    /usr/lib/mesa/libGL.so.1.2.0
7f7fe4ffb000-7f7fe4ffe000 r--p 00093000 08:02 3018253                    /usr/lib/mesa/libGL.so.1.2.0
7f7fe4ffe000-7f7fe4fff000 rw-p 00096000 08:02 3018253                    /usr/lib/mesa/libGL.so.1.2.0
7f7fe4fff000-7f7fe5000000 rw-p 00000000 00:00 0 
7f7fe5000000-7f7fe5005000 r-xp 00000000 08:02 2515072                    /usr/lib/libXxf86vm.so.1.0.0
7f7fe5005000-7f7fe5204000 ---p 00005000 08:02 2515072                    /usr/lib/libXxf86vm.so.1.0.0
7f7fe5204000-7f7fe5205000 r--p 00004000 08:02 2515072                    /usr/lib/libXxf86vm.so.1.0.0
7f7fe5205000-7f7fe5206000 rw-p 00005000 08:02 2515072                    /usr/lib/libXxf86vm.so.1.0.0
7f7fe5206000-7f7fe5341000 r-xp 00000000 08:02 2513725                    /usr/lib/libX11.so.6.3.0
7f7fe5341000-7f7fe5540000 ---p 0013b000 08:02 2513725                    /usr/lib/libX11.so.6.3.0
7f7fe5540000-7f7fe5542000 r--p 0013a000 08:02 2513725                    /usr/lib/libX11.so.6.3.0
7f7fe5542000-7f7fe5547000 rw-p 0013c000 08:02 2513725                    /usr/lib/libX11.so.6.3.0
7f7fe5547000-7f7fe5548000 rw-p 00000000 00:00 0 
7f7fe5548000-7f7fe554d000 r-xp 00000000 08:02 2515754                    /usr/lib/libXtst.so.6.1.0
7f7fe554d000-7f7fe574c000 ---p 00005000 08:02 2515754                    /usr/lib/libXtst.so.6.1.0
7f7fe574c000-7f7fe574d000 r--p 00004000 08:02 2515754                    /usr/lib/libXtst.so.6.1.0
7f7fe574d000-7f7fe574e000 rw-p 00005000 08:02 2515754                    /usr/lib/libXtst.so.6.1.0
7f7fe574e000-7f7fe585a000 r-xp 00000000 08:02 2503357                    /usr/lib/libglib-2.0.so.0.4400.1
7f7fe585a000-7f7fe5a59000 ---p 0010c000 08:02 2503357                    /usr/lib/libglib-2.0.so.0.4400.1
7f7fe5a59000-7f7fe5a5a000 r--p 0010b000 08:02 2503357                    /usr/lib/libglib-2.0.so.0.4400.1
7f7fe5a5a000-7f7fe5a5b000 rw-p 0010c000 08:02 2503357                    /usr/lib/libglib-2.0.so.0.4400.1
7f7fe5a5b000-7f7fe5a5c000 rw-p 00000000 00:00 0 
7f7fe5a5c000-7f7fe5a5d000 r-xp 00000000 08:02 2503359                    /usr/lib/libgthread-2.0.so.0.4400.1
7f7fe5a5d000-7f7fe5c5c000 ---p 00001000 08:02 2503359                    /usr/lib/libgthread-2.0.so.0.4400.1
7f7fe5c5c000-7f7fe5c5d000 r--p 00000000 08:02 2503359                    /usr/lib/libgthread-2.0.so.0.4400.1
7f7fe5c5d000-7f7fe5c5e000 rw-p 00001000 08:02 2503359                    /usr/lib/libgthread-2.0.so.0.4400.1
7f7fe5c5e000-7f7fe5cff000 r-xp 00000000 08:02 2511267                    /usr/lib/libfreetype.so.6.11.1
7f7fe5cff000-7f7fe5efe000 ---p 000a1000 08:02 2511267                    /usr/lib/libfreetype.so.6.11.1
7f7fe5efe000-7f7fe5f04000 r--p 000a0000 08:02 2511267                    /usr/lib/libfreetype.so.6.11.1
7f7fe5f04000-7f7fe5f05000 rw-p 000a6000 08:02 2511267                    /usr/lib/libfreetype.so.6.11.1
7f7fe5f05000-7f7fe5f42000 r-xp 00000000 08:02 2514568                    /usr/lib/libfontconfig.so.1.8.0
7f7fe5f42000-7f7fe6141000 ---p 0003d000 08:02 2514568                    /usr/lib/libfontconfig.so.1.8.0
7f7fe6141000-7f7fe6143000 r--p 0003c000 08:02 2514568                    /usr/lib/libfontconfig.so.1.8.0
7f7fe6143000-7f7fe6144000 rw-p 0003e000 08:02 2514568                    /usr/lib/libfontconfig.so.1.8.0
7f7fe6144000-7f7fe6193000 r-xp 00000000 08:02 2503360                    /usr/lib/libgobject-2.0.so.0.4400.1
7f7fe6193000-7f7fe6393000 ---p 0004f000 08:02 2503360                    /usr/lib/libgobject-2.0.so.0.4400.1
7f7fe6393000-7f7fe6394000 r--p 0004f000 08:02 2503360                    /usr/lib/libgobject-2.0.so.0.4400.1
7f7fe6394000-7f7fe6395000 rw-p 00050000 08:02 2503360                    /usr/lib/libgobject-2.0.so.0.4400.1
7f7fe6395000-7f7fe63de000 r-xp 00000000 08:02 2517974                    /usr/lib/libpango-1.0.so.0.3600.8
7f7fe63de000-7f7fe65de000 ---p 00049000 08:02 2517974                    /usr/lib/libpango-1.0.so.0.3600.8
7f7fe65de000-7f7fe65e0000 r--p 00049000 08:02 2517974                    /usr/lib/libpango-1.0.so.0.3600.8
7f7fe65e0000-7f7fe65e1000 rw-p 0004b000 08:02 2517974                    /usr/lib/libpango-1.0.so.0.3600.8
7f7fe65e1000-7f7fe65f5000 r-xp 00000000 08:02 2517975                    /usr/lib/libpangoft2-1.0.so.0.3600.8
7f7fe65f5000-7f7fe67f5000 ---p 00014000 08:02 2517975                    /usr/lib/libpangoft2-1.0.so.0.3600.8
7f7fe67f5000-7f7fe67f6000 r--p 00014000 08:02 2517975                    /usr/lib/libpangoft2-1.0.so.0.3600.8
7f7fe67f6000-7f7fe67f7000 rw-p 00015000 08:02 2517975                    /usr/lib/libpangoft2-1.0.so.0.3600.8
7f7fe67f7000-7f7fe696d000 r-xp 00000000 08:02 2503361                    /usr/lib/libgio-2.0.so.0.4400.1
7f7fe696d000-7f7fe6b6d000 ---p 00176000 08:02 2503361                    /usr/lib/libgio-2.0.so.0.4400.1
7f7fe6b6d000-7f7fe6b71000 r--p 00176000 08:02 2503361                    /usr/lib/libgio-2.0.so.0.4400.1
7f7fe6b71000-7f7fe6b73000 rw-p 0017a000 08:02 2503361                    /usr/lib/libgio-2.0.so.0.4400.1
7f7fe6b73000-7f7fe6b75000 rw-p 00000000 00:00 0 
7f7fe6b75000-7f7fe6b99000 r-xp 00000000 08:02 2529207                    /usr/lib/libgdk_pixbuf-2.0.so.0.3100.6
7f7fe6b99000-7f7fe6d99000 ---p 00024000 08:02 2529207                    /usr/lib/libgdk_pixbuf-2.0.so.0.3100.6
7f7fe6d99000-7f7fe6d9a000 r--p 00024000 08:02 2529207                    /usr/lib/libgdk_pixbuf-2.0.so.0.3100.6
7f7fe6d9a000-7f7fe6d9b000 rw-p 00025000 08:02 2529207                    /usr/lib/libgdk_pixbuf-2.0.so.0.3100.6
7f7fe6d9b000-7f7fe6ec3000 r-xp 00000000 08:02 2517934                    /usr/lib/libcairo.so.2.11400.2
7f7fe6ec3000-7f7fe70c3000 ---p 00128000 08:02 2517934                    /usr/lib/libcairo.so.2.11400.2
7f7fe70c3000-7f7fe70c6000 r--p 00128000 08:02 2517934                    /usr/lib/libcairo.so.2.11400.2
7f7fe70c6000-7f7fe70c8000 rw-p 0012b000 08:02 2517934                    /usr/lib/libcairo.so.2.11400.2
7f7fe70c8000-7f7fe70c9000 rw-p 00000000 00:00 0 
7f7fe70c9000-7f7fe70ec000 r-xp 00000000 08:02 2534079                    /usr/lib/libatk-1.0.so.0.21609.1
7f7fe70ec000-7f7fe72eb000 ---p 00023000 08:02 2534079                    /usr/lib/libatk-1.0.so.0.21609.1
7f7fe72eb000-7f7fe72ee000 r--p 00022000 08:02 2534079                    /usr/lib/libatk-1.0.so.0.21609.1
7f7fe72ee000-7f7fe72ef000 rw-p 00025000 08:02 2534079                    /usr/lib/libatk-1.0.so.0.21609.1
7f7fe72ef000-7f7fe72fb000 r-xp 00000000 08:02 2517977                    /usr/lib/libpangocairo-1.0.so.0.3600.8
7f7fe72fb000-7f7fe74fa000 ---p 0000c000 08:02 2517977                    /usr/lib/libpangocairo-1.0.so.0.3600.8
7f7fe74fa000-7f7fe74fb000 r--p 0000b000 08:02 2517977                    /usr/lib/libpangocairo-1.0.so.0.3600.8
7f7fe74fb000-7f7fe74fc000 rw-p 0000c000 08:02 2517977                    /usr/lib/libpangocairo-1.0.so.0.3600.8
7f7fe74fc000-7f7fe75ac000 r-xp 00000000 08:02 2534102                    /usr/lib/libgdk-x11-2.0.so.0.2400.28
7f7fe75ac000-7f7fe77ac000 ---p 000b0000 08:02 2534102                    /usr/lib/libgdk-x11-2.0.so.0.2400.28
7f7fe77ac000-7f7fe77b0000 r--p 000b0000 08:02 2534102                    /usr/lib/libgdk-x11-2.0.so.0.2400.28
7f7fe77b0000-7f7fe77b2000 rw-p 000b4000 08:02 2534102                    /usr/lib/libgdk-x11-2.0.so.0.2400.28
7f7fe77b2000-7f7fe7be6000 r-xp 00000000 08:02 2534103                    /usr/lib/libgtk-x11-2.0.so.0.2400.28
7f7fe7be6000-7f7fe7de6000 ---p 00434000 08:02 2534103                    /usr/lib/libgtk-x11-2.0.so.0.2400.28
7f7fe7de6000-7f7fe7ded000 r--p 00434000 08:02 2534103                    /usr/lib/libgtk-x11-2.0.so.0.2400.28
7f7fe7ded000-7f7fe7df1000 rw-p 0043b000 08:02 2534103                    /usr/lib/libgtk-x11-2.0.so.0.2400.28
7f7fe7df1000-7f7fe7df4000 rw-p 00000000 00:00 0 
7f7fe7df4000-7f7fe7e00000 r-xp 00000000 08:02 3419602                    /usr/lib/jvm/java-8-openjdk/jre/lib/amd64/libprism_es2.so
7f7fe7e00000-7f7fe7fff000 ---p 0000c000 08:02 3419602                    /usr/lib/jvm/java-8-openjdk/jre/lib/amd64/libprism_es2.so
7f7fe7fff000-7f7fe8000000 rw-p 0000b000 08:02 3419602                    /usr/lib/jvm/java-8-openjdk/jre/lib/amd64/libprism_es2.so
7f7fe8000000-7f7fe8021000 rw-p 00000000 00:00 0 
7f7fe8021000-7f7fec000000 ---p 00000000 00:00 0 
7f7fec000000-7f7fec021000 rw-p 00000000 00:00 0 
7f7fec021000-7f7ff0000000 ---p 00000000 00:00 0 
7f7ff0000000-7f7ff08bc000 rw-p 00000000 00:00 0 
7f7ff08bc000-7f7ff4000000 ---p 00000000 00:00 0 
7f7ff4000000-7f7ff476c000 rw-p 00000000 00:00 0 
7f7ff476c000-7f7ff8000000 ---p 00000000 00:00 0 
7f7ff8000000-7f7ff9d12000 rw-p 00000000 00:00 0 
7f7ff9d12000-7f7ffc000000 ---p 00000000 00:00 0 
7f7ffc000000-7f7ffd150000 rw-p 00000000 00:00 0 
7f7ffd150000-7f8000000000 ---p 00000000 00:00 0 
7f8000000000-7f8000021000 rw-p 00000000 00:00 0 
7f8000021000-7f8004000000 ---p 00000000 00:00 0 
7f8004000000-7f8004021000 rw-p 00000000 00:00 0 
7f8004021000-7f8008000000 ---p 00000000 00:00 0 
7f8008000000-7f8008021000 rw-p 00000000 00:00 0 
7f8008021000-7f800c000000 ---p 00000000 00:00 0 
7f800c000000-7f800c021000 rw-p 00000000 00:00 0 
7f800c021000-7f8010000000 ---p 00000000 00:00 0 
7f8010000000-7f8010021000 rw-p 00000000 00:00 0 
7f8010021000-7f8014000000 ---p 00000000 00:00 0 
7f8014000000-7f8014021000 rw-p 00000000 00:00 0 
7f8014021000-7f8018000000 ---p 00000000 00:00 0 
7f8018000000-7f8018021000 rw-p 00000000 00:00 0 
7f8018021000-7f801c000000 ---p 00000000 00:00 0 
7f801c000000-7f801c021000 rw-p 00000000 00:00 0 
7f801c021000-7f8020000000 ---p 00000000 00:00 0 
7f8020000000-7f8020021000 rw-p 00000000 00:00 0 
7f8020021000-7f8024000000 ---p 00000000 00:00 0 
7f8024000000-7f8024021000 rw-p 00000000 00:00 0 
7f8024021000-7f8028000000 ---p 00000000 00:00 0 
7f8028000000-7f8028021000 rw-p 00000000 00:00 0 
7f8028021000-7f802c000000 ---p 00000000 00:00 0 
7f802c000000-7f802c021000 rw-p 00000000 00:00 0 
7f802c021000-7f8030000000 ---p 00000000 00:00 0 
7f8030000000-7f8030021000 rw-p 00000000 00:00 0 
7f8030021000-7f8034000000 ---p 00000000 00:00 0 
7f8034000000-7f8034021000 rw-p 00000000 00:00 0 
7f8034021000-7f8038000000 ---p 00000000 00:00 0 
7f8038049000-7f80380ff000 r--p 00000000 08:02 3017468                    /usr/share/fonts/TTF/DejaVuSans.ttf
7f80380ff000-7f8038102000 ---p 00000000 00:00 0 
7f8038102000-7f803c000000 rw-p 00000000 00:00 0                          [stack:8310]
7f803c000000-7f803c021000 rw-p 00000000 00:00 0 
7f803c021000-7f8040000000 ---p 00000000 00:00 0 
7f8040048000-7f804004c000 r--s 00095000 08:02 3284409                    /usr/lib/jvm/java-8-openjdk/jre/lib/jsse.jar
7f804004c000-7f804004f000 r--s 00000000 08:02 2362192                    /var/cache/fontconfig/1876b2dcf508980ebba421dbe8e808d3-le64.cache-4
7f804004f000-7f8040059000 r--s 00000000 08:12 34343869                   /home/gaieepo/.cache/fontconfig/d62e99ef547d1d24cdb1bd22ec1a2976-le64.cache-4
7f8040059000-7f8040078000 r--s 00000000 08:02 2362489                    /var/cache/fontconfig/f6b893a7224233d96cb72fd88691c0b4-le64.cache-4
7f8040078000-7f8040081000 r--s 00000000 08:02 2360373                    /var/cache/fontconfig/f349e9996a5320f6dd491cedd2b1f964-le64.cache-4
7f8040081000-7f8040094000 r--s 00345000 08:02 3284410                    /usr/lib/jvm/java-8-openjdk/jre/lib/resources.jar
7f8040094000-7f804009e000 r--s 00116000 08:02 4200481                    /usr/lib/jvm/java-8-openjdk/jre/lib/ext/localedata.jar
7f804009e000-7f80400ba000 r--s 00393000 08:02 4200479                    /usr/lib/jvm/java-8-openjdk/jre/lib/ext/cldrdata.jar
7f80400ba000-7f8040150000 r--s 008c8000 08:02 4200574                    /usr/lib/jvm/java-8-openjdk/jre/lib/ext/jfxrt.jar
7f8040150000-7f8040151000 ---p 00000000 00:00 0 
7f8040151000-7f8040251000 rw-p 00000000 00:00 0                          [stack:8309]
7f8040251000-7f8040254000 ---p 00000000 00:00 0 
7f8040254000-7f8040352000 rw-p 00000000 00:00 0                          [stack:8308]
7f8040352000-7f8040355000 ---p 00000000 00:00 0 
7f8040355000-7f8040453000 rw-p 00000000 00:00 0                          [stack:8307]
7f8040453000-7f8040456000 ---p 00000000 00:00 0 
7f8040456000-7f8040554000 rw-p 00000000 00:00 0                          [stack:8306]
7f8040554000-7f8040557000 ---p 00000000 00:00 0 
7f8040557000-7f8040655000 rw-p 00000000 00:00 0                          [stack:8305]
7f8040655000-7f8040658000 ---p 00000000 00:00 0 
7f8040658000-7f8040756000 rw-p 00000000 00:00 0                          [stack:8304]
7f8040756000-7f8040759000 ---p 00000000 00:00 0 
7f8040759000-7f8040857000 rw-p 00000000 00:00 0                          [stack:8300]
7f8040857000-7f804085a000 ---p 00000000 00:00 0 
7f804085a000-7f8040958000 rw-p 00000000 00:00 0                          [stack:8299]
7f8040958000-7f804095b000 ---p 00000000 00:00 0 
7f804095b000-7f8040a59000 rw-p 00000000 00:00 0                          [stack:8296]
7f8040a59000-7f8040a5d000 r-xp 00000000 08:02 3419575                    /usr/lib/jvm/java-8-openjdk/jre/lib/amd64/libdt_socket.so
7f8040a5d000-7f8040c5c000 ---p 00004000 08:02 3419575                    /usr/lib/jvm/java-8-openjdk/jre/lib/amd64/libdt_socket.so
7f8040c5c000-7f8040c5d000 rw-p 00003000 08:02 3419575                    /usr/lib/jvm/java-8-openjdk/jre/lib/amd64/libdt_socket.so
7f8040c5d000-7f8040c60000 ---p 00000000 00:00 0 
7f8040c60000-7f8040d5e000 rw-p 00000000 00:00 0                          [stack:8294]
7f8040d5e000-7f8040d61000 ---p 00000000 00:00 0 
7f8040d61000-7f8040e5f000 rw-p 00000000 00:00 0                          [stack:8293]
7f8040e5f000-7f8040e62000 ---p 00000000 00:00 0 
7f8040e62000-7f8040f60000 rw-p 00000000 00:00 0                          [stack:8292]
7f8040f60000-7f8040f61000 ---p 00000000 00:00 0 
7f8040f61000-7f8042c84000 rw-p 00000000 00:00 0                          [stack:8291]
7f8042c84000-7f8042e52000 r--s 03bde000 08:02 3284412                    /usr/lib/jvm/java-8-openjdk/jre/lib/rt.jar
7f8042e52000-7f8043aa8000 rw-p 00000000 00:00 0 
7f8043aa8000-7f8043aa9000 ---p 00000000 00:00 0 
7f8043aa9000-7f8043ba9000 rw-p 00000000 00:00 0                          [stack:8290]
7f8043ba9000-7f8043baa000 ---p 00000000 00:00 0 
7f8043baa000-7f8043caa000 rw-p 00000000 00:00 0                          [stack:8289]
7f8043caa000-7f8043cab000 ---p 00000000 00:00 0 
7f8043cab000-7f8043dab000 rw-p 00000000 00:00 0                          [stack:8288]
7f8043dab000-7f8043dac000 ---p 00000000 00:00 0 
7f8043dac000-7f8043eac000 rw-p 00000000 00:00 0                          [stack:8287]
7f8043eac000-7f8043ead000 ---p 00000000 00:00 0 
7f8043ead000-7f8043fad000 rw-p 00000000 00:00 0                          [stack:8286]
7f8043fad000-7f8043fae000 ---p 00000000 00:00 0 
7f8043fae000-7f80440ae000 rw-p 00000000 00:00 0                          [stack:8285]
7f80440ae000-7f80440af000 ---p 00000000 00:00 0 
7f80440af000-7f80441c9000 rw-p 00000000 00:00 0                          [stack:8284]
7f80441c9000-7f8044445000 ---p 00000000 00:00 0 
7f8044445000-7f804445f000 rw-p 00000000 00:00 0 
7f804445f000-7f80446da000 ---p 00000000 00:00 0 
7f80446da000-7f804471e000 rw-p 00000000 00:00 0 
7f804471e000-7f8044825000 ---p 00000000 00:00 0 
7f8044825000-7f8044857000 rw-p 00000000 00:00 0 
7f8044857000-7f8044be6000 ---p 00000000 00:00 0 
7f8044be6000-7f80457f6000 rwxp 00000000 00:00 0 
7f80457f6000-7f8053be6000 ---p 00000000 00:00 0 
7f8053be6000-7f8053bee000 r-xp 00000000 08:02 3419571                    /usr/lib/jvm/java-8-openjdk/jre/lib/amd64/libzip.so
7f8053bee000-7f8053ded000 ---p 00008000 08:02 3419571                    /usr/lib/jvm/java-8-openjdk/jre/lib/amd64/libzip.so
7f8053ded000-7f8053dee000 rw-p 00007000 08:02 3419571                    /usr/lib/jvm/java-8-openjdk/jre/lib/amd64/libzip.so
7f8053dee000-7f8053df9000 r-xp 00000000 08:02 2493177                    /usr/lib/libnss_files-2.22.so
7f8053df9000-7f8053ff8000 ---p 0000b000 08:02 2493177                    /usr/lib/libnss_files-2.22.so
7f8053ff8000-7f8053ff9000 r--p 0000a000 08:02 2493177                    /usr/lib/libnss_files-2.22.so
7f8053ff9000-7f8053ffa000 rw-p 0000b000 08:02 2493177                    /usr/lib/libnss_files-2.22.so
7f8053ffa000-7f8054000000 rw-p 00000000 00:00 0 
7f8054000000-7f80542b1000 rw-p 00000000 00:00 0 
7f80542b1000-7f8058000000 ---p 00000000 00:00 0 
7f8058000000-7f8058014000 r--s 000da000 08:12 35914988                   /home/gaieepo/.m2/repository/org/mnode/ical4j/ical4j/1.0.2/ical4j-1.0.2.jar
7f8058014000-7f8058061000 rw-p 00000000 00:00 0 
7f8058061000-7f8058062000 ---p 00000000 00:00 0 
7f8058062000-7f8058162000 rw-p 00000000 00:00 0                          [stack:8283]
7f8058162000-7f805882f000 r--p 00000000 08:02 2534955                    /usr/lib/locale/locale-archive
7f805882f000-7f8058831000 r-xp 00000000 08:02 3419562                    /usr/lib/jvm/java-8-openjdk/jre/lib/amd64/libnpt.so
7f8058831000-7f8058a31000 ---p 00002000 08:02 3419562                    /usr/lib/jvm/java-8-openjdk/jre/lib/amd64/libnpt.so
7f8058a31000-7f8058a32000 rw-p 00002000 08:02 3419562                    /usr/lib/jvm/java-8-openjdk/jre/lib/amd64/libnpt.so
7f8058a32000-7f8058a6c000 r-xp 00000000 08:02 3419579                    /usr/lib/jvm/java-8-openjdk/jre/lib/amd64/libjdwp.so
7f8058a6c000-7f8058c6b000 ---p 0003a000 08:02 3419579                    /usr/lib/jvm/java-8-openjdk/jre/lib/amd64/libjdwp.so
7f8058c6b000-7f8058c6c000 rw-p 00039000 08:02 3419579                    /usr/lib/jvm/java-8-openjdk/jre/lib/amd64/libjdwp.so
7f8058c6c000-7f8058c6d000 rw-p 00000000 00:00 0 
7f8058c6d000-7f8058c99000 r-xp 00000000 08:02 3419570                    /usr/lib/jvm/java-8-openjdk/jre/lib/amd64/libjava.so
7f8058c99000-7f8058e99000 ---p 0002c000 08:02 3419570                    /usr/lib/jvm/java-8-openjdk/jre/lib/amd64/libjava.so
7f8058e99000-7f8058e9b000 rw-p 0002c000 08:02 3419570                    /usr/lib/jvm/java-8-openjdk/jre/lib/amd64/libjava.so
7f8058e9b000-7f8058ea8000 r-xp 00000000 08:02 3419563                    /usr/lib/jvm/java-8-openjdk/jre/lib/amd64/libverify.so
7f8058ea8000-7f80590a7000 ---p 0000d000 08:02 3419563                    /usr/lib/jvm/java-8-openjdk/jre/lib/amd64/libverify.so
7f80590a7000-7f80590a9000 rw-p 0000c000 08:02 3419563                    /usr/lib/jvm/java-8-openjdk/jre/lib/amd64/libverify.so
7f80590a9000-7f80590b0000 r-xp 00000000 08:02 2493156                    /usr/lib/librt-2.22.so
7f80590b0000-7f80592af000 ---p 00007000 08:02 2493156                    /usr/lib/librt-2.22.so
7f80592af000-7f80592b0000 r--p 00006000 08:02 2493156                    /usr/lib/librt-2.22.so
7f80592b0000-7f80592b1000 rw-p 00007000 08:02 2493156                    /usr/lib/librt-2.22.so
7f80592b1000-7f80593ae000 r-xp 00000000 08:02 2493160                    /usr/lib/libm-2.22.so
7f80593ae000-7f80595ad000 ---p 000fd000 08:02 2493160                    /usr/lib/libm-2.22.so
7f80595ad000-7f80595ae000 r--p 000fc000 08:02 2493160                    /usr/lib/libm-2.22.so
7f80595ae000-7f80595af000 rw-p 000fd000 08:02 2493160                    /usr/lib/libm-2.22.so
7f80595af000-7f805a202000 r-xp 00000000 08:02 4200503                    /usr/lib/jvm/java-8-openjdk/jre/lib/amd64/server/libjvm.so
7f805a202000-7f805a401000 ---p 00c53000 08:02 4200503                    /usr/lib/jvm/java-8-openjdk/jre/lib/amd64/server/libjvm.so
7f805a401000-7f805a4bd000 rw-p 00c52000 08:02 4200503                    /usr/lib/jvm/java-8-openjdk/jre/lib/amd64/server/libjvm.so
7f805a4bd000-7f805a4eb000 rw-p 00000000 00:00 0 
7f805a4eb000-7f805a686000 r-xp 00000000 08:02 2493167                    /usr/lib/libc-2.22.so
7f805a686000-7f805a885000 ---p 0019b000 08:02 2493167                    /usr/lib/libc-2.22.so
7f805a885000-7f805a889000 r--p 0019a000 08:02 2493167                    /usr/lib/libc-2.22.so
7f805a889000-7f805a88b000 rw-p 0019e000 08:02 2493167                    /usr/lib/libc-2.22.so
7f805a88b000-7f805a88f000 rw-p 00000000 00:00 0 
7f805a88f000-7f805a892000 r-xp 00000000 08:02 2493135                    /usr/lib/libdl-2.22.so
7f805a892000-7f805aa91000 ---p 00003000 08:02 2493135                    /usr/lib/libdl-2.22.so
7f805aa91000-7f805aa92000 r--p 00002000 08:02 2493135                    /usr/lib/libdl-2.22.so
7f805aa92000-7f805aa93000 rw-p 00003000 08:02 2493135                    /usr/lib/libdl-2.22.so
7f805aa93000-7f805aaa0000 r-xp 00000000 08:02 4200500                    /usr/lib/jvm/java-8-openjdk/jre/lib/amd64/jli/libjli.so
7f805aaa0000-7f805ac9f000 ---p 0000d000 08:02 4200500                    /usr/lib/jvm/java-8-openjdk/jre/lib/amd64/jli/libjli.so
7f805ac9f000-7f805aca0000 rw-p 0000c000 08:02 4200500                    /usr/lib/jvm/java-8-openjdk/jre/lib/amd64/jli/libjli.so
7f805aca0000-7f805acb5000 r-xp 00000000 08:02 2496806                    /usr/lib/libz.so.1.2.8
7f805acb5000-7f805aeb4000 ---p 00015000 08:02 2496806                    /usr/lib/libz.so.1.2.8
7f805aeb4000-7f805aeb5000 r--p 00014000 08:02 2496806                    /usr/lib/libz.so.1.2.8
7f805aeb5000-7f805aeb6000 rw-p 00015000 08:02 2496806                    /usr/lib/libz.so.1.2.8
7f805aeb6000-7f805aece000 r-xp 00000000 08:02 2493176                    /usr/lib/libpthread-2.22.so
7f805aece000-7f805b0cd000 ---p 00018000 08:02 2493176                    /usr/lib/libpthread-2.22.so
7f805b0cd000-7f805b0ce000 r--p 00017000 08:02 2493176                    /usr/lib/libpthread-2.22.so
7f805b0ce000-7f805b0cf000 rw-p 00018000 08:02 2493176                    /usr/lib/libpthread-2.22.so
7f805b0cf000-7f805b0d3000 rw-p 00000000 00:00 0 
7f805b0d3000-7f805b0f5000 r-xp 00000000 08:02 2493132                    /usr/lib/ld-2.22.so
7f805b0f5000-7f805b0f7000 rw-p 00000000 00:00 0 
7f805b0f7000-7f805b0f9000 r--s 00000000 08:02 2361394                    /var/cache/fontconfig/699564f050ff7e0f9dae359f33bc56a5-le64.cache-4
7f805b0f9000-7f805b1c4000 rw-p 00000000 00:00 0 
7f805b1c4000-7f805b1c7000 ---p 00000000 00:00 0 
7f805b1c7000-7f805b2ca000 rw-p 00000000 00:00 0                          [stack:8281]
7f805b2ca000-7f805b2d2000 r--s 00049000 08:12 35914996                   /home/gaieepo/.m2/repository/backport-util-concurrent/backport-util-concurrent/3.1/backport-util-concurrent-3.1.jar
7f805b2d2000-7f805b2d7000 r--s 00041000 08:12 35914994                   /home/gaieepo/.m2/repository/commons-lang/commons-lang/2.6/commons-lang-2.6.jar
7f805b2d7000-7f805b2d9000 r--s 00010000 08:12 35914992                   /home/gaieepo/.m2/repository/commons-codec/commons-codec/1.5/commons-codec-1.5.jar
7f805b2d9000-7f805b2db000 r--s 0000d000 08:12 35914990                   /home/gaieepo/.m2/repository/commons-logging/commons-logging/1.1.1/commons-logging-1.1.1.jar
7f805b2db000-7f805b2de000 r--s 00026000 08:12 35914986                   /home/gaieepo/.m2/repository/org/antlr/antlr-runtime/3.5.2/antlr-runtime-3.5.2.jar
7f805b2de000-7f805b2e4000 r--s 00090000 08:12 35914984                   /home/gaieepo/.m2/repository/com/joestelmach/natty/0.10.1/natty-0.10.1.jar
7f805b2e4000-7f805b2e9000 r--s 0002f000 08:12 35914982                   /home/gaieepo/.m2/repository/com/google/code/gson/gson/2.3.1/gson-2.3.1.jar
7f805b2e9000-7f805b2f1000 rw-s 00000000 00:23 91770                      /tmp/hsperfdata_gaieepo/8275
7f805b2f1000-7f805b2f2000 rw-p 00000000 00:00 0 
7f805b2f2000-7f805b2f3000 r--p 00000000 00:00 0 
7f805b2f3000-7f805b2f4000 rw-p 00000000 00:00 0 
7f805b2f4000-7f805b2f5000 r--p 00021000 08:02 2493132                    /usr/lib/ld-2.22.so
7f805b2f5000-7f805b2f6000 rw-p 00022000 08:02 2493132                    /usr/lib/ld-2.22.so
7f805b2f6000-7f805b2f7000 rw-p 00000000 00:00 0 
7ffcf64cd000-7ffcf64ee000 rw-p 00000000 00:00 0                          [stack]
7ffcf65b8000-7ffcf65ba000 r--p 00000000 00:00 0                          [vvar]
7ffcf65ba000-7ffcf65bc000 r-xp 00000000 00:00 0                          [vdso]
ffffffffff600000-ffffffffff601000 r-xp 00000000 00:00 0                  [vsyscall]

VM Arguments:
jvm_args: -agentlib:jdwp=transport=dt_socket,suspend=y,address=localhost:46822 -Dfile.encoding=UTF-8 
java_command: main.java.MainApp
java_class_path (initial): /home/gaieepo/cs2103t/Finia/target/classes:/home/gaieepo/.m2/repository/com/google/code/gson/gson/2.3.1/gson-2.3.1.jar:/home/gaieepo/.m2/repository/com/joestelmach/natty/0.10.1/natty-0.10.1.jar:/home/gaieepo/.m2/repository/org/antlr/antlr-runtime/3.5.2/antlr-runtime-3.5.2.jar:/home/gaieepo/.m2/repository/org/mnode/ical4j/ical4j/1.0.2/ical4j-1.0.2.jar:/home/gaieepo/.m2/repository/commons-logging/commons-logging/1.1.1/commons-logging-1.1.1.jar:/home/gaieepo/.m2/repository/commons-codec/commons-codec/1.5/commons-codec-1.5.jar:/home/gaieepo/.m2/repository/commons-lang/commons-lang/2.6/commons-lang-2.6.jar:/home/gaieepo/.m2/repository/backport-util-concurrent/backport-util-concurrent/3.1/backport-util-concurrent-3.1.jar
Launcher Type: SUN_STANDARD

Environment Variables:
PATH=/usr/local/sbin:/usr/local/bin:/usr/bin:/usr/lib/jvm/default/bin:/usr/bin/site_perl:/usr/bin/vendor_perl:/usr/bin/core_perl
SHELL=/bin/bash
DISPLAY=:0

Signal Handlers:
SIGSEGV: [libjvm.so+0xa581a0], sa_mask[0]=11111111011111111101111111111110, sa_flags=SA_RESTART|SA_SIGINFO
SIGBUS: [libjvm.so+0xa581a0], sa_mask[0]=11111111011111111101111111111110, sa_flags=SA_RESTART|SA_SIGINFO
SIGFPE: [libjvm.so+0x8a4420], sa_mask[0]=11111111011111111101111111111110, sa_flags=SA_RESTART|SA_SIGINFO
SIGPIPE: SIG_IGN, sa_mask[0]=00000000000010000000000000000000, sa_flags=SA_RESTART
SIGXFSZ: [libjvm.so+0x8a4420], sa_mask[0]=11111111011111111101111111111110, sa_flags=SA_RESTART|SA_SIGINFO
SIGILL: [libjvm.so+0x8a4420], sa_mask[0]=11111111011111111101111111111110, sa_flags=SA_RESTART|SA_SIGINFO
SIGUSR1: SIG_DFL, sa_mask[0]=00000000000000000000000000000000, sa_flags=none
SIGUSR2: [libjvm.so+0x8a42d0], sa_mask[0]=00100000000000000000000000000000, sa_flags=SA_RESTART|SA_SIGINFO
SIGHUP: [libjvm.so+0x8a47a0], sa_mask[0]=11111111011111111101111111111110, sa_flags=SA_RESTART|SA_SIGINFO
SIGINT: [libjvm.so+0x8a47a0], sa_mask[0]=11111111011111111101111111111110, sa_flags=SA_RESTART|SA_SIGINFO
SIGTERM: [libjvm.so+0x8a47a0], sa_mask[0]=11111111011111111101111111111110, sa_flags=SA_RESTART|SA_SIGINFO
SIGQUIT: [libjvm.so+0x8a47a0], sa_mask[0]=11111111011111111101111111111110, sa_flags=SA_RESTART|SA_SIGINFO


---------------  S Y S T E M  ---------------

OS:LSB_VERSION=1.4
DISTRIB_ID=Arch
DISTRIB_RELEASE=rolling
DISTRIB_DESCRIPTION="Arch Linux"

uname:Linux 4.1.5-1-ARCH #1 SMP PREEMPT Tue Aug 11 15:41:14 CEST 2015 x86_64
libc:glibc 2.22 NPTL 2.22 
rlimit: STACK 8192k, CORE 0k, NPROC 30826, NOFILE 4096, AS infinity
load average:0.49 0.59 0.62

/proc/meminfo:
MemTotal:        8121692 kB
MemFree:         4098556 kB
MemAvailable:    5328084 kB
Buffers:           81804 kB
Cached:          1135192 kB
SwapCached:            0 kB
Active:          3089160 kB
Inactive:         699044 kB
Active(anon):    2571948 kB
Inactive(anon):    23324 kB
Active(file):     517212 kB
Inactive(file):   675720 kB
Unevictable:           0 kB
Mlocked:               0 kB
SwapTotal:      13630460 kB
SwapFree:       13630460 kB
Dirty:               592 kB
Writeback:             0 kB
AnonPages:       2571160 kB
Mapped:           453644 kB
Shmem:             24064 kB
Slab:             110808 kB
SReclaimable:      79040 kB
SUnreclaim:        31768 kB
KernelStack:        8864 kB
PageTables:        32276 kB
NFS_Unstable:          0 kB
Bounce:                0 kB
WritebackTmp:          0 kB
CommitLimit:    17691304 kB
Committed_AS:    5686208 kB
VmallocTotal:   34359738367 kB
VmallocUsed:      147700 kB
VmallocChunk:   34359537660 kB
HardwareCorrupted:     0 kB
AnonHugePages:   1251328 kB
HugePages_Total:       0
HugePages_Free:        0
HugePages_Rsvd:        0
HugePages_Surp:        0
Hugepagesize:       2048 kB
DirectMap4k:      119944 kB
DirectMap2M:     6113280 kB
DirectMap1G:     3145728 kB


CPU:total 8 (4 cores per cpu, 2 threads per core) family 6 model 60 stepping 3, cmov, cx8, fxsr, mmx, sse, sse2, sse3, ssse3, sse4.1, sse4.2, popcnt, avx, avx2, aes, clmul, erms, rtm, lzcnt, ht, tsc, tscinvbit, bmi1, bmi2

/proc/cpuinfo:
processor	: 0
vendor_id	: GenuineIntel
cpu family	: 6
model		: 60
model name	: Intel(R) Xeon(R) CPU E3-1231 v3 @ 3.40GHz
stepping	: 3
microcode	: 0x19
cpu MHz		: 3574.914
cache size	: 8192 KB
physical id	: 0
siblings	: 8
core id		: 0
cpu cores	: 4
apicid		: 0
initial apicid	: 0
fpu		: yes
fpu_exception	: yes
cpuid level	: 13
wp		: yes
flags		: fpu vme de pse tsc msr pae mce cx8 apic sep mtrr pge mca cmov pat pse36 clflush dts acpi mmx fxsr sse sse2 ss ht tm pbe syscall nx pdpe1gb rdtscp lm constant_tsc arch_perfmon pebs bts rep_good nopl xtopology nonstop_tsc aperfmperf eagerfpu pni pclmulqdq dtes64 monitor ds_cpl vmx smx est tm2 ssse3 fma cx16 xtpr pdcm pcid sse4_1 sse4_2 x2apic movbe popcnt tsc_deadline_timer aes xsave avx f16c rdrand lahf_lm abm ida arat epb pln pts dtherm tpr_shadow vnmi flexpriority ept vpid fsgsbase tsc_adjust bmi1 hle avx2 smep bmi2 erms invpcid rtm xsaveopt
bugs		:
bogomips	: 6787.31
clflush size	: 64
cache_alignment	: 64
address sizes	: 39 bits physical, 48 bits virtual
power management:

processor	: 1
vendor_id	: GenuineIntel
cpu family	: 6
model		: 60
model name	: Intel(R) Xeon(R) CPU E3-1231 v3 @ 3.40GHz
stepping	: 3
microcode	: 0x19
cpu MHz		: 3599.882
cache size	: 8192 KB
physical id	: 0
siblings	: 8
core id		: 1
cpu cores	: 4
apicid		: 2
initial apicid	: 2
fpu		: yes
fpu_exception	: yes
cpuid level	: 13
wp		: yes
flags		: fpu vme de pse tsc msr pae mce cx8 apic sep mtrr pge mca cmov pat pse36 clflush dts acpi mmx fxsr sse sse2 ss ht tm pbe syscall nx pdpe1gb rdtscp lm constant_tsc arch_perfmon pebs bts rep_good nopl xtopology nonstop_tsc aperfmperf eagerfpu pni pclmulqdq dtes64 monitor ds_cpl vmx smx est tm2 ssse3 fma cx16 xtpr pdcm pcid sse4_1 sse4_2 x2apic movbe popcnt tsc_deadline_timer aes xsave avx f16c rdrand lahf_lm abm ida arat epb pln pts dtherm tpr_shadow vnmi flexpriority ept vpid fsgsbase tsc_adjust bmi1 hle avx2 smep bmi2 erms invpcid rtm xsaveopt
bugs		:
bogomips	: 6787.31
clflush size	: 64
cache_alignment	: 64
address sizes	: 39 bits physical, 48 bits virtual
power management:

processor	: 2
vendor_id	: GenuineIntel
cpu family	: 6
model		: 60
model name	: Intel(R) Xeon(R) CPU E3-1231 v3 @ 3.40GHz
stepping	: 3
microcode	: 0x19
cpu MHz		: 3599.882
cache size	: 8192 KB
physical id	: 0
siblings	: 8
core id		: 2
cpu cores	: 4
apicid		: 4
initial apicid	: 4
fpu		: yes
fpu_exception	: yes
cpuid level	: 13
wp		: yes
flags		: fpu vme de pse tsc msr pae mce cx8 apic sep mtrr pge mca cmov pat pse36 clflush dts acpi mmx fxsr sse sse2 ss ht tm pbe syscall nx pdpe1gb rdtscp lm constant_tsc arch_perfmon pebs bts rep_good nopl xtopology nonstop_tsc aperfmperf eagerfpu pni pclmulqdq dtes64 monitor ds_cpl vmx smx est tm2 ssse3 fma cx16 xtpr pdcm pcid sse4_1 sse4_2 x2apic movbe popcnt tsc_deadline_timer aes xsave avx f16c rdrand lahf_lm abm ida arat epb pln pts dtherm tpr_shadow vnmi flexpriority ept vpid fsgsbase tsc_adjust bmi1 hle avx2 smep bmi2 erms invpcid rtm xsaveopt
bugs		:
bogomips	: 6787.31
clflush size	: 64
cache_alignment	: 64
address sizes	: 39 bits physical, 48 bits virtual
power management:

processor	: 3
vendor_id	: GenuineIntel
cpu family	: 6
model		: 60
model name	: Intel(R) Xeon(R) CPU E3-1231 v3 @ 3.40GHz
stepping	: 3
microcode	: 0x19
cpu MHz		: 3599.882
cache size	: 8192 KB
physical id	: 0
siblings	: 8
core id		: 3
cpu cores	: 4
apicid		: 6
initial apicid	: 6
fpu		: yes
fpu_exception	: yes
cpuid level	: 13
wp		: yes
flags		: fpu vme de pse tsc msr pae mce cx8 apic sep mtrr pge mca cmov pat pse36 clflush dts acpi mmx fxsr sse sse2 ss ht tm pbe syscall nx pdpe1gb rdtscp lm constant_tsc arch_perfmon pebs bts rep_good nopl xtopology nonstop_tsc aperfmperf eagerfpu pni pclmulqdq dtes64 monitor ds_cpl vmx smx est tm2 ssse3 fma cx16 xtpr pdcm pcid sse4_1 sse4_2 x2apic movbe popcnt tsc_deadline_timer aes xsave avx f16c rdrand lahf_lm abm ida arat epb pln pts dtherm tpr_shadow vnmi flexpriority ept vpid fsgsbase tsc_adjust bmi1 hle avx2 smep bmi2 erms invpcid rtm xsaveopt
bugs		:
bogomips	: 6787.31
clflush size	: 64
cache_alignment	: 64
address sizes	: 39 bits physical, 48 bits virtual
power management:

processor	: 4
vendor_id	: GenuineIntel
cpu family	: 6
model		: 60
model name	: Intel(R) Xeon(R) CPU E3-1231 v3 @ 3.40GHz
stepping	: 3
microcode	: 0x19
cpu MHz		: 3599.882
cache size	: 8192 KB
physical id	: 0
siblings	: 8
core id		: 0
cpu cores	: 4
apicid		: 1
initial apicid	: 1
fpu		: yes
fpu_exception	: yes
cpuid level	: 13
wp		: yes
flags		: fpu vme de pse tsc msr pae mce cx8 apic sep mtrr pge mca cmov pat pse36 clflush dts acpi mmx fxsr sse sse2 ss ht tm pbe syscall nx pdpe1gb rdtscp lm constant_tsc arch_perfmon pebs bts rep_good nopl xtopology nonstop_tsc aperfmperf eagerfpu pni pclmulqdq dtes64 monitor ds_cpl vmx smx est tm2 ssse3 fma cx16 xtpr pdcm pcid sse4_1 sse4_2 x2apic movbe popcnt tsc_deadline_timer aes xsave avx f16c rdrand lahf_lm abm ida arat epb pln pts dtherm tpr_shadow vnmi flexpriority ept vpid fsgsbase tsc_adjust bmi1 hle avx2 smep bmi2 erms invpcid rtm xsaveopt
bugs		:
bogomips	: 6787.31
clflush size	: 64
cache_alignment	: 64
address sizes	: 39 bits physical, 48 bits virtual
power management:

processor	: 5
vendor_id	: GenuineIntel
cpu family	: 6
model		: 60
model name	: Intel(R) Xeon(R) CPU E3-1231 v3 @ 3.40GHz
stepping	: 3
microcode	: 0x19
cpu MHz		: 3599.882
cache size	: 8192 KB
physical id	: 0
siblings	: 8
core id		: 1
cpu cores	: 4
apicid		: 3
initial apicid	: 3
fpu		: yes
fpu_exception	: yes
cpuid level	: 13
wp		: yes
flags		: fpu vme de pse tsc msr pae mce cx8 apic sep mtrr pge mca cmov pat pse36 clflush dts acpi mmx fxsr sse sse2 ss ht tm pbe syscall nx pdpe1gb rdtscp lm constant_tsc arch_perfmon pebs bts rep_good nopl xtopology nonstop_tsc aperfmperf eagerfpu pni pclmulqdq dtes64 monitor ds_cpl vmx smx est tm2 ssse3 fma cx16 xtpr pdcm pcid sse4_1 sse4_2 x2apic movbe popcnt tsc_deadline_timer aes xsave avx f16c rdrand lahf_lm abm ida arat epb pln pts dtherm tpr_shadow vnmi flexpriority ept vpid fsgsbase tsc_adjust bmi1 hle avx2 smep bmi2 erms invpcid rtm xsaveopt
bugs		:
bogomips	: 6787.31
clflush size	: 64
cache_alignment	: 64
address sizes	: 39 bits physical, 48 bits virtual
power management:

processor	: 6
vendor_id	: GenuineIntel
cpu family	: 6
model		: 60
model name	: Intel(R) Xeon(R) CPU E3-1231 v3 @ 3.40GHz
stepping	: 3
microcode	: 0x19
cpu MHz		: 3574.914
cache size	: 8192 KB
physical id	: 0
siblings	: 8
core id		: 2
cpu cores	: 4
apicid		: 5
initial apicid	: 5
fpu		: yes
fpu_exception	: yes
cpuid level	: 13
wp		: yes
flags		: fpu vme de pse tsc msr pae mce cx8 apic sep mtrr pge mca cmov pat pse36 clflush dts acpi mmx fxsr sse sse2 ss ht tm pbe syscall nx pdpe1gb rdtscp lm constant_tsc arch_perfmon pebs bts rep_good nopl xtopology nonstop_tsc aperfmperf eagerfpu pni pclmulqdq dtes64 monitor ds_cpl vmx smx est tm2 ssse3 fma cx16 xtpr pdcm pcid sse4_1 sse4_2 x2apic movbe popcnt tsc_deadline_timer aes xsave avx f16c rdrand lahf_lm abm ida arat epb pln pts dtherm tpr_shadow vnmi flexpriority ept vpid fsgsbase tsc_adjust bmi1 hle avx2 smep bmi2 erms invpcid rtm xsaveopt
bugs		:
bogomips	: 6787.31
clflush size	: 64
cache_alignment	: 64
address sizes	: 39 bits physical, 48 bits virtual
power management:

processor	: 7
vendor_id	: GenuineIntel
cpu family	: 6
model		: 60
model name	: Intel(R) Xeon(R) CPU E3-1231 v3 @ 3.40GHz
stepping	: 3
microcode	: 0x19
cpu MHz		: 3599.882
cache size	: 8192 KB
physical id	: 0
siblings	: 8
core id		: 3
cpu cores	: 4
apicid		: 7
initial apicid	: 7
fpu		: yes
fpu_exception	: yes
cpuid level	: 13
wp		: yes
flags		: fpu vme de pse tsc msr pae mce cx8 apic sep mtrr pge mca cmov pat pse36 clflush dts acpi mmx fxsr sse sse2 ss ht tm pbe syscall nx pdpe1gb rdtscp lm constant_tsc arch_perfmon pebs bts rep_good nopl xtopology nonstop_tsc aperfmperf eagerfpu pni pclmulqdq dtes64 monitor ds_cpl vmx smx est tm2 ssse3 fma cx16 xtpr pdcm pcid sse4_1 sse4_2 x2apic movbe popcnt tsc_deadline_timer aes xsave avx f16c rdrand lahf_lm abm ida arat epb pln pts dtherm tpr_shadow vnmi flexpriority ept vpid fsgsbase tsc_adjust bmi1 hle avx2 smep bmi2 erms invpcid rtm xsaveopt
bugs		:
bogomips	: 6787.31
clflush size	: 64
cache_alignment	: 64
address sizes	: 39 bits physical, 48 bits virtual
power management:



Memory: 4k page, physical 8121692k(4098556k free), swap 13630460k(13630460k free)

vm_info: OpenJDK 64-Bit Server VM (25.60-b23) for linux-amd64 JRE (1.8.0_60-b24), built on Aug 23 2015 18:39:15 by "builduser" with gcc 5.2.0

time: Sun Oct 11 11:15:31 2015
elapsed time: 25 seconds (0d 0h 0m 25s)

